--------------------------------------------
number of families: 1
Generations per family: 50
Sub-folders per generation: 4
DELTA: 0.1
cores to be used: 25
Number of runs to use in a sample: 50
Grid search option: 1
Grid search degrees of freedom: 3 (ignored if Grid search option is not 0)
--------------------------------------------
Resume fitting from generation: 37
removing interrupted Generation number: 37
Generation 37
Delta = 0.1
In rando_specs.py: N_unsuccessful_tries = 0.0
Generation = 37
Gradient param update
CALCULATING GRADIENT
Relative mins:  [0.    1.    1.    0.    0.001 0.001 0.001]
old kins:  [0. 0. 0. 0. 0. 0. 0.]
new kins:  [0.0291037 1.        1.        0.4118094 0.1145826 0.1024166 0.1425612]
Gradient values  [-410.69428423190175, -11.95272324, -11.95272324, -29.02489170961129, -104.31534316728717, -116.70689360904385, -83.84275132364205]
-410.69428423190175
Not changing kin param 0 from 0.0291 to -11.9527
-29.02489170961129
Not changing kin param 3 from 0.4118 to -11.9527
-104.31534316728717
Not changing kin param 4 from 0.1146 to -11.9527
-116.70689360904385
Not changing kin param 5 from 0.1024 to -11.9527
-83.84275132364205
Not changing kin param 6 from 0.1426 to -11.9527
-410.69428423190175
Not changing kin param 0 from 0.0291 to -11.9527
-29.02489170961129
Not changing kin param 3 from 0.4118 to -11.9527
-104.31534316728717
Not changing kin param 4 from 0.1146 to -11.9527
-116.70689360904385
Not changing kin param 5 from 0.1024 to -11.9527
-83.84275132364205
Not changing kin param 6 from 0.1426 to -11.9527
-410.69428423190175
Not changing kin param 0 from 0.0291 to -11.9527
-29.02489170961129
Not changing kin param 3 from 0.4118 to -11.9527
-104.31534316728717
Not changing kin param 4 from 0.1146 to -11.9527
-116.70689360904385
Not changing kin param 5 from 0.1024 to -11.9527
-83.84275132364205
Not changing kin param 6 from 0.1426 to -11.9527
-410.69428423190175
Not changing kin param 0 from 0.0291 to -11.9527
-29.02489170961129
Not changing kin param 3 from 0.4118 to -11.9527
-104.31534316728717
Not changing kin param 4 from 0.1146 to -11.9527
-116.70689360904385
Not changing kin param 5 from 0.1024 to -11.9527
-83.84275132364205
Not changing kin param 6 from 0.1426 to -11.9527
Running
Running code
params 1.9545059640853937 10 500 4.118094 1.145826 1.024166 1.425612
Dictionaries built!
Converting and writing to json file... Output/library.json
Your work here is done!
params 1.9545059640853937 10 500 4.118094 1.145826 1.024166 1.425612
Dictionaries built!
Converting and writing to json file... Output/library.json
Your work here is done!
params 1.9545059640853937 10 500 4.118094 1.145826 1.024166 1.425612
Dictionaries built!
Converting and writing to json file... Output/library.json
Your work here is done!
params 1.9545059640853937 10 500 4.118094 1.145826 1.024166 1.425612
Dictionaries built!
Converting and writing to json file... Output/library.json
Your work here is done!
Done running code
Averaging
Runs = 4
in evo_average_fit_and_print_variance: i = 1
family_1/Generation_37/Run_1/Output/library.json
var = 0.04712695096018977
in evo_average_fit_and_print_variance: i = 2
family_1/Generation_37/Run_2/Output/library.json
var = 0.047167669230291386
in evo_average_fit_and_print_variance: i = 3
family_1/Generation_37/Run_3/Output/library.json
var = 0.047343005066848694
in evo_average_fit_and_print_variance: i = 4
family_1/Generation_37/Run_4/Output/library.json
var = 0.04790862939812193
0.047167669230291386
0.047343005066848694
0.04790862939812193
MINI NR IS:  1.0
MINI IS:  0.04712695096018977
mini_difference pct = 0.0031687670603956835
Cleaning house
Done cleaning house
Generation 38
Delta = 0.1
In rando_specs.py: N_unsuccessful_tries = 0.0
Generation = 38
Gradient param update
CALCULATING GRADIENT
Relative mins:  [0.    1.    1.    0.    0.001 0.001 0.001]
old kins:  [0.0291037 1.        1.        0.4118094 0.1145826 0.1024166 0.1425612]
new kins:  [0.0291037 1.        1.        0.4118094 0.1145826 0.1024166 0.1425612]
Gradient values  [0.0, 0.0, 0.0, 0.0, 0.0, 0.0, 0.0]
0.0
Not changing kin param 0 from 0.0291 to 0.0000
0.0
Not changing kin param 3 from 0.4118 to 0.0000
0.0
Not changing kin param 4 from 0.1146 to 0.0000
0.0
Not changing kin param 5 from 0.1024 to 0.0000
0.0
Not changing kin param 6 from 0.1426 to 0.0000
0.0
Not changing kin param 0 from 0.0291 to 0.0000
0.0
Not changing kin param 3 from 0.4118 to 0.0000
0.0
Not changing kin param 4 from 0.1146 to 0.0000
0.0
Not changing kin param 5 from 0.1024 to 0.0000
0.0
Not changing kin param 6 from 0.1426 to 0.0000
0.0
Not changing kin param 0 from 0.0291 to 0.0000
0.0
Not changing kin param 3 from 0.4118 to 0.0000
0.0
Not changing kin param 4 from 0.1146 to 0.0000
0.0
Not changing kin param 5 from 0.1024 to 0.0000
0.0
Not changing kin param 6 from 0.1426 to 0.0000
0.0
Not changing kin param 0 from 0.0291 to 0.0000
0.0
Not changing kin param 3 from 0.4118 to 0.0000
0.0
Not changing kin param 4 from 0.1146 to 0.0000
0.0
Not changing kin param 5 from 0.1024 to 0.0000
0.0
Not changing kin param 6 from 0.1426 to 0.0000
Running
Running code
params 1.9545059640853937 10 500 4.118094 1.145826 1.024166 1.425612
Dictionaries built!
Converting and writing to json file... Output/library.json
Your work here is done!
params 1.9545059640853937 10 500 4.118094 1.145826 1.024166 1.425612
Dictionaries built!
Converting and writing to json file... Output/library.json
Your work here is done!
params 1.9545059640853937 10 500 4.118094 1.145826 1.024166 1.425612
Dictionaries built!
Converting and writing to json file... Output/library.json
Your work here is done!
params 1.9545059640853937 10 500 4.118094 1.145826 1.024166 1.425612
Dictionaries built!
Converting and writing to json file... Output/library.json
Your work here is done!
Done running code
Averaging
Runs = 4
in evo_average_fit_and_print_variance: i = 1
family_1/Generation_38/Run_1/Output/library.json
var = 0.04686752638866258
in evo_average_fit_and_print_variance: i = 2
family_1/Generation_38/Run_2/Output/library.json
var = 0.04735560684779401
in evo_average_fit_and_print_variance: i = 3
family_1/Generation_38/Run_3/Output/library.json
var = 0.04758022435261763
in evo_average_fit_and_print_variance: i = 4
family_1/Generation_38/Run_4/Output/library.json
var = 0.04757390200365624
0.04735560684779401
0.04758022435261763
0.04757390200365624
MINI NR IS:  1.0
MINI IS:  0.04686752638866258
mini_difference pct = 0.00550478253605251
Cleaning house
Done cleaning house
Generation 39
Delta = 0.1
In rando_specs.py: N_unsuccessful_tries = 0.0
Generation = 39
Gradient param update
CALCULATING GRADIENT
Relative mins:  [0.    1.    1.    0.    0.001 0.001 0.001]
old kins:  [0.0291037 1.        1.        0.4118094 0.1145826 0.1024166 0.1425612]
new kins:  [0.0291037 1.        1.        0.4118094 0.1145826 0.1024166 0.1425612]
Gradient values  [0.0, 0.0, 0.0, 0.0, 0.0, 0.0, 0.0]
0.0
Not changing kin param 0 from 0.0291 to 0.0000
0.0
Not changing kin param 3 from 0.4118 to 0.0000
0.0
Not changing kin param 4 from 0.1146 to 0.0000
0.0
Not changing kin param 5 from 0.1024 to 0.0000
0.0
Not changing kin param 6 from 0.1426 to 0.0000
0.0
Not changing kin param 0 from 0.0291 to 0.0000
0.0
Not changing kin param 3 from 0.4118 to 0.0000
0.0
Not changing kin param 4 from 0.1146 to 0.0000
0.0
Not changing kin param 5 from 0.1024 to 0.0000
0.0
Not changing kin param 6 from 0.1426 to 0.0000
0.0
Not changing kin param 0 from 0.0291 to 0.0000
0.0
Not changing kin param 3 from 0.4118 to 0.0000
0.0
Not changing kin param 4 from 0.1146 to 0.0000
0.0
Not changing kin param 5 from 0.1024 to 0.0000
0.0
Not changing kin param 6 from 0.1426 to 0.0000
0.0
Not changing kin param 0 from 0.0291 to 0.0000
0.0
Not changing kin param 3 from 0.4118 to 0.0000
0.0
Not changing kin param 4 from 0.1146 to 0.0000
0.0
Not changing kin param 5 from 0.1024 to 0.0000
0.0
Not changing kin param 6 from 0.1426 to 0.0000
Running
Running code
params 1.9545059640853937 10 500 4.118094 1.145826 1.024166 1.425612
Dictionaries built!
Converting and writing to json file... Output/library.json
Your work here is done!
params 1.9545059640853937 10 500 4.118094 1.145826 1.024166 1.425612
Dictionaries built!
Converting and writing to json file... Output/library.json
Your work here is done!
params 1.9545059640853937 10 500 4.118094 1.145826 1.024166 1.425612
Dictionaries built!
Converting and writing to json file... Output/library.json
Your work here is done!
params 1.9545059640853937 10 500 4.118094 1.145826 1.024166 1.425612
Dictionaries built!
Converting and writing to json file... Output/library.json
Your work here is done!
Done running code
Averaging
Runs = 4
in evo_average_fit_and_print_variance: i = 1
family_1/Generation_39/Run_1/Output/library.json
var = 0.04712081186576824
in evo_average_fit_and_print_variance: i = 2
family_1/Generation_39/Run_2/Output/library.json
var = 0.04733775539733192
in evo_average_fit_and_print_variance: i = 3
family_1/Generation_39/Run_3/Output/library.json
var = 0.04743544976059261
in evo_average_fit_and_print_variance: i = 4
family_1/Generation_39/Run_4/Output/library.json
var = 0.04749338033483537
0.04733775539733192
0.04743544976059261
0.04749338033483537
MINI NR IS:  1.0
MINI IS:  0.04712081186576824
Cleaning house
Done cleaning house
Generation 40
Delta = 0.1
In rando_specs.py: N_unsuccessful_tries = 1.0
Generation = 40
Random param update (no gradient used)
Changing kin param 0 from 0.0291 to 0.0198
Changing kin param 3 from 0.4118 to 0.4009
Changing kin param 4 from 0.1146 to 0.1180
Changing kin param 5 from 0.1024 to 0.0614
Changing kin param 6 from 0.1426 to 0.1476
Not changing kin param 0 from 0.0291 to -0.0067
Changing kin param 3 from 0.4118 to 0.4010
Changing kin param 4 from 0.1146 to 0.1249
Changing kin param 5 from 0.1024 to 0.1174
Changing kin param 6 from 0.1426 to 0.1328
Changing kin param 0 from 0.0291 to 0.0092
Changing kin param 3 from 0.4118 to 0.3962
Changing kin param 4 from 0.1146 to 0.0926
Changing kin param 5 from 0.1024 to 0.0838
Changing kin param 6 from 0.1426 to 0.1397
Not changing kin param 0 from 0.0291 to -0.0096
Changing kin param 3 from 0.4118 to 0.4135
Changing kin param 4 from 0.1146 to 0.1307
Changing kin param 5 from 0.1024 to 0.0732
Changing kin param 6 from 0.1426 to 0.1112
Running
Running code
params 1.5769829577855676 10 500 4.008839 1.179768 0.614322 1.476289
Dictionaries built!
Converting and writing to json file... Output/library.json
Your work here is done!
params 1.9545059640853937 10 500 4.010433 1.249415 1.173761 1.327901
Dictionaries built!
Converting and writing to json file... Output/library.json
Your work here is done!
params 1.2369524353982726 10 500 3.962267 0.925952 0.837694 1.397167
Dictionaries built!
Converting and writing to json file... Output/library.json
Your work here is done!
params 1.9545059640853937 10 500 4.135262 1.307301 0.731968 1.111816
Dictionaries built!
Converting and writing to json file... Output/library.json
Your work here is done!
Done running code
Averaging
Runs = 4
in evo_average_fit_and_print_variance: i = 1
family_1/Generation_40/Run_1/Output/library.json
var = 0.09965651510121021
in evo_average_fit_and_print_variance: i = 2
family_1/Generation_40/Run_2/Output/library.json
var = 0.14179693756073364
in evo_average_fit_and_print_variance: i = 3
family_1/Generation_40/Run_3/Output/library.json
var = 0.05983130601666539
in evo_average_fit_and_print_variance: i = 4
family_1/Generation_40/Run_4/Output/library.json
var = 0.0637407666388152
0.14179693756073364
0.05983130601666539
0.0637407666388152
MINI NR IS:  3.0
MINI IS:  0.05983130601666539
Cleaning house
Done cleaning house
Generation 41
Delta = 0.1
In rando_specs.py: N_unsuccessful_tries = 2.0
Generation = 41
Random param update (no gradient used)
Changing kin param 0 from 0.0291 to 0.0821
Changing kin param 3 from 0.4118 to 0.4512
Changing kin param 4 from 0.1146 to 0.1218
Changing kin param 5 from 0.1024 to 0.1038
Changing kin param 6 from 0.1426 to 0.1410
Changing kin param 0 from 0.0291 to 0.0670
Changing kin param 3 from 0.4118 to 0.4394
Changing kin param 4 from 0.1146 to 0.1216
Changing kin param 5 from 0.1024 to 0.0849
Changing kin param 6 from 0.1426 to 0.1222
Changing kin param 0 from 0.0291 to 0.0305
Changing kin param 3 from 0.4118 to 0.4643
Changing kin param 4 from 0.1146 to 0.1499
Changing kin param 5 from 0.1024 to 0.1437
Changing kin param 6 from 0.1426 to 0.1717
Changing kin param 0 from 0.0291 to 0.0430
Changing kin param 3 from 0.4118 to 0.3921
Changing kin param 4 from 0.1146 to 0.1165
Changing kin param 5 from 0.1024 to 0.1149
Changing kin param 6 from 0.1426 to 0.1264
Running
Running code
params 6.626924153034238 10 500 4.512297 1.218019 1.038385 1.410442
params 4.682491524960165 10 500 4.393746 1.21594 0.849339 1.222275
Dictionaries built!
Converting and writing to json file... Output/library.json
Your work here is done!
params 2.018873000430029 10 500 4.642578 1.498948 1.436853 1.717001
Dictionaries built!
Converting and writing to json file... Output/library.json
Your work here is done!
params 2.694070770429942 10 500 3.921029 1.164728 1.148841 1.263879
Dictionaries built!
Converting and writing to json file... Output/library.json
Your work here is done!
Done running code
Averaging
Runs = 4
in evo_average_fit_and_print_variance: i = 1
family_1/Generation_41/Run_1/Output/library.json
var = 10
in evo_average_fit_and_print_variance: i = 2
family_1/Generation_41/Run_2/Output/library.json
var = 0.059807791665064974
in evo_average_fit_and_print_variance: i = 3
family_1/Generation_41/Run_3/Output/library.json
var = 0.4501004944862867
in evo_average_fit_and_print_variance: i = 4
family_1/Generation_41/Run_4/Output/library.json
var = 0.13890762619764846
0.059807791665064974
0.4501004944862867
0.13890762619764846
MINI NR IS:  2.0
MINI IS:  0.059807791665064974
Cleaning house
Done cleaning house
Generation 42
Delta = 0.13
In rando_specs.py: N_unsuccessful_tries = 3.0
Generation = 42
Random param update (no gradient used)
Not changing kin param 0 from 0.0291 to -0.0183
Changing kin param 3 from 0.4118 to 0.4001
Changing kin param 4 from 0.1146 to 0.1017
Changing kin param 5 from 0.1024 to 0.1179
Changing kin param 6 from 0.1426 to 0.1952
Changing kin param 0 from 0.0291 to 0.0396
Changing kin param 3 from 0.4118 to 0.4242
Changing kin param 4 from 0.1146 to 0.1120
Changing kin param 5 from 0.1024 to 0.0958
Changing kin param 6 from 0.1426 to 0.1780
Changing kin param 0 from 0.0291 to 0.0316
Changing kin param 3 from 0.4118 to 0.4553
Changing kin param 4 from 0.1146 to 0.1087
Changing kin param 5 from 0.1024 to 0.1357
Changing kin param 6 from 0.1426 to 0.0611
Changing kin param 0 from 0.0291 to 0.0244
Changing kin param 3 from 0.4118 to 0.4006
Changing kin param 4 from 0.1146 to 0.1027
Changing kin param 5 from 0.1024 to 0.1361
Changing kin param 6 from 0.1426 to 0.1217
Running
Running code
params 1.9545059640853937 10 500 4.000812 1.016821 1.179356 1.951685
params 2.4904452578306677 10 500 4.241717 1.119628 0.958362 1.779692
Dictionaries built!
Converting and writing to json file... Output/library.json
Your work here is done!
params 2.071567075828396 10 500 4.55288 1.087159 1.356654 0.611036
Dictionaries built!
Converting and writing to json file... Output/library.json
Your work here is done!
params 1.7526411330011167 10 500 4.005871 1.026569 1.361163 1.217197
Dictionaries built!
Converting and writing to json file... Output/library.json
Your work here is done!
Done running code
Averaging
Runs = 4
in evo_average_fit_and_print_variance: i = 1
family_1/Generation_42/Run_1/Output/library.json
var = 10
in evo_average_fit_and_print_variance: i = 2
family_1/Generation_42/Run_2/Output/library.json
var = 0.0574041539937939
in evo_average_fit_and_print_variance: i = 3
family_1/Generation_42/Run_3/Output/library.json
var = 0.34888284786609813
in evo_average_fit_and_print_variance: i = 4
family_1/Generation_42/Run_4/Output/library.json
var = 0.3500313446577011
0.0574041539937939
0.34888284786609813
0.3500313446577011
MINI NR IS:  2.0
MINI IS:  0.0574041539937939
Cleaning house
Done cleaning house
Generation 43
Delta = 0.14
In rando_specs.py: N_unsuccessful_tries = 4.0
Generation = 43
Random param update (no gradient used)
Changing kin param 0 from 0.0291 to 0.0343
Changing kin param 3 from 0.4118 to 0.4240
Changing kin param 4 from 0.1146 to 0.1200
Changing kin param 5 from 0.1024 to 0.1779
Changing kin param 6 from 0.1426 to 0.1452
Changing kin param 0 from 0.0291 to 0.0363
Changing kin param 3 from 0.4118 to 0.4325
Changing kin param 4 from 0.1146 to 0.0955
Changing kin param 5 from 0.1024 to 0.0752
Changing kin param 6 from 0.1426 to 0.2016
Changing kin param 0 from 0.0291 to 0.0559
Changing kin param 3 from 0.4118 to 0.4308
Changing kin param 4 from 0.1146 to 0.1448
Changing kin param 5 from 0.1024 to 0.0675
Changing kin param 6 from 0.1426 to 0.0727
Changing kin param 0 from 0.0291 to 0.0474
Changing kin param 3 from 0.4118 to 0.4230
Changing kin param 4 from 0.1146 to 0.1526
Changing kin param 5 from 0.1024 to 0.1326
Changing kin param 6 from 0.1426 to 0.1322
Running
Running code
params 2.2048751358713763 10 500 4.240451 1.200188 1.778636 1.451581
Dictionaries built!
Converting and writing to json file... Output/library.json
Your work here is done!
params 2.3043317300813193 10 500 4.324887 0.954513 0.751649 2.016262
params 3.618845149241906 10 500 4.308431 1.448188 0.674709 0.727332
Dictionaries built!
Converting and writing to json file... Output/library.json
Your work here is done!
params 2.9787290439307443 10 500 4.230447 1.525906 1.326167 1.321598
Dictionaries built!
Converting and writing to json file... Output/library.json
Your work here is done!
Done running code
Averaging
Runs = 4
in evo_average_fit_and_print_variance: i = 1
family_1/Generation_43/Run_1/Output/library.json
var = 0.6389087433524266
in evo_average_fit_and_print_variance: i = 2
family_1/Generation_43/Run_2/Output/library.json
var = 10
in evo_average_fit_and_print_variance: i = 3
family_1/Generation_43/Run_3/Output/library.json
var = 0.07335304959351706
in evo_average_fit_and_print_variance: i = 4
family_1/Generation_43/Run_4/Output/library.json
var = 0.3416788337512683
10
0.07335304959351706
0.3416788337512683
MINI NR IS:  3.0
MINI IS:  0.07335304959351706
Cleaning house
Done cleaning house
Generation 44
Delta = 0.15000000000000002
In rando_specs.py: N_unsuccessful_tries = 5.0
Generation = 44
Random param update (no gradient used)
Changing kin param 0 from 0.0291 to 0.0572
Changing kin param 3 from 0.4118 to 0.3133
Changing kin param 4 from 0.1146 to 0.0938
Changing kin param 5 from 0.1024 to 0.1235
Changing kin param 6 from 0.1426 to 0.1480
Changing kin param 0 from 0.0291 to 0.0032
Changing kin param 3 from 0.4118 to 0.4313
Changing kin param 4 from 0.1146 to 0.1061
Changing kin param 5 from 0.1024 to 0.1007
Changing kin param 6 from 0.1426 to 0.0875
Changing kin param 0 from 0.0291 to 0.0227
Changing kin param 3 from 0.4118 to 0.4393
Changing kin param 4 from 0.1146 to 0.0996
Changing kin param 5 from 0.1024 to 0.0973
Changing kin param 6 from 0.1426 to 0.0378
Changing kin param 0 from 0.0291 to 0.0331
Changing kin param 3 from 0.4118 to 0.4211
Changing kin param 4 from 0.1146 to 0.0762
Changing kin param 5 from 0.1024 to 0.0968
Changing kin param 6 from 0.1426 to 0.1698
Running
Running code
params 3.730095920834733 10 500 3.132734 0.937716 1.234682 1.479702
Dictionaries built!
Converting and writing to json file... Output/library.json
Your work here is done!
params 1.075446969238064 10 500 4.313442 1.061357 1.006786 0.875441
Dictionaries built!
Converting and writing to json file... Output/library.json
Your work here is done!
params 1.6855979716663683 10 500 4.392892 0.996002 0.97329 0.378037
Dictionaries built!
Converting and writing to json file... Output/library.json
Your work here is done!
params 2.1425501691955797 10 500 4.211441 0.761608 0.967884 1.698082
Done running code
Averaging
Runs = 4
in evo_average_fit_and_print_variance: i = 1
family_1/Generation_44/Run_1/Output/library.json
var = 0.28204015301018925
in evo_average_fit_and_print_variance: i = 2
family_1/Generation_44/Run_2/Output/library.json
var = 0.05848114681307756
in evo_average_fit_and_print_variance: i = 3
family_1/Generation_44/Run_3/Output/library.json
var = 0.07266679236743935
in evo_average_fit_and_print_variance: i = 4
family_1/Generation_44/Run_4/Output/library.json
var = 10
0.05848114681307756
0.07266679236743935
10
MINI NR IS:  2.0
MINI IS:  0.05848114681307756
Cleaning house
Done cleaning house
Generation 45
Delta = 0.16000000000000003
In rando_specs.py: N_unsuccessful_tries = 6.0
Generation = 45
Random param update (no gradient used)
Changing kin param 0 from 0.0291 to 0.0314
Changing kin param 3 from 0.4118 to 0.3180
Changing kin param 4 from 0.1146 to 0.1420
Changing kin param 5 from 0.1024 to 0.0645
Changing kin param 6 from 0.1426 to 0.1038
Not changing kin param 0 from 0.0291 to -0.0120
Changing kin param 3 from 0.4118 to 0.3774
Changing kin param 4 from 0.1146 to 0.0447
Changing kin param 5 from 0.1024 to 0.1455
Changing kin param 6 from 0.1426 to 0.2157
Changing kin param 0 from 0.0291 to 0.0256
Changing kin param 3 from 0.4118 to 0.4294
Changing kin param 4 from 0.1146 to 0.0814
Changing kin param 5 from 0.1024 to 0.0622
Changing kin param 6 from 0.1426 to 0.2055
Changing kin param 0 from 0.0291 to 0.0200
Changing kin param 3 from 0.4118 to 0.4968
Changing kin param 4 from 0.1146 to 0.1272
Changing kin param 5 from 0.1024 to 0.0575
Changing kin param 6 from 0.1426 to 0.0767
Running
Running code
params 2.058510089630197 10 500 3.180277 1.419643 0.644961 1.037878
Dictionaries built!
Converting and writing to json file... Output/library.json
Your work here is done!
params 1.9545059640853937 10 500 3.774113 0.447438 1.454542 2.157361
Expected index: 2597, Index obtained: 2597
Dictionaries built!
Converting and writing to json file... Output/library.json
Your work here is done!
params 1.8041140969215628 10 500 4.294485 0.813852 0.621807 2.055261
params 1.5844954630677706 10 500 4.967574 1.272182 0.574547 0.766815
Dictionaries built!
Converting and writing to json file... Output/library.json
Your work here is done!
Done running code
Averaging
Runs = 4
in evo_average_fit_and_print_variance: i = 1
family_1/Generation_45/Run_1/Output/library.json
var = 0.0776884271329117
in evo_average_fit_and_print_variance: i = 2
family_1/Generation_45/Run_2/Output/library.json
var = 0.5130071103603242
in evo_average_fit_and_print_variance: i = 3
family_1/Generation_45/Run_3/Output/library.json
var = 10
in evo_average_fit_and_print_variance: i = 4
family_1/Generation_45/Run_4/Output/library.json
var = 0.0906100729586004
0.5130071103603242
10
0.0906100729586004
MINI NR IS:  1.0
MINI IS:  0.0776884271329117
Cleaning house
Done cleaning house
Generation 46
Delta = 0.17
In rando_specs.py: N_unsuccessful_tries = 7.0
Generation = 46
Random param update (no gradient used)
Changing kin param 0 from 0.0291 to 0.0867
Changing kin param 3 from 0.4118 to 0.3539
Changing kin param 4 from 0.1146 to 0.1593
Changing kin param 5 from 0.1024 to 0.0908
Changing kin param 6 from 0.1426 to 0.1803
Not changing kin param 0 from 0.0291 to -0.0210
Changing kin param 3 from 0.4118 to 0.4476
Changing kin param 4 from 0.1146 to 0.1163
Changing kin param 5 from 0.1024 to 0.1570
Changing kin param 6 from 0.1426 to 0.1559
Changing kin param 0 from 0.0291 to 0.0477
Changing kin param 3 from 0.4118 to 0.4781
Changing kin param 4 from 0.1146 to 0.0972
Changing kin param 5 from 0.1024 to 0.0278
Changing kin param 6 from 0.1426 to 0.1017
Not changing kin param 0 from 0.0291 to -0.0013
Changing kin param 3 from 0.4118 to 0.4085
Changing kin param 4 from 0.1146 to 0.1041
Changing kin param 5 from 0.1024 to 0.1265
Changing kin param 6 from 0.1426 to 0.2377
Running
Running code
params 7.358054495582197 10 500 3.538827 1.592893 0.90798 1.802575
Expected index: 4132, Index obtained: 4120
Expected index: 4570, Index obtained: 4557
Expected index: 5928, Index obtained: 5918
params 1.9545059640853937 10 500 4.475897 1.162731 1.569781 1.559255
Dictionaries built!
Converting and writing to json file... Output/library.json
Your work here is done!
params 2.9959875203689785 10 500 4.781116 0.971724 0.277954 1.016573
Dictionaries built!
Converting and writing to json file... Output/library.json
Your work here is done!
params 1.9545059640853937 10 500 4.084729 1.040865 1.264752 2.376654
Expected index: 3131, Index obtained: 3130
Done running code
Averaging
Runs = 4
in evo_average_fit_and_print_variance: i = 1
family_1/Generation_46/Run_1/Output/library.json
var = 10
in evo_average_fit_and_print_variance: i = 2
family_1/Generation_46/Run_2/Output/library.json
var = 0.6048880180880262
in evo_average_fit_and_print_variance: i = 3
family_1/Generation_46/Run_3/Output/library.json
var = 0.20580070592575034
in evo_average_fit_and_print_variance: i = 4
family_1/Generation_46/Run_4/Output/library.json
var = 10
0.6048880180880262
0.20580070592575034
10
MINI NR IS:  3.0
MINI IS:  0.20580070592575034
Cleaning house
Done cleaning house
Generation 47
Delta = 0.18
In rando_specs.py: N_unsuccessful_tries = 8.0
Generation = 47
Random param update (no gradient used)
Changing kin param 0 from 0.0291 to 0.1758
Changing kin param 3 from 0.4118 to 0.4464
Changing kin param 4 from 0.1146 to 0.1050
Changing kin param 5 from 0.1024 to 0.0670
Changing kin param 6 from 0.1426 to 0.1956
Changing kin param 0 from 0.0291 to 0.0170
Changing kin param 3 from 0.4118 to 0.3549
Changing kin param 4 from 0.1146 to 0.0435
Changing kin param 5 from 0.1024 to 0.1321
Changing kin param 6 from 0.1426 to 0.1383
Changing kin param 0 from 0.0291 to 0.0461
Changing kin param 3 from 0.4118 to 0.4015
Changing kin param 4 from 0.1146 to 0.0588
Changing kin param 5 from 0.1024 to 0.0986
Changing kin param 6 from 0.1426 to 0.1659
Changing kin param 0 from 0.0291 to 0.1061
Changing kin param 3 from 0.4118 to 0.5074
Changing kin param 4 from 0.1146 to 0.0679
Changing kin param 5 from 0.1024 to 0.1080
Changing kin param 6 from 0.1426 to 0.1447
Running
Running code
params 57.22871572837757 10 500 4.463713 1.050168 0.669673 1.955979
Expected index: 4495, Index obtained: 4461
Expected index: 3643, Index obtained: 3616
Expected index: 3346, Index obtained: 3319
params 1.4782571899548724 10 500 3.549462 0.434815 1.320786 1.3831
Dictionaries built!
Converting and writing to json file... Output/library.json
Your work here is done!
params 2.889202619884571 10 500 4.015499 0.587922 0.985606 1.659341
params 11.517520661113577 10 500 5.074393 0.679125 1.07967 1.447415
Dictionaries built!
Converting and writing to json file... Output/library.json
Your work here is done!
Done running code
Averaging
Runs = 4
in evo_average_fit_and_print_variance: i = 1
family_1/Generation_47/Run_1/Output/library.json
var = 10
in evo_average_fit_and_print_variance: i = 2
family_1/Generation_47/Run_2/Output/library.json
var = 0.30744440965405734
in evo_average_fit_and_print_variance: i = 3
family_1/Generation_47/Run_3/Output/library.json
var = 10
in evo_average_fit_and_print_variance: i = 4
family_1/Generation_47/Run_4/Output/library.json
var = 0.1275851285135561
0.30744440965405734
10
0.1275851285135561
MINI NR IS:  4.0
MINI IS:  0.1275851285135561
Cleaning house
Done cleaning house
Generation 48
Delta = 0.19
In rando_specs.py: N_unsuccessful_tries = 9.0
Generation = 48
Random param update (no gradient used)
Changing kin param 0 from 0.0291 to 0.0529
Changing kin param 3 from 0.4118 to 0.3918
Changing kin param 4 from 0.1146 to 0.1037
Changing kin param 5 from 0.1024 to 0.0966
Changing kin param 6 from 0.1426 to 0.1582
Changing kin param 0 from 0.0291 to 0.0357
Changing kin param 3 from 0.4118 to 0.3783
Changing kin param 4 from 0.1146 to 0.0945
Changing kin param 5 from 0.1024 to 0.1717
Changing kin param 6 from 0.1426 to 0.1224
Not changing kin param 0 from 0.0291 to -0.0022
Changing kin param 3 from 0.4118 to 0.3960
Changing kin param 4 from 0.1146 to 0.0543
Changing kin param 5 from 0.1024 to 0.1492
Changing kin param 6 from 0.1426 to 0.0532
Changing kin param 0 from 0.0291 to 0.0301
Changing kin param 3 from 0.4118 to 0.4838
Changing kin param 4 from 0.1146 to 0.1305
Changing kin param 5 from 0.1024 to 0.1854
Changing kin param 6 from 0.1426 to 0.1608
Running
Running code
params 3.3771550486658137 10 500 3.91779 1.037223 0.966023 1.582334
Dictionaries built!
Converting and writing to json file... Output/library.json
Your work here is done!
params 2.2758728764972913 10 500 3.783097 0.944819 1.717244 1.224346
Dictionaries built!
Converting and writing to json file... Output/library.json
Your work here is done!
params 1.9545059640853937 10 500 3.95988 0.542745 1.492138 0.532455
Dictionaries built!
Converting and writing to json file... Output/library.json
Your work here is done!
params 2.0001980520916125 10 500 4.838129 1.304682 1.853595 1.608422
Dictionaries built!
Converting and writing to json file... Output/library.json
Your work here is done!
Done running code
Averaging
Runs = 4
in evo_average_fit_and_print_variance: i = 1
family_1/Generation_48/Run_1/Output/library.json
var = 0.04866555907319212
in evo_average_fit_and_print_variance: i = 2
family_1/Generation_48/Run_2/Output/library.json
var = 0.6140085896860978
in evo_average_fit_and_print_variance: i = 3
family_1/Generation_48/Run_3/Output/library.json
var = 0.511307943425664
in evo_average_fit_and_print_variance: i = 4
family_1/Generation_48/Run_4/Output/library.json
var = 0.6903273782761807
0.6140085896860978
0.511307943425664
0.6903273782761807
MINI NR IS:  1.0
MINI IS:  0.04866555907319212
Cleaning house
Done cleaning house
Generation 49
Delta = 0.2
In rando_specs.py: N_unsuccessful_tries = 10.0
Generation = 49
Random param update (no gradient used)
Changing kin param 0 from 0.0291 to 0.0259
Changing kin param 3 from 0.4118 to 0.4179
Changing kin param 4 from 0.1146 to 0.0842
Changing kin param 5 from 0.1024 to 0.1368
Changing kin param 6 from 0.1426 to 0.1131
Changing kin param 0 from 0.0291 to 0.0422
Changing kin param 3 from 0.4118 to 0.3716
Changing kin param 4 from 0.1146 to 0.1823
Changing kin param 5 from 0.1024 to 0.0802
Changing kin param 6 from 0.1426 to 0.1102
Not changing kin param 0 from 0.0291 to -0.0035
Changing kin param 3 from 0.4118 to 0.4738
Changing kin param 4 from 0.1146 to 0.1168
Changing kin param 5 from 0.1024 to 0.1369
Changing kin param 6 from 0.1426 to 0.2445
Not changing kin param 0 from 0.0291 to -0.0301
Changing kin param 3 from 0.4118 to 0.4632
Changing kin param 4 from 0.1146 to 0.1479
Changing kin param 5 from 0.1024 to 0.0461
Changing kin param 6 from 0.1426 to 0.1332
Running
Running code
params 1.8158961171474526 10 500 4.178691 0.841506 1.367768 1.130829
Dictionaries built!
Converting and writing to json file... Output/library.json
Your work here is done!
params 2.639854556760518 10 500 3.716038 1.823372 0.802364 1.102446
Dictionaries built!
Converting and writing to json file... Output/library.json
Your work here is done!
params 1.9545059640853937 10 500 4.738393 1.167557 1.369451 2.444945
Dictionaries built!
Converting and writing to json file... Output/library.json
Your work here is done!
params 1.9545059640853937 10 500 4.632056 1.479195 0.460597 1.331697
Dictionaries built!
Converting and writing to json file... Output/library.json
Your work here is done!
Done running code
Averaging
Runs = 4
in evo_average_fit_and_print_variance: i = 1
family_1/Generation_49/Run_1/Output/library.json
var = 0.3614545630944319
in evo_average_fit_and_print_variance: i = 2
family_1/Generation_49/Run_2/Output/library.json
var = 0.058260556342170464
in evo_average_fit_and_print_variance: i = 3
family_1/Generation_49/Run_3/Output/library.json
var = 0.3733017206290853
in evo_average_fit_and_print_variance: i = 4
family_1/Generation_49/Run_4/Output/library.json
var = 0.14772453402609295
0.058260556342170464
0.3733017206290853
0.14772453402609295
MINI NR IS:  2.0
MINI IS:  0.058260556342170464
Cleaning house
Done cleaning house
Generation 50
Delta = 0.21000000000000002
In rando_specs.py: N_unsuccessful_tries = 11.0
Generation = 50
Random param update (no gradient used)
Not changing kin param 0 from 0.0291 to -0.0173
Changing kin param 3 from 0.4118 to 0.3633
Not changing kin param 4 from 0.1146 to -0.0698
Changing kin param 5 from 0.1024 to 0.1014
Changing kin param 6 from 0.1426 to 0.2300
Changing kin param 0 from 0.0291 to 0.0481
Changing kin param 3 from 0.4118 to 0.4016
Changing kin param 4 from 0.1146 to 0.0708
Changing kin param 5 from 0.1024 to 0.0916
Changing kin param 6 from 0.1426 to 0.1252
Not changing kin param 0 from 0.0291 to -0.0366
Changing kin param 3 from 0.4118 to 0.3671
Changing kin param 4 from 0.1146 to 0.1438
Changing kin param 5 from 0.1024 to 0.0863
Changing kin param 6 from 0.1426 to 0.0411
Changing kin param 0 from 0.0291 to 0.0440
Changing kin param 3 from 0.4118 to 0.3954
Changing kin param 4 from 0.1146 to 0.0566
Changing kin param 5 from 0.1024 to 0.0540
Changing kin param 6 from 0.1426 to 0.1221
Running
Running code
params 1.9545059640853937 10 500 3.632671 1.145826 1.013998 2.300173
Expected index: 2194, Index obtained: 2191
Expected index: 4068, Index obtained: 4061
Expected index: 5553, Index obtained: 5541
Expected index: 5817, Index obtained: 5805
Expected index: 5450, Index obtained: 5431
Expected index: 4650, Index obtained: 4638
Expected index: 7033, Index obtained: 7013
Expected index: 2577, Index obtained: 2567
Expected index: 5757, Index obtained: 5732
Expected index: 2825, Index obtained: 2816
Expected index: 1283, Index obtained: 1281
Expected index: 4471, Index obtained: 4460
Expected index: 6272, Index obtained: 6251
Expected index: 4484, Index obtained: 4468
Expected index: 7080, Index obtained: 7054
Expected index: 2432, Index obtained: 2422
Expected index: 4012, Index obtained: 3994
Expected index: 7057, Index obtained: 7030
Expected index: 1942, Index obtained: 1937
Expected index: 3634, Index obtained: 3626
Expected index: 5718, Index obtained: 5707
Expected index: 3899, Index obtained: 3889
params 3.026265313004028 10 500 4.015956 0.707724 0.916029 1.252287
Dictionaries built!
Converting and writing to json file... Output/library.json
Your work here is done!
params 1.9545059640853937 10 500 3.67125 1.437547 0.862697 0.411056
Dictionaries built!
Converting and writing to json file... Output/library.json
Your work here is done!
params 2.7519972779803927 10 500 3.954047 0.566045 0.539982 1.220748
Dictionaries built!
Converting and writing to json file... Output/library.json
Your work here is done!
Done running code
Averaging
Runs = 4
in evo_average_fit_and_print_variance: i = 1
family_1/Generation_50/Run_1/Output/library.json
var = 10
in evo_average_fit_and_print_variance: i = 2
family_1/Generation_50/Run_2/Output/library.json
var = 0.05643850532955051
in evo_average_fit_and_print_variance: i = 3
family_1/Generation_50/Run_3/Output/library.json
var = 0.06070334198632997
in evo_average_fit_and_print_variance: i = 4
family_1/Generation_50/Run_4/Output/library.json
var = 0.12281388283465276
0.05643850532955051
0.06070334198632997
0.12281388283465276
MINI NR IS:  2.0
MINI IS:  0.05643850532955051
Cleaning house
Done cleaning house
Choosing best Gen
BEST FIT
38 	 1 0.04686752638866258
Copying best Gen
--------------
CLEANING UP
--------------
-----------------
DONE CLEANING UP
-----------------
Running final big simulation!
Find results in the folder >>[1m[35m BEST_FIT [0m
