--------------------------------------------
number of families: 1
Generations per family: 50
Sub-folders per generation: 4
DELTA: 0.1
cores to be used: 50
Number of runs to use in a sample: 50
Grid search option: 1
Grid search degrees of freedom: 3 (ignored if Grid search option is not 0)
--------------------------------------------
Resume fitting from generation: 34
removing interrupted Generation number: 34
Generation 34
Delta = 0.1
In rando_specs.py: N_unsuccessful_tries = 0.0
Generation = 34
Gradient param update
CALCULATING GRADIENT
Relative mins:  [0.    1.    1.    0.    0.001 0.001 0.001]
old kins:  [0. 0. 0. 0. 0. 0. 0.]
new kins:  [0.1355223 1.        1.        0.7398305 0.1641174 0.1078836 0.1576906]
Gradient values  [-88.39660661012985, -11.97971144, -11.97971144, -16.192508202892423, -72.99476740430936, -111.04293368037405, -75.96972451116301]
-88.39660661012985
Not changing kin param 0 from 0.1355 to -11.9797
-16.192508202892423
Not changing kin param 3 from 0.7398 to -11.9797
-72.99476740430936
Not changing kin param 4 from 0.1641 to -11.9797
-111.04293368037405
Not changing kin param 5 from 0.1079 to -11.9797
-75.96972451116301
Not changing kin param 6 from 0.1577 to -11.9797
-88.39660661012985
Not changing kin param 0 from 0.1355 to -11.9797
-16.192508202892423
Not changing kin param 3 from 0.7398 to -11.9797
-72.99476740430936
Not changing kin param 4 from 0.1641 to -11.9797
-111.04293368037405
Not changing kin param 5 from 0.1079 to -11.9797
-75.96972451116301
Not changing kin param 6 from 0.1577 to -11.9797
-88.39660661012985
Not changing kin param 0 from 0.1355 to -11.9797
-16.192508202892423
Not changing kin param 3 from 0.7398 to -11.9797
-72.99476740430936
Not changing kin param 4 from 0.1641 to -11.9797
-111.04293368037405
Not changing kin param 5 from 0.1079 to -11.9797
-75.96972451116301
Not changing kin param 6 from 0.1577 to -11.9797
-88.39660661012985
Not changing kin param 0 from 0.1355 to -11.9797
-16.192508202892423
Not changing kin param 3 from 0.7398 to -11.9797
-72.99476740430936
Not changing kin param 4 from 0.1641 to -11.9797
-111.04293368037405
Not changing kin param 5 from 0.1079 to -11.9797
-75.96972451116301
Not changing kin param 6 from 0.1577 to -11.9797
Running
Running code
params 22.658074477679254 10 500 7.398305 1.641174 1.078836 1.576906
params 22.658074477679254 10 500 7.398305 1.641174 1.078836 1.576906
Dictionaries built!
Converting and writing to json file... Output/library.json
Your work here is done!
params 22.658074477679254 10 500 7.398305 1.641174 1.078836 1.576906
Dictionaries built!
Converting and writing to json file... Output/library.json
Your work here is done!
params 22.658074477679254 10 500 7.398305 1.641174 1.078836 1.576906
Done running code
Averaging
Runs = 4
in evo_average_fit_and_print_variance: i = 1
family_1/Generation_34/Run_1/Output/library.json
var = 10
in evo_average_fit_and_print_variance: i = 2
family_1/Generation_34/Run_2/Output/library.json
var = 0.02071834122589124
in evo_average_fit_and_print_variance: i = 3
family_1/Generation_34/Run_3/Output/library.json
var = 0.021594904778245674
in evo_average_fit_and_print_variance: i = 4
family_1/Generation_34/Run_4/Output/library.json
var = 10
0.02071834122589124
0.021594904778245674
10
MINI NR IS:  2.0
MINI IS:  0.02071834122589124
Cleaning house
Done cleaning house
Generation 35
Delta = 0.1
In rando_specs.py: N_unsuccessful_tries = 1.0
Generation = 35
Random param update (no gradient used)
Changing kin param 0 from 0.1355 to 0.1834
Changing kin param 3 from 0.7398 to 0.7258
Changing kin param 4 from 0.1641 to 0.1600
Changing kin param 5 from 0.1079 to 0.1162
Changing kin param 6 from 0.1577 to 0.1700
Changing kin param 0 from 0.1355 to 0.1417
Changing kin param 3 from 0.7398 to 0.7746
Changing kin param 4 from 0.1641 to 0.1613
Changing kin param 5 from 0.1079 to 0.1114
Changing kin param 6 from 0.1577 to 0.1690
Changing kin param 0 from 0.1355 to 0.1610
Changing kin param 3 from 0.7398 to 0.7686
Changing kin param 4 from 0.1641 to 0.1775
Changing kin param 5 from 0.1079 to 0.0859
Changing kin param 6 from 0.1577 to 0.1806
Changing kin param 0 from 0.1355 to 0.1710
Changing kin param 3 from 0.7398 to 0.7078
Changing kin param 4 from 0.1641 to 0.1401
Changing kin param 5 from 0.1079 to 0.1290
Changing kin param 6 from 0.1577 to 0.1482
Running
Running code
params 68.28274945803588 10 500 7.257807 1.600239 1.162227 1.700025
Dictionaries built!
Converting and writing to json file... Output/library.json
Your work here is done!
params 26.1444192967876 10 500 7.745592 1.612587 1.114142 1.690121
Dictionaries built!
Converting and writing to json file... Output/library.json
Your work here is done!
params 40.76523966965597 10 500 7.686156 1.775315 0.858707 1.806491
params 51.32405952570709 10 500 7.07795 1.401067 1.290484 1.481679
Dictionaries built!
Converting and writing to json file... Output/library.json
Your work here is done!
Done running code
Averaging
Runs = 4
in evo_average_fit_and_print_variance: i = 1
family_1/Generation_35/Run_1/Output/library.json
var = 0.2329261441951466
in evo_average_fit_and_print_variance: i = 2
family_1/Generation_35/Run_2/Output/library.json
var = 0.04950898312674912
in evo_average_fit_and_print_variance: i = 3
family_1/Generation_35/Run_3/Output/library.json
var = 10
in evo_average_fit_and_print_variance: i = 4
family_1/Generation_35/Run_4/Output/library.json
var = 0.4860697772111797
0.04950898312674912
10
0.4860697772111797
MINI NR IS:  2.0
MINI IS:  0.04950898312674912
Cleaning house
Done cleaning house
Generation 36
Delta = 0.1
In rando_specs.py: N_unsuccessful_tries = 2.0
Generation = 36
Random param update (no gradient used)
Changing kin param 0 from 0.1355 to 0.0868
Changing kin param 3 from 0.7398 to 0.7544
Changing kin param 4 from 0.1641 to 0.1626
Changing kin param 5 from 0.1079 to 0.0914
Changing kin param 6 from 0.1577 to 0.1437
Changing kin param 0 from 0.1355 to 0.1356
Changing kin param 3 from 0.7398 to 0.7672
Changing kin param 4 from 0.1641 to 0.1480
Changing kin param 5 from 0.1079 to 0.0549
Changing kin param 6 from 0.1577 to 0.1486
Changing kin param 0 from 0.1355 to 0.1327
Changing kin param 3 from 0.7398 to 0.7445
Changing kin param 4 from 0.1641 to 0.1679
Changing kin param 5 from 0.1079 to 0.0724
Changing kin param 6 from 0.1577 to 0.1464
Changing kin param 0 from 0.1355 to 0.1180
Changing kin param 3 from 0.7398 to 0.6968
Changing kin param 4 from 0.1641 to 0.1859
Changing kin param 5 from 0.1079 to 0.1091
Changing kin param 6 from 0.1577 to 0.1873
Running
Running code
params 7.385433635785119 10 500 7.544282 1.626092 0.913549 1.437246
params 22.706855696664842 10 500 7.671676 1.480102 0.548511 1.486402
Dictionaries built!
Converting and writing to json file... Output/library.json
Your work here is done!
params 21.242224773886967 10 500 7.445343 1.678803 0.723675 1.464188
params 15.118371049285264 10 500 6.968133 1.859114 1.090566 1.873099
Done running code
Averaging
Runs = 4
in evo_average_fit_and_print_variance: i = 1
family_1/Generation_36/Run_1/Output/library.json
var = 10
in evo_average_fit_and_print_variance: i = 2
family_1/Generation_36/Run_2/Output/library.json
var = 0.1424896137313691
in evo_average_fit_and_print_variance: i = 3
family_1/Generation_36/Run_3/Output/library.json
var = 10
in evo_average_fit_and_print_variance: i = 4
family_1/Generation_36/Run_4/Output/library.json
var = 10
0.1424896137313691
10
10
MINI NR IS:  2.0
MINI IS:  0.1424896137313691
Cleaning house
Done cleaning house
Generation 37
Delta = 0.13
In rando_specs.py: N_unsuccessful_tries = 3.0
Generation = 37
Random param update (no gradient used)
Changing kin param 0 from 0.1355 to 0.1119
Changing kin param 3 from 0.7398 to 0.7537
Changing kin param 4 from 0.1641 to 0.2039
Changing kin param 5 from 0.1079 to 0.1270
Changing kin param 6 from 0.1577 to 0.1562
Changing kin param 0 from 0.1355 to 0.1429
Changing kin param 3 from 0.7398 to 0.7196
Changing kin param 4 from 0.1641 to 0.1224
Changing kin param 5 from 0.1079 to 0.1361
Changing kin param 6 from 0.1577 to 0.1772
Changing kin param 0 from 0.1355 to 0.1386
Changing kin param 3 from 0.7398 to 0.7387
Changing kin param 4 from 0.1641 to 0.1453
Changing kin param 5 from 0.1079 to 0.0865
Changing kin param 6 from 0.1577 to 0.1423
Changing kin param 0 from 0.1355 to 0.0883
Changing kin param 3 from 0.7398 to 0.6828
Changing kin param 4 from 0.1641 to 0.1103
Changing kin param 5 from 0.1079 to 0.1029
Changing kin param 6 from 0.1577 to 0.0937
Running
Running code
params 13.164943512608454 10 500 7.537208 2.039004 1.270445 1.561903
Dictionaries built!
Converting and writing to json file... Output/library.json
Your work here is done!
params 26.873114341474665 10 500 7.195963 1.22424 1.361271 1.771987
Dictionaries built!
Converting and writing to json file... Output/library.json
Your work here is done!
params 24.307091733886704 10 500 7.387352 1.453192 0.864724 1.422975
params 7.642914478305151 10 500 6.827908 1.102804 1.029334 0.936963
Dictionaries built!
Converting and writing to json file... Output/library.json
Your work here is done!
Done running code
Averaging
Runs = 4
in evo_average_fit_and_print_variance: i = 1
family_1/Generation_37/Run_1/Output/library.json
var = 0.25619051111761637
in evo_average_fit_and_print_variance: i = 2
family_1/Generation_37/Run_2/Output/library.json
var = 0.5869604129037497
in evo_average_fit_and_print_variance: i = 3
family_1/Generation_37/Run_3/Output/library.json
var = 10
in evo_average_fit_and_print_variance: i = 4
family_1/Generation_37/Run_4/Output/library.json
var = 0.0979216519709561
0.5869604129037497
10
0.0979216519709561
MINI NR IS:  4.0
MINI IS:  0.0979216519709561
Cleaning house
Done cleaning house
Generation 38
Delta = 0.14
In rando_specs.py: N_unsuccessful_tries = 4.0
Generation = 38
Random param update (no gradient used)
Changing kin param 0 from 0.1355 to 0.1262
Changing kin param 3 from 0.7398 to 0.8144
Changing kin param 4 from 0.1641 to 0.1524
Changing kin param 5 from 0.1079 to 0.1731
Changing kin param 6 from 0.1577 to 0.1337
Changing kin param 0 from 0.1355 to 0.1937
Changing kin param 3 from 0.7398 to 0.7419
Changing kin param 4 from 0.1641 to 0.1233
Changing kin param 5 from 0.1079 to 0.0700
Changing kin param 6 from 0.1577 to 0.1904
Changing kin param 0 from 0.1355 to 0.1586
Changing kin param 3 from 0.7398 to 0.6897
Changing kin param 4 from 0.1641 to 0.1442
Changing kin param 5 from 0.1079 to 0.1274
Changing kin param 6 from 0.1577 to 0.1784
Changing kin param 0 from 0.1355 to 0.1443
Changing kin param 3 from 0.7398 to 0.7669
Changing kin param 4 from 0.1641 to 0.2225
Changing kin param 5 from 0.1079 to 0.0788
Changing kin param 6 from 0.1577 to 0.1028
Running
Running code
params 18.27519417253757 10 500 8.144028 1.524081 1.73063 1.337416
Dictionaries built!
Converting and writing to json file... Output/library.json
Your work here is done!
params 86.47747491119294 10 500 7.419317 1.233469 0.699765 1.904354
Expected index: 6992, Index obtained: 6945
Expected index: 4468, Index obtained: 4440
params 38.584422102788054 10 500 6.896832 1.442411 1.274179 1.783958
Dictionaries built!
Converting and writing to json file... Output/library.json
Your work here is done!
params 27.75945913012385 10 500 7.669024 2.22528 0.787871 1.028216
Dictionaries built!
Converting and writing to json file... Output/library.json
Your work here is done!
Done running code
Averaging
Runs = 4
in evo_average_fit_and_print_variance: i = 1
family_1/Generation_38/Run_1/Output/library.json
var = 0.835432497416065
in evo_average_fit_and_print_variance: i = 2
family_1/Generation_38/Run_2/Output/library.json
var = 10
in evo_average_fit_and_print_variance: i = 3
family_1/Generation_38/Run_3/Output/library.json
var = 0.42075723530577164
in evo_average_fit_and_print_variance: i = 4
family_1/Generation_38/Run_4/Output/library.json
var = 0.14040810077386118
10
0.42075723530577164
0.14040810077386118
MINI NR IS:  4.0
MINI IS:  0.14040810077386118
Cleaning house
Done cleaning house
Generation 39
Delta = 0.15000000000000002
In rando_specs.py: N_unsuccessful_tries = 5.0
Generation = 39
Random param update (no gradient used)
Changing kin param 0 from 0.1355 to 0.1231
Changing kin param 3 from 0.7398 to 0.6972
Changing kin param 4 from 0.1641 to 0.1705
Changing kin param 5 from 0.1079 to 0.0590
Changing kin param 6 from 0.1577 to 0.1858
Changing kin param 0 from 0.1355 to 0.1086
Changing kin param 3 from 0.7398 to 0.7083
Changing kin param 4 from 0.1641 to 0.1271
Changing kin param 5 from 0.1079 to 0.1061
Changing kin param 6 from 0.1577 to 0.1359
Changing kin param 0 from 0.1355 to 0.1317
Changing kin param 3 from 0.7398 to 0.7619
Changing kin param 4 from 0.1641 to 0.1636
Changing kin param 5 from 0.1079 to 0.1531
Changing kin param 6 from 0.1577 to 0.1937
Changing kin param 0 from 0.1355 to 0.0713
Changing kin param 3 from 0.7398 to 0.7786
Changing kin param 4 from 0.1641 to 0.1257
Changing kin param 5 from 0.1079 to 0.1076
Changing kin param 6 from 0.1577 to 0.1647
Running
Running code
params 17.03326879912648 10 500 6.972476 1.704572 0.590109 1.85765
params 12.201493699560533 10 500 7.082505 1.27111 1.060766 1.358841
params 20.753674452692334 10 500 7.619461 1.635626 1.530541 1.93735
Dictionaries built!
Converting and writing to json file... Output/library.json
Your work here is done!
params 5.165816796012955 10 500 7.785812 1.257131 1.075971 1.647375
Dictionaries built!
Converting and writing to json file... Output/library.json
Your work here is done!
Done running code
Averaging
Runs = 4
in evo_average_fit_and_print_variance: i = 1
family_1/Generation_39/Run_1/Output/library.json
var = 10
in evo_average_fit_and_print_variance: i = 2
family_1/Generation_39/Run_2/Output/library.json
var = 10
in evo_average_fit_and_print_variance: i = 3
family_1/Generation_39/Run_3/Output/library.json
var = 0.807010793516009
in evo_average_fit_and_print_variance: i = 4
family_1/Generation_39/Run_4/Output/library.json
var = 0.08264802317163233
10
0.807010793516009
0.08264802317163233
MINI NR IS:  4.0
MINI IS:  0.08264802317163233
Cleaning house
Done cleaning house
Generation 40
Delta = 0.16000000000000003
In rando_specs.py: N_unsuccessful_tries = 6.0
Generation = 40
Random param update (no gradient used)
Changing kin param 0 from 0.1355 to 0.0273
Changing kin param 3 from 0.7398 to 0.7822
Changing kin param 4 from 0.1641 to 0.1182
Changing kin param 5 from 0.1079 to 0.1251
Changing kin param 6 from 0.1577 to 0.1555
Changing kin param 0 from 0.1355 to 0.1460
Changing kin param 3 from 0.7398 to 0.7197
Changing kin param 4 from 0.1641 to 0.2053
Changing kin param 5 from 0.1079 to 0.1678
Changing kin param 6 from 0.1577 to 0.1633
Changing kin param 0 from 0.1355 to 0.1101
Changing kin param 3 from 0.7398 to 0.6948
Changing kin param 4 from 0.1641 to 0.1199
Changing kin param 5 from 0.1079 to 0.1314
Changing kin param 6 from 0.1577 to 0.1457
Changing kin param 0 from 0.1355 to 0.1790
Changing kin param 3 from 0.7398 to 0.7402
Changing kin param 4 from 0.1641 to 0.1672
Changing kin param 5 from 0.1079 to 0.0611
Changing kin param 6 from 0.1577 to 0.1582
Running
Running code
params 1.8738162461450996 10 500 7.821772 1.18162 1.251494 1.554537
Dictionaries built!
Converting and writing to json file... Output/library.json
Your work here is done!
params 28.871476868335492 10 500 7.196725 2.053238 1.677709 1.633188
Dictionaries built!
Converting and writing to json file... Output/library.json
Your work here is done!
params 12.624959685869033 10 500 6.948128 1.198704 1.314341 1.456596
Dictionaries built!
Converting and writing to json file... Output/library.json
Your work here is done!
params 61.67440949422486 10 500 7.401746 1.671562 0.611204 1.581657
Done running code
Averaging
Runs = 4
in evo_average_fit_and_print_variance: i = 1
family_1/Generation_40/Run_1/Output/library.json
var = 0.03735444408495702
in evo_average_fit_and_print_variance: i = 2
family_1/Generation_40/Run_2/Output/library.json
var = 0.7933589610777242
in evo_average_fit_and_print_variance: i = 3
family_1/Generation_40/Run_3/Output/library.json
var = 0.3496398846459981
in evo_average_fit_and_print_variance: i = 4
family_1/Generation_40/Run_4/Output/library.json
var = 10
0.7933589610777242
0.3496398846459981
10
MINI NR IS:  1.0
MINI IS:  0.03735444408495702
Cleaning house
Done cleaning house
Generation 41
Delta = 0.17
In rando_specs.py: N_unsuccessful_tries = 7.0
Generation = 41
Random param update (no gradient used)
Changing kin param 0 from 0.1355 to 0.1092
Changing kin param 3 from 0.7398 to 0.7283
Changing kin param 4 from 0.1641 to 0.1120
Changing kin param 5 from 0.1079 to 0.2083
Changing kin param 6 from 0.1577 to 0.1562
Changing kin param 0 from 0.1355 to 0.1098
Changing kin param 3 from 0.7398 to 0.7541
Changing kin param 4 from 0.1641 to 0.1832
Changing kin param 5 from 0.1079 to 0.0253
Changing kin param 6 from 0.1577 to 0.1032
Changing kin param 0 from 0.1355 to 0.1370
Changing kin param 3 from 0.7398 to 0.7068
Changing kin param 4 from 0.1641 to 0.1178
Changing kin param 5 from 0.1079 to 0.1195
Changing kin param 6 from 0.1577 to 0.1253
Changing kin param 0 from 0.1355 to 0.1183
Changing kin param 3 from 0.7398 to 0.7300
Changing kin param 4 from 0.1641 to 0.1910
Changing kin param 5 from 0.1079 to 0.1472
Changing kin param 6 from 0.1577 to 0.1659
Running
Running code
params 12.351622217157303 10 500 7.282848 1.119633 2.083333 1.561959
Dictionaries built!
Converting and writing to json file... Output/library.json
Your work here is done!
params 12.52148968270462 10 500 7.540786 1.832403 0.253225 1.031641
Dictionaries built!
Converting and writing to json file... Output/library.json
Your work here is done!
params 23.45508439800769 10 500 7.067793 1.177672 1.195194 1.252597
Dictionaries built!
Converting and writing to json file... Output/library.json
Your work here is done!
params 15.252990508094193 10 500 7.30034 1.910303 1.471591 1.659144
Dictionaries built!
Converting and writing to json file... Output/library.json
Your work here is done!
Done running code
Averaging
Runs = 4
in evo_average_fit_and_print_variance: i = 1
family_1/Generation_41/Run_1/Output/library.json
var = 0.82548560289064
in evo_average_fit_and_print_variance: i = 2
family_1/Generation_41/Run_2/Output/library.json
var = 0.17062460357721737
in evo_average_fit_and_print_variance: i = 3
family_1/Generation_41/Run_3/Output/library.json
var = 0.1672195353543371
in evo_average_fit_and_print_variance: i = 4
family_1/Generation_41/Run_4/Output/library.json
var = 0.7087543226465457
0.17062460357721737
0.1672195353543371
0.7087543226465457
MINI NR IS:  3.0
MINI IS:  0.1672195353543371
Cleaning house
Done cleaning house
Generation 42
Delta = 0.18
In rando_specs.py: N_unsuccessful_tries = 8.0
Generation = 42
Random param update (no gradient used)
Changing kin param 0 from 0.1355 to 0.0947
Changing kin param 3 from 0.7398 to 0.7823
Changing kin param 4 from 0.1641 to 0.2016
Changing kin param 5 from 0.1079 to 0.1748
Changing kin param 6 from 0.1577 to 0.2103
Changing kin param 0 from 0.1355 to 0.1136
Changing kin param 3 from 0.7398 to 0.8345
Changing kin param 4 from 0.1641 to 0.1862
Changing kin param 5 from 0.1079 to 0.0516
Changing kin param 6 from 0.1577 to 0.1125
Changing kin param 0 from 0.1355 to 0.1324
Changing kin param 3 from 0.7398 to 0.7645
Changing kin param 4 from 0.1641 to 0.1725
Changing kin param 5 from 0.1079 to 0.0937
Changing kin param 6 from 0.1577 to 0.2132
Changing kin param 0 from 0.1355 to 0.1279
Changing kin param 3 from 0.7398 to 0.7023
Changing kin param 4 from 0.1641 to 0.1666
Changing kin param 5 from 0.1079 to 0.1048
Changing kin param 6 from 0.1577 to 0.1945
Running
Running code
params 8.85233824856973 10 500 7.822886 2.016008 1.747995 2.102895
Dictionaries built!
Converting and writing to json file... Output/library.json
Your work here is done!
params 13.686487339190867 10 500 8.345203 1.861579 0.516494 1.125158
Dictionaries built!
Converting and writing to json file... Output/library.json
Your work here is done!
params 21.083999633808563 10 500 7.644751 1.725025 0.936915 2.132323
Expected index: 3117, Index obtained: 3105
Expected index: 6861, Index obtained: 6830
Expected index: 1769, Index obtained: 1763
Expected index: 2001, Index obtained: 1994
Expected index: 2310, Index obtained: 2301
Expected index: 2962, Index obtained: 2950
Expected index: 1025, Index obtained: 1021
Expected index: 2265, Index obtained: 2256
Expected index: 2529, Index obtained: 2519
Expected index: 6797, Index obtained: 6778
Expected index: 1373, Index obtained: 1368
Expected index: 6038, Index obtained: 6012
Expected index: 4126, Index obtained: 4109
Expected index: 1154, Index obtained: 1153
Expected index: 1613, Index obtained: 1608
params 19.027467990071397 10 500 7.022706 1.666326 1.048101 1.945092
Done running code
Averaging
Runs = 4
in evo_average_fit_and_print_variance: i = 1
family_1/Generation_42/Run_1/Output/library.json
var = 0.8603049064119506
in evo_average_fit_and_print_variance: i = 2
family_1/Generation_42/Run_2/Output/library.json
var = 0.14364659832217178
in evo_average_fit_and_print_variance: i = 3
family_1/Generation_42/Run_3/Output/library.json
var = 10
in evo_average_fit_and_print_variance: i = 4
family_1/Generation_42/Run_4/Output/library.json
var = 10
0.14364659832217178
10
10
MINI NR IS:  2.0
MINI IS:  0.14364659832217178
Cleaning house
Done cleaning house
Generation 43
Delta = 0.19
In rando_specs.py: N_unsuccessful_tries = 9.0
Generation = 43
Random param update (no gradient used)
Changing kin param 0 from 0.1355 to 0.2075
Changing kin param 3 from 0.7398 to 0.7189
Changing kin param 4 from 0.1641 to 0.2314
Changing kin param 5 from 0.1079 to 0.0506
Changing kin param 6 from 0.1577 to 0.1631
Changing kin param 0 from 0.1355 to 0.1964
Changing kin param 3 from 0.7398 to 0.6471
Changing kin param 4 from 0.1641 to 0.1253
Changing kin param 5 from 0.1079 to 0.1294
Changing kin param 6 from 0.1577 to 0.2647
Changing kin param 0 from 0.1355 to 0.0629
Changing kin param 3 from 0.7398 to 0.7887
Changing kin param 4 from 0.1641 to 0.1775
Changing kin param 5 from 0.1079 to 0.1952
Changing kin param 6 from 0.1577 to 0.1295
Changing kin param 0 from 0.1355 to 0.0008
Changing kin param 3 from 0.7398 to 0.7533
Changing kin param 4 from 0.1641 to 0.1422
Changing kin param 5 from 0.1079 to 0.1399
Changing kin param 6 from 0.1577 to 0.2037
Running
Running code
params 118.78893809346386 10 500 7.188985 2.313949 0.506378 1.630501
Expected index: 2723, Index obtained: 2700
params 91.97631378758017 10 500 6.471274 1.253395 1.29383 2.64659
Dictionaries built!
Converting and writing to json file... Output/library.json
Your work here is done!
params 4.254240130480271 10 500 7.887189 1.774527 1.952284 1.295083
Dictionaries built!
Converting and writing to json file... Output/library.json
Your work here is done!
params 1.0191098518880757 10 500 7.53258 1.421708 1.399087 2.037458
Dictionaries built!
Converting and writing to json file... Output/library.json
Your work here is done!
Done running code
Averaging
Runs = 4
in evo_average_fit_and_print_variance: i = 1
family_1/Generation_43/Run_1/Output/library.json
var = 10
in evo_average_fit_and_print_variance: i = 2
family_1/Generation_43/Run_2/Output/library.json
var = 0.7064262599952124
in evo_average_fit_and_print_variance: i = 3
family_1/Generation_43/Run_3/Output/library.json
var = 0.821899060475587
in evo_average_fit_and_print_variance: i = 4
family_1/Generation_43/Run_4/Output/library.json
var = 0.23059371256226266
0.7064262599952124
0.821899060475587
0.23059371256226266
MINI NR IS:  4.0
MINI IS:  0.23059371256226266
Cleaning house
Done cleaning house
Generation 44
Delta = 0.2
In rando_specs.py: N_unsuccessful_tries = 10.0
Generation = 44
Random param update (no gradient used)
Changing kin param 0 from 0.1355 to 0.0820
Changing kin param 3 from 0.7398 to 0.7465
Changing kin param 4 from 0.1641 to 0.1828
Changing kin param 5 from 0.1079 to 0.0811
Changing kin param 6 from 0.1577 to 0.1695
Changing kin param 0 from 0.1355 to 0.0985
Changing kin param 3 from 0.7398 to 0.7664
Changing kin param 4 from 0.1641 to 0.1369
Changing kin param 5 from 0.1079 to 0.1290
Changing kin param 6 from 0.1577 to 0.1903
Changing kin param 0 from 0.1355 to 0.1149
Changing kin param 3 from 0.7398 to 0.7120
Changing kin param 4 from 0.1641 to 0.2088
Changing kin param 5 from 0.1079 to 0.1112
Changing kin param 6 from 0.1577 to 0.1951
Changing kin param 0 from 0.1355 to 0.1282
Changing kin param 3 from 0.7398 to 0.7356
Changing kin param 4 from 0.1641 to 0.2073
Changing kin param 5 from 0.1079 to 0.1059
Changing kin param 6 from 0.1577 to 0.1991
Running
Running code
params 6.614393071058302 10 500 7.465134 1.828439 0.81091 1.69473
params 9.658951825330899 10 500 7.66406 1.368909 1.2904 1.903
Dictionaries built!
Converting and writing to json file... Output/library.json
Your work here is done!
params 14.104055231747017 10 500 7.120234 2.08797 1.111938 1.950732
params 19.138724902954603 10 500 7.355501 2.073011 1.059371 1.990783
Expected index: 827, Index obtained: 822
Expected index: 3629, Index obtained: 3617
Done running code
Averaging
Runs = 4
in evo_average_fit_and_print_variance: i = 1
family_1/Generation_44/Run_1/Output/library.json
var = 10
in evo_average_fit_and_print_variance: i = 2
family_1/Generation_44/Run_2/Output/library.json
var = 0.2684509734519543
in evo_average_fit_and_print_variance: i = 3
family_1/Generation_44/Run_3/Output/library.json
var = 10
in evo_average_fit_and_print_variance: i = 4
family_1/Generation_44/Run_4/Output/library.json
var = 10
0.2684509734519543
10
10
MINI NR IS:  2.0
MINI IS:  0.2684509734519543
Cleaning house
Done cleaning house
Generation 45
Delta = 0.21000000000000002
In rando_specs.py: N_unsuccessful_tries = 11.0
Generation = 45
Random param update (no gradient used)
Changing kin param 0 from 0.1355 to 0.1571
Changing kin param 3 from 0.7398 to 0.7657
Changing kin param 4 from 0.1641 to 0.1280
Changing kin param 5 from 0.1079 to 0.1523
Changing kin param 6 from 0.1577 to 0.1339
Changing kin param 0 from 0.1355 to 0.1682
Changing kin param 3 from 0.7398 to 0.7550
Changing kin param 4 from 0.1641 to 0.1431
Changing kin param 5 from 0.1079 to 0.1296
Changing kin param 6 from 0.1577 to 0.1015
Changing kin param 0 from 0.1355 to 0.1662
Changing kin param 3 from 0.7398 to 0.7929
Changing kin param 4 from 0.1641 to 0.1747
Changing kin param 5 from 0.1079 to 0.1553
Changing kin param 6 from 0.1577 to 0.1033
Changing kin param 0 from 0.1355 to 0.0656
Changing kin param 3 from 0.7398 to 0.6850
Changing kin param 4 from 0.1641 to 0.1889
Changing kin param 5 from 0.1079 to 0.0447
Changing kin param 6 from 0.1577 to 0.1357
Running
Running code
params 37.20737231014276 10 500 7.656575 1.279542 1.522776 1.338632
Dictionaries built!
Converting and writing to json file... Output/library.json
Your work here is done!
params 48.03513327465046 10 500 7.549871 1.430858 1.296419 1.015194
Dictionaries built!
Converting and writing to json file... Output/library.json
Your work here is done!
params 45.88291485346182 10 500 7.928644 1.747441 1.552964 1.033032
Dictionaries built!
Converting and writing to json file... Output/library.json
Your work here is done!
params 4.532074078914271 10 500 6.850219 1.888708 0.446681 1.356986
Dictionaries built!
Converting and writing to json file... Output/library.json
Your work here is done!
Done running code
Averaging
Runs = 4
in evo_average_fit_and_print_variance: i = 1
family_1/Generation_45/Run_1/Output/library.json
var = 0.7943169125922791
in evo_average_fit_and_print_variance: i = 2
family_1/Generation_45/Run_2/Output/library.json
var = 0.49362090106004086
in evo_average_fit_and_print_variance: i = 3
family_1/Generation_45/Run_3/Output/library.json
var = 0.8192293480863
in evo_average_fit_and_print_variance: i = 4
family_1/Generation_45/Run_4/Output/library.json
var = 0.16133893748460218
0.49362090106004086
0.8192293480863
0.16133893748460218
MINI NR IS:  4.0
MINI IS:  0.16133893748460218
Cleaning house
Done cleaning house
Generation 46
Delta = 0.22000000000000003
In rando_specs.py: N_unsuccessful_tries = 12.0
Generation = 46
Random param update (no gradient used)
Changing kin param 0 from 0.1355 to 0.1520
Changing kin param 3 from 0.7398 to 0.6647
Changing kin param 4 from 0.1641 to 0.1001
Changing kin param 5 from 0.1079 to 0.0837
Changing kin param 6 from 0.1577 to 0.1439
Changing kin param 0 from 0.1355 to 0.0439
Changing kin param 3 from 0.7398 to 0.7568
Changing kin param 4 from 0.1641 to 0.1286
Changing kin param 5 from 0.1079 to 0.0922
Changing kin param 6 from 0.1577 to 0.0057
Changing kin param 0 from 0.1355 to 0.1758
Changing kin param 3 from 0.7398 to 0.6456
Changing kin param 4 from 0.1641 to 0.1906
Changing kin param 5 from 0.1079 to 0.0749
Changing kin param 6 from 0.1577 to 0.1273
Changing kin param 0 from 0.1355 to 0.1418
Changing kin param 3 from 0.7398 to 0.8122
Changing kin param 4 from 0.1641 to 0.1891
Changing kin param 5 from 0.1079 to 0.0352
Changing kin param 6 from 0.1577 to 0.2077
Running
Running code
params 33.109757504827456 10 500 6.646672 1.001412 0.836786 1.438692
params 2.748501637212498 10 500 7.567951 1.286352 0.921787 0.057155
Dictionaries built!
Converting and writing to json file... Output/library.json
Your work here is done!
params 57.32169183441 10 500 6.455864 1.906164 0.74915 1.272602
params 26.207162403973985 10 500 8.121838 1.891199 0.351735 2.077195
Done running code
Averaging
Runs = 4
in evo_average_fit_and_print_variance: i = 1
family_1/Generation_46/Run_1/Output/library.json
var = 10
in evo_average_fit_and_print_variance: i = 2
family_1/Generation_46/Run_2/Output/library.json
var = 0.14049411653791935
in evo_average_fit_and_print_variance: i = 3
family_1/Generation_46/Run_3/Output/library.json
var = 10
in evo_average_fit_and_print_variance: i = 4
family_1/Generation_46/Run_4/Output/library.json
var = 10
0.14049411653791935
10
10
MINI NR IS:  2.0
MINI IS:  0.14049411653791935
Cleaning house
Done cleaning house
Generation 47
Delta = 0.23
In rando_specs.py: N_unsuccessful_tries = 13.0
Generation = 47
Random param update (no gradient used)
Changing kin param 0 from 0.1355 to 0.0664
Changing kin param 3 from 0.7398 to 0.7263
Changing kin param 4 from 0.1641 to 0.0431
Changing kin param 5 from 0.1079 to 0.0259
Changing kin param 6 from 0.1577 to 0.2481
Not changing kin param 0 from 0.1355 to -0.0098
Changing kin param 3 from 0.7398 to 0.7596
Changing kin param 4 from 0.1641 to 0.2995
Changing kin param 5 from 0.1079 to 0.0930
Changing kin param 6 from 0.1577 to 0.1713
Changing kin param 0 from 0.1355 to 0.1876
Changing kin param 3 from 0.7398 to 0.6626
Changing kin param 4 from 0.1641 to 0.1729
Changing kin param 5 from 0.1079 to 0.1968
Changing kin param 6 from 0.1577 to 0.1126
Changing kin param 0 from 0.1355 to 0.1253
Changing kin param 3 from 0.7398 to 0.6272
Changing kin param 4 from 0.1641 to 0.2707
Changing kin param 5 from 0.1079 to 0.0559
Changing kin param 6 from 0.1577 to 0.1792
Running
Running code
params 4.614949999070724 10 500 7.263416 0.430538 0.259329 2.481354
Expected index: 3280, Index obtained: 3222
Expected index: 5028, Index obtained: 4951
Expected index: 3510, Index obtained: 3447
Expected index: 4051, Index obtained: 3983
Expected index: 1457, Index obtained: 1437
Expected index: 2088, Index obtained: 2057
Expected index: 4302, Index obtained: 4230
Expected index: 2452, Index obtained: 2407
Expected index: 4256, Index obtained: 4172
Expected index: 5556, Index obtained: 5454
params 22.658074477679254 10 500 7.596188 2.995049 0.930238 1.713335
Expected index: 5422, Index obtained: 5403
params 75.23414676918578 10 500 6.625657 1.728667 1.967956 1.125892
Dictionaries built!
Converting and writing to json file... Output/library.json
Your work here is done!
params 17.894476594874433 10 500 6.27211 2.706852 0.559113 1.79163
Expected index: 2594, Index obtained: 2570
Expected index: 2936, Index obtained: 2912
Expected index: 4443, Index obtained: 4407
Expected index: 4471, Index obtained: 4435
Expected index: 4939, Index obtained: 4900
Expected index: 5527, Index obtained: 5486
Expected index: 5982, Index obtained: 5939
Expected index: 7053, Index obtained: 7002
Expected index: 7216, Index obtained: 7163
Expected index: 2043, Index obtained: 2026
Expected index: 5955, Index obtained: 5899
Expected index: 6159, Index obtained: 6101
Expected index: 6790, Index obtained: 6730
Expected index: 6878, Index obtained: 6817
Expected index: 6951, Index obtained: 6888
Expected index: 4865, Index obtained: 4824
Expected index: 6552, Index obtained: 6499
Expected index: 6655, Index obtained: 6601
Expected index: 6728, Index obtained: 6673
Expected index: 6814, Index obtained: 6758
Expected index: 5247, Index obtained: 5205
Expected index: 6948, Index obtained: 6880
Expected index: 4811, Index obtained: 4775
Expected index: 7131, Index obtained: 7072
Expected index: 6621, Index obtained: 6562
Expected index: 7111, Index obtained: 7054
Expected index: 7255, Index obtained: 7196
Expected index: 6886, Index obtained: 6822
Expected index: 7077, Index obtained: 7011
Expected index: 7064, Index obtained: 6998
Expected index: 4546, Index obtained: 4512
Done running code
Averaging
Runs = 4
in evo_average_fit_and_print_variance: i = 1
family_1/Generation_47/Run_1/Output/library.json
var = 10
in evo_average_fit_and_print_variance: i = 2
family_1/Generation_47/Run_2/Output/library.json
var = 10
in evo_average_fit_and_print_variance: i = 3
family_1/Generation_47/Run_3/Output/library.json
var = 0.7819394998741831
in evo_average_fit_and_print_variance: i = 4
family_1/Generation_47/Run_4/Output/library.json
var = 10
10
0.7819394998741831
10
MINI NR IS:  3.0
MINI IS:  0.7819394998741831
Cleaning house
Done cleaning house
Generation 48
Delta = 0.24000000000000002
In rando_specs.py: N_unsuccessful_tries = 14.0
Generation = 48
Random param update (no gradient used)
Changing kin param 0 from 0.1355 to 0.1092
Changing kin param 3 from 0.7398 to 0.6798
Changing kin param 4 from 0.1641 to 0.2433
Changing kin param 5 from 0.1079 to 0.0373
Changing kin param 6 from 0.1577 to 0.0954
Changing kin param 0 from 0.1355 to 0.1678
Changing kin param 3 from 0.7398 to 0.7639
Changing kin param 4 from 0.1641 to 0.1751
Changing kin param 5 from 0.1079 to 0.0054
Changing kin param 6 from 0.1577 to 0.1162
Changing kin param 0 from 0.1355 to 0.0800
Changing kin param 3 from 0.7398 to 0.7575
Changing kin param 4 from 0.1641 to 0.0737
Not changing kin param 5 from 0.1079 to -0.0141
Changing kin param 6 from 0.1577 to 0.1375
Changing kin param 0 from 0.1355 to 0.1869
Changing kin param 3 from 0.7398 to 0.7718
Changing kin param 4 from 0.1641 to 0.2187
Changing kin param 5 from 0.1079 to 0.0829
Changing kin param 6 from 0.1577 to 0.0896
Running
Running code
params 12.347072549497875 10 500 6.797534 2.433357 0.372659 0.95421
Dictionaries built!
Converting and writing to json file... Output/library.json
Your work here is done!
params 47.60241651042501 10 500 7.638744 1.751489 0.05386 1.162174
Dictionaries built!
Converting and writing to json file... Output/library.json
Your work here is done!
params 6.3069153205266995 10 500 7.575298 0.737007 1.078836 1.374736
Dictionaries built!
Converting and writing to json file... Output/library.json
Your work here is done!
params 74.00243327356344 10 500 7.718073 2.187461 0.829143 0.896141
Dictionaries built!
Converting and writing to json file... Output/library.json
Your work here is done!
Done running code
Averaging
Runs = 4
in evo_average_fit_and_print_variance: i = 1
family_1/Generation_48/Run_1/Output/library.json
var = 0.14707924508706416
in evo_average_fit_and_print_variance: i = 2
family_1/Generation_48/Run_2/Output/library.json
var = 0.1779761337752842
in evo_average_fit_and_print_variance: i = 3
family_1/Generation_48/Run_3/Output/library.json
var = 0.07442631602344507
in evo_average_fit_and_print_variance: i = 4
family_1/Generation_48/Run_4/Output/library.json
var = 0.13352436278295432
0.1779761337752842
0.07442631602344507
0.13352436278295432
MINI NR IS:  3.0
MINI IS:  0.07442631602344507
Cleaning house
Done cleaning house
Generation 49
Delta = 0.25
In rando_specs.py: N_unsuccessful_tries = 15.0
Generation = 49
Random param update (no gradient used)
Changing kin param 0 from 0.1355 to 0.1001
Changing kin param 3 from 0.7398 to 0.7178
Changing kin param 4 from 0.1641 to 0.0710
Changing kin param 5 from 0.1079 to 0.2243
Changing kin param 6 from 0.1577 to 0.1594
Changing kin param 0 from 0.1355 to 0.1507
Changing kin param 3 from 0.7398 to 0.8354
Changing kin param 4 from 0.1641 to 0.1539
Changing kin param 5 from 0.1079 to 0.2101
Changing kin param 6 from 0.1577 to 0.1637
Changing kin param 0 from 0.1355 to 0.1765
Changing kin param 3 from 0.7398 to 0.6750
Changing kin param 4 from 0.1641 to 0.1270
Changing kin param 5 from 0.1079 to 0.0299
Changing kin param 6 from 0.1577 to 0.1862
Changing kin param 0 from 0.1355 to 0.1866
Changing kin param 3 from 0.7398 to 0.7578
Changing kin param 4 from 0.1641 to 0.1612
Changing kin param 5 from 0.1079 to 0.1324
Changing kin param 6 from 0.1577 to 0.2009
Running
Running code
params 10.019544997082816 10 500 7.178042 0.709586 2.243146 1.594265
Dictionaries built!
Converting and writing to json file... Output/library.json
Your work here is done!
params 32.14467210092673 10 500 8.353758 1.538632 2.101468 1.636843
Dictionaries built!
Converting and writing to json file... Output/library.json
Your work here is done!
params 58.26449679573332 10 500 6.749758 1.269818 0.299299 1.861892
params 73.49554250844696 10 500 7.577503 1.611781 1.324405 2.008731
Dictionaries built!
Converting and writing to json file... Output/library.json
Your work here is done!
Done running code
Averaging
Runs = 4
in evo_average_fit_and_print_variance: i = 1
family_1/Generation_49/Run_1/Output/library.json
var = 0.8201182930882931
in evo_average_fit_and_print_variance: i = 2
family_1/Generation_49/Run_2/Output/library.json
var = 0.8546172377596568
in evo_average_fit_and_print_variance: i = 3
family_1/Generation_49/Run_3/Output/library.json
var = 10
in evo_average_fit_and_print_variance: i = 4
family_1/Generation_49/Run_4/Output/library.json
var = 0.6854124232466979
0.8546172377596568
10
0.6854124232466979
MINI NR IS:  4.0
MINI IS:  0.6854124232466979
Cleaning house
Done cleaning house
Generation 50
Delta = 0.26
In rando_specs.py: N_unsuccessful_tries = 16.0
Generation = 50
Random param update (no gradient used)
Changing kin param 0 from 0.1355 to 0.2739
Changing kin param 3 from 0.7398 to 0.7914
Changing kin param 4 from 0.1641 to 0.0969
Not changing kin param 5 from 0.1079 to -0.0131
Changing kin param 6 from 0.1577 to 0.2824
Changing kin param 0 from 0.1355 to 0.1317
Changing kin param 3 from 0.7398 to 0.7125
Changing kin param 4 from 0.1641 to 0.0287
Changing kin param 5 from 0.1079 to 0.1416
Changing kin param 6 from 0.1577 to 0.1960
Changing kin param 0 from 0.1355 to 0.2170
Changing kin param 3 from 0.7398 to 0.7396
Changing kin param 4 from 0.1641 to 0.1996
Changing kin param 5 from 0.1079 to 0.0901
Changing kin param 6 from 0.1577 to 0.1152
Changing kin param 0 from 0.1355 to 0.1194
Changing kin param 3 from 0.7398 to 0.7969
Changing kin param 4 from 0.1641 to 0.1398
Changing kin param 5 from 0.1079 to 0.0128
Changing kin param 6 from 0.1577 to 0.0990
Running
Running code
params 547.8125784910821 10 500 7.913772 0.968871 1.078836 2.82413
Expected index: 1992, Index obtained: 1991
Expected index: 8, Index obtained: 8
Expected index: 2973, Index obtained: 2971
Expected index: 128, Index obtained: 128
Expected index: 5172, Index obtained: 5168
Expected index: 229, Index obtained: 229
Expected index: 4071, Index obtained: 4067
Expected index: 521, Index obtained: 521
Expected index: 1589, Index obtained: 1586
Expected index: 4697, Index obtained: 4691
Expected index: 113, Index obtained: 113
params 20.756541876847603 10 500 7.125019 0.286744 1.415576 1.95998
Expected index: 4791, Index obtained: 4788
Expected index: 3393, Index obtained: 3392
Expected index: 4663, Index obtained: 4659
Dictionaries built!
Converting and writing to json file... Output/library.json
Your work here is done!
params 147.99362225658473 10 500 7.395704 1.996213 0.901484 1.152032
Dictionaries built!
Converting and writing to json file... Output/library.json
Your work here is done!
params 15.638748664047368 10 500 7.969134 1.397599 0.128354 0.990499
Dictionaries built!
Converting and writing to json file... Output/library.json
Your work here is done!
Done running code
Averaging
Runs = 4
in evo_average_fit_and_print_variance: i = 1
family_1/Generation_50/Run_1/Output/library.json
var = 10
in evo_average_fit_and_print_variance: i = 2
family_1/Generation_50/Run_2/Output/library.json
var = 0.7038636551429848
in evo_average_fit_and_print_variance: i = 3
family_1/Generation_50/Run_3/Output/library.json
var = 0.09178461906901403
in evo_average_fit_and_print_variance: i = 4
family_1/Generation_50/Run_4/Output/library.json
var = 0.17149790592059116
0.7038636551429848
0.09178461906901403
0.17149790592059116
MINI NR IS:  3.0
MINI IS:  0.09178461906901403
Cleaning house
Done cleaning house
Choosing best Gen
BEST FIT
33 	 2 0.020288555204011897
Copying best Gen
--------------
CLEANING UP
--------------
-----------------
DONE CLEANING UP
-----------------
Running final big simulation!
Find results in the folder >>[1m[35m BEST_FIT [0m
