--------------------------------------------
number of families: 1
Generations per family: 50
Sub-folders per generation: 4
DELTA: 0.1
cores to be used: 25
Number of runs to use in a sample: 50
Grid search option: 1
Grid search degrees of freedom: 3 (ignored if Grid search option is not 0)
--------------------------------------------
--------------
CLEANING UP
--------------
-----------------
DONE CLEANING UP
-----------------
Minimum is  0.1022822334693374
---------------------------------------------
Starting parameters for fitting are set as: 
Monomer addition rate (10^x) 1.0
Minimum Monomers:  10
Maximum Monomers:  500
SG Ratio:  2.0
GG Scaling Parameter:  1
SS Scaling Parameter:  1
SG Scaling Parameter:  1
---------------------------------------------
Generation 1
Delta = 0.1
In rando_specs.py: N_unsuccessful_tries = 0.0
Generation = 1
Random param update (no gradient used)
Changing kin param 0 from 0.1000 to 0.0969
Changing kin param 3 from 0.2000 to 0.2564
Changing kin param 0 from 0.1000 to 0.1396
Changing kin param 3 from 0.2000 to 0.1925
Changing kin param 0 from 0.1000 to 0.1099
Changing kin param 3 from 0.2000 to 0.1919
Changing kin param 0 from 0.1000 to 0.0986
Changing kin param 3 from 0.2000 to 0.1935
Running
Running code
params 9.309428055578524 10 500 2.563923 1.0 1.0 1.0
Dictionaries built!
Converting and writing to json file... Output/library.json
Your work here is done!
params 24.915752031268624 10 500 1.925494 1.0 1.0 1.0
Dictionaries built!
Converting and writing to json file... Output/library.json
Your work here is done!
params 12.55073038051126 10 500 1.919048 1.0 1.0 1.0
Dictionaries built!
Converting and writing to json file... Output/library.json
Your work here is done!
params 9.687060229940267 10 500 1.935083 1.0 1.0 1.0
Dictionaries built!
Converting and writing to json file... Output/library.json
Your work here is done!
Done running code
Averaging
Runs = 4
in evo_average_fit_and_print_variance: i = 1
family_1/Generation_1/Run_1/Output/library.json
var = 0.13056637673849636
in evo_average_fit_and_print_variance: i = 2
family_1/Generation_1/Run_2/Output/library.json
var = 0.07103546725865678
in evo_average_fit_and_print_variance: i = 3
family_1/Generation_1/Run_3/Output/library.json
var = 0.09694468043159875
in evo_average_fit_and_print_variance: i = 4
family_1/Generation_1/Run_4/Output/library.json
var = 0.10306152132769912
0.07103546725865678
0.09694468043159875
0.10306152132769912
MINI NR IS:  2.0
MINI IS:  0.07103546725865678
mini_difference pct = 0.305495540631188
Cleaning house
Done cleaning house
Generation 2
Delta = 0.1
In rando_specs.py: N_unsuccessful_tries = 0.0
Generation = 2
Gradient param update
CALCULATING GRADIENT
Relative mins:  [0. 1. 1. 0. 1. 1. 1.]
old kins:  [0.1 1.  1.  0.2 1.  1.  1. ]
new kins:  [0.1396474 1.        1.        0.1925494 1.        1.        1.       ]
Gradient values  [-0.788116244697004, 0.0, 0.0, 4.193858212761387, 0.0, 0.0, 0.0]
-0.788116244697004
Not changing kin param 0 from 0.1396 to -0.1101
4.193858212761387
Changing kin param 3 from 0.1925 to 0.8075
-0.788116244697004
Not changing kin param 0 from 0.1396 to -0.1101
4.193858212761387
Changing kin param 3 from 0.1925 to 0.8075
-0.788116244697004
Not changing kin param 0 from 0.1396 to -0.1101
4.193858212761387
Changing kin param 3 from 0.1925 to 0.8075
-0.788116244697004
Not changing kin param 0 from 0.1396 to -0.1101
4.193858212761387
Changing kin param 3 from 0.1925 to 0.8075
Running
Running code
params 24.915752031268624 10 500 8.075249 1.0 1.0 1.0
Dictionaries built!
Converting and writing to json file... Output/library.json
Your work here is done!
params 24.915752031268624 10 500 8.075249 1.0 1.0 1.0
Dictionaries built!
Converting and writing to json file... Output/library.json
Your work here is done!
params 24.915752031268624 10 500 8.075249 1.0 1.0 1.0
Dictionaries built!
Converting and writing to json file... Output/library.json
Your work here is done!
params 24.915752031268624 10 500 8.075249 1.0 1.0 1.0
Dictionaries built!
Converting and writing to json file... Output/library.json
Your work here is done!
Done running code
Averaging
Runs = 4
in evo_average_fit_and_print_variance: i = 1
family_1/Generation_2/Run_1/Output/library.json
var = 0.29229985123184393
in evo_average_fit_and_print_variance: i = 2
family_1/Generation_2/Run_2/Output/library.json
var = 0.289473205547327
in evo_average_fit_and_print_variance: i = 3
family_1/Generation_2/Run_3/Output/library.json
var = 0.29231698550318214
in evo_average_fit_and_print_variance: i = 4
family_1/Generation_2/Run_4/Output/library.json
var = 0.29546701932168506
0.289473205547327
0.29231698550318214
0.29546701932168506
MINI NR IS:  2.0
MINI IS:  0.289473205547327
Cleaning house
Done cleaning house
Generation 3
Delta = 0.1
In rando_specs.py: N_unsuccessful_tries = 1.0
Generation = 3
Random param update (no gradient used)
Changing kin param 0 from 0.1396 to 0.1277
Changing kin param 3 from 0.1925 to 0.2079
Changing kin param 0 from 0.1396 to 0.1215
Changing kin param 3 from 0.1925 to 0.2122
Changing kin param 0 from 0.1396 to 0.1146
Changing kin param 3 from 0.1925 to 0.1894
Changing kin param 0 from 0.1396 to 0.1412
Changing kin param 3 from 0.1925 to 0.1526
Running
Running code
params 18.905536227839 10 500 2.078846 1.0 1.0 1.0
Dictionaries built!
Converting and writing to json file... Output/library.json
Your work here is done!
params 16.399023944845666 10 500 2.122365 1.0 1.0 1.0
Dictionaries built!
Converting and writing to json file... Output/library.json
Your work here is done!
params 13.99577654599294 10 500 1.894162 1.0 1.0 1.0
Dictionaries built!
Converting and writing to json file... Output/library.json
Your work here is done!
params 25.80275032232521 10 500 1.526219 1.0 1.0 1.0
Dictionaries built!
Converting and writing to json file... Output/library.json
Your work here is done!
Done running code
Averaging
Runs = 4
in evo_average_fit_and_print_variance: i = 1
family_1/Generation_3/Run_1/Output/library.json
var = 0.08586589153430066
in evo_average_fit_and_print_variance: i = 2
family_1/Generation_3/Run_2/Output/library.json
var = 0.08806790244574457
in evo_average_fit_and_print_variance: i = 3
family_1/Generation_3/Run_3/Output/library.json
var = 0.09274896666995758
in evo_average_fit_and_print_variance: i = 4
family_1/Generation_3/Run_4/Output/library.json
var = 0.08976053470661699
0.08806790244574457
0.09274896666995758
0.08976053470661699
MINI NR IS:  1.0
MINI IS:  0.08586589153430066
Cleaning house
Done cleaning house
Generation 4
Delta = 0.1
In rando_specs.py: N_unsuccessful_tries = 2.0
Generation = 4
Random param update (no gradient used)
Changing kin param 0 from 0.1396 to 0.1857
Changing kin param 3 from 0.1925 to 0.2128
Changing kin param 0 from 0.1396 to 0.1046
Changing kin param 3 from 0.1925 to 0.2129
Changing kin param 0 from 0.1396 to 0.1254
Changing kin param 3 from 0.1925 to 0.1348
Changing kin param 0 from 0.1396 to 0.1497
Changing kin param 3 from 0.1925 to 0.1994
Running
Running code
params 71.94655441193424 10 500 2.128065 1.0 1.0 1.0
Dictionaries built!
Converting and writing to json file... Output/library.json
Your work here is done!
params 11.112659309328775 10 500 2.129394 1.0 1.0 1.0
Dictionaries built!
Converting and writing to json file... Output/library.json
Your work here is done!
params 17.929244924910268 10 500 1.347559 1.0 1.0 1.0
Dictionaries built!
Converting and writing to json file... Output/library.json
Your work here is done!
params 31.404436129540375 10 500 1.993664 1.0 1.0 1.0
Dictionaries built!
Converting and writing to json file... Output/library.json
Your work here is done!
Done running code
Averaging
Runs = 4
in evo_average_fit_and_print_variance: i = 1
family_1/Generation_4/Run_1/Output/library.json
var = 0.037559445236322556
in evo_average_fit_and_print_variance: i = 2
family_1/Generation_4/Run_2/Output/library.json
var = 0.10562554729674747
in evo_average_fit_and_print_variance: i = 3
family_1/Generation_4/Run_3/Output/library.json
var = 0.11847543017541558
in evo_average_fit_and_print_variance: i = 4
family_1/Generation_4/Run_4/Output/library.json
var = 0.06771224928719159
0.10562554729674747
0.11847543017541558
0.06771224928719159
MINI NR IS:  1.0
MINI IS:  0.037559445236322556
mini_difference pct = 0.47125787671535707
Cleaning house
Done cleaning house
Generation 5
Delta = 0.1
In rando_specs.py: N_unsuccessful_tries = 0.0
Generation = 5
Gradient param update
CALCULATING GRADIENT
Relative mins:  [0. 1. 1. 0. 1. 1. 1.]
old kins:  [0.1396474 1.        1.        0.1925494 1.        1.        1.       ]
new kins:  [0.185701  1.        1.        0.2128065 1.        1.        1.       ]
Gradient values  [-0.7268925773446593, 0.0, 0.0, -1.6525573749450833, 0.0, 0.0, 0.0]
-0.7268925773446593
Not changing kin param 0 from 0.1857 to -0.1350
-1.6525573749450833
Not changing kin param 3 from 0.2128 to -0.3517
-0.7268925773446593
Not changing kin param 0 from 0.1857 to -0.1350
-1.6525573749450833
Not changing kin param 3 from 0.2128 to -0.3517
-0.7268925773446593
Not changing kin param 0 from 0.1857 to -0.1350
-1.6525573749450833
Not changing kin param 3 from 0.2128 to -0.3517
-0.7268925773446593
Not changing kin param 0 from 0.1857 to -0.1350
-1.6525573749450833
Not changing kin param 3 from 0.2128 to -0.3517
Running
Running code
params 71.94655441193424 10 500 2.128065 1.0 1.0 1.0
Dictionaries built!
Converting and writing to json file... Output/library.json
Your work here is done!
params 71.94655441193424 10 500 2.128065 1.0 1.0 1.0
Dictionaries built!
Converting and writing to json file... Output/library.json
Your work here is done!
params 71.94655441193424 10 500 2.128065 1.0 1.0 1.0
Dictionaries built!
Converting and writing to json file... Output/library.json
Your work here is done!
params 71.94655441193424 10 500 2.128065 1.0 1.0 1.0
Dictionaries built!
Converting and writing to json file... Output/library.json
Your work here is done!
Done running code
Averaging
Runs = 4
in evo_average_fit_and_print_variance: i = 1
family_1/Generation_5/Run_1/Output/library.json
var = 0.03489386108073263
in evo_average_fit_and_print_variance: i = 2
family_1/Generation_5/Run_2/Output/library.json
var = 0.04168093870760456
in evo_average_fit_and_print_variance: i = 3
family_1/Generation_5/Run_3/Output/library.json
var = 0.0410553044804023
in evo_average_fit_and_print_variance: i = 4
family_1/Generation_5/Run_4/Output/library.json
var = 0.03456473380193852
0.04168093870760456
0.0410553044804023
0.03456473380193852
MINI NR IS:  4.0
MINI IS:  0.03456473380193852
mini_difference pct = 0.07973269571469972
Cleaning house
Done cleaning house
Generation 6
Delta = 0.1
In rando_specs.py: N_unsuccessful_tries = 0.0
Generation = 6
Gradient param update
CALCULATING GRADIENT
Relative mins:  [0. 1. 1. 0. 1. 1. 1.]
old kins:  [0.185701  1.        1.        0.2128065 1.        1.        1.       ]
new kins:  [0.185701  1.        1.        0.2128065 1.        1.        1.       ]
Gradient values  [0.0, 0.0, 0.0, 0.0, 0.0, 0.0, 0.0]
0.0
Not changing kin param 0 from 0.1857 to 0.0000
0.0
Not changing kin param 3 from 0.2128 to 0.0000
0.0
Not changing kin param 0 from 0.1857 to 0.0000
0.0
Not changing kin param 3 from 0.2128 to 0.0000
0.0
Not changing kin param 0 from 0.1857 to 0.0000
0.0
Not changing kin param 3 from 0.2128 to 0.0000
0.0
Not changing kin param 0 from 0.1857 to 0.0000
0.0
Not changing kin param 3 from 0.2128 to 0.0000
Running
Running code
params 71.94655441193424 10 500 2.128065 1.0 1.0 1.0
Dictionaries built!
Converting and writing to json file... Output/library.json
Your work here is done!
params 71.94655441193424 10 500 2.128065 1.0 1.0 1.0
Dictionaries built!
Converting and writing to json file... Output/library.json
Your work here is done!
params 71.94655441193424 10 500 2.128065 1.0 1.0 1.0
Dictionaries built!
Converting and writing to json file... Output/library.json
Your work here is done!
params 71.94655441193424 10 500 2.128065 1.0 1.0 1.0
Dictionaries built!
Converting and writing to json file... Output/library.json
Your work here is done!
Done running code
Averaging
Runs = 4
in evo_average_fit_and_print_variance: i = 1
family_1/Generation_6/Run_1/Output/library.json
var = 0.04009624723095181
in evo_average_fit_and_print_variance: i = 2
family_1/Generation_6/Run_2/Output/library.json
var = 0.043674382782377515
in evo_average_fit_and_print_variance: i = 3
family_1/Generation_6/Run_3/Output/library.json
var = 0.03367143293559496
in evo_average_fit_and_print_variance: i = 4
family_1/Generation_6/Run_4/Output/library.json
var = 0.03847647478995636
0.043674382782377515
0.03367143293559496
0.03847647478995636
MINI NR IS:  3.0
MINI IS:  0.03367143293559496
mini_difference pct = 0.025844178861083103
Cleaning house
Done cleaning house
Generation 7
Delta = 0.1
In rando_specs.py: N_unsuccessful_tries = 0.0
Generation = 7
Gradient param update
CALCULATING GRADIENT
Relative mins:  [0. 1. 1. 0. 1. 1. 1.]
old kins:  [0.185701  1.        1.        0.2128065 1.        1.        1.       ]
new kins:  [0.185701  1.        1.        0.2128065 1.        1.        1.       ]
Gradient values  [0.0, 0.0, 0.0, 0.0, 0.0, 0.0, 0.0]
0.0
Not changing kin param 0 from 0.1857 to 0.0000
0.0
Not changing kin param 3 from 0.2128 to 0.0000
0.0
Not changing kin param 0 from 0.1857 to 0.0000
0.0
Not changing kin param 3 from 0.2128 to 0.0000
0.0
Not changing kin param 0 from 0.1857 to 0.0000
0.0
Not changing kin param 3 from 0.2128 to 0.0000
0.0
Not changing kin param 0 from 0.1857 to 0.0000
0.0
Not changing kin param 3 from 0.2128 to 0.0000
Running
Running code
params 71.94655441193424 10 500 2.128065 1.0 1.0 1.0
Dictionaries built!
Converting and writing to json file... Output/library.json
Your work here is done!
params 71.94655441193424 10 500 2.128065 1.0 1.0 1.0
Dictionaries built!
Converting and writing to json file... Output/library.json
Your work here is done!
params 71.94655441193424 10 500 2.128065 1.0 1.0 1.0
Dictionaries built!
Converting and writing to json file... Output/library.json
Your work here is done!
params 71.94655441193424 10 500 2.128065 1.0 1.0 1.0
Dictionaries built!
Converting and writing to json file... Output/library.json
Your work here is done!
Done running code
Averaging
Runs = 4
in evo_average_fit_and_print_variance: i = 1
family_1/Generation_7/Run_1/Output/library.json
var = 0.03977742950379017
in evo_average_fit_and_print_variance: i = 2
family_1/Generation_7/Run_2/Output/library.json
var = 0.03677283388094499
in evo_average_fit_and_print_variance: i = 3
family_1/Generation_7/Run_3/Output/library.json
var = 0.042871517929487055
in evo_average_fit_and_print_variance: i = 4
family_1/Generation_7/Run_4/Output/library.json
var = 0.03525631869852642
0.03677283388094499
0.042871517929487055
0.03525631869852642
MINI NR IS:  4.0
MINI IS:  0.03525631869852642
Cleaning house
Done cleaning house
Generation 8
Delta = 0.1
In rando_specs.py: N_unsuccessful_tries = 1.0
Generation = 8
Random param update (no gradient used)
Changing kin param 0 from 0.1857 to 0.1610
Changing kin param 3 from 0.2128 to 0.2274
Changing kin param 0 from 0.1857 to 0.2054
Changing kin param 3 from 0.2128 to 0.2136
Changing kin param 0 from 0.1857 to 0.1661
Changing kin param 3 from 0.2128 to 0.2145
Changing kin param 0 from 0.1857 to 0.1695
Changing kin param 3 from 0.2128 to 0.2206
Running
Running code
params 40.775096731669414 10 500 2.274287 1.0 1.0 1.0
Dictionaries built!
Converting and writing to json file... Output/library.json
Your work here is done!
params 113.21318279164194 10 500 2.135521 1.0 1.0 1.0
Dictionaries built!
Converting and writing to json file... Output/library.json
Your work here is done!
params 45.77422499700685 10 500 2.145117 1.0 1.0 1.0
Dictionaries built!
Converting and writing to json file... Output/library.json
Your work here is done!
params 49.495988259858656 10 500 2.205745 1.0 1.0 1.0
Dictionaries built!
Converting and writing to json file... Output/library.json
Your work here is done!
Done running code
Averaging
Runs = 4
in evo_average_fit_and_print_variance: i = 1
family_1/Generation_8/Run_1/Output/library.json
var = 0.06349247883115972
in evo_average_fit_and_print_variance: i = 2
family_1/Generation_8/Run_2/Output/library.json
var = 0.03285918031472633
in evo_average_fit_and_print_variance: i = 3
family_1/Generation_8/Run_3/Output/library.json
var = 0.06051396059684333
in evo_average_fit_and_print_variance: i = 4
family_1/Generation_8/Run_4/Output/library.json
var = 0.0599499627943925
0.03285918031472633
0.06051396059684333
0.0599499627943925
MINI NR IS:  2.0
MINI IS:  0.03285918031472633
mini_difference pct = 0.024122815255356606
Cleaning house
Done cleaning house
Generation 9
Delta = 0.1
In rando_specs.py: N_unsuccessful_tries = 0.0
Generation = 9
Gradient param update
CALCULATING GRADIENT
Relative mins:  [0. 1. 1. 0. 1. 1. 1.]
old kins:  [0.185701  1.        1.        0.2128065 1.        1.        1.       ]
new kins:  [0.2053897 1.        1.        0.2135521 1.        1.        1.       ]
Gradient values  [-0.04125462828932334, 0.0, 0.0, -1.089391094420623, 0.0, 0.0, 0.0]
-0.04125462828932334
Not changing kin param 0 from 0.2054 to -0.0085
-1.089391094420623
Not changing kin param 3 from 0.2136 to -0.2326
-0.04125462828932334
Not changing kin param 0 from 0.2054 to -0.0085
-1.089391094420623
Not changing kin param 3 from 0.2136 to -0.2326
-0.04125462828932334
Not changing kin param 0 from 0.2054 to -0.0085
-1.089391094420623
Not changing kin param 3 from 0.2136 to -0.2326
-0.04125462828932334
Not changing kin param 0 from 0.2054 to -0.0085
-1.089391094420623
Not changing kin param 3 from 0.2136 to -0.2326
Running
Running code
params 113.21318279164194 10 500 2.135521 1.0 1.0 1.0
Dictionaries built!
Converting and writing to json file... Output/library.json
Your work here is done!
params 113.21318279164194 10 500 2.135521 1.0 1.0 1.0
Dictionaries built!
Converting and writing to json file... Output/library.json
Your work here is done!
params 113.21318279164194 10 500 2.135521 1.0 1.0 1.0
Dictionaries built!
Converting and writing to json file... Output/library.json
Your work here is done!
params 113.21318279164194 10 500 2.135521 1.0 1.0 1.0
Dictionaries built!
Converting and writing to json file... Output/library.json
Your work here is done!
Done running code
Averaging
Runs = 4
in evo_average_fit_and_print_variance: i = 1
family_1/Generation_9/Run_1/Output/library.json
var = 0.03697386493995126
in evo_average_fit_and_print_variance: i = 2
family_1/Generation_9/Run_2/Output/library.json
var = 0.032591061410032575
in evo_average_fit_and_print_variance: i = 3
family_1/Generation_9/Run_3/Output/library.json
var = 0.037897708520375654
in evo_average_fit_and_print_variance: i = 4
family_1/Generation_9/Run_4/Output/library.json
var = 0.034289606662902164
0.032591061410032575
0.037897708520375654
0.034289606662902164
MINI NR IS:  2.0
MINI IS:  0.032591061410032575
mini_difference pct = 0.008159625102252302
Cleaning house
Done cleaning house
Generation 10
Delta = 0.1
In rando_specs.py: N_unsuccessful_tries = 0.0
Generation = 10
Gradient param update
CALCULATING GRADIENT
Relative mins:  [0. 1. 1. 0. 1. 1. 1.]
old kins:  [0.2053897 1.        1.        0.2135521 1.        1.        1.       ]
new kins:  [0.2053897 1.        1.        0.2135521 1.        1.        1.       ]
Gradient values  [0.0, 0.0, 0.0, 0.0, 0.0, 0.0, 0.0]
0.0
Not changing kin param 0 from 0.2054 to 0.0000
0.0
Not changing kin param 3 from 0.2136 to 0.0000
0.0
Not changing kin param 0 from 0.2054 to 0.0000
0.0
Not changing kin param 3 from 0.2136 to 0.0000
0.0
Not changing kin param 0 from 0.2054 to 0.0000
0.0
Not changing kin param 3 from 0.2136 to 0.0000
0.0
Not changing kin param 0 from 0.2054 to 0.0000
0.0
Not changing kin param 3 from 0.2136 to 0.0000
Running
Running code
params 113.21318279164194 10 500 2.135521 1.0 1.0 1.0
Dictionaries built!
Converting and writing to json file... Output/library.json
Your work here is done!
params 113.21318279164194 10 500 2.135521 1.0 1.0 1.0
Dictionaries built!
Converting and writing to json file... Output/library.json
Your work here is done!
params 113.21318279164194 10 500 2.135521 1.0 1.0 1.0
Dictionaries built!
Converting and writing to json file... Output/library.json
Your work here is done!
params 113.21318279164194 10 500 2.135521 1.0 1.0 1.0
Dictionaries built!
Converting and writing to json file... Output/library.json
Your work here is done!
Done running code
Averaging
Runs = 4
in evo_average_fit_and_print_variance: i = 1
family_1/Generation_10/Run_1/Output/library.json
var = 0.03719935498694001
in evo_average_fit_and_print_variance: i = 2
family_1/Generation_10/Run_2/Output/library.json
var = 0.03634535349437938
in evo_average_fit_and_print_variance: i = 3
family_1/Generation_10/Run_3/Output/library.json
var = 0.03313874202541017
in evo_average_fit_and_print_variance: i = 4
family_1/Generation_10/Run_4/Output/library.json
var = 0.04445157129255392
0.03634535349437938
0.03313874202541017
0.04445157129255392
MINI NR IS:  3.0
MINI IS:  0.03313874202541017
Cleaning house
Done cleaning house
Generation 11
Delta = 0.1
In rando_specs.py: N_unsuccessful_tries = 1.0
Generation = 11
Random param update (no gradient used)
Changing kin param 0 from 0.2054 to 0.1886
Changing kin param 3 from 0.2136 to 0.2025
Changing kin param 0 from 0.2054 to 0.2120
Changing kin param 3 from 0.2136 to 0.2692
Changing kin param 0 from 0.2054 to 0.1691
Changing kin param 3 from 0.2136 to 0.1882
Changing kin param 0 from 0.2054 to 0.2199
Changing kin param 3 from 0.2136 to 0.1971
Running
Running code
params 76.90773124730092 10 500 2.024768 1.0 1.0 1.0
Dictionaries built!
Converting and writing to json file... Output/library.json
Your work here is done!
params 131.81565742175712 10 500 2.692473 1.0 1.0 1.0
Dictionaries built!
Converting and writing to json file... Output/library.json
Your work here is done!
params 49.113626140785854 10 500 1.882187 1.0 1.0 1.0
Dictionaries built!
Converting and writing to json file... Output/library.json
Your work here is done!
params 158.1990969209346 10 500 1.971191 1.0 1.0 1.0
Dictionaries built!
Converting and writing to json file... Output/library.json
Your work here is done!
Done running code
Averaging
Runs = 4
in evo_average_fit_and_print_variance: i = 1
family_1/Generation_11/Run_1/Output/library.json
var = 0.028544386102214506
in evo_average_fit_and_print_variance: i = 2
family_1/Generation_11/Run_2/Output/library.json
var = 0.09343595710942217
in evo_average_fit_and_print_variance: i = 3
family_1/Generation_11/Run_3/Output/library.json
var = 0.04259220420422084
in evo_average_fit_and_print_variance: i = 4
family_1/Generation_11/Run_4/Output/library.json
var = 0.024386862249209492
0.09343595710942217
0.04259220420422084
0.024386862249209492
MINI NR IS:  4.0
MINI IS:  0.024386862249209492
mini_difference pct = 0.25173154082102595
Cleaning house
Done cleaning house
Generation 12
Delta = 0.1
In rando_specs.py: N_unsuccessful_tries = 0.0
Generation = 12
Gradient param update
CALCULATING GRADIENT
Relative mins:  [0. 1. 1. 0. 1. 1. 1.]
old kins:  [0.2053897 1.        1.        0.2135521 1.        1.        1.       ]
new kins:  [0.2199204 1.        1.        0.1971191 1.        1.        1.       ]
Gradient values  [-0.5646114777677613, 0.0, 0.0, 0.49925150611574337, 0.0, 0.0, 0.0]
-0.5646114777677613
Not changing kin param 0 from 0.2199 to -0.1242
0.49925150611574337
Changing kin param 3 from 0.1971 to 0.0984
-0.5646114777677613
Not changing kin param 0 from 0.2199 to -0.1242
0.49925150611574337
Changing kin param 3 from 0.1971 to 0.0984
-0.5646114777677613
Not changing kin param 0 from 0.2199 to -0.1242
0.49925150611574337
Changing kin param 3 from 0.1971 to 0.0984
-0.5646114777677613
Not changing kin param 0 from 0.2199 to -0.1242
0.49925150611574337
Changing kin param 3 from 0.1971 to 0.0984
Running
Running code
params 158.1990969209346 10 500 0.98412 1.0 1.0 1.0
Dictionaries built!
Converting and writing to json file... Output/library.json
Your work here is done!
params 158.1990969209346 10 500 0.98412 1.0 1.0 1.0
Dictionaries built!
Converting and writing to json file... Output/library.json
Your work here is done!
params 158.1990969209346 10 500 0.98412 1.0 1.0 1.0
Dictionaries built!
Converting and writing to json file... Output/library.json
Your work here is done!
params 158.1990969209346 10 500 0.98412 1.0 1.0 1.0
Dictionaries built!
Converting and writing to json file... Output/library.json
Your work here is done!
Done running code
Averaging
Runs = 4
in evo_average_fit_and_print_variance: i = 1
family_1/Generation_12/Run_1/Output/library.json
var = 0.1736256603361465
in evo_average_fit_and_print_variance: i = 2
family_1/Generation_12/Run_2/Output/library.json
var = 0.18031011672384853
in evo_average_fit_and_print_variance: i = 3
family_1/Generation_12/Run_3/Output/library.json
var = 0.17128090947566488
in evo_average_fit_and_print_variance: i = 4
family_1/Generation_12/Run_4/Output/library.json
var = 0.17613716645394403
0.18031011672384853
0.17128090947566488
0.17613716645394403
MINI NR IS:  3.0
MINI IS:  0.17128090947566488
Cleaning house
Done cleaning house
Generation 13
Delta = 0.1
In rando_specs.py: N_unsuccessful_tries = 1.0
Generation = 13
Random param update (no gradient used)
Changing kin param 0 from 0.2199 to 0.1929
Changing kin param 3 from 0.1971 to 0.2306
Changing kin param 0 from 0.2199 to 0.2401
Changing kin param 3 from 0.1971 to 0.2319
Changing kin param 0 from 0.2199 to 0.2132
Changing kin param 3 from 0.1971 to 0.1874
Changing kin param 0 from 0.2199 to 0.2739
Changing kin param 3 from 0.1971 to 0.2302
Running
Running code
params 85.00314611312751 10 500 2.305662 1.0 1.0 1.0
Dictionaries built!
Converting and writing to json file... Output/library.json
Your work here is done!
params 251.96429340260272 10 500 2.319224 1.0 1.0 1.0
Dictionaries built!
Converting and writing to json file... Output/library.json
Your work here is done!
params 135.4468782623553 10 500 1.874463 1.0 1.0 1.0
Dictionaries built!
Converting and writing to json file... Output/library.json
Your work here is done!
params 548.1633558000573 10 500 2.301753 1.0 1.0 1.0
Dictionaries built!
Converting and writing to json file... Output/library.json
Your work here is done!
Done running code
Averaging
Runs = 4
in evo_average_fit_and_print_variance: i = 1
family_1/Generation_13/Run_1/Output/library.json
var = 0.05549245755575495
in evo_average_fit_and_print_variance: i = 2
family_1/Generation_13/Run_2/Output/library.json
var = 0.06510066890461988
in evo_average_fit_and_print_variance: i = 3
family_1/Generation_13/Run_3/Output/library.json
var = 0.007246147146011532
in evo_average_fit_and_print_variance: i = 4
family_1/Generation_13/Run_4/Output/library.json
var = 0.10435886150049994
0.06510066890461988
0.007246147146011532
0.10435886150049994
MINI NR IS:  3.0
MINI IS:  0.007246147146011532
mini_difference pct = 0.7028667427454156
Cleaning house
Done cleaning house
Generation 14
Delta = 0.1
In rando_specs.py: N_unsuccessful_tries = 0.0
Generation = 14
Gradient param update
CALCULATING GRADIENT
Relative mins:  [0. 1. 1. 0. 1. 1. 1.]
old kins:  [0.2199204 1.        1.        0.1971191 1.        1.        1.       ]
new kins:  [0.2131769 1.        1.        0.1874463 1.        1.        1.       ]
Gradient values  [2.5418121153703517, 0.0, 0.0, 1.7720525597551933, 0.0, 0.0, 0.0]
2.5418121153703517
Changing kin param 0 from 0.2132 to 0.5419
1.7720525597551933
Changing kin param 3 from 0.1874 to 0.3322
2.5418121153703517
Changing kin param 0 from 0.2132 to 0.5419
1.7720525597551933
Changing kin param 3 from 0.1874 to 0.3322
2.5418121153703517
Changing kin param 0 from 0.2132 to 0.5419
1.7720525597551933
Changing kin param 3 from 0.1874 to 0.3322
2.5418121153703517
Changing kin param 0 from 0.2132 to 0.5419
1.7720525597551933
Changing kin param 3 from 0.1874 to 0.3322
Running
Running code
params 262153.7050321791 10 500 3.321647 1.0 1.0 1.0
Dictionaries built!
Converting and writing to json file... Output/library.json
Your work here is done!
params 262153.7050321791 10 500 3.321647 1.0 1.0 1.0
Dictionaries built!
Converting and writing to json file... Output/library.json
Your work here is done!
params 262153.7050321791 10 500 3.321647 1.0 1.0 1.0
Dictionaries built!
Converting and writing to json file... Output/library.json
Your work here is done!
params 262153.7050321791 10 500 3.321647 1.0 1.0 1.0
Dictionaries built!
Converting and writing to json file... Output/library.json
Your work here is done!
Done running code
Averaging
Runs = 4
in evo_average_fit_and_print_variance: i = 1
family_1/Generation_14/Run_1/Output/library.json
var = 0.45167447432892394
in evo_average_fit_and_print_variance: i = 2
family_1/Generation_14/Run_2/Output/library.json
var = 0.4566958494145728
in evo_average_fit_and_print_variance: i = 3
family_1/Generation_14/Run_3/Output/library.json
var = 0.46593783716391257
in evo_average_fit_and_print_variance: i = 4
family_1/Generation_14/Run_4/Output/library.json
var = 0.45219542957031533
0.4566958494145728
0.46593783716391257
0.45219542957031533
MINI NR IS:  1.0
MINI IS:  0.45167447432892394
Cleaning house
Done cleaning house
Generation 15
Delta = 0.1
In rando_specs.py: N_unsuccessful_tries = 1.0
Generation = 15
Random param update (no gradient used)
Changing kin param 0 from 0.2132 to 0.2388
Changing kin param 3 from 0.1874 to 0.1830
Changing kin param 0 from 0.2132 to 0.2112
Changing kin param 3 from 0.1874 to 0.1760
Changing kin param 0 from 0.2132 to 0.2064
Changing kin param 3 from 0.1874 to 0.2219
Changing kin param 0 from 0.2132 to 0.1714
Changing kin param 3 from 0.1874 to 0.1971
Running
Running code
params 244.3509320858288 10 500 1.830198 1.0 1.0 1.0
Dictionaries built!
Converting and writing to json file... Output/library.json
Your work here is done!
params 129.45713754259287 10 500 1.759593 1.0 1.0 1.0
Dictionaries built!
Converting and writing to json file... Output/library.json
Your work here is done!
params 115.85825951311037 10 500 2.219233 1.0 1.0 1.0
Dictionaries built!
Converting and writing to json file... Output/library.json
Your work here is done!
params 51.768311493278546 10 500 1.970779 1.0 1.0 1.0
Dictionaries built!
Converting and writing to json file... Output/library.json
Your work here is done!
Done running code
Averaging
Runs = 4
in evo_average_fit_and_print_variance: i = 1
family_1/Generation_15/Run_1/Output/library.json
var = 0.03670490161751384
in evo_average_fit_and_print_variance: i = 2
family_1/Generation_15/Run_2/Output/library.json
var = 0.015986669392214357
in evo_average_fit_and_print_variance: i = 3
family_1/Generation_15/Run_3/Output/library.json
var = 0.04237655703608909
in evo_average_fit_and_print_variance: i = 4
family_1/Generation_15/Run_4/Output/library.json
var = 0.047403065136254065
0.015986669392214357
0.04237655703608909
0.047403065136254065
MINI NR IS:  2.0
MINI IS:  0.015986669392214357
Cleaning house
Done cleaning house
Generation 16
Delta = 0.1
In rando_specs.py: N_unsuccessful_tries = 2.0
Generation = 16
Random param update (no gradient used)
Changing kin param 0 from 0.2132 to 0.2266
Changing kin param 3 from 0.1874 to 0.2057
Changing kin param 0 from 0.2132 to 0.1802
Changing kin param 3 from 0.1874 to 0.2191
Changing kin param 0 from 0.2132 to 0.1859
Changing kin param 3 from 0.1874 to 0.2088
Changing kin param 0 from 0.2132 to 0.2240
Changing kin param 3 from 0.1874 to 0.1920
Running
Running code
params 184.64689117156792 10 500 2.05699 1.0 1.0 1.0
params 63.45575270081744 10 500 2.191411 1.0 1.0 1.0
Dictionaries built!
Converting and writing to json file... Output/library.json
Your work here is done!
params 72.3457461217275 10 500 2.087913 1.0 1.0 1.0
Dictionaries built!
Converting and writing to json file... Output/library.json
Your work here is done!
params 173.9165853665872 10 500 1.919975 1.0 1.0 1.0
Dictionaries built!
Converting and writing to json file... Output/library.json
Your work here is done!
Done running code
Averaging
Runs = 4
in evo_average_fit_and_print_variance: i = 1
family_1/Generation_16/Run_1/Output/library.json
var = 10
in evo_average_fit_and_print_variance: i = 2
family_1/Generation_16/Run_2/Output/library.json
var = 0.04960262509681929
in evo_average_fit_and_print_variance: i = 3
family_1/Generation_16/Run_3/Output/library.json
var = 0.044449226838311554
in evo_average_fit_and_print_variance: i = 4
family_1/Generation_16/Run_4/Output/library.json
var = 0.018894819712721153
0.04960262509681929
0.044449226838311554
0.018894819712721153
MINI NR IS:  4.0
MINI IS:  0.018894819712721153
Cleaning house
Done cleaning house
Generation 17
Delta = 0.13
In rando_specs.py: N_unsuccessful_tries = 3.0
Generation = 17
Random param update (no gradient used)
Changing kin param 0 from 0.2132 to 0.2055
Changing kin param 3 from 0.1874 to 0.1966
Changing kin param 0 from 0.2132 to 0.2099
Changing kin param 3 from 0.1874 to 0.1953
Changing kin param 0 from 0.2132 to 0.1664
Changing kin param 3 from 0.1874 to 0.1959
Changing kin param 0 from 0.2132 to 0.2187
Changing kin param 3 from 0.1874 to 0.1702
Running
Running code
params 113.60828398038535 10 500 1.966237 1.0 1.0 1.0
Dictionaries built!
Converting and writing to json file... Output/library.json
Your work here is done!
params 125.48245301847395 10 500 1.953475 1.0 1.0 1.0
Dictionaries built!
Converting and writing to json file... Output/library.json
Your work here is done!
params 46.101812491394 10 500 1.95941 1.0 1.0 1.0
Dictionaries built!
Converting and writing to json file... Output/library.json
Your work here is done!
params 153.90970295719598 10 500 1.702179 1.0 1.0 1.0
Dictionaries built!
Converting and writing to json file... Output/library.json
Your work here is done!
Done running code
Averaging
Runs = 4
in evo_average_fit_and_print_variance: i = 1
family_1/Generation_17/Run_1/Output/library.json
var = 0.009651621562009811
in evo_average_fit_and_print_variance: i = 2
family_1/Generation_17/Run_2/Output/library.json
var = 0.014722155488732857
in evo_average_fit_and_print_variance: i = 3
family_1/Generation_17/Run_3/Output/library.json
var = 0.05060220170300839
in evo_average_fit_and_print_variance: i = 4
family_1/Generation_17/Run_4/Output/library.json
var = 0.018656801501674255
0.014722155488732857
0.05060220170300839
0.018656801501674255
MINI NR IS:  1.0
MINI IS:  0.009651621562009811
Cleaning house
Done cleaning house
Generation 18
Delta = 0.14
In rando_specs.py: N_unsuccessful_tries = 4.0
Generation = 18
Random param update (no gradient used)
Changing kin param 0 from 0.2132 to 0.1526
Changing kin param 3 from 0.1874 to 0.1717
Changing kin param 0 from 0.2132 to 0.1798
Changing kin param 3 from 0.1874 to 0.2286
Changing kin param 0 from 0.2132 to 0.1891
Changing kin param 3 from 0.1874 to 0.1818
Changing kin param 0 from 0.2132 to 0.1840
Changing kin param 3 from 0.1874 to 0.2193
Running
Running code
params 33.589380957909114 10 500 1.717271 1.0 1.0 1.0
Dictionaries built!
Converting and writing to json file... Output/library.json
Your work here is done!
params 62.77691938382178 10 500 2.28612 1.0 1.0 1.0
Dictionaries built!
Converting and writing to json file... Output/library.json
Your work here is done!
params 77.85221977896735 10 500 1.8177 1.0 1.0 1.0
Dictionaries built!
Converting and writing to json file... Output/library.json
Your work here is done!
params 69.11367715793047 10 500 2.192503 1.0 1.0 1.0
Dictionaries built!
Converting and writing to json file... Output/library.json
Your work here is done!
Done running code
Averaging
Runs = 4
in evo_average_fit_and_print_variance: i = 1
family_1/Generation_18/Run_1/Output/library.json
var = 0.06689946845150983
in evo_average_fit_and_print_variance: i = 2
family_1/Generation_18/Run_2/Output/library.json
var = 0.05922727308352906
in evo_average_fit_and_print_variance: i = 3
family_1/Generation_18/Run_3/Output/library.json
var = 0.025077869681876183
in evo_average_fit_and_print_variance: i = 4
family_1/Generation_18/Run_4/Output/library.json
var = 0.0459200210305894
0.05922727308352906
0.025077869681876183
0.0459200210305894
MINI NR IS:  3.0
MINI IS:  0.025077869681876183
Cleaning house
Done cleaning house
Generation 19
Delta = 0.15000000000000002
In rando_specs.py: N_unsuccessful_tries = 5.0
Generation = 19
Random param update (no gradient used)
Changing kin param 0 from 0.2132 to 0.1689
Changing kin param 3 from 0.1874 to 0.1755
Changing kin param 0 from 0.2132 to 0.2389
Changing kin param 3 from 0.1874 to 0.1803
Changing kin param 0 from 0.2132 to 0.2543
Changing kin param 3 from 0.1874 to 0.2058
Changing kin param 0 from 0.2132 to 0.2492
Changing kin param 3 from 0.1874 to 0.2327
Running
Running code
params 48.887294118722195 10 500 1.754746 1.0 1.0 1.0
Dictionaries built!
Converting and writing to json file... Output/library.json
Your work here is done!
params 244.79525759949908 10 500 1.80316 1.0 1.0 1.0
Dictionaries built!
Converting and writing to json file... Output/library.json
Your work here is done!
params 349.059128465558 10 500 2.057664 1.0 1.0 1.0
Dictionaries built!
Converting and writing to json file... Output/library.json
Your work here is done!
params 310.35946889003293 10 500 2.326721 1.0 1.0 1.0
Dictionaries built!
Converting and writing to json file... Output/library.json
Your work here is done!
Done running code
Averaging
Runs = 4
in evo_average_fit_and_print_variance: i = 1
family_1/Generation_19/Run_1/Output/library.json
var = 0.0468004268907055
in evo_average_fit_and_print_variance: i = 2
family_1/Generation_19/Run_2/Output/library.json
var = 0.025152189658855528
in evo_average_fit_and_print_variance: i = 3
family_1/Generation_19/Run_3/Output/library.json
var = 0.06349817916179465
in evo_average_fit_and_print_variance: i = 4
family_1/Generation_19/Run_4/Output/library.json
var = 0.07105094109889128
0.025152189658855528
0.06349817916179465
0.07105094109889128
MINI NR IS:  2.0
MINI IS:  0.025152189658855528
Cleaning house
Done cleaning house
Generation 20
Delta = 0.16000000000000003
In rando_specs.py: N_unsuccessful_tries = 6.0
Generation = 20
Random param update (no gradient used)
Changing kin param 0 from 0.2132 to 0.2720
Changing kin param 3 from 0.1874 to 0.1781
Changing kin param 0 from 0.2132 to 0.2142
Changing kin param 3 from 0.1874 to 0.1847
Changing kin param 0 from 0.2132 to 0.1515
Changing kin param 3 from 0.1874 to 0.1543
Changing kin param 0 from 0.2132 to 0.2264
Changing kin param 3 from 0.1874 to 0.2323
Running
Running code
params 524.3050007797533 10 500 1.780894 1.0 1.0 1.0
Dictionaries built!
Converting and writing to json file... Output/library.json
Your work here is done!
params 138.60184135217267 10 500 1.846563 1.0 1.0 1.0
Dictionaries built!
Converting and writing to json file... Output/library.json
Your work here is done!
params 32.76423256853784 10 500 1.54303 1.0 1.0 1.0
Dictionaries built!
Converting and writing to json file... Output/library.json
Your work here is done!
params 183.65256570347265 10 500 2.322972 1.0 1.0 1.0
Dictionaries built!
Converting and writing to json file... Output/library.json
Your work here is done!
Done running code
Averaging
Runs = 4
in evo_average_fit_and_print_variance: i = 1
family_1/Generation_20/Run_1/Output/library.json
var = 0.06650928005805884
in evo_average_fit_and_print_variance: i = 2
family_1/Generation_20/Run_2/Output/library.json
var = 0.01254821888612205
in evo_average_fit_and_print_variance: i = 3
family_1/Generation_20/Run_3/Output/library.json
var = 0.08668136117371293
in evo_average_fit_and_print_variance: i = 4
family_1/Generation_20/Run_4/Output/library.json
var = 0.0670438566462078
0.01254821888612205
0.08668136117371293
0.0670438566462078
MINI NR IS:  2.0
MINI IS:  0.01254821888612205
Cleaning house
Done cleaning house
Generation 21
Delta = 0.17
In rando_specs.py: N_unsuccessful_tries = 7.0
Generation = 21
Random param update (no gradient used)
Changing kin param 0 from 0.2132 to 0.1834
Changing kin param 3 from 0.1874 to 0.1591
Changing kin param 0 from 0.2132 to 0.2005
Changing kin param 3 from 0.1874 to 0.1747
Changing kin param 0 from 0.2132 to 0.2297
Changing kin param 3 from 0.1874 to 0.2139
Changing kin param 0 from 0.2132 to 0.2423
Changing kin param 3 from 0.1874 to 0.1455
Running
Running code
params 68.19507321789237 10 500 1.59053 1.0 1.0 1.0
Dictionaries built!
Converting and writing to json file... Output/library.json
Your work here is done!
params 101.18310443005554 10 500 1.747232 1.0 1.0 1.0
Dictionaries built!
Converting and writing to json file... Output/library.json
Your work here is done!
params 198.24306334211698 10 500 2.139105 1.0 1.0 1.0
Dictionaries built!
Converting and writing to json file... Output/library.json
Your work here is done!
params 264.87379867666016 10 500 1.455089 1.0 1.0 1.0
Dictionaries built!
Converting and writing to json file... Output/library.json
Your work here is done!
Done running code
Averaging
Runs = 4
in evo_average_fit_and_print_variance: i = 1
family_1/Generation_21/Run_1/Output/library.json
var = 0.0582699019812351
in evo_average_fit_and_print_variance: i = 2
family_1/Generation_21/Run_2/Output/library.json
var = 0.019675490634211885
in evo_average_fit_and_print_variance: i = 3
family_1/Generation_21/Run_3/Output/library.json
var = 0.04764844599504945
in evo_average_fit_and_print_variance: i = 4
family_1/Generation_21/Run_4/Output/library.json
var = 0.07765173525202773
0.019675490634211885
0.04764844599504945
0.07765173525202773
MINI NR IS:  2.0
MINI IS:  0.019675490634211885
Cleaning house
Done cleaning house
Generation 22
Delta = 0.18
In rando_specs.py: N_unsuccessful_tries = 8.0
Generation = 22
Random param update (no gradient used)
Changing kin param 0 from 0.2132 to 0.1718
Changing kin param 3 from 0.1874 to 0.2113
Changing kin param 0 from 0.2132 to 0.2102
Changing kin param 3 from 0.1874 to 0.1829
Changing kin param 0 from 0.2132 to 0.1539
Changing kin param 3 from 0.1874 to 0.1795
Changing kin param 0 from 0.2132 to 0.2111
Changing kin param 3 from 0.1874 to 0.1961
Running
Running code
params 52.25393491513245 10 500 2.112842 1.0 1.0 1.0
Dictionaries built!
Converting and writing to json file... Output/library.json
Your work here is done!
params 126.34905556501094 10 500 1.829205 1.0 1.0 1.0
Dictionaries built!
Converting and writing to json file... Output/library.json
Your work here is done!
params 34.63283150710852 10 500 1.795109 1.0 1.0 1.0
Dictionaries built!
Converting and writing to json file... Output/library.json
Your work here is done!
params 129.1837835316221 10 500 1.961071 1.0 1.0 1.0
Dictionaries built!
Converting and writing to json file... Output/library.json
Your work here is done!
Done running code
Averaging
Runs = 4
in evo_average_fit_and_print_variance: i = 1
family_1/Generation_22/Run_1/Output/library.json
var = 0.050688726611927346
in evo_average_fit_and_print_variance: i = 2
family_1/Generation_22/Run_2/Output/library.json
var = 0.004256869867754243
in evo_average_fit_and_print_variance: i = 3
family_1/Generation_22/Run_3/Output/library.json
var = 0.059753786401012615
in evo_average_fit_and_print_variance: i = 4
family_1/Generation_22/Run_4/Output/library.json
var = 0.016652987478191182
0.004256869867754243
0.059753786401012615
0.016652987478191182
MINI NR IS:  2.0
MINI IS:  0.004256869867754243
mini_difference pct = 0.41253357055067263
Cleaning house
Done cleaning house
Generation 23
Delta = 0.1
In rando_specs.py: N_unsuccessful_tries = 0.0
Generation = 23
Gradient param update
CALCULATING GRADIENT
Relative mins:  [0. 1. 1. 0. 1. 1. 1.]
old kins:  [0.2131769 1.        1.        0.1874463 1.        1.        1.       ]
new kins:  [0.2101572 1.        1.        0.1829205 1.        1.        1.       ]
Gradient values  [0.9899261516044684, 0.0, 0.0, 0.6604975915860143, 0.0, 0.0, 0.0]
0.9899261516044684
Changing kin param 0 from 0.2102 to 0.2080
0.6604975915860143
Changing kin param 3 from 0.1829 to 0.1208
0.9899261516044684
Changing kin param 0 from 0.2102 to 0.2080
0.6604975915860143
Changing kin param 3 from 0.1829 to 0.1208
0.9899261516044684
Changing kin param 0 from 0.2102 to 0.2080
0.6604975915860143
Changing kin param 3 from 0.1829 to 0.1208
0.9899261516044684
Changing kin param 0 from 0.2102 to 0.2080
0.6604975915860143
Changing kin param 3 from 0.1829 to 0.1208
Running
Running code
params 120.33750420529282 10 500 1.208185 1.0 1.0 1.0
Dictionaries built!
Converting and writing to json file... Output/library.json
Your work here is done!
params 120.33750420529282 10 500 1.208185 1.0 1.0 1.0
Dictionaries built!
Converting and writing to json file... Output/library.json
Your work here is done!
params 120.33750420529282 10 500 1.208185 1.0 1.0 1.0
Dictionaries built!
Converting and writing to json file... Output/library.json
Your work here is done!
params 120.33750420529282 10 500 1.208185 1.0 1.0 1.0
Dictionaries built!
Converting and writing to json file... Output/library.json
Your work here is done!
Done running code
Averaging
Runs = 4
in evo_average_fit_and_print_variance: i = 1
family_1/Generation_23/Run_1/Output/library.json
var = 0.12740455046137575
in evo_average_fit_and_print_variance: i = 2
family_1/Generation_23/Run_2/Output/library.json
var = 0.12958925875652805
in evo_average_fit_and_print_variance: i = 3
family_1/Generation_23/Run_3/Output/library.json
var = 0.11758047434396841
in evo_average_fit_and_print_variance: i = 4
family_1/Generation_23/Run_4/Output/library.json
var = 0.12502417050403983
0.12958925875652805
0.11758047434396841
0.12502417050403983
MINI NR IS:  3.0
MINI IS:  0.11758047434396841
Cleaning house
Done cleaning house
Generation 24
Delta = 0.1
In rando_specs.py: N_unsuccessful_tries = 1.0
Generation = 24
Random param update (no gradient used)
Changing kin param 0 from 0.2102 to 0.1808
Changing kin param 3 from 0.1829 to 0.1963
Changing kin param 0 from 0.2102 to 0.2224
Changing kin param 3 from 0.1829 to 0.1950
Changing kin param 0 from 0.2102 to 0.1945
Changing kin param 3 from 0.1829 to 0.2138
Changing kin param 0 from 0.2102 to 0.2268
Changing kin param 3 from 0.1829 to 0.1989
Running
Running code
params 64.19999585069485 10 500 1.963394 1.0 1.0 1.0
Dictionaries built!
Converting and writing to json file... Output/library.json
Your work here is done!
params 167.60385366057554 10 500 1.950307 1.0 1.0 1.0
Dictionaries built!
Converting and writing to json file... Output/library.json
Your work here is done!
params 88.07851827758267 10 500 2.137901 1.0 1.0 1.0
Dictionaries built!
Converting and writing to json file... Output/library.json
Your work here is done!
params 185.40481129903137 10 500 1.988831 1.0 1.0 1.0
Dictionaries built!
Converting and writing to json file... Output/library.json
Your work here is done!
Done running code
Averaging
Runs = 4
in evo_average_fit_and_print_variance: i = 1
family_1/Generation_24/Run_1/Output/library.json
var = 0.03038798266702975
in evo_average_fit_and_print_variance: i = 2
family_1/Generation_24/Run_2/Output/library.json
var = 0.023614099326070757
in evo_average_fit_and_print_variance: i = 3
family_1/Generation_24/Run_3/Output/library.json
var = 0.028176360930015652
in evo_average_fit_and_print_variance: i = 4
family_1/Generation_24/Run_4/Output/library.json
var = 0.029725423415270583
0.023614099326070757
0.028176360930015652
0.029725423415270583
MINI NR IS:  2.0
MINI IS:  0.023614099326070757
Cleaning house
Done cleaning house
Generation 25
Delta = 0.1
In rando_specs.py: N_unsuccessful_tries = 2.0
Generation = 25
Random param update (no gradient used)
Changing kin param 0 from 0.2102 to 0.2120
Changing kin param 3 from 0.1829 to 0.2075
Changing kin param 0 from 0.2102 to 0.2133
Changing kin param 3 from 0.1829 to 0.1710
Changing kin param 0 from 0.2102 to 0.1645
Changing kin param 3 from 0.1829 to 0.1706
Changing kin param 0 from 0.2102 to 0.2268
Changing kin param 3 from 0.1829 to 0.2132
Running
Running code
params 131.8026068468286 10 500 2.075486 1.0 1.0 1.0
Dictionaries built!
Converting and writing to json file... Output/library.json
Your work here is done!
params 135.74567456169734 10 500 1.709594 1.0 1.0 1.0
Dictionaries built!
Converting and writing to json file... Output/library.json
Your work here is done!
params 44.1148696177607 10 500 1.706025 1.0 1.0 1.0
Dictionaries built!
Converting and writing to json file... Output/library.json
Your work here is done!
params 185.209389419097 10 500 2.132436 1.0 1.0 1.0
Done running code
Averaging
Runs = 4
in evo_average_fit_and_print_variance: i = 1
family_1/Generation_25/Run_1/Output/library.json
var = 0.02862925899353558
in evo_average_fit_and_print_variance: i = 2
family_1/Generation_25/Run_2/Output/library.json
var = 0.02885579203623162
in evo_average_fit_and_print_variance: i = 3
family_1/Generation_25/Run_3/Output/library.json
var = 0.053505818243571375
in evo_average_fit_and_print_variance: i = 4
family_1/Generation_25/Run_4/Output/library.json
var = 10
0.02885579203623162
0.053505818243571375
10
MINI NR IS:  1.0
MINI IS:  0.02862925899353558
Cleaning house
Done cleaning house
Generation 26
Delta = 0.13
In rando_specs.py: N_unsuccessful_tries = 3.0
Generation = 26
Random param update (no gradient used)
Changing kin param 0 from 0.2102 to 0.1870
Changing kin param 3 from 0.1829 to 0.2040
Changing kin param 0 from 0.2102 to 0.2200
Changing kin param 3 from 0.1829 to 0.1927
Changing kin param 0 from 0.2102 to 0.2300
Changing kin param 3 from 0.1829 to 0.2284
Changing kin param 0 from 0.2102 to 0.2221
Changing kin param 3 from 0.1829 to 0.1400
Running
Running code
params 74.05476361558509 10 500 2.040453 1.0 1.0 1.0
Dictionaries built!
Converting and writing to json file... Output/library.json
Your work here is done!
params 158.48566993668683 10 500 1.926874 1.0 1.0 1.0
Dictionaries built!
Converting and writing to json file... Output/library.json
Your work here is done!
params 199.61492044444188 10 500 2.283888 1.0 1.0 1.0
Dictionaries built!
Converting and writing to json file... Output/library.json
Your work here is done!
params 166.46234179426466 10 500 1.400081 1.0 1.0 1.0
Dictionaries built!
Converting and writing to json file... Output/library.json
Your work here is done!
Done running code
Averaging
Runs = 4
in evo_average_fit_and_print_variance: i = 1
family_1/Generation_26/Run_1/Output/library.json
var = 0.032866646703545194
in evo_average_fit_and_print_variance: i = 2
family_1/Generation_26/Run_2/Output/library.json
var = 0.020242166461643393
in evo_average_fit_and_print_variance: i = 3
family_1/Generation_26/Run_3/Output/library.json
var = 0.06258501708230742
in evo_average_fit_and_print_variance: i = 4
family_1/Generation_26/Run_4/Output/library.json
var = 0.08996589820791158
0.020242166461643393
0.06258501708230742
0.08996589820791158
MINI NR IS:  2.0
MINI IS:  0.020242166461643393
Cleaning house
Done cleaning house
Generation 27
Delta = 0.14
In rando_specs.py: N_unsuccessful_tries = 4.0
Generation = 27
Random param update (no gradient used)
Changing kin param 0 from 0.2102 to 0.2307
Changing kin param 3 from 0.1829 to 0.1386
Changing kin param 0 from 0.2102 to 0.2009
Changing kin param 3 from 0.1829 to 0.1992
Changing kin param 0 from 0.2102 to 0.2091
Changing kin param 3 from 0.1829 to 0.2497
Changing kin param 0 from 0.2102 to 0.1922
Changing kin param 3 from 0.1829 to 0.1892
Running
Running code
params 202.55921254138582 10 500 1.385845 1.0 1.0 1.0
Dictionaries built!
Converting and writing to json file... Output/library.json
Your work here is done!
params 102.02626777321873 10 500 1.991554 1.0 1.0 1.0
Dictionaries built!
Converting and writing to json file... Output/library.json
Your work here is done!
params 123.39086251409704 10 500 2.497292 1.0 1.0 1.0
Dictionaries built!
Converting and writing to json file... Output/library.json
Your work here is done!
params 83.52913807355242 10 500 1.892176 1.0 1.0 1.0
Dictionaries built!
Converting and writing to json file... Output/library.json
Your work here is done!
Done running code
Averaging
Runs = 4
in evo_average_fit_and_print_variance: i = 1
family_1/Generation_27/Run_1/Output/library.json
var = 0.08085396235062689
in evo_average_fit_and_print_variance: i = 2
family_1/Generation_27/Run_2/Output/library.json
var = 0.025454632588682198
in evo_average_fit_and_print_variance: i = 3
family_1/Generation_27/Run_3/Output/library.json
var = 0.06594602229129813
in evo_average_fit_and_print_variance: i = 4
family_1/Generation_27/Run_4/Output/library.json
var = 0.018650141317169383
0.025454632588682198
0.06594602229129813
0.018650141317169383
MINI NR IS:  4.0
MINI IS:  0.018650141317169383
Cleaning house
Done cleaning house
Generation 28
Delta = 0.15000000000000002
In rando_specs.py: N_unsuccessful_tries = 5.0
Generation = 28
Random param update (no gradient used)
Changing kin param 0 from 0.2102 to 0.1904
Changing kin param 3 from 0.1829 to 0.1970
Changing kin param 0 from 0.2102 to 0.1821
Changing kin param 3 from 0.1829 to 0.1450
Changing kin param 0 from 0.2102 to 0.2149
Changing kin param 3 from 0.1829 to 0.1424
Changing kin param 0 from 0.2102 to 0.2516
Changing kin param 3 from 0.1829 to 0.2050
Running
Running code
params 80.2265284712334 10 500 1.969856 1.0 1.0 1.0
Dictionaries built!
Converting and writing to json file... Output/library.json
Your work here is done!
params 66.14575836017897 10 500 1.4496 1.0 1.0 1.0
Dictionaries built!
Converting and writing to json file... Output/library.json
Your work here is done!
params 141.0200940553569 10 500 1.423669 1.0 1.0 1.0
Dictionaries built!
Converting and writing to json file... Output/library.json
Your work here is done!
params 328.1557360664302 10 500 2.050048 1.0 1.0 1.0
Dictionaries built!
Converting and writing to json file... Output/library.json
Your work here is done!
Done running code
Averaging
Runs = 4
in evo_average_fit_and_print_variance: i = 1
family_1/Generation_28/Run_1/Output/library.json
var = 0.02654966785972776
in evo_average_fit_and_print_variance: i = 2
family_1/Generation_28/Run_2/Output/library.json
var = 0.07703979997726648
in evo_average_fit_and_print_variance: i = 3
family_1/Generation_28/Run_3/Output/library.json
var = 0.07576684596815379
in evo_average_fit_and_print_variance: i = 4
family_1/Generation_28/Run_4/Output/library.json
var = 0.05900862739994484
0.07703979997726648
0.07576684596815379
0.05900862739994484
MINI NR IS:  1.0
MINI IS:  0.02654966785972776
Cleaning house
Done cleaning house
Generation 29
Delta = 0.16000000000000003
In rando_specs.py: N_unsuccessful_tries = 6.0
Generation = 29
Random param update (no gradient used)
Changing kin param 0 from 0.2102 to 0.1895
Changing kin param 3 from 0.1829 to 0.2271
Changing kin param 0 from 0.2102 to 0.1659
Changing kin param 3 from 0.1829 to 0.1239
Changing kin param 0 from 0.2102 to 0.2661
Changing kin param 3 from 0.1829 to 0.2247
Changing kin param 0 from 0.2102 to 0.2361
Changing kin param 3 from 0.1829 to 0.2024
Running
Running code
params 78.54472075163311 10 500 2.270889 1.0 1.0 1.0
Dictionaries built!
Converting and writing to json file... Output/library.json
Your work here is done!
params 45.59581679658002 10 500 1.239356 1.0 1.0 1.0
Dictionaries built!
Converting and writing to json file... Output/library.json
Your work here is done!
params 458.2579415860256 10 500 2.247023 1.0 1.0 1.0
Dictionaries built!
Converting and writing to json file... Output/library.json
Your work here is done!
params 229.4547222293855 10 500 2.023887 1.0 1.0 1.0
Dictionaries built!
Converting and writing to json file... Output/library.json
Your work here is done!
Done running code
Averaging
Runs = 4
in evo_average_fit_and_print_variance: i = 1
family_1/Generation_29/Run_1/Output/library.json
var = 0.051197757873308214
in evo_average_fit_and_print_variance: i = 2
family_1/Generation_29/Run_2/Output/library.json
var = 0.1301323601300507
in evo_average_fit_and_print_variance: i = 3
family_1/Generation_29/Run_3/Output/library.json
var = 0.09683962607186211
in evo_average_fit_and_print_variance: i = 4
family_1/Generation_29/Run_4/Output/library.json
var = 0.037336147594909434
0.1301323601300507
0.09683962607186211
0.037336147594909434
MINI NR IS:  4.0
MINI IS:  0.037336147594909434
Cleaning house
Done cleaning house
Generation 30
Delta = 0.17
In rando_specs.py: N_unsuccessful_tries = 7.0
Generation = 30
Random param update (no gradient used)
Changing kin param 0 from 0.2102 to 0.2536
Changing kin param 3 from 0.1829 to 0.1793
Changing kin param 0 from 0.2102 to 0.1897
Changing kin param 3 from 0.1829 to 0.2405
Changing kin param 0 from 0.2102 to 0.1833
Changing kin param 3 from 0.1829 to 0.1562
Changing kin param 0 from 0.2102 to 0.2669
Changing kin param 3 from 0.1829 to 0.1604
Running
Running code
params 343.31280326565417 10 500 1.793034 1.0 1.0 1.0
Dictionaries built!
Converting and writing to json file... Output/library.json
Your work here is done!
params 78.8162921553646 10 500 2.405133 1.0 1.0 1.0
Dictionaries built!
Converting and writing to json file... Output/library.json
Your work here is done!
params 68.00752972269012 10 500 1.561748 1.0 1.0 1.0
Dictionaries built!
Converting and writing to json file... Output/library.json
Your work here is done!
params 466.1932702973037 10 500 1.60368 1.0 1.0 1.0
Dictionaries built!
Converting and writing to json file... Output/library.json
Your work here is done!
Done running code
Averaging
Runs = 4
in evo_average_fit_and_print_variance: i = 1
family_1/Generation_30/Run_1/Output/library.json
var = 0.04992281584317087
in evo_average_fit_and_print_variance: i = 2
family_1/Generation_30/Run_2/Output/library.json
var = 0.06618978288144804
in evo_average_fit_and_print_variance: i = 3
family_1/Generation_30/Run_3/Output/library.json
var = 0.0549832798470924
in evo_average_fit_and_print_variance: i = 4
family_1/Generation_30/Run_4/Output/library.json
var = 0.071374020963312
0.06618978288144804
0.0549832798470924
0.071374020963312
MINI NR IS:  1.0
MINI IS:  0.04992281584317087
Cleaning house
Done cleaning house
Generation 31
Delta = 0.18
In rando_specs.py: N_unsuccessful_tries = 8.0
Generation = 31
Random param update (no gradient used)
Changing kin param 0 from 0.2102 to 0.1588
Changing kin param 3 from 0.1829 to 0.1214
Changing kin param 0 from 0.2102 to 0.2367
Changing kin param 3 from 0.1829 to 0.1269
Changing kin param 0 from 0.2102 to 0.2465
Changing kin param 3 from 0.1829 to 0.1869
Changing kin param 0 from 0.2102 to 0.2690
Changing kin param 3 from 0.1829 to 0.1521
Running
Running code
params 38.758146503937255 10 500 1.214448 1.0 1.0 1.0
Dictionaries built!
Converting and writing to json file... Output/library.json
Your work here is done!
params 232.65532656052096 10 500 1.268552 1.0 1.0 1.0
Dictionaries built!
Converting and writing to json file... Output/library.json
Your work here is done!
params 291.6647873681468 10 500 1.868886 1.0 1.0 1.0
Dictionaries built!
Converting and writing to json file... Output/library.json
Your work here is done!
params 489.53641153330534 10 500 1.521351 1.0 1.0 1.0
Dictionaries built!
Converting and writing to json file... Output/library.json
Your work here is done!
Done running code
Averaging
Runs = 4
in evo_average_fit_and_print_variance: i = 1
family_1/Generation_31/Run_1/Output/library.json
var = 0.132250426328049
in evo_average_fit_and_print_variance: i = 2
family_1/Generation_31/Run_2/Output/library.json
var = 0.1035173475485792
in evo_average_fit_and_print_variance: i = 3
family_1/Generation_31/Run_3/Output/library.json
var = 0.043272605515317
in evo_average_fit_and_print_variance: i = 4
family_1/Generation_31/Run_4/Output/library.json
var = 0.07108182394347394
0.1035173475485792
0.043272605515317
0.07108182394347394
MINI NR IS:  3.0
MINI IS:  0.043272605515317
Cleaning house
Done cleaning house
Generation 32
Delta = 0.19
In rando_specs.py: N_unsuccessful_tries = 9.0
Generation = 32
Random param update (no gradient used)
Changing kin param 0 from 0.2102 to 0.1781
Changing kin param 3 from 0.1829 to 0.1259
Changing kin param 0 from 0.2102 to 0.2181
Changing kin param 3 from 0.1829 to 0.1223
Changing kin param 0 from 0.2102 to 0.2072
Changing kin param 3 from 0.1829 to 0.2224
Changing kin param 0 from 0.2102 to 0.1215
Changing kin param 3 from 0.1829 to 0.1146
Running
Running code
params 60.37317280092467 10 500 1.259253 1.0 1.0 1.0
Dictionaries built!
Converting and writing to json file... Output/library.json
Your work here is done!
params 151.54234383630506 10 500 1.223381 1.0 1.0 1.0
Dictionaries built!
Converting and writing to json file... Output/library.json
Your work here is done!
params 117.909554916311 10 500 2.224139 1.0 1.0 1.0
Dictionaries built!
Converting and writing to json file... Output/library.json
Your work here is done!
params 16.422036005863646 10 500 1.145791 1.0 1.0 1.0
Dictionaries built!
Converting and writing to json file... Output/library.json
Your work here is done!
Done running code
Averaging
Runs = 4
in evo_average_fit_and_print_variance: i = 1
family_1/Generation_32/Run_1/Output/library.json
var = 0.11835511428354605
in evo_average_fit_and_print_variance: i = 2
family_1/Generation_32/Run_2/Output/library.json
var = 0.10760708324511468
in evo_average_fit_and_print_variance: i = 3
family_1/Generation_32/Run_3/Output/library.json
var = 0.04351514265980422
in evo_average_fit_and_print_variance: i = 4
family_1/Generation_32/Run_4/Output/library.json
var = 0.15250820605517273
0.10760708324511468
0.04351514265980422
0.15250820605517273
MINI NR IS:  3.0
MINI IS:  0.04351514265980422
Cleaning house
Done cleaning house
Generation 33
Delta = 0.2
In rando_specs.py: N_unsuccessful_tries = 10.0
Generation = 33
Random param update (no gradient used)
Changing kin param 0 from 0.2102 to 0.2905
Changing kin param 3 from 0.1829 to 0.2314
Changing kin param 0 from 0.2102 to 0.3345
Changing kin param 3 from 0.1829 to 0.1701
Changing kin param 0 from 0.2102 to 0.1018
Changing kin param 3 from 0.1829 to 0.2007
Changing kin param 0 from 0.2102 to 0.1714
Changing kin param 3 from 0.1829 to 0.2333
Running
Running code
params 803.9610338506187 10 500 2.314308 1.0 1.0 1.0
Dictionaries built!
Converting and writing to json file... Output/library.json
Your work here is done!
params 2214.919772046818 10 500 1.700724 1.0 1.0 1.0
Dictionaries built!
Converting and writing to json file... Output/library.json
Your work here is done!
params 10.418327371584308 10 500 2.006784 1.0 1.0 1.0
Dictionaries built!
Converting and writing to json file... Output/library.json
Your work here is done!
params 51.70350677652017 10 500 2.333483 1.0 1.0 1.0
Dictionaries built!
Converting and writing to json file... Output/library.json
Your work here is done!
Done running code
Averaging
Runs = 4
in evo_average_fit_and_print_variance: i = 1
family_1/Generation_33/Run_1/Output/library.json
var = 0.12431824283252019
in evo_average_fit_and_print_variance: i = 2
family_1/Generation_33/Run_2/Output/library.json
var = 0.12203222865741435
in evo_average_fit_and_print_variance: i = 3
family_1/Generation_33/Run_3/Output/library.json
var = 0.10249657665584246
in evo_average_fit_and_print_variance: i = 4
family_1/Generation_33/Run_4/Output/library.json
var = 0.06912486335637973
0.12203222865741435
0.10249657665584246
0.06912486335637973
MINI NR IS:  4.0
MINI IS:  0.06912486335637973
Cleaning house
Done cleaning house
Generation 34
Delta = 0.21000000000000002
In rando_specs.py: N_unsuccessful_tries = 11.0
Generation = 34
Random param update (no gradient used)
Changing kin param 0 from 0.2102 to 0.1914
Changing kin param 3 from 0.1829 to 0.1392
Changing kin param 0 from 0.2102 to 0.1641
Changing kin param 3 from 0.1829 to 0.2339
Changing kin param 0 from 0.2102 to 0.2740
Changing kin param 3 from 0.1829 to 0.1252
Changing kin param 0 from 0.2102 to 0.2954
Changing kin param 3 from 0.1829 to 0.1584
Running
Running code
params 81.95019663999172 10 500 1.391806 1.0 1.0 1.0
Dictionaries built!
Converting and writing to json file... Output/library.json
Your work here is done!
params 43.792526354192596 10 500 2.33949 1.0 1.0 1.0
Dictionaries built!
Converting and writing to json file... Output/library.json
Your work here is done!
params 549.0931172920459 10 500 1.251533 1.0 1.0 1.0
Dictionaries built!
Converting and writing to json file... Output/library.json
Your work here is done!
params 898.7667556704696 10 500 1.584052 1.0 1.0 1.0
Dictionaries built!
Converting and writing to json file... Output/library.json
Your work here is done!
Done running code
Averaging
Runs = 4
in evo_average_fit_and_print_variance: i = 1
family_1/Generation_34/Run_1/Output/library.json
var = 0.09503431613716325
in evo_average_fit_and_print_variance: i = 2
family_1/Generation_34/Run_2/Output/library.json
var = 0.06897893852971888
in evo_average_fit_and_print_variance: i = 3
family_1/Generation_34/Run_3/Output/library.json
var = 0.11228467393887061
in evo_average_fit_and_print_variance: i = 4
family_1/Generation_34/Run_4/Output/library.json
var = 0.08974508555981985
0.06897893852971888
0.11228467393887061
0.08974508555981985
MINI NR IS:  2.0
MINI IS:  0.06897893852971888
Cleaning house
Done cleaning house
Generation 35
Delta = 0.22000000000000003
In rando_specs.py: N_unsuccessful_tries = 12.0
Generation = 35
Random param update (no gradient used)
Changing kin param 0 from 0.2102 to 0.2328
Changing kin param 3 from 0.1829 to 0.2404
Changing kin param 0 from 0.2102 to 0.1901
Changing kin param 3 from 0.1829 to 0.2247
Changing kin param 0 from 0.2102 to 0.2211
Changing kin param 3 from 0.1829 to 0.2403
Changing kin param 0 from 0.2102 to 0.1813
Changing kin param 3 from 0.1829 to 0.1918
Running
Running code
params 212.84281786753132 10 500 2.403679 1.0 1.0 1.0
Dictionaries built!
Converting and writing to json file... Output/library.json
Your work here is done!
params 79.58147787682597 10 500 2.246788 1.0 1.0 1.0
Dictionaries built!
Converting and writing to json file... Output/library.json
Your work here is done!
params 162.63761613716957 10 500 2.402903 1.0 1.0 1.0
Dictionaries built!
Converting and writing to json file... Output/library.json
Your work here is done!
params 65.03902168639843 10 500 1.918344 1.0 1.0 1.0
Dictionaries built!
Converting and writing to json file... Output/library.json
Your work here is done!
Done running code
Averaging
Runs = 4
in evo_average_fit_and_print_variance: i = 1
family_1/Generation_35/Run_1/Output/library.json
var = 0.0753689635103295
in evo_average_fit_and_print_variance: i = 2
family_1/Generation_35/Run_2/Output/library.json
var = 0.0556515469686756
in evo_average_fit_and_print_variance: i = 3
family_1/Generation_35/Run_3/Output/library.json
var = 0.06651022000085567
in evo_average_fit_and_print_variance: i = 4
family_1/Generation_35/Run_4/Output/library.json
var = 0.031052084362373264
0.0556515469686756
0.06651022000085567
0.031052084362373264
MINI NR IS:  4.0
MINI IS:  0.031052084362373264
Cleaning house
Done cleaning house
Generation 36
Delta = 0.23
In rando_specs.py: N_unsuccessful_tries = 13.0
Generation = 36
Random param update (no gradient used)
Changing kin param 0 from 0.2102 to 0.2791
Changing kin param 3 from 0.1829 to 0.2047
Changing kin param 0 from 0.2102 to 0.3165
Changing kin param 3 from 0.1829 to 0.2197
Changing kin param 0 from 0.2102 to 0.2310
Changing kin param 3 from 0.1829 to 0.1226
Changing kin param 0 from 0.2102 to 0.1165
Changing kin param 3 from 0.1829 to 0.1689
Running
Running code
params 617.902567795069 10 500 2.047288 1.0 1.0 1.0
Dictionaries built!
Converting and writing to json file... Output/library.json
Your work here is done!
params 1461.52079828932 10 500 2.196865 1.0 1.0 1.0
Dictionaries built!
Converting and writing to json file... Output/library.json
Your work here is done!
params 204.14088819147028 10 500 1.226003 1.0 1.0 1.0
Dictionaries built!
Converting and writing to json file... Output/library.json
Your work here is done!
params 14.625677739532993 10 500 1.6892 1.0 1.0 1.0
Dictionaries built!
Converting and writing to json file... Output/library.json
Your work here is done!
Done running code
Averaging
Runs = 4
in evo_average_fit_and_print_variance: i = 1
family_1/Generation_36/Run_1/Output/library.json
var = 0.0965927616827062
in evo_average_fit_and_print_variance: i = 2
family_1/Generation_36/Run_2/Output/library.json
var = 0.14404580888966226
in evo_average_fit_and_print_variance: i = 3
family_1/Generation_36/Run_3/Output/library.json
var = 0.11170184261482115
in evo_average_fit_and_print_variance: i = 4
family_1/Generation_36/Run_4/Output/library.json
var = 0.0916959404814573
0.14404580888966226
0.11170184261482115
0.0916959404814573
MINI NR IS:  4.0
MINI IS:  0.0916959404814573
Cleaning house
Done cleaning house
Generation 37
Delta = 0.24000000000000002
In rando_specs.py: N_unsuccessful_tries = 14.0
Generation = 37
Random param update (no gradient used)
Changing kin param 0 from 0.2102 to 0.1144
Changing kin param 3 from 0.1829 to 0.0995
Changing kin param 0 from 0.2102 to 0.2156
Changing kin param 3 from 0.1829 to 0.1848
Changing kin param 0 from 0.2102 to 0.2270
Changing kin param 3 from 0.1829 to 0.1485
Changing kin param 0 from 0.2102 to 0.1993
Changing kin param 3 from 0.1829 to 0.1854
Running
Running code
params 13.932594583139933 10 500 0.995254 1.0 1.0 1.0
Dictionaries built!
Converting and writing to json file... Output/library.json
Your work here is done!
params 143.12384665757924 10 500 1.848478 1.0 1.0 1.0
Dictionaries built!
Converting and writing to json file... Output/library.json
Your work here is done!
params 186.22715131959407 10 500 1.485261 1.0 1.0 1.0
Dictionaries built!
Converting and writing to json file... Output/library.json
Your work here is done!
params 98.49132952770299 10 500 1.854024 1.0 1.0 1.0
Dictionaries built!
Converting and writing to json file... Output/library.json
Your work here is done!
Done running code
Averaging
Runs = 4
in evo_average_fit_and_print_variance: i = 1
family_1/Generation_37/Run_1/Output/library.json
var = 0.19034414978748537
in evo_average_fit_and_print_variance: i = 2
family_1/Generation_37/Run_2/Output/library.json
var = 0.0054072594983747635
in evo_average_fit_and_print_variance: i = 3
family_1/Generation_37/Run_3/Output/library.json
var = 0.06750465930873518
in evo_average_fit_and_print_variance: i = 4
family_1/Generation_37/Run_4/Output/library.json
var = 0.008409493051046086
0.0054072594983747635
0.06750465930873518
0.008409493051046086
MINI NR IS:  2.0
MINI IS:  0.0054072594983747635
Cleaning house
Done cleaning house
Generation 38
Delta = 0.25
In rando_specs.py: N_unsuccessful_tries = 15.0
Generation = 38
Random param update (no gradient used)
Changing kin param 0 from 0.2102 to 0.1662
Changing kin param 3 from 0.1829 to 0.1627
Changing kin param 0 from 0.2102 to 0.2539
Changing kin param 3 from 0.1829 to 0.1675
Changing kin param 0 from 0.2102 to 0.1733
Changing kin param 3 from 0.1829 to 0.1626
Changing kin param 0 from 0.2102 to 0.1416
Changing kin param 3 from 0.1829 to 0.1400
Running
Running code
params 45.96634792873979 10 500 1.627193 1.0 1.0 1.0
Dictionaries built!
Converting and writing to json file... Output/library.json
Your work here is done!
params 345.84141545203 10 500 1.674547 1.0 1.0 1.0
Dictionaries built!
Converting and writing to json file... Output/library.json
Your work here is done!
params 54.04680182111021 10 500 1.626017 1.0 1.0 1.0
Dictionaries built!
Converting and writing to json file... Output/library.json
Your work here is done!
params 26.036224042310906 10 500 1.400145 1.0 1.0 1.0
Dictionaries built!
Converting and writing to json file... Output/library.json
Your work here is done!
Done running code
Averaging
Runs = 4
in evo_average_fit_and_print_variance: i = 1
family_1/Generation_38/Run_1/Output/library.json
var = 0.0630213497401722
in evo_average_fit_and_print_variance: i = 2
family_1/Generation_38/Run_2/Output/library.json
var = 0.05511085344019128
in evo_average_fit_and_print_variance: i = 3
family_1/Generation_38/Run_3/Output/library.json
var = 0.058327555029321104
in evo_average_fit_and_print_variance: i = 4
family_1/Generation_38/Run_4/Output/library.json
var = 0.10317449103270007
0.05511085344019128
0.058327555029321104
0.10317449103270007
MINI NR IS:  2.0
MINI IS:  0.05511085344019128
Cleaning house
Done cleaning house
Generation 39
Delta = 0.26
In rando_specs.py: N_unsuccessful_tries = 16.0
Generation = 39
Random param update (no gradient used)
Changing kin param 0 from 0.2102 to 0.3221
Changing kin param 3 from 0.1829 to 0.2252
Changing kin param 0 from 0.2102 to 0.2992
Changing kin param 3 from 0.1829 to 0.2076
Changing kin param 0 from 0.2102 to 0.2023
Changing kin param 3 from 0.1829 to 0.1832
Changing kin param 0 from 0.2102 to 0.2759
Changing kin param 3 from 0.1829 to 0.1057
Running
Running code
params 1664.5697576886068 10 500 2.252371 1.0 1.0 1.0
Dictionaries built!
Converting and writing to json file... Output/library.json
Your work here is done!
params 982.0441208084792 10 500 2.075744 1.0 1.0 1.0
Dictionaries built!
Converting and writing to json file... Output/library.json
Your work here is done!
params 105.4979449827217 10 500 1.832179 1.0 1.0 1.0
Dictionaries built!
Converting and writing to json file... Output/library.json
Your work here is done!
params 574.1627323920338 10 500 1.056893 1.0 1.0 1.0
Dictionaries built!
Converting and writing to json file... Output/library.json
Your work here is done!
Done running code
Averaging
Runs = 4
in evo_average_fit_and_print_variance: i = 1
family_1/Generation_39/Run_1/Output/library.json
var = 0.15489909365290605
in evo_average_fit_and_print_variance: i = 2
family_1/Generation_39/Run_2/Output/library.json
var = 0.11973727746666085
in evo_average_fit_and_print_variance: i = 3
family_1/Generation_39/Run_3/Output/library.json
var = 0.011758438985250058
in evo_average_fit_and_print_variance: i = 4
family_1/Generation_39/Run_4/Output/library.json
var = 0.14681808828063564
0.11973727746666085
0.011758438985250058
0.14681808828063564
MINI NR IS:  3.0
MINI IS:  0.011758438985250058
Cleaning house
Done cleaning house
Generation 40
Delta = 0.27
In rando_specs.py: N_unsuccessful_tries = 17.0
Generation = 40
Random param update (no gradient used)
Changing kin param 0 from 0.2102 to 0.2539
Changing kin param 3 from 0.1829 to 0.2174
Changing kin param 0 from 0.2102 to 0.0808
Changing kin param 3 from 0.1829 to 0.1189
Changing kin param 0 from 0.2102 to 0.2997
Changing kin param 3 from 0.1829 to 0.1141
Changing kin param 0 from 0.2102 to 0.2474
Changing kin param 3 from 0.1829 to 0.1946
Running
Running code
params 346.2445928986736 10 500 2.174377 1.0 1.0 1.0
Dictionaries built!
Converting and writing to json file... Output/library.json
Your work here is done!
params 6.433806572070171 10 500 1.188546 1.0 1.0 1.0
Dictionaries built!
Converting and writing to json file... Output/library.json
Your work here is done!
params 993.5895152286255 10 500 1.14141 1.0 1.0 1.0
Dictionaries built!
Converting and writing to json file... Output/library.json
Your work here is done!
params 297.5699006616392 10 500 1.945965 1.0 1.0 1.0
Dictionaries built!
Converting and writing to json file... Output/library.json
Your work here is done!
Done running code
Averaging
Runs = 4
in evo_average_fit_and_print_variance: i = 1
family_1/Generation_40/Run_1/Output/library.json
var = 0.06739673246587209
in evo_average_fit_and_print_variance: i = 2
family_1/Generation_40/Run_2/Output/library.json
var = 0.15128371606696342
in evo_average_fit_and_print_variance: i = 3
family_1/Generation_40/Run_3/Output/library.json
var = 0.13508982931658664
in evo_average_fit_and_print_variance: i = 4
family_1/Generation_40/Run_4/Output/library.json
var = 0.049562154644027495
0.15128371606696342
0.13508982931658664
0.049562154644027495
MINI NR IS:  4.0
MINI IS:  0.049562154644027495
Cleaning house
Done cleaning house
Generation 41
Delta = 0.28
In rando_specs.py: N_unsuccessful_tries = 18.0
Generation = 41
Random param update (no gradient used)
Changing kin param 0 from 0.2102 to 0.1826
Changing kin param 3 from 0.1829 to 0.1243
Changing kin param 0 from 0.2102 to 0.1978
Changing kin param 3 from 0.1829 to 0.2859
Changing kin param 0 from 0.2102 to 0.2251
Changing kin param 3 from 0.1829 to 0.0966
Changing kin param 0 from 0.2102 to 0.3300
Changing kin param 3 from 0.1829 to 0.1657
Running
Running code
params 66.99617371720551 10 500 1.242813 1.0 1.0 1.0
Dictionaries built!
Converting and writing to json file... Output/library.json
Your work here is done!
params 95.09419360855709 10 500 2.858977 1.0 1.0 1.0
Dictionaries built!
Converting and writing to json file... Output/library.json
Your work here is done!
params 178.35118531988692 10 500 0.966408 1.0 1.0 1.0
Dictionaries built!
Converting and writing to json file... Output/library.json
Your work here is done!
params 1996.4387925624485 10 500 1.657085 1.0 1.0 1.0
Dictionaries built!
Converting and writing to json file... Output/library.json
Your work here is done!
Done running code
Averaging
Runs = 4
in evo_average_fit_and_print_variance: i = 1
family_1/Generation_41/Run_1/Output/library.json
var = 0.12766057131593786
in evo_average_fit_and_print_variance: i = 2
family_1/Generation_41/Run_2/Output/library.json
var = 0.10686491683407504
in evo_average_fit_and_print_variance: i = 3
family_1/Generation_41/Run_3/Output/library.json
var = 0.1779272077508555
in evo_average_fit_and_print_variance: i = 4
family_1/Generation_41/Run_4/Output/library.json
var = 0.11209934072312605
0.10686491683407504
0.1779272077508555
0.11209934072312605
MINI NR IS:  2.0
MINI IS:  0.10686491683407504
Cleaning house
Done cleaning house
Generation 42
Delta = 0.29000000000000004
In rando_specs.py: N_unsuccessful_tries = 19.0
Generation = 42
Random param update (no gradient used)
Changing kin param 0 from 0.2102 to 0.0741
Changing kin param 3 from 0.1829 to 0.0283
Changing kin param 0 from 0.2102 to 0.1129
Changing kin param 3 from 0.1829 to 0.2046
Changing kin param 0 from 0.2102 to 0.2614
Changing kin param 3 from 0.1829 to 0.2532
Changing kin param 0 from 0.2102 to 0.2096
Changing kin param 3 from 0.1829 to 0.0849
Running
Running code
params 5.513025483831433 10 500 0.283482 1.0 1.0 1.0
Dictionaries built!
Converting and writing to json file... Output/library.json
Your work here is done!
params 13.465267949725842 10 500 2.046166 1.0 1.0 1.0
Dictionaries built!
Converting and writing to json file... Output/library.json
Your work here is done!
params 411.0437035670104 10 500 2.53234 1.0 1.0 1.0
Dictionaries built!
Converting and writing to json file... Output/library.json
Your work here is done!
params 124.77368456977617 10 500 0.849438 1.0 1.0 1.0
Dictionaries built!
Converting and writing to json file... Output/library.json
Your work here is done!
Done running code
Averaging
Runs = 4
in evo_average_fit_and_print_variance: i = 1
family_1/Generation_42/Run_1/Output/library.json
var = 0.4168747311567409
in evo_average_fit_and_print_variance: i = 2
family_1/Generation_42/Run_2/Output/library.json
var = 0.09661710864709998
in evo_average_fit_and_print_variance: i = 3
family_1/Generation_42/Run_3/Output/library.json
var = 0.1027922416802007
in evo_average_fit_and_print_variance: i = 4
family_1/Generation_42/Run_4/Output/library.json
var = 0.21210794682611545
0.09661710864709998
0.1027922416802007
0.21210794682611545
MINI NR IS:  2.0
MINI IS:  0.09661710864709998
Cleaning house
Done cleaning house
Generation 43
Delta = 0.30000000000000004
In rando_specs.py: N_unsuccessful_tries = 20.0
Generation = 43
Random param update (no gradient used)
Changing kin param 0 from 0.2102 to 0.0917
Changing kin param 3 from 0.1829 to 0.0862
Changing kin param 0 from 0.2102 to 0.1041
Changing kin param 3 from 0.1829 to 0.1083
Changing kin param 0 from 0.2102 to 0.2473
Changing kin param 3 from 0.1829 to 0.2191
Changing kin param 0 from 0.2102 to 0.1216
Changing kin param 3 from 0.1829 to 0.2116
Running
Running code
params 8.253059953345542 10 500 0.862451 1.0 1.0 1.0
Dictionaries built!
Converting and writing to json file... Output/library.json
Your work here is done!
params 10.981205021671602 10 500 1.082731 1.0 1.0 1.0
Dictionaries built!
Converting and writing to json file... Output/library.json
Your work here is done!
params 297.35620126692766 10 500 2.191429 1.0 1.0 1.0
Dictionaries built!
Converting and writing to json file... Output/library.json
Your work here is done!
params 16.43947711639827 10 500 2.115938 1.0 1.0 1.0
Dictionaries built!
Converting and writing to json file... Output/library.json
Your work here is done!
Done running code
Averaging
Runs = 4
in evo_average_fit_and_print_variance: i = 1
family_1/Generation_43/Run_1/Output/library.json
var = 0.22044440563690335
in evo_average_fit_and_print_variance: i = 2
family_1/Generation_43/Run_2/Output/library.json
var = 0.17353825939930653
in evo_average_fit_and_print_variance: i = 3
family_1/Generation_43/Run_3/Output/library.json
var = 0.07070830842882503
in evo_average_fit_and_print_variance: i = 4
family_1/Generation_43/Run_4/Output/library.json
var = 0.09688865710644326
0.17353825939930653
0.07070830842882503
0.09688865710644326
MINI NR IS:  3.0
MINI IS:  0.07070830842882503
Cleaning house
Done cleaning house
Generation 44
Delta = 0.31000000000000005
In rando_specs.py: N_unsuccessful_tries = 21.0
Generation = 44
Random param update (no gradient used)
Changing kin param 0 from 0.2102 to 0.1784
Changing kin param 3 from 0.1829 to 0.1983
Changing kin param 0 from 0.2102 to 0.3315
Changing kin param 3 from 0.1829 to 0.0691
Changing kin param 0 from 0.2102 to 0.2251
Changing kin param 3 from 0.1829 to 0.1786
Changing kin param 0 from 0.2102 to 0.1246
Changing kin param 3 from 0.1829 to 0.1831
Running
Running code
params 60.76940721887675 10 500 1.98313 1.0 1.0 1.0
Dictionaries built!
Converting and writing to json file... Output/library.json
Your work here is done!
params 2066.545634344017 10 500 0.691019 1.0 1.0 1.0
Dictionaries built!
Converting and writing to json file... Output/library.json
Your work here is done!
params 178.12217929013426 10 500 1.786381 1.0 1.0 1.0
Dictionaries built!
Converting and writing to json file... Output/library.json
Your work here is done!
params 17.638026874978273 10 500 1.831456 1.0 1.0 1.0
Dictionaries built!
Converting and writing to json file... Output/library.json
Your work here is done!
Done running code
Averaging
Runs = 4
in evo_average_fit_and_print_variance: i = 1
family_1/Generation_44/Run_1/Output/library.json
var = 0.036753058679066704
in evo_average_fit_and_print_variance: i = 2
family_1/Generation_44/Run_2/Output/library.json
var = 0.23641073597731788
in evo_average_fit_and_print_variance: i = 3
family_1/Generation_44/Run_3/Output/library.json
var = 0.017757633429419203
in evo_average_fit_and_print_variance: i = 4
family_1/Generation_44/Run_4/Output/library.json
var = 0.08631779393523033
0.23641073597731788
0.017757633429419203
0.08631779393523033
MINI NR IS:  3.0
MINI IS:  0.017757633429419203
Cleaning house
Done cleaning house
Generation 45
Delta = 0.32000000000000006
In rando_specs.py: N_unsuccessful_tries = 22.0
Generation = 45
Random param update (no gradient used)
Changing kin param 0 from 0.2102 to 0.3535
Changing kin param 3 from 0.1829 to 0.1849
Changing kin param 0 from 0.2102 to 0.1699
Changing kin param 3 from 0.1829 to 0.2735
Changing kin param 0 from 0.2102 to 0.1091
Changing kin param 3 from 0.1829 to 0.2527
Changing kin param 0 from 0.2102 to 0.2673
Changing kin param 3 from 0.1829 to 0.3161
Running
Running code
params 3430.1017256959185 10 500 1.84935 1.0 1.0 1.0
Dictionaries built!
Converting and writing to json file... Output/library.json
Your work here is done!
params 50.00633201071287 10 500 2.734791 1.0 1.0 1.0
Dictionaries built!
Converting and writing to json file... Output/library.json
Your work here is done!
params 12.339114663238481 10 500 2.526558 1.0 1.0 1.0
Dictionaries built!
Converting and writing to json file... Output/library.json
Your work here is done!
params 470.6856955389093 10 500 3.160677 1.0 1.0 1.0
Dictionaries built!
Converting and writing to json file... Output/library.json
Your work here is done!
Done running code
Averaging
Runs = 4
in evo_average_fit_and_print_variance: i = 1
family_1/Generation_45/Run_1/Output/library.json
var = 0.14755724262060074
in evo_average_fit_and_print_variance: i = 2
family_1/Generation_45/Run_2/Output/library.json
var = 0.10063393310874548
in evo_average_fit_and_print_variance: i = 3
family_1/Generation_45/Run_3/Output/library.json
var = 0.12326952357465677
in evo_average_fit_and_print_variance: i = 4
family_1/Generation_45/Run_4/Output/library.json
var = 0.14289865799124996
0.10063393310874548
0.12326952357465677
0.14289865799124996
MINI NR IS:  2.0
MINI IS:  0.10063393310874548
Cleaning house
Done cleaning house
Generation 46
Delta = 0.33000000000000007
In rando_specs.py: N_unsuccessful_tries = 23.0
Generation = 46
Random param update (no gradient used)
Changing kin param 0 from 0.2102 to 0.2508
Changing kin param 3 from 0.1829 to 0.2287
Changing kin param 0 from 0.2102 to 0.1626
Changing kin param 3 from 0.1829 to 0.2116
Changing kin param 0 from 0.2102 to 0.0827
Changing kin param 3 from 0.1829 to 0.0991
Changing kin param 0 from 0.2102 to 0.2107
Changing kin param 3 from 0.1829 to 0.0796
Running
Running code
params 322.25376495194286 10 500 2.287266 1.0 1.0 1.0
Dictionaries built!
Converting and writing to json file... Output/library.json
Your work here is done!
params 42.254600501575055 10 500 2.116189 1.0 1.0 1.0
Dictionaries built!
Converting and writing to json file... Output/library.json
Your work here is done!
params 6.706964382265212 10 500 0.990763 1.0 1.0 1.0
Dictionaries built!
Converting and writing to json file... Output/library.json
Your work here is done!
params 128.06958434333563 10 500 0.795763 1.0 1.0 1.0
Dictionaries built!
Converting and writing to json file... Output/library.json
Your work here is done!
Done running code
Averaging
Runs = 4
in evo_average_fit_and_print_variance: i = 1
family_1/Generation_46/Run_1/Output/library.json
var = 0.07884305258912278
in evo_average_fit_and_print_variance: i = 2
family_1/Generation_46/Run_2/Output/library.json
var = 0.059322389333506274
in evo_average_fit_and_print_variance: i = 3
family_1/Generation_46/Run_3/Output/library.json
var = 0.1981809282974387
in evo_average_fit_and_print_variance: i = 4
family_1/Generation_46/Run_4/Output/library.json
var = 0.22964174967019244
0.059322389333506274
0.1981809282974387
0.22964174967019244
MINI NR IS:  2.0
MINI IS:  0.059322389333506274
Cleaning house
Done cleaning house
Generation 47
Delta = 0.3400000000000001
In rando_specs.py: N_unsuccessful_tries = 24.0
Generation = 47
Random param update (no gradient used)
Changing kin param 0 from 0.2102 to 0.2266
Changing kin param 3 from 0.1829 to 0.1654
Changing kin param 0 from 0.2102 to 0.1580
Not changing kin param 3 from 0.1829 to -0.0255
Changing kin param 0 from 0.2102 to 0.2199
Changing kin param 3 from 0.1829 to 0.1510
Changing kin param 0 from 0.2102 to 0.2588
Changing kin param 3 from 0.1829 to 0.2077
Running
Running code
params 184.30707210931723 10 500 1.654391 1.0 1.0 1.0
Dictionaries built!
Converting and writing to json file... Output/library.json
Your work here is done!
params 38.025330723762586 10 500 1.829205 1.0 1.0 1.0
Dictionaries built!
Converting and writing to json file... Output/library.json
Your work here is done!
params 158.0978631319318 10 500 1.510425 1.0 1.0 1.0
Dictionaries built!
Converting and writing to json file... Output/library.json
Your work here is done!
params 387.56986350206313 10 500 2.076603 1.0 1.0 1.0
Dictionaries built!
Converting and writing to json file... Output/library.json
Your work here is done!
Done running code
Averaging
Runs = 4
in evo_average_fit_and_print_variance: i = 1
family_1/Generation_47/Run_1/Output/library.json
var = 0.0325793206939223
in evo_average_fit_and_print_variance: i = 2
family_1/Generation_47/Run_2/Output/library.json
var = 0.05747955285943929
in evo_average_fit_and_print_variance: i = 3
family_1/Generation_47/Run_3/Output/library.json
var = 0.06077800397948634
in evo_average_fit_and_print_variance: i = 4
family_1/Generation_47/Run_4/Output/library.json
var = 0.0761344845216064
0.05747955285943929
0.06077800397948634
0.0761344845216064
MINI NR IS:  1.0
MINI IS:  0.0325793206939223
Cleaning house
Done cleaning house
Generation 48
Delta = 0.35
In rando_specs.py: N_unsuccessful_tries = 25.0
Generation = 48
Random param update (no gradient used)
Changing kin param 0 from 0.2102 to 0.2938
Changing kin param 3 from 0.1829 to 0.3840
Changing kin param 0 from 0.2102 to 0.2111
Changing kin param 3 from 0.1829 to 0.3164
Changing kin param 0 from 0.2102 to 0.1954
Changing kin param 3 from 0.1829 to 0.2555
Changing kin param 0 from 0.2102 to 0.0475
Changing kin param 3 from 0.1829 to 0.1498
Running
Running code
params 866.091945982107 10 500 3.840452 1.0 1.0 1.0
Dictionaries built!
Converting and writing to json file... Output/library.json
Your work here is done!
params 129.21264004952374 10 500 3.16413 1.0 1.0 1.0
Dictionaries built!
Converting and writing to json file... Output/library.json
Your work here is done!
params 89.98601092672618 10 500 2.555 1.0 1.0 1.0
Dictionaries built!
Converting and writing to json file... Output/library.json
Your work here is done!
params 2.9835958884502336 10 500 1.497619 1.0 1.0 1.0
Dictionaries built!
Converting and writing to json file... Output/library.json
Your work here is done!
Done running code
Averaging
Runs = 4
in evo_average_fit_and_print_variance: i = 1
family_1/Generation_48/Run_1/Output/library.json
var = 0.18269656160165731
in evo_average_fit_and_print_variance: i = 2
family_1/Generation_48/Run_2/Output/library.json
var = 0.12215281092979405
in evo_average_fit_and_print_variance: i = 3
family_1/Generation_48/Run_3/Output/library.json
var = 0.07719668811565071
in evo_average_fit_and_print_variance: i = 4
family_1/Generation_48/Run_4/Output/library.json
var = 0.13532377019219774
0.12215281092979405
0.07719668811565071
0.13532377019219774
MINI NR IS:  3.0
MINI IS:  0.07719668811565071
Cleaning house
Done cleaning house
Generation 49
Delta = 0.36
In rando_specs.py: N_unsuccessful_tries = 26.0
Generation = 49
Random param update (no gradient used)
Changing kin param 0 from 0.2102 to 0.3292
Changing kin param 3 from 0.1829 to 0.2103
Changing kin param 0 from 0.2102 to 0.2072
Changing kin param 3 from 0.1829 to 0.2568
Changing kin param 0 from 0.2102 to 0.1135
Changing kin param 3 from 0.1829 to 0.1266
Changing kin param 0 from 0.2102 to 0.2363
Changing kin param 3 from 0.1829 to 0.1692
Running
Running code
params 1959.9364960572912 10 500 2.1027 1.0 1.0 1.0
Dictionaries built!
Converting and writing to json file... Output/library.json
Your work here is done!
params 118.12722450987395 10 500 2.568233 1.0 1.0 1.0
Dictionaries built!
Converting and writing to json file... Output/library.json
Your work here is done!
params 13.638857755694442 10 500 1.265734 1.0 1.0 1.0
Dictionaries built!
Converting and writing to json file... Output/library.json
Your work here is done!
params 230.49632210610696 10 500 1.691544 1.0 1.0 1.0
Dictionaries built!
Converting and writing to json file... Output/library.json
Your work here is done!
Done running code
Averaging
Runs = 4
in evo_average_fit_and_print_variance: i = 1
family_1/Generation_49/Run_1/Output/library.json
var = 0.15167246588866107
in evo_average_fit_and_print_variance: i = 2
family_1/Generation_49/Run_2/Output/library.json
var = 0.07920301982784246
in evo_average_fit_and_print_variance: i = 3
family_1/Generation_49/Run_3/Output/library.json
var = 0.13227046620022612
in evo_average_fit_and_print_variance: i = 4
family_1/Generation_49/Run_4/Output/library.json
var = 0.0359206119372163
0.07920301982784246
0.13227046620022612
0.0359206119372163
MINI NR IS:  4.0
MINI IS:  0.0359206119372163
Cleaning house
Done cleaning house
Generation 50
Delta = 0.37
In rando_specs.py: N_unsuccessful_tries = 27.0
Generation = 50
Random param update (no gradient used)
Changing kin param 0 from 0.2102 to 0.2221
Changing kin param 3 from 0.1829 to 0.1210
Changing kin param 0 from 0.2102 to 0.4288
Changing kin param 3 from 0.1829 to 0.3164
Changing kin param 0 from 0.2102 to 0.2513
Changing kin param 3 from 0.1829 to 0.1643
Changing kin param 0 from 0.2102 to 0.2907
Changing kin param 3 from 0.1829 to 0.1050
Running
Running code
params 166.31100961043467 10 500 1.209823 1.0 1.0 1.0
Dictionaries built!
Converting and writing to json file... Output/library.json
Your work here is done!
params 19393.714591219377 10 500 3.164155 1.0 1.0 1.0
Dictionaries built!
Converting and writing to json file... Output/library.json
Your work here is done!
params 325.87796828521925 10 500 1.642824 1.0 1.0 1.0
Dictionaries built!
Converting and writing to json file... Output/library.json
Your work here is done!
params 806.5847377494341 10 500 1.049722 1.0 1.0 1.0
Dictionaries built!
Converting and writing to json file... Output/library.json
Your work here is done!
Done running code
Averaging
Runs = 4
in evo_average_fit_and_print_variance: i = 1
family_1/Generation_50/Run_1/Output/library.json
var = 0.12894134154169334
in evo_average_fit_and_print_variance: i = 2
family_1/Generation_50/Run_2/Output/library.json
var = 0.3365041419730035
in evo_average_fit_and_print_variance: i = 3
family_1/Generation_50/Run_3/Output/library.json
var = 0.05072531167049636
in evo_average_fit_and_print_variance: i = 4
family_1/Generation_50/Run_4/Output/library.json
var = 0.15252493118981075
0.3365041419730035
0.05072531167049636
0.15252493118981075
MINI NR IS:  3.0
MINI IS:  0.05072531167049636
Cleaning house
Done cleaning house
Choosing best Gen
BEST FIT
22 	 2 0.004256869867754243
Copying best Gen
--------------
CLEANING UP
--------------
-----------------
DONE CLEANING UP
-----------------
Running final big simulation!
Find results in the folder >>[1m[35m BEST_FIT [0m
