--------------------------------------------
number of families: 1
Generations per family: 50
Sub-folders per generation: 4
DELTA: 0.1
cores to be used: 25
Number of runs to use in a sample: 50
Grid search option: 1
Grid search degrees of freedom: 3 (ignored if Grid search option is not 0)
--------------------------------------------
--------------
CLEANING UP
--------------
-----------------
DONE CLEANING UP
-----------------
Minimum is  0.11823424360025653
---------------------------------------------
Starting parameters for fitting are set as: 
Monomer addition rate (10^x) 1.0
Minimum Monomers:  10
Maximum Monomers:  500
SG Ratio:  2.5
GG Scaling Parameter:  1
SS Scaling Parameter:  1
SG Scaling Parameter:  1
---------------------------------------------
Generation 1
Delta = 0.1
In rando_specs.py: N_unsuccessful_tries = 0.0
Generation = 1
Random param update (no gradient used)
Changing kin param 0 from 0.1000 to 0.1226
Changing kin param 3 from 0.2500 to 0.2850
Changing kin param 0 from 0.1000 to 0.0975
Changing kin param 3 from 0.2500 to 0.2021
Changing kin param 0 from 0.1000 to 0.0531
Changing kin param 3 from 0.2500 to 0.2879
Changing kin param 0 from 0.1000 to 0.0902
Changing kin param 3 from 0.2500 to 0.2159
Running
Running code
params 16.83960886939643 10 500 2.849694 1.0 1.0 1.0
Dictionaries built!
Converting and writing to json file... Output/library.json
Your work here is done!
params 9.437131354659845 10 500 2.021346 1.0 1.0 1.0
Dictionaries built!
Converting and writing to json file... Output/library.json
Your work here is done!
params 3.398403951168994 10 500 2.878815 1.0 1.0 1.0
Dictionaries built!
Converting and writing to json file... Output/library.json
Your work here is done!
params 7.986490878830097 10 500 2.159435 1.0 1.0 1.0
Dictionaries built!
Converting and writing to json file... Output/library.json
Your work here is done!
Done running code
Averaging
Runs = 4
in evo_average_fit_and_print_variance: i = 1
family_1/Generation_1/Run_1/Output/library.json
var = 0.11675598798490962
in evo_average_fit_and_print_variance: i = 2
family_1/Generation_1/Run_2/Output/library.json
var = 0.11946643055305792
in evo_average_fit_and_print_variance: i = 3
family_1/Generation_1/Run_3/Output/library.json
var = 0.1426636078754089
in evo_average_fit_and_print_variance: i = 4
family_1/Generation_1/Run_4/Output/library.json
var = 0.12059666787641969
0.11946643055305792
0.1426636078754089
0.12059666787641969
MINI NR IS:  1.0
MINI IS:  0.11675598798490962
mini_difference pct = 0.012502770520060253
Cleaning house
Done cleaning house
Generation 2
Delta = 0.1
In rando_specs.py: N_unsuccessful_tries = 0.0
Generation = 2
Gradient param update
CALCULATING GRADIENT
Relative mins:  [0. 1. 1. 0. 1. 1. 1.]
old kins:  [0.1  1.   1.   0.25 1.   1.   1.  ]
new kins:  [0.1226332 1.        1.        0.2849694 1.        1.        1.       ]
Gradient values  [-0.06531334499761417, 0.0, 0.0, -0.04227267267954272, 0.0, 0.0, 0.0]
-0.06531334499761417
Not changing kin param 0 from 0.1226 to -0.0080
-0.04227267267954272
Not changing kin param 3 from 0.2850 to -0.0120
-0.06531334499761417
Not changing kin param 0 from 0.1226 to -0.0080
-0.04227267267954272
Not changing kin param 3 from 0.2850 to -0.0120
-0.06531334499761417
Not changing kin param 0 from 0.1226 to -0.0080
-0.04227267267954272
Not changing kin param 3 from 0.2850 to -0.0120
-0.06531334499761417
Not changing kin param 0 from 0.1226 to -0.0080
-0.04227267267954272
Not changing kin param 3 from 0.2850 to -0.0120
Running
Running code
params 16.83960886939643 10 500 2.849694 1.0 1.0 1.0
Dictionaries built!
Converting and writing to json file... Output/library.json
Your work here is done!
params 16.83960886939643 10 500 2.849694 1.0 1.0 1.0
Dictionaries built!
Converting and writing to json file... Output/library.json
Your work here is done!
params 16.83960886939643 10 500 2.849694 1.0 1.0 1.0
Dictionaries built!
Converting and writing to json file... Output/library.json
Your work here is done!
params 16.83960886939643 10 500 2.849694 1.0 1.0 1.0
Dictionaries built!
Converting and writing to json file... Output/library.json
Your work here is done!
Done running code
Averaging
Runs = 4
in evo_average_fit_and_print_variance: i = 1
family_1/Generation_2/Run_1/Output/library.json
var = 0.11713665516154245
in evo_average_fit_and_print_variance: i = 2
family_1/Generation_2/Run_2/Output/library.json
var = 0.11994223616741694
in evo_average_fit_and_print_variance: i = 3
family_1/Generation_2/Run_3/Output/library.json
var = 0.11813043247628036
in evo_average_fit_and_print_variance: i = 4
family_1/Generation_2/Run_4/Output/library.json
var = 0.11762935234586121
0.11994223616741694
0.11813043247628036
0.11762935234586121
MINI NR IS:  1.0
MINI IS:  0.11713665516154245
Cleaning house
Done cleaning house
Generation 3
Delta = 0.1
In rando_specs.py: N_unsuccessful_tries = 1.0
Generation = 3
Random param update (no gradient used)
Changing kin param 0 from 0.1226 to 0.1363
Changing kin param 3 from 0.2850 to 0.2963
Changing kin param 0 from 0.1226 to 0.1438
Changing kin param 3 from 0.2850 to 0.3184
Changing kin param 0 from 0.1226 to 0.1001
Changing kin param 3 from 0.2850 to 0.2596
Changing kin param 0 from 0.1226 to 0.0814
Changing kin param 3 from 0.2850 to 0.3462
Running
Running code
params 23.056373561163465 10 500 2.962525 1.0 1.0 1.0
Dictionaries built!
Converting and writing to json file... Output/library.json
Your work here is done!
params 27.43039111392338 10 500 3.183646 1.0 1.0 1.0
Dictionaries built!
Converting and writing to json file... Output/library.json
Your work here is done!
params 10.018506862394903 10 500 2.59599 1.0 1.0 1.0
Dictionaries built!
Converting and writing to json file... Output/library.json
Your work here is done!
params 6.521402415519214 10 500 3.462353 1.0 1.0 1.0
Dictionaries built!
Converting and writing to json file... Output/library.json
Your work here is done!
Done running code
Averaging
Runs = 4
in evo_average_fit_and_print_variance: i = 1
family_1/Generation_3/Run_1/Output/library.json
var = 0.12456022774782359
in evo_average_fit_and_print_variance: i = 2
family_1/Generation_3/Run_2/Output/library.json
var = 0.12587373525217896
in evo_average_fit_and_print_variance: i = 3
family_1/Generation_3/Run_3/Output/library.json
var = 0.11712716467533714
in evo_average_fit_and_print_variance: i = 4
family_1/Generation_3/Run_4/Output/library.json
var = 0.15186171639967583
0.12587373525217896
0.11712716467533714
0.15186171639967583
MINI NR IS:  3.0
MINI IS:  0.11712716467533714
Cleaning house
Done cleaning house
Generation 4
Delta = 0.1
In rando_specs.py: N_unsuccessful_tries = 2.0
Generation = 4
Random param update (no gradient used)
Changing kin param 0 from 0.1226 to 0.1199
Changing kin param 3 from 0.2850 to 0.2858
Changing kin param 0 from 0.1226 to 0.1090
Changing kin param 3 from 0.2850 to 0.2973
Changing kin param 0 from 0.1226 to 0.1002
Changing kin param 3 from 0.2850 to 0.2910
Changing kin param 0 from 0.1226 to 0.1301
Changing kin param 3 from 0.2850 to 0.2421
Running
Running code
params 15.808257445233584 10 500 2.857968 1.0 1.0 1.0
Dictionaries built!
Converting and writing to json file... Output/library.json
Your work here is done!
params 12.29071080399344 10 500 2.972933 1.0 1.0 1.0
Dictionaries built!
Converting and writing to json file... Output/library.json
Your work here is done!
params 10.053169384825376 10 500 2.909679 1.0 1.0 1.0
Dictionaries built!
Converting and writing to json file... Output/library.json
Your work here is done!
params 19.99286345945101 10 500 2.420766 1.0 1.0 1.0
Dictionaries built!
Converting and writing to json file... Output/library.json
Your work here is done!
Done running code
Averaging
Runs = 4
in evo_average_fit_and_print_variance: i = 1
family_1/Generation_4/Run_1/Output/library.json
var = 0.11454128210617212
in evo_average_fit_and_print_variance: i = 2
family_1/Generation_4/Run_2/Output/library.json
var = 0.12881231595328035
in evo_average_fit_and_print_variance: i = 3
family_1/Generation_4/Run_3/Output/library.json
var = 0.12717429245371073
in evo_average_fit_and_print_variance: i = 4
family_1/Generation_4/Run_4/Output/library.json
var = 0.11229752821810511
0.12881231595328035
0.12717429245371073
0.11229752821810511
MINI NR IS:  4.0
MINI IS:  0.11229752821810511
mini_difference pct = 0.03818615029425807
Cleaning house
Done cleaning house
Generation 5
Delta = 0.1
In rando_specs.py: N_unsuccessful_tries = 0.0
Generation = 5
Gradient param update
CALCULATING GRADIENT
Relative mins:  [0. 1. 1. 0. 1. 1. 1.]
old kins:  [0.1226332 1.        1.        0.2849694 1.        1.        1.       ]
new kins:  [0.1300875 1.        1.        0.2420766 1.        1.        1.       ]
Gradient values  [-0.5981057912882496, 0.0, 0.0, 0.10394425171590568, 0.0, 0.0, 0.0]
-0.5981057912882496
Not changing kin param 0 from 0.1301 to -0.0778
0.10394425171590568
Changing kin param 3 from 0.2421 to 0.0252
-0.5981057912882496
Not changing kin param 0 from 0.1301 to -0.0778
0.10394425171590568
Changing kin param 3 from 0.2421 to 0.0252
-0.5981057912882496
Not changing kin param 0 from 0.1301 to -0.0778
0.10394425171590568
Changing kin param 3 from 0.2421 to 0.0252
-0.5981057912882496
Not changing kin param 0 from 0.1301 to -0.0778
0.10394425171590568
Changing kin param 3 from 0.2421 to 0.0252
Running
Running code
params 19.99286345945101 10 500 0.251625 1.0 1.0 1.0
Dictionaries built!
Converting and writing to json file... Output/library.json
Your work here is done!
params 19.99286345945101 10 500 0.251625 1.0 1.0 1.0
Dictionaries built!
Converting and writing to json file... Output/library.json
Your work here is done!
params 19.99286345945101 10 500 0.251625 1.0 1.0 1.0
Dictionaries built!
Converting and writing to json file... Output/library.json
Your work here is done!
params 19.99286345945101 10 500 0.251625 1.0 1.0 1.0
Dictionaries built!
Converting and writing to json file... Output/library.json
Your work here is done!
Done running code
Averaging
Runs = 4
in evo_average_fit_and_print_variance: i = 1
family_1/Generation_5/Run_1/Output/library.json
var = 0.48218169116181964
in evo_average_fit_and_print_variance: i = 2
family_1/Generation_5/Run_2/Output/library.json
var = 0.4838712508810944
in evo_average_fit_and_print_variance: i = 3
family_1/Generation_5/Run_3/Output/library.json
var = 0.479020891873431
in evo_average_fit_and_print_variance: i = 4
family_1/Generation_5/Run_4/Output/library.json
var = 0.47134771935998765
0.4838712508810944
0.479020891873431
0.47134771935998765
MINI NR IS:  4.0
MINI IS:  0.47134771935998765
Cleaning house
Done cleaning house
Generation 6
Delta = 0.1
In rando_specs.py: N_unsuccessful_tries = 1.0
Generation = 6
Random param update (no gradient used)
Changing kin param 0 from 0.1301 to 0.1556
Changing kin param 3 from 0.2421 to 0.2149
Changing kin param 0 from 0.1301 to 0.1526
Changing kin param 3 from 0.2421 to 0.2399
Changing kin param 0 from 0.1301 to 0.1693
Changing kin param 3 from 0.2421 to 0.2535
Changing kin param 0 from 0.1301 to 0.1509
Changing kin param 3 from 0.2421 to 0.2343
Running
Running code
params 35.97990397965189 10 500 2.148875 1.0 1.0 1.0
Dictionaries built!
Converting and writing to json file... Output/library.json
Your work here is done!
params 33.57236993716553 10 500 2.39916 1.0 1.0 1.0
Dictionaries built!
Converting and writing to json file... Output/library.json
Your work here is done!
params 49.3156770629354 10 500 2.535172 1.0 1.0 1.0
Dictionaries built!
Converting and writing to json file... Output/library.json
Your work here is done!
params 32.28033253899102 10 500 2.343426 1.0 1.0 1.0
Dictionaries built!
Converting and writing to json file... Output/library.json
Your work here is done!
Done running code
Averaging
Runs = 4
in evo_average_fit_and_print_variance: i = 1
family_1/Generation_6/Run_1/Output/library.json
var = 0.12198221058787323
in evo_average_fit_and_print_variance: i = 2
family_1/Generation_6/Run_2/Output/library.json
var = 0.11872748520596557
in evo_average_fit_and_print_variance: i = 3
family_1/Generation_6/Run_3/Output/library.json
var = 0.1285741014783394
in evo_average_fit_and_print_variance: i = 4
family_1/Generation_6/Run_4/Output/library.json
var = 0.11805938588132689
0.11872748520596557
0.1285741014783394
0.11805938588132689
MINI NR IS:  4.0
MINI IS:  0.11805938588132689
Cleaning house
Done cleaning house
Generation 7
Delta = 0.1
In rando_specs.py: N_unsuccessful_tries = 2.0
Generation = 7
Random param update (no gradient used)
Changing kin param 0 from 0.1301 to 0.1139
Changing kin param 3 from 0.2421 to 0.2398
Changing kin param 0 from 0.1301 to 0.0830
Changing kin param 3 from 0.2421 to 0.1977
Changing kin param 0 from 0.1301 to 0.1159
Changing kin param 3 from 0.2421 to 0.2458
Changing kin param 0 from 0.1301 to 0.1487
Changing kin param 3 from 0.2421 to 0.2402
Running
Running code
params 13.785800838087244 10 500 2.397674 1.0 1.0 1.0
Dictionaries built!
Converting and writing to json file... Output/library.json
Your work here is done!
params 6.753765853613996 10 500 1.976536 1.0 1.0 1.0
Dictionaries built!
Converting and writing to json file... Output/library.json
Your work here is done!
params 14.416472238643744 10 500 2.457732 1.0 1.0 1.0
Dictionaries built!
Converting and writing to json file... Output/library.json
Your work here is done!
params 30.700821741102864 10 500 2.402202 1.0 1.0 1.0
Dictionaries built!
Converting and writing to json file... Output/library.json
Your work here is done!
Done running code
Averaging
Runs = 4
in evo_average_fit_and_print_variance: i = 1
family_1/Generation_7/Run_1/Output/library.json
var = 0.11214315308158858
in evo_average_fit_and_print_variance: i = 2
family_1/Generation_7/Run_2/Output/library.json
var = 0.12287316847818058
in evo_average_fit_and_print_variance: i = 3
family_1/Generation_7/Run_3/Output/library.json
var = 0.11488141579795957
in evo_average_fit_and_print_variance: i = 4
family_1/Generation_7/Run_4/Output/library.json
var = 0.11570898284409943
0.12287316847818058
0.11488141579795957
0.11570898284409943
MINI NR IS:  1.0
MINI IS:  0.11214315308158858
mini_difference pct = 0.0013747133922841221
Cleaning house
Done cleaning house
Generation 8
Delta = 0.1
In rando_specs.py: N_unsuccessful_tries = 0.0
Generation = 8
Gradient param update
CALCULATING GRADIENT
Relative mins:  [0. 1. 1. 0. 1. 1. 1.]
old kins:  [0.1300875 1.        1.        0.2420766 1.        1.        1.       ]
new kins:  [0.1139432 1.        1.        0.2397674 1.        1.        1.       ]
Gradient values  [0.009562508129804916, 0.0, 0.0, 0.06685432184306632, 0.0, 0.0, 0.0]
0.009562508129804916
Changing kin param 0 from 0.1139 to 0.0011
0.06685432184306632
Changing kin param 3 from 0.2398 to 0.0160
0.009562508129804916
Changing kin param 0 from 0.1139 to 0.0011
0.06685432184306632
Changing kin param 3 from 0.2398 to 0.0160
0.009562508129804916
Changing kin param 0 from 0.1139 to 0.0011
0.06685432184306632
Changing kin param 3 from 0.2398 to 0.0160
0.009562508129804916
Changing kin param 0 from 0.1139 to 0.0011
0.06685432184306632
Changing kin param 3 from 0.2398 to 0.0160
Running
Running code
params 1.0254063439702916 10 500 0.160295 1.0 1.0 1.0
Dictionaries built!
Converting and writing to json file... Output/library.json
Your work here is done!
params 1.0254063439702916 10 500 0.160295 1.0 1.0 1.0
Dictionaries built!
Converting and writing to json file... Output/library.json
Your work here is done!
params 1.0254063439702916 10 500 0.160295 1.0 1.0 1.0
Dictionaries built!
Converting and writing to json file... Output/library.json
Your work here is done!
params 1.0254063439702916 10 500 0.160295 1.0 1.0 1.0
Dictionaries built!
Converting and writing to json file... Output/library.json
Your work here is done!
Done running code
Averaging
Runs = 4
in evo_average_fit_and_print_variance: i = 1
family_1/Generation_8/Run_1/Output/library.json
var = 0.5225458264953986
in evo_average_fit_and_print_variance: i = 2
family_1/Generation_8/Run_2/Output/library.json
var = 0.5261231470307721
in evo_average_fit_and_print_variance: i = 3
family_1/Generation_8/Run_3/Output/library.json
var = 0.5284163552611055
in evo_average_fit_and_print_variance: i = 4
family_1/Generation_8/Run_4/Output/library.json
var = 0.5193350441916349
0.5261231470307721
0.5284163552611055
0.5193350441916349
MINI NR IS:  4.0
MINI IS:  0.5193350441916349
Cleaning house
Done cleaning house
Generation 9
Delta = 0.1
In rando_specs.py: N_unsuccessful_tries = 1.0
Generation = 9
Random param update (no gradient used)
Changing kin param 0 from 0.1139 to 0.1251
Changing kin param 3 from 0.2398 to 0.1743
Changing kin param 0 from 0.1139 to 0.1267
Changing kin param 3 from 0.2398 to 0.2659
Changing kin param 0 from 0.1139 to 0.0787
Changing kin param 3 from 0.2398 to 0.2381
Changing kin param 0 from 0.1139 to 0.1086
Changing kin param 3 from 0.2398 to 0.2182
Running
Running code
params 17.812381986358837 10 500 1.743391 1.0 1.0 1.0
Dictionaries built!
Converting and writing to json file... Output/library.json
Your work here is done!
params 18.49111076050025 10 500 2.658921 1.0 1.0 1.0
Dictionaries built!
Converting and writing to json file... Output/library.json
Your work here is done!
params 6.124067938774957 10 500 2.380755 1.0 1.0 1.0
Dictionaries built!
Converting and writing to json file... Output/library.json
Your work here is done!
params 12.185377834857734 10 500 2.181595 1.0 1.0 1.0
Dictionaries built!
Converting and writing to json file... Output/library.json
Your work here is done!
Done running code
Averaging
Runs = 4
in evo_average_fit_and_print_variance: i = 1
family_1/Generation_9/Run_1/Output/library.json
var = 0.131270204326115
in evo_average_fit_and_print_variance: i = 2
family_1/Generation_9/Run_2/Output/library.json
var = 0.1136569525346931
in evo_average_fit_and_print_variance: i = 3
family_1/Generation_9/Run_3/Output/library.json
var = 0.12195235801370928
in evo_average_fit_and_print_variance: i = 4
family_1/Generation_9/Run_4/Output/library.json
var = 0.11520230503121237
0.1136569525346931
0.12195235801370928
0.11520230503121237
MINI NR IS:  2.0
MINI IS:  0.1136569525346931
Cleaning house
Done cleaning house
Generation 10
Delta = 0.1
In rando_specs.py: N_unsuccessful_tries = 2.0
Generation = 10
Random param update (no gradient used)
Changing kin param 0 from 0.1139 to 0.1101
Changing kin param 3 from 0.2398 to 0.2540
Changing kin param 0 from 0.1139 to 0.1555
Changing kin param 3 from 0.2398 to 0.2559
Changing kin param 0 from 0.1139 to 0.0986
Changing kin param 3 from 0.2398 to 0.2532
Changing kin param 0 from 0.1139 to 0.1341
Changing kin param 3 from 0.2398 to 0.2113
Running
Running code
params 12.616590288571638 10 500 2.540363 1.0 1.0 1.0
Dictionaries built!
Converting and writing to json file... Output/library.json
Your work here is done!
params 35.92534934584479 10 500 2.558927 1.0 1.0 1.0
Dictionaries built!
Converting and writing to json file... Output/library.json
Your work here is done!
params 9.686904094235212 10 500 2.532359 1.0 1.0 1.0
Dictionaries built!
Converting and writing to json file... Output/library.json
Your work here is done!
params 21.914370506671673 10 500 2.113388 1.0 1.0 1.0
Dictionaries built!
Converting and writing to json file... Output/library.json
Your work here is done!
Done running code
Averaging
Runs = 4
in evo_average_fit_and_print_variance: i = 1
family_1/Generation_10/Run_1/Output/library.json
var = 0.11473469515655393
in evo_average_fit_and_print_variance: i = 2
family_1/Generation_10/Run_2/Output/library.json
var = 0.11958387601727334
in evo_average_fit_and_print_variance: i = 3
family_1/Generation_10/Run_3/Output/library.json
var = 0.12056349856820409
in evo_average_fit_and_print_variance: i = 4
family_1/Generation_10/Run_4/Output/library.json
var = 0.11816271548251335
0.11958387601727334
0.12056349856820409
0.11816271548251335
MINI NR IS:  1.0
MINI IS:  0.11473469515655393
Cleaning house
Done cleaning house
Generation 11
Delta = 0.13
In rando_specs.py: N_unsuccessful_tries = 3.0
Generation = 11
Random param update (no gradient used)
Changing kin param 0 from 0.1139 to 0.1187
Changing kin param 3 from 0.2398 to 0.2470
Changing kin param 0 from 0.1139 to 0.0987
Changing kin param 3 from 0.2398 to 0.2489
Changing kin param 0 from 0.1139 to 0.0643
Changing kin param 3 from 0.2398 to 0.2902
Changing kin param 0 from 0.1139 to 0.1131
Changing kin param 3 from 0.2398 to 0.2254
Running
Running code
params 15.37637634346729 10 500 2.469881 1.0 1.0 1.0
Dictionaries built!
Converting and writing to json file... Output/library.json
Your work here is done!
params 9.71334915233993 10 500 2.489321 1.0 1.0 1.0
Dictionaries built!
Converting and writing to json file... Output/library.json
Your work here is done!
params 4.392289933369562 10 500 2.901703 1.0 1.0 1.0
Dictionaries built!
Converting and writing to json file... Output/library.json
Your work here is done!
params 13.520787897328718 10 500 2.254116 1.0 1.0 1.0
Dictionaries built!
Converting and writing to json file... Output/library.json
Your work here is done!
Done running code
Averaging
Runs = 4
in evo_average_fit_and_print_variance: i = 1
family_1/Generation_11/Run_1/Output/library.json
var = 0.11297144508945257
in evo_average_fit_and_print_variance: i = 2
family_1/Generation_11/Run_2/Output/library.json
var = 0.11675138868578916
in evo_average_fit_and_print_variance: i = 3
family_1/Generation_11/Run_3/Output/library.json
var = 0.1426481961444765
in evo_average_fit_and_print_variance: i = 4
family_1/Generation_11/Run_4/Output/library.json
var = 0.11351405163785111
0.11675138868578916
0.1426481961444765
0.11351405163785111
MINI NR IS:  1.0
MINI IS:  0.11297144508945257
Cleaning house
Done cleaning house
Generation 12
Delta = 0.14
In rando_specs.py: N_unsuccessful_tries = 4.0
Generation = 12
Random param update (no gradient used)
Changing kin param 0 from 0.1139 to 0.0796
Changing kin param 3 from 0.2398 to 0.2393
Changing kin param 0 from 0.1139 to 0.0702
Changing kin param 3 from 0.2398 to 0.2749
Changing kin param 0 from 0.1139 to 0.1104
Changing kin param 3 from 0.2398 to 0.2149
Changing kin param 0 from 0.1139 to 0.1040
Changing kin param 3 from 0.2398 to 0.2310
Running
Running code
params 6.258669233706084 10 500 2.393424 1.0 1.0 1.0
Dictionaries built!
Converting and writing to json file... Output/library.json
Your work here is done!
params 5.034600330680712 10 500 2.749172 1.0 1.0 1.0
Dictionaries built!
Converting and writing to json file... Output/library.json
Your work here is done!
params 12.711183842812883 10 500 2.148608 1.0 1.0 1.0
Dictionaries built!
Converting and writing to json file... Output/library.json
Your work here is done!
params 10.96243420987028 10 500 2.31022 1.0 1.0 1.0
Dictionaries built!
Converting and writing to json file... Output/library.json
Your work here is done!
Done running code
Averaging
Runs = 4
in evo_average_fit_and_print_variance: i = 1
family_1/Generation_12/Run_1/Output/library.json
var = 0.12223906554141716
in evo_average_fit_and_print_variance: i = 2
family_1/Generation_12/Run_2/Output/library.json
var = 0.1330515302218727
in evo_average_fit_and_print_variance: i = 3
family_1/Generation_12/Run_3/Output/library.json
var = 0.11545171288654497
in evo_average_fit_and_print_variance: i = 4
family_1/Generation_12/Run_4/Output/library.json
var = 0.1140401119771417
0.1330515302218727
0.11545171288654497
0.1140401119771417
MINI NR IS:  4.0
MINI IS:  0.1140401119771417
Cleaning house
Done cleaning house
Generation 13
Delta = 0.15000000000000002
In rando_specs.py: N_unsuccessful_tries = 5.0
Generation = 13
Random param update (no gradient used)
Changing kin param 0 from 0.1139 to 0.0489
Changing kin param 3 from 0.2398 to 0.2292
Changing kin param 0 from 0.1139 to 0.0907
Changing kin param 3 from 0.2398 to 0.2372
Changing kin param 0 from 0.1139 to 0.1078
Changing kin param 3 from 0.2398 to 0.3133
Changing kin param 0 from 0.1139 to 0.1339
Changing kin param 3 from 0.2398 to 0.2706
Running
Running code
params 3.0811156506247324 10 500 2.29186 1.0 1.0 1.0
Dictionaries built!
Converting and writing to json file... Output/library.json
Your work here is done!
params 8.072387477120923 10 500 2.372394 1.0 1.0 1.0
Dictionaries built!
Converting and writing to json file... Output/library.json
Your work here is done!
params 11.978791341314853 10 500 3.13324 1.0 1.0 1.0
Dictionaries built!
Converting and writing to json file... Output/library.json
Your work here is done!
params 21.82986248882981 10 500 2.705575 1.0 1.0 1.0
Dictionaries built!
Converting and writing to json file... Output/library.json
Your work here is done!
Done running code
Averaging
Runs = 4
in evo_average_fit_and_print_variance: i = 1
family_1/Generation_13/Run_1/Output/library.json
var = 0.13393284796062677
in evo_average_fit_and_print_variance: i = 2
family_1/Generation_13/Run_2/Output/library.json
var = 0.11716000793224525
in evo_average_fit_and_print_variance: i = 3
family_1/Generation_13/Run_3/Output/library.json
var = 0.12399073735235647
in evo_average_fit_and_print_variance: i = 4
family_1/Generation_13/Run_4/Output/library.json
var = 0.1165448930205402
0.11716000793224525
0.12399073735235647
0.1165448930205402
MINI NR IS:  4.0
MINI IS:  0.1165448930205402
Cleaning house
Done cleaning house
Generation 14
Delta = 0.16000000000000003
In rando_specs.py: N_unsuccessful_tries = 6.0
Generation = 14
Random param update (no gradient used)
Changing kin param 0 from 0.1139 to 0.0525
Changing kin param 3 from 0.2398 to 0.2543
Changing kin param 0 from 0.1139 to 0.1745
Changing kin param 3 from 0.2398 to 0.1983
Changing kin param 0 from 0.1139 to 0.1307
Changing kin param 3 from 0.2398 to 0.2742
Changing kin param 0 from 0.1139 to 0.0954
Changing kin param 3 from 0.2398 to 0.2519
Running
Running code
params 3.350842383293018 10 500 2.542905 1.0 1.0 1.0
Dictionaries built!
Converting and writing to json file... Output/library.json
Your work here is done!
params 55.548712835235634 10 500 1.983449 1.0 1.0 1.0
Dictionaries built!
Converting and writing to json file... Output/library.json
Your work here is done!
params 20.279722127290594 10 500 2.742314 1.0 1.0 1.0
Dictionaries built!
Converting and writing to json file... Output/library.json
Your work here is done!
params 8.988040072072437 10 500 2.518594 1.0 1.0 1.0
Dictionaries built!
Converting and writing to json file... Output/library.json
Your work here is done!
Done running code
Averaging
Runs = 4
in evo_average_fit_and_print_variance: i = 1
family_1/Generation_14/Run_1/Output/library.json
var = 0.13651708135284016
in evo_average_fit_and_print_variance: i = 2
family_1/Generation_14/Run_2/Output/library.json
var = 0.1416661479650122
in evo_average_fit_and_print_variance: i = 3
family_1/Generation_14/Run_3/Output/library.json
var = 0.11627083482568291
in evo_average_fit_and_print_variance: i = 4
family_1/Generation_14/Run_4/Output/library.json
var = 0.12056966621888296
0.1416661479650122
0.11627083482568291
0.12056966621888296
MINI NR IS:  3.0
MINI IS:  0.11627083482568291
Cleaning house
Done cleaning house
Generation 15
Delta = 0.17
In rando_specs.py: N_unsuccessful_tries = 7.0
Generation = 15
Random param update (no gradient used)
Changing kin param 0 from 0.1139 to 0.0645
Changing kin param 3 from 0.2398 to 0.1573
Changing kin param 0 from 0.1139 to 0.1835
Changing kin param 3 from 0.2398 to 0.2477
Changing kin param 0 from 0.1139 to 0.1327
Changing kin param 3 from 0.2398 to 0.2407
Changing kin param 0 from 0.1139 to 0.0945
Changing kin param 3 from 0.2398 to 0.2569
Running
Running code
params 4.41642642755132 10 500 1.573438 1.0 1.0 1.0
Dictionaries built!
Converting and writing to json file... Output/library.json
Your work here is done!
params 68.33937458670924 10 500 2.477499 1.0 1.0 1.0
Dictionaries built!
Converting and writing to json file... Output/library.json
Your work here is done!
params 21.223988419054805 10 500 2.406882 1.0 1.0 1.0
Dictionaries built!
Converting and writing to json file... Output/library.json
Your work here is done!
params 8.803370904902794 10 500 2.569489 1.0 1.0 1.0
Dictionaries built!
Converting and writing to json file... Output/library.json
Your work here is done!
Done running code
Averaging
Runs = 4
in evo_average_fit_and_print_variance: i = 1
family_1/Generation_15/Run_1/Output/library.json
var = 0.15532954279191252
in evo_average_fit_and_print_variance: i = 2
family_1/Generation_15/Run_2/Output/library.json
var = 0.14061345339129588
in evo_average_fit_and_print_variance: i = 3
family_1/Generation_15/Run_3/Output/library.json
var = 0.11345121582812559
in evo_average_fit_and_print_variance: i = 4
family_1/Generation_15/Run_4/Output/library.json
var = 0.11740254358371889
0.14061345339129588
0.11345121582812559
0.11740254358371889
MINI NR IS:  3.0
MINI IS:  0.11345121582812559
Cleaning house
Done cleaning house
Generation 16
Delta = 0.18
In rando_specs.py: N_unsuccessful_tries = 8.0
Generation = 16
Random param update (no gradient used)
Changing kin param 0 from 0.1139 to 0.1087
Changing kin param 3 from 0.2398 to 0.2699
Changing kin param 0 from 0.1139 to 0.1021
Changing kin param 3 from 0.2398 to 0.2740
Changing kin param 0 from 0.1139 to 0.2096
Changing kin param 3 from 0.2398 to 0.2516
Changing kin param 0 from 0.1139 to 0.1674
Changing kin param 3 from 0.2398 to 0.2488
Running
Running code
params 12.209840761697565 10 500 2.699112 1.0 1.0 1.0
Dictionaries built!
Converting and writing to json file... Output/library.json
Your work here is done!
params 10.487669671700084 10 500 2.740333 1.0 1.0 1.0
Dictionaries built!
Converting and writing to json file... Output/library.json
Your work here is done!
params 124.81908654820889 10 500 2.515522 1.0 1.0 1.0
Dictionaries built!
Converting and writing to json file... Output/library.json
Your work here is done!
params 47.20760850276572 10 500 2.488142 1.0 1.0 1.0
Dictionaries built!
Converting and writing to json file... Output/library.json
Your work here is done!
Done running code
Averaging
Runs = 4
in evo_average_fit_and_print_variance: i = 1
family_1/Generation_16/Run_1/Output/library.json
var = 0.11966596415626289
in evo_average_fit_and_print_variance: i = 2
family_1/Generation_16/Run_2/Output/library.json
var = 0.12284636554157372
in evo_average_fit_and_print_variance: i = 3
family_1/Generation_16/Run_3/Output/library.json
var = 0.16714424235598127
in evo_average_fit_and_print_variance: i = 4
family_1/Generation_16/Run_4/Output/library.json
var = 0.12723122738017653
0.12284636554157372
0.16714424235598127
0.12723122738017653
MINI NR IS:  1.0
MINI IS:  0.11966596415626289
Cleaning house
Done cleaning house
Generation 17
Delta = 0.19
In rando_specs.py: N_unsuccessful_tries = 9.0
Generation = 17
Random param update (no gradient used)
Changing kin param 0 from 0.1139 to 0.0768
Changing kin param 3 from 0.2398 to 0.2090
Changing kin param 0 from 0.1139 to 0.1032
Changing kin param 3 from 0.2398 to 0.1829
Changing kin param 0 from 0.1139 to 0.0191
Changing kin param 3 from 0.2398 to 0.3021
Changing kin param 0 from 0.1139 to 0.0955
Changing kin param 3 from 0.2398 to 0.2860
Running
Running code
params 5.863176931914053 10 500 2.090471 1.0 1.0 1.0
Dictionaries built!
Converting and writing to json file... Output/library.json
Your work here is done!
params 10.753404932584402 10 500 1.829261 1.0 1.0 1.0
Dictionaries built!
Converting and writing to json file... Output/library.json
Your work here is done!
params 1.5520903545419922 10 500 3.021261 1.0 1.0 1.0
Dictionaries built!
Converting and writing to json file... Output/library.json
Your work here is done!
params 9.009112289600465 10 500 2.859535 1.0 1.0 1.0
Dictionaries built!
Converting and writing to json file... Output/library.json
Your work here is done!
Done running code
Averaging
Runs = 4
in evo_average_fit_and_print_variance: i = 1
family_1/Generation_17/Run_1/Output/library.json
var = 0.12260661840728411
in evo_average_fit_and_print_variance: i = 2
family_1/Generation_17/Run_2/Output/library.json
var = 0.13175159941262368
in evo_average_fit_and_print_variance: i = 3
family_1/Generation_17/Run_3/Output/library.json
var = 0.16202803727004056
in evo_average_fit_and_print_variance: i = 4
family_1/Generation_17/Run_4/Output/library.json
var = 0.12474937653895576
0.13175159941262368
0.16202803727004056
0.12474937653895576
MINI NR IS:  1.0
MINI IS:  0.12260661840728411
Cleaning house
Done cleaning house
Generation 18
Delta = 0.2
In rando_specs.py: N_unsuccessful_tries = 10.0
Generation = 18
Random param update (no gradient used)
Changing kin param 0 from 0.1139 to 0.0224
Changing kin param 3 from 0.2398 to 0.2821
Changing kin param 0 from 0.1139 to 0.0987
Changing kin param 3 from 0.2398 to 0.2816
Changing kin param 0 from 0.1139 to 0.0713
Changing kin param 3 from 0.2398 to 0.2992
Changing kin param 0 from 0.1139 to 0.0746
Changing kin param 3 from 0.2398 to 0.1730
Running
Running code
params 1.6741678589887217 10 500 2.820905 1.0 1.0 1.0
Dictionaries built!
Converting and writing to json file... Output/library.json
Your work here is done!
params 9.70688758254899 10 500 2.815751 1.0 1.0 1.0
Dictionaries built!
Converting and writing to json file... Output/library.json
Your work here is done!
params 5.16007483364539 10 500 2.992478 1.0 1.0 1.0
Dictionaries built!
Converting and writing to json file... Output/library.json
Your work here is done!
params 5.565997411155822 10 500 1.729751 1.0 1.0 1.0
Dictionaries built!
Converting and writing to json file... Output/library.json
Your work here is done!
Done running code
Averaging
Runs = 4
in evo_average_fit_and_print_variance: i = 1
family_1/Generation_18/Run_1/Output/library.json
var = 0.15116874875141056
in evo_average_fit_and_print_variance: i = 2
family_1/Generation_18/Run_2/Output/library.json
var = 0.12399172355264246
in evo_average_fit_and_print_variance: i = 3
family_1/Generation_18/Run_3/Output/library.json
var = 0.138254533623596
in evo_average_fit_and_print_variance: i = 4
family_1/Generation_18/Run_4/Output/library.json
var = 0.13757494570497067
0.12399172355264246
0.138254533623596
0.13757494570497067
MINI NR IS:  2.0
MINI IS:  0.12399172355264246
Cleaning house
Done cleaning house
Generation 19
Delta = 0.21000000000000002
In rando_specs.py: N_unsuccessful_tries = 11.0
Generation = 19
Random param update (no gradient used)
Changing kin param 0 from 0.1139 to 0.1372
Changing kin param 3 from 0.2398 to 0.2081
Changing kin param 0 from 0.1139 to 0.0822
Changing kin param 3 from 0.2398 to 0.3170
Changing kin param 0 from 0.1139 to 0.1336
Changing kin param 3 from 0.2398 to 0.2874
Changing kin param 0 from 0.1139 to 0.0808
Changing kin param 3 from 0.2398 to 0.2192
Running
Running code
params 23.57317064242686 10 500 2.081046 1.0 1.0 1.0
Dictionaries built!
Converting and writing to json file... Output/library.json
Your work here is done!
params 6.643745688050797 10 500 3.170415 1.0 1.0 1.0
Dictionaries built!
Converting and writing to json file... Output/library.json
Your work here is done!
params 21.678089251402433 10 500 2.874275 1.0 1.0 1.0
Dictionaries built!
Converting and writing to json file... Output/library.json
Your work here is done!
params 6.4333473424600776 10 500 2.191962 1.0 1.0 1.0
Dictionaries built!
Converting and writing to json file... Output/library.json
Your work here is done!
Done running code
Averaging
Runs = 4
in evo_average_fit_and_print_variance: i = 1
family_1/Generation_19/Run_1/Output/library.json
var = 0.11880331472660055
in evo_average_fit_and_print_variance: i = 2
family_1/Generation_19/Run_2/Output/library.json
var = 0.14276776427235377
in evo_average_fit_and_print_variance: i = 3
family_1/Generation_19/Run_3/Output/library.json
var = 0.12348647919235961
in evo_average_fit_and_print_variance: i = 4
family_1/Generation_19/Run_4/Output/library.json
var = 0.1242068648193384
0.14276776427235377
0.12348647919235961
0.1242068648193384
MINI NR IS:  1.0
MINI IS:  0.11880331472660055
Cleaning house
Done cleaning house
Generation 20
Delta = 0.22000000000000003
In rando_specs.py: N_unsuccessful_tries = 12.0
Generation = 20
Random param update (no gradient used)
Changing kin param 0 from 0.1139 to 0.0449
Changing kin param 3 from 0.2398 to 0.2240
Changing kin param 0 from 0.1139 to 0.0934
Changing kin param 3 from 0.2398 to 0.2447
Changing kin param 0 from 0.1139 to 0.1069
Changing kin param 3 from 0.2398 to 0.2083
Changing kin param 0 from 0.1139 to 0.0575
Changing kin param 3 from 0.2398 to 0.2180
Running
Running code
params 2.8136171338248235 10 500 2.239983 1.0 1.0 1.0
Dictionaries built!
Converting and writing to json file... Output/library.json
Your work here is done!
params 8.596744114835612 10 500 2.447317 1.0 1.0 1.0
Dictionaries built!
Converting and writing to json file... Output/library.json
Your work here is done!
params 11.727731109083857 10 500 2.082686 1.0 1.0 1.0
Dictionaries built!
Converting and writing to json file... Output/library.json
Your work here is done!
params 3.754870816301734 10 500 2.180456 1.0 1.0 1.0
Dictionaries built!
Converting and writing to json file... Output/library.json
Your work here is done!
Done running code
Averaging
Runs = 4
in evo_average_fit_and_print_variance: i = 1
family_1/Generation_20/Run_1/Output/library.json
var = 0.13276785270742117
in evo_average_fit_and_print_variance: i = 2
family_1/Generation_20/Run_2/Output/library.json
var = 0.11940150183360596
in evo_average_fit_and_print_variance: i = 3
family_1/Generation_20/Run_3/Output/library.json
var = 0.11623583944357319
in evo_average_fit_and_print_variance: i = 4
family_1/Generation_20/Run_4/Output/library.json
var = 0.1326770598060699
0.11940150183360596
0.11623583944357319
0.1326770598060699
MINI NR IS:  3.0
MINI IS:  0.11623583944357319
Cleaning house
Done cleaning house
Generation 21
Delta = 0.23
In rando_specs.py: N_unsuccessful_tries = 13.0
Generation = 21
Random param update (no gradient used)
Changing kin param 0 from 0.1139 to 0.1077
Changing kin param 3 from 0.2398 to 0.2050
Changing kin param 0 from 0.1139 to 0.0591
Changing kin param 3 from 0.2398 to 0.2343
Changing kin param 0 from 0.1139 to 0.2070
Changing kin param 3 from 0.2398 to 0.1679
Changing kin param 0 from 0.1139 to 0.1461
Changing kin param 3 from 0.2398 to 0.1570
Running
Running code
params 11.943620622665895 10 500 2.050014 1.0 1.0 1.0
Dictionaries built!
Converting and writing to json file... Output/library.json
Your work here is done!
params 3.900605241377882 10 500 2.342657 1.0 1.0 1.0
Dictionaries built!
Converting and writing to json file... Output/library.json
Your work here is done!
params 117.5663404790015 10 500 1.678863 1.0 1.0 1.0
Dictionaries built!
Converting and writing to json file... Output/library.json
Your work here is done!
params 28.92504211772434 10 500 1.570285 1.0 1.0 1.0
Dictionaries built!
Converting and writing to json file... Output/library.json
Your work here is done!
Done running code
Averaging
Runs = 4
in evo_average_fit_and_print_variance: i = 1
family_1/Generation_21/Run_1/Output/library.json
var = 0.11619808007273519
in evo_average_fit_and_print_variance: i = 2
family_1/Generation_21/Run_2/Output/library.json
var = 0.12901278019451207
in evo_average_fit_and_print_variance: i = 3
family_1/Generation_21/Run_3/Output/library.json
var = 0.1861476884524707
in evo_average_fit_and_print_variance: i = 4
family_1/Generation_21/Run_4/Output/library.json
var = 0.15277463049540443
0.12901278019451207
0.1861476884524707
0.15277463049540443
MINI NR IS:  1.0
MINI IS:  0.11619808007273519
Cleaning house
Done cleaning house
Generation 22
Delta = 0.24000000000000002
In rando_specs.py: N_unsuccessful_tries = 14.0
Generation = 22
Random param update (no gradient used)
Not changing kin param 0 from 0.1139 to -0.0005
Changing kin param 3 from 0.2398 to 0.2092
Changing kin param 0 from 0.1139 to 0.0673
Changing kin param 3 from 0.2398 to 0.2374
Changing kin param 0 from 0.1139 to 0.1616
Changing kin param 3 from 0.2398 to 0.1360
Changing kin param 0 from 0.1139 to 0.1578
Changing kin param 3 from 0.2398 to 0.2719
Running
Running code
params 13.785800838087244 10 500 2.092357 1.0 1.0 1.0
Dictionaries built!
Converting and writing to json file... Output/library.json
Your work here is done!
params 4.708255257137208 10 500 2.373615 1.0 1.0 1.0
Dictionaries built!
Converting and writing to json file... Output/library.json
Your work here is done!
params 41.31892367784201 10 500 1.36026 1.0 1.0 1.0
Dictionaries built!
Converting and writing to json file... Output/library.json
Your work here is done!
params 37.87224063141706 10 500 2.718969 1.0 1.0 1.0
Dictionaries built!
Converting and writing to json file... Output/library.json
Your work here is done!
Done running code
Averaging
Runs = 4
in evo_average_fit_and_print_variance: i = 1
family_1/Generation_22/Run_1/Output/library.json
var = 0.1167314440534735
in evo_average_fit_and_print_variance: i = 2
family_1/Generation_22/Run_2/Output/library.json
var = 0.12993103491068245
in evo_average_fit_and_print_variance: i = 3
family_1/Generation_22/Run_3/Output/library.json
var = 0.17784158626998858
in evo_average_fit_and_print_variance: i = 4
family_1/Generation_22/Run_4/Output/library.json
var = 0.12153413943774631
0.12993103491068245
0.17784158626998858
0.12153413943774631
MINI NR IS:  1.0
MINI IS:  0.1167314440534735
Cleaning house
Done cleaning house
Generation 23
Delta = 0.25
In rando_specs.py: N_unsuccessful_tries = 15.0
Generation = 23
Random param update (no gradient used)
Changing kin param 0 from 0.1139 to 0.0743
Changing kin param 3 from 0.2398 to 0.1251
Changing kin param 0 from 0.1139 to 0.0125
Changing kin param 3 from 0.2398 to 0.2622
Changing kin param 0 from 0.1139 to 0.1871
Changing kin param 3 from 0.2398 to 0.1625
Changing kin param 0 from 0.1139 to 0.0742
Changing kin param 3 from 0.2398 to 0.2135
Running
Running code
params 5.530749643302753 10 500 1.250725 1.0 1.0 1.0
Dictionaries built!
Converting and writing to json file... Output/library.json
Your work here is done!
params 1.332793911152794 10 500 2.621686 1.0 1.0 1.0
Dictionaries built!
Converting and writing to json file... Output/library.json
Your work here is done!
params 74.36592769221195 10 500 1.624609 1.0 1.0 1.0
Dictionaries built!
Converting and writing to json file... Output/library.json
Your work here is done!
params 5.516911280970285 10 500 2.135341 1.0 1.0 1.0
Dictionaries built!
Converting and writing to json file... Output/library.json
Your work here is done!
Done running code
Averaging
Runs = 4
in evo_average_fit_and_print_variance: i = 1
family_1/Generation_23/Run_1/Output/library.json
var = 0.17890026407152193
in evo_average_fit_and_print_variance: i = 2
family_1/Generation_23/Run_2/Output/library.json
var = 0.15027017052878106
in evo_average_fit_and_print_variance: i = 3
family_1/Generation_23/Run_3/Output/library.json
var = 0.16285219544744228
in evo_average_fit_and_print_variance: i = 4
family_1/Generation_23/Run_4/Output/library.json
var = 0.12522891129718258
0.15027017052878106
0.16285219544744228
0.12522891129718258
MINI NR IS:  4.0
MINI IS:  0.12522891129718258
Cleaning house
Done cleaning house
Generation 24
Delta = 0.26
In rando_specs.py: N_unsuccessful_tries = 16.0
Generation = 24
Random param update (no gradient used)
Changing kin param 0 from 0.1139 to 0.0611
Changing kin param 3 from 0.2398 to 0.3017
Changing kin param 0 from 0.1139 to 0.0707
Changing kin param 3 from 0.2398 to 0.2808
Changing kin param 0 from 0.1139 to 0.1228
Changing kin param 3 from 0.2398 to 0.2200
Changing kin param 0 from 0.1139 to 0.1307
Changing kin param 3 from 0.2398 to 0.2534
Running
Running code
params 4.084613797260826 10 500 3.016813 1.0 1.0 1.0
Dictionaries built!
Converting and writing to json file... Output/library.json
Your work here is done!
params 5.096816523187017 10 500 2.808148 1.0 1.0 1.0
Dictionaries built!
Converting and writing to json file... Output/library.json
Your work here is done!
params 16.8952257854184 10 500 2.200206 1.0 1.0 1.0
Dictionaries built!
Converting and writing to json file... Output/library.json
Your work here is done!
params 20.261099064838838 10 500 2.534224 1.0 1.0 1.0
Dictionaries built!
Converting and writing to json file... Output/library.json
Your work here is done!
Done running code
Averaging
Runs = 4
in evo_average_fit_and_print_variance: i = 1
family_1/Generation_24/Run_1/Output/library.json
var = 0.14360053330485475
in evo_average_fit_and_print_variance: i = 2
family_1/Generation_24/Run_2/Output/library.json
var = 0.13253848467655904
in evo_average_fit_and_print_variance: i = 3
family_1/Generation_24/Run_3/Output/library.json
var = 0.11365139550500117
in evo_average_fit_and_print_variance: i = 4
family_1/Generation_24/Run_4/Output/library.json
var = 0.112308188168334
0.13253848467655904
0.11365139550500117
0.112308188168334
MINI NR IS:  4.0
MINI IS:  0.112308188168334
Cleaning house
Done cleaning house
Generation 25
Delta = 0.27
In rando_specs.py: N_unsuccessful_tries = 17.0
Generation = 25
Random param update (no gradient used)
Changing kin param 0 from 0.1139 to 0.0735
Changing kin param 3 from 0.2398 to 0.1697
Changing kin param 0 from 0.1139 to 0.1145
Changing kin param 3 from 0.2398 to 0.3519
Changing kin param 0 from 0.1139 to 0.0512
Changing kin param 3 from 0.2398 to 0.1897
Changing kin param 0 from 0.1139 to 0.1256
Changing kin param 3 from 0.2398 to 0.1270
Running
Running code
params 5.42773955158036 10 500 1.696902 1.0 1.0 1.0
Dictionaries built!
Converting and writing to json file... Output/library.json
Your work here is done!
params 13.94793773583752 10 500 3.519323 1.0 1.0 1.0
Dictionaries built!
Converting and writing to json file... Output/library.json
Your work here is done!
params 3.254348060919445 10 500 1.897304 1.0 1.0 1.0
Dictionaries built!
Converting and writing to json file... Output/library.json
Your work here is done!
params 18.029845283512884 10 500 1.270458 1.0 1.0 1.0
Dictionaries built!
Converting and writing to json file... Output/library.json
Your work here is done!
Done running code
Averaging
Runs = 4
in evo_average_fit_and_print_variance: i = 1
family_1/Generation_25/Run_1/Output/library.json
var = 0.13941712296536685
in evo_average_fit_and_print_variance: i = 2
family_1/Generation_25/Run_2/Output/library.json
var = 0.13907256511711405
in evo_average_fit_and_print_variance: i = 3
family_1/Generation_25/Run_3/Output/library.json
var = 0.13788766737201352
in evo_average_fit_and_print_variance: i = 4
family_1/Generation_25/Run_4/Output/library.json
var = 0.18491329698936992
0.13907256511711405
0.13788766737201352
0.18491329698936992
MINI NR IS:  3.0
MINI IS:  0.13788766737201352
Cleaning house
Done cleaning house
Generation 26
Delta = 0.28
In rando_specs.py: N_unsuccessful_tries = 18.0
Generation = 26
Random param update (no gradient used)
Not changing kin param 0 from 0.1139 to -0.0129
Changing kin param 3 from 0.2398 to 0.2522
Changing kin param 0 from 0.1139 to 0.1109
Changing kin param 3 from 0.2398 to 0.1442
Changing kin param 0 from 0.1139 to 0.2275
Changing kin param 3 from 0.2398 to 0.0733
Changing kin param 0 from 0.1139 to 0.0579
Changing kin param 3 from 0.2398 to 0.2548
Running
Running code
params 13.785800838087244 10 500 2.522434 1.0 1.0 1.0
Dictionaries built!
Converting and writing to json file... Output/library.json
Your work here is done!
params 12.847156068333492 10 500 1.441672 1.0 1.0 1.0
Dictionaries built!
Converting and writing to json file... Output/library.json
Your work here is done!
params 188.16636704296042 10 500 0.733062 1.0 1.0 1.0
Dictionaries built!
Converting and writing to json file... Output/library.json
Your work here is done!
params 3.79239006346536 10 500 2.547668 1.0 1.0 1.0
Dictionaries built!
Converting and writing to json file... Output/library.json
Your work here is done!
Done running code
Averaging
Runs = 4
in evo_average_fit_and_print_variance: i = 1
family_1/Generation_26/Run_1/Output/library.json
var = 0.11503685506420265
in evo_average_fit_and_print_variance: i = 2
family_1/Generation_26/Run_2/Output/library.json
var = 0.16198753770956403
in evo_average_fit_and_print_variance: i = 3
family_1/Generation_26/Run_3/Output/library.json
var = 0.30764787970416546
in evo_average_fit_and_print_variance: i = 4
family_1/Generation_26/Run_4/Output/library.json
var = 0.13427792177379472
0.16198753770956403
0.30764787970416546
0.13427792177379472
MINI NR IS:  1.0
MINI IS:  0.11503685506420265
Cleaning house
Done cleaning house
Generation 27
Delta = 0.29000000000000004
In rando_specs.py: N_unsuccessful_tries = 19.0
Generation = 27
Random param update (no gradient used)
Changing kin param 0 from 0.1139 to 0.1678
Changing kin param 3 from 0.2398 to 0.0796
Not changing kin param 0 from 0.1139 to -0.0247
Changing kin param 3 from 0.2398 to 0.2104
Changing kin param 0 from 0.1139 to 0.0716
Changing kin param 3 from 0.2398 to 0.4443
Changing kin param 0 from 0.1139 to 0.0170
Changing kin param 3 from 0.2398 to 0.2894
Running
Running code
params 47.60789725664843 10 500 0.795604 1.0 1.0 1.0
Dictionaries built!
Converting and writing to json file... Output/library.json
Your work here is done!
params 13.785800838087244 10 500 2.104321 1.0 1.0 1.0
Dictionaries built!
Converting and writing to json file... Output/library.json
Your work here is done!
params 5.201289177075847 10 500 4.443407 1.0 1.0 1.0
Dictionaries built!
Converting and writing to json file... Output/library.json
Your work here is done!
params 1.4783763282094344 10 500 2.893851 1.0 1.0 1.0
Dictionaries built!
Converting and writing to json file... Output/library.json
Your work here is done!
Done running code
Averaging
Runs = 4
in evo_average_fit_and_print_variance: i = 1
family_1/Generation_27/Run_1/Output/library.json
var = 0.2807143130450305
in evo_average_fit_and_print_variance: i = 2
family_1/Generation_27/Run_2/Output/library.json
var = 0.11505652041408854
in evo_average_fit_and_print_variance: i = 3
family_1/Generation_27/Run_3/Output/library.json
var = 0.18841256461707137
in evo_average_fit_and_print_variance: i = 4
family_1/Generation_27/Run_4/Output/library.json
var = 0.15418442465293167
0.11505652041408854
0.18841256461707137
0.15418442465293167
MINI NR IS:  2.0
MINI IS:  0.11505652041408854
Cleaning house
Done cleaning house
Generation 28
Delta = 0.30000000000000004
In rando_specs.py: N_unsuccessful_tries = 20.0
Generation = 28
Random param update (no gradient used)
Changing kin param 0 from 0.1139 to 0.1898
Changing kin param 3 from 0.2398 to 0.3325
Not changing kin param 0 from 0.1139 to -0.0441
Changing kin param 3 from 0.2398 to 0.2041
Changing kin param 0 from 0.1139 to 0.1133
Changing kin param 3 from 0.2398 to 0.1970
Changing kin param 0 from 0.1139 to 0.1768
Changing kin param 3 from 0.2398 to 0.3483
Running
Running code
params 79.07496347760758 10 500 3.325409 1.0 1.0 1.0
Dictionaries built!
Converting and writing to json file... Output/library.json
Your work here is done!
params 13.785800838087244 10 500 2.040605 1.0 1.0 1.0
Dictionaries built!
Converting and writing to json file... Output/library.json
Your work here is done!
params 13.577662211960465 10 500 1.969638 1.0 1.0 1.0
Dictionaries built!
Converting and writing to json file... Output/library.json
Your work here is done!
params 58.66985299013724 10 500 3.482943 1.0 1.0 1.0
Dictionaries built!
Converting and writing to json file... Output/library.json
Your work here is done!
Done running code
Averaging
Runs = 4
in evo_average_fit_and_print_variance: i = 1
family_1/Generation_28/Run_1/Output/library.json
var = 0.1442893961635399
in evo_average_fit_and_print_variance: i = 2
family_1/Generation_28/Run_2/Output/library.json
var = 0.11681640530533437
in evo_average_fit_and_print_variance: i = 3
family_1/Generation_28/Run_3/Output/library.json
var = 0.11944254564013285
in evo_average_fit_and_print_variance: i = 4
family_1/Generation_28/Run_4/Output/library.json
var = 0.14077769444213475
0.11681640530533437
0.11944254564013285
0.14077769444213475
MINI NR IS:  2.0
MINI IS:  0.11681640530533437
Cleaning house
Done cleaning house
Generation 29
Delta = 0.31000000000000005
In rando_specs.py: N_unsuccessful_tries = 21.0
Generation = 29
Random param update (no gradient used)
Changing kin param 0 from 0.1139 to 0.1427
Changing kin param 3 from 0.2398 to 0.1586
Changing kin param 0 from 0.1139 to 0.0823
Changing kin param 3 from 0.2398 to 0.1296
Changing kin param 0 from 0.1139 to 0.2271
Changing kin param 3 from 0.2398 to 0.3062
Changing kin param 0 from 0.1139 to 0.0876
Changing kin param 3 from 0.2398 to 0.3481
Running
Running code
params 26.7009676134461 10 500 1.586292 1.0 1.0 1.0
Dictionaries built!
Converting and writing to json file... Output/library.json
Your work here is done!
params 6.650587320373767 10 500 1.295588 1.0 1.0 1.0
Dictionaries built!
Converting and writing to json file... Output/library.json
Your work here is done!
params 186.5348576235448 10 500 3.061602 1.0 1.0 1.0
Dictionaries built!
Converting and writing to json file... Output/library.json
Your work here is done!
params 7.518046369329314 10 500 3.481361 1.0 1.0 1.0
Dictionaries built!
Converting and writing to json file... Output/library.json
Your work here is done!
Done running code
Averaging
Runs = 4
in evo_average_fit_and_print_variance: i = 1
family_1/Generation_29/Run_1/Output/library.json
var = 0.14753004094537261
in evo_average_fit_and_print_variance: i = 2
family_1/Generation_29/Run_2/Output/library.json
var = 0.1742908257896907
in evo_average_fit_and_print_variance: i = 3
family_1/Generation_29/Run_3/Output/library.json
var = 0.18660809170727494
in evo_average_fit_and_print_variance: i = 4
family_1/Generation_29/Run_4/Output/library.json
var = 0.15297695809719375
0.1742908257896907
0.18660809170727494
0.15297695809719375
MINI NR IS:  1.0
MINI IS:  0.14753004094537261
Cleaning house
Done cleaning house
Generation 30
Delta = 0.32000000000000006
In rando_specs.py: N_unsuccessful_tries = 22.0
Generation = 30
Random param update (no gradient used)
Changing kin param 0 from 0.1139 to 0.1207
Changing kin param 3 from 0.2398 to 0.1560
Changing kin param 0 from 0.1139 to 0.0978
Changing kin param 3 from 0.2398 to 0.2961
Changing kin param 0 from 0.1139 to 0.1825
Changing kin param 3 from 0.2398 to 0.2090
Changing kin param 0 from 0.1139 to 0.1463
Changing kin param 3 from 0.2398 to 0.3129
Running
Running code
params 16.10949773077438 10 500 1.559894 1.0 1.0 1.0
Dictionaries built!
Converting and writing to json file... Output/library.json
Your work here is done!
params 9.503574859591593 10 500 2.96076 1.0 1.0 1.0
Dictionaries built!
Converting and writing to json file... Output/library.json
Your work here is done!
params 66.89305028727588 10 500 2.089682 1.0 1.0 1.0
Dictionaries built!
Converting and writing to json file... Output/library.json
Your work here is done!
params 29.0517300483957 10 500 3.129338 1.0 1.0 1.0
Dictionaries built!
Converting and writing to json file... Output/library.json
Your work here is done!
Done running code
Averaging
Runs = 4
in evo_average_fit_and_print_variance: i = 1
family_1/Generation_30/Run_1/Output/library.json
var = 0.1453508971297217
in evo_average_fit_and_print_variance: i = 2
family_1/Generation_30/Run_2/Output/library.json
var = 0.12889598643412933
in evo_average_fit_and_print_variance: i = 3
family_1/Generation_30/Run_3/Output/library.json
var = 0.1472304158584461
in evo_average_fit_and_print_variance: i = 4
family_1/Generation_30/Run_4/Output/library.json
var = 0.12399905572296033
0.12889598643412933
0.1472304158584461
0.12399905572296033
MINI NR IS:  4.0
MINI IS:  0.12399905572296033
Cleaning house
Done cleaning house
Generation 31
Delta = 0.33000000000000007
In rando_specs.py: N_unsuccessful_tries = 23.0
Generation = 31
Random param update (no gradient used)
Changing kin param 0 from 0.1139 to 0.1458
Changing kin param 3 from 0.2398 to 0.1658
Changing kin param 0 from 0.1139 to 0.2209
Changing kin param 3 from 0.2398 to 0.3016
Changing kin param 0 from 0.1139 to 0.2147
Changing kin param 3 from 0.2398 to 0.3231
Changing kin param 0 from 0.1139 to 0.0588
Changing kin param 3 from 0.2398 to 0.4211
Running
Running code
params 28.7163342661809 10 500 1.657569 1.0 1.0 1.0
Dictionaries built!
Converting and writing to json file... Output/library.json
Your work here is done!
params 161.7998072845697 10 500 3.01621 1.0 1.0 1.0
Dictionaries built!
Converting and writing to json file... Output/library.json
Your work here is done!
params 140.26134527849868 10 500 3.230686 1.0 1.0 1.0
Dictionaries built!
Converting and writing to json file... Output/library.json
Your work here is done!
params 3.8701250677978507 10 500 4.210904 1.0 1.0 1.0
Dictionaries built!
Converting and writing to json file... Output/library.json
Your work here is done!
Done running code
Averaging
Runs = 4
in evo_average_fit_and_print_variance: i = 1
family_1/Generation_31/Run_1/Output/library.json
var = 0.14274513034659433
in evo_average_fit_and_print_variance: i = 2
family_1/Generation_31/Run_2/Output/library.json
var = 0.1806385538628494
in evo_average_fit_and_print_variance: i = 3
family_1/Generation_31/Run_3/Output/library.json
var = 0.16900601523295122
in evo_average_fit_and_print_variance: i = 4
family_1/Generation_31/Run_4/Output/library.json
var = 0.1889356063683125
0.1806385538628494
0.16900601523295122
0.1889356063683125
MINI NR IS:  1.0
MINI IS:  0.14274513034659433
Cleaning house
Done cleaning house
Generation 32
Delta = 0.3400000000000001
In rando_specs.py: N_unsuccessful_tries = 24.0
Generation = 32
Random param update (no gradient used)
Changing kin param 0 from 0.1139 to 0.1189
Changing kin param 3 from 0.2398 to 0.2287
Changing kin param 0 from 0.1139 to 0.1918
Changing kin param 3 from 0.2398 to 0.3915
Changing kin param 0 from 0.1139 to 0.0888
Changing kin param 3 from 0.2398 to 0.2135
Not changing kin param 0 from 0.1139 to -0.0859
Changing kin param 3 from 0.2398 to 0.2355
Running
Running code
params 15.454465877952025 10 500 2.287257 1.0 1.0 1.0
Dictionaries built!
Converting and writing to json file... Output/library.json
Your work here is done!
params 82.80737162650829 10 500 3.915215 1.0 1.0 1.0
Dictionaries built!
Converting and writing to json file... Output/library.json
Your work here is done!
params 7.728852159089906 10 500 2.134824 1.0 1.0 1.0
Dictionaries built!
Converting and writing to json file... Output/library.json
Your work here is done!
params 13.785800838087244 10 500 2.355148 1.0 1.0 1.0
Dictionaries built!
Converting and writing to json file... Output/library.json
Your work here is done!
Done running code
Averaging
Runs = 4
in evo_average_fit_and_print_variance: i = 1
family_1/Generation_32/Run_1/Output/library.json
var = 0.11347608020298926
in evo_average_fit_and_print_variance: i = 2
family_1/Generation_32/Run_2/Output/library.json
var = 0.14845333606478509
in evo_average_fit_and_print_variance: i = 3
family_1/Generation_32/Run_3/Output/library.json
var = 0.11994551119841779
in evo_average_fit_and_print_variance: i = 4
family_1/Generation_32/Run_4/Output/library.json
var = 0.11350208240939082
0.14845333606478509
0.11994551119841779
0.11350208240939082
MINI NR IS:  1.0
MINI IS:  0.11347608020298926
Cleaning house
Done cleaning house
Generation 33
Delta = 0.35
In rando_specs.py: N_unsuccessful_tries = 25.0
Generation = 33
Random param update (no gradient used)
Changing kin param 0 from 0.1139 to 0.2453
Changing kin param 3 from 0.2398 to 0.2379
Changing kin param 0 from 0.1139 to 0.0656
Changing kin param 3 from 0.2398 to 0.4149
Changing kin param 0 from 0.1139 to 0.0388
Changing kin param 3 from 0.2398 to 0.2659
Changing kin param 0 from 0.1139 to 0.0028
Changing kin param 3 from 0.2398 to 0.2491
Running
Running code
params 283.67691806392634 10 500 2.379478 1.0 1.0 1.0
Dictionaries built!
Converting and writing to json file... Output/library.json
Your work here is done!
params 4.5276932933432565 10 500 4.149231 1.0 1.0 1.0
Dictionaries built!
Converting and writing to json file... Output/library.json
Your work here is done!
params 2.4412991504805497 10 500 2.658944 1.0 1.0 1.0
Dictionaries built!
Converting and writing to json file... Output/library.json
Your work here is done!
params 1.0666034890406924 10 500 2.490767 1.0 1.0 1.0
Dictionaries built!
Converting and writing to json file... Output/library.json
Your work here is done!
Done running code
Averaging
Runs = 4
in evo_average_fit_and_print_variance: i = 1
family_1/Generation_33/Run_1/Output/library.json
var = 0.21818987460107153
in evo_average_fit_and_print_variance: i = 2
family_1/Generation_33/Run_2/Output/library.json
var = 0.1732791149684505
in evo_average_fit_and_print_variance: i = 3
family_1/Generation_33/Run_3/Output/library.json
var = 0.14415311165874534
in evo_average_fit_and_print_variance: i = 4
family_1/Generation_33/Run_4/Output/library.json
var = 0.147086178488035
0.1732791149684505
0.14415311165874534
0.147086178488035
MINI NR IS:  3.0
MINI IS:  0.14415311165874534
Cleaning house
Done cleaning house
Generation 34
Delta = 0.36
In rando_specs.py: N_unsuccessful_tries = 26.0
Generation = 34
Random param update (no gradient used)
Changing kin param 0 from 0.1139 to 0.0626
Changing kin param 3 from 0.2398 to 0.1109
Changing kin param 0 from 0.1139 to 0.0796
Changing kin param 3 from 0.2398 to 0.2500
Changing kin param 0 from 0.1139 to 0.1481
Changing kin param 3 from 0.2398 to 0.2825
Changing kin param 0 from 0.1139 to 0.1232
Changing kin param 3 from 0.2398 to 0.4593
Running
Running code
params 4.224983332466441 10 500 1.10931 1.0 1.0 1.0
Dictionaries built!
Converting and writing to json file... Output/library.json
Your work here is done!
params 6.245266852921074 10 500 2.500155 1.0 1.0 1.0
Dictionaries built!
Converting and writing to json file... Output/library.json
Your work here is done!
params 30.302537684854716 10 500 2.824724 1.0 1.0 1.0
Dictionaries built!
Converting and writing to json file... Output/library.json
Your work here is done!
params 17.07925803729194 10 500 4.593397 1.0 1.0 1.0
Dictionaries built!
Converting and writing to json file... Output/library.json
Your work here is done!
Done running code
Averaging
Runs = 4
in evo_average_fit_and_print_variance: i = 1
family_1/Generation_34/Run_1/Output/library.json
var = 0.2080789287210495
in evo_average_fit_and_print_variance: i = 2
family_1/Generation_34/Run_2/Output/library.json
var = 0.12441936713486507
in evo_average_fit_and_print_variance: i = 3
family_1/Generation_34/Run_3/Output/library.json
var = 0.12011185102170754
in evo_average_fit_and_print_variance: i = 4
family_1/Generation_34/Run_4/Output/library.json
var = 0.16449289324646427
0.12441936713486507
0.12011185102170754
0.16449289324646427
MINI NR IS:  3.0
MINI IS:  0.12011185102170754
Cleaning house
Done cleaning house
Generation 35
Delta = 0.37
In rando_specs.py: N_unsuccessful_tries = 27.0
Generation = 35
Random param update (no gradient used)
Changing kin param 0 from 0.1139 to 0.2678
Changing kin param 3 from 0.2398 to 0.1437
Changing kin param 0 from 0.1139 to 0.1431
Changing kin param 3 from 0.2398 to 0.2818
Changing kin param 0 from 0.1139 to 0.0833
Changing kin param 3 from 0.2398 to 0.1810
Changing kin param 0 from 0.1139 to 0.0880
Changing kin param 3 from 0.2398 to 0.2601
Running
Running code
params 476.28949186826316 10 500 1.436965 1.0 1.0 1.0
Dictionaries built!
Converting and writing to json file... Output/library.json
Your work here is done!
params 26.95280690842339 10 500 2.818081 1.0 1.0 1.0
Dictionaries built!
Converting and writing to json file... Output/library.json
Your work here is done!
params 6.802272095215588 10 500 1.809924 1.0 1.0 1.0
Dictionaries built!
Converting and writing to json file... Output/library.json
Your work here is done!
params 7.58271965958447 10 500 2.601162 1.0 1.0 1.0
Dictionaries built!
Converting and writing to json file... Output/library.json
Your work here is done!
Done running code
Averaging
Runs = 4
in evo_average_fit_and_print_variance: i = 1
family_1/Generation_35/Run_1/Output/library.json
var = 0.2507997758401515
in evo_average_fit_and_print_variance: i = 2
family_1/Generation_35/Run_2/Output/library.json
var = 0.11730121590528166
in evo_average_fit_and_print_variance: i = 3
family_1/Generation_35/Run_3/Output/library.json
var = 0.13149271238056137
in evo_average_fit_and_print_variance: i = 4
family_1/Generation_35/Run_4/Output/library.json
var = 0.12439406801264569
0.11730121590528166
0.13149271238056137
0.12439406801264569
MINI NR IS:  2.0
MINI IS:  0.11730121590528166
Cleaning house
Done cleaning house
Generation 36
Delta = 0.38
In rando_specs.py: N_unsuccessful_tries = 28.0
Generation = 36
Random param update (no gradient used)
Changing kin param 0 from 0.1139 to 0.1090
Changing kin param 3 from 0.2398 to 0.2419
Changing kin param 0 from 0.1139 to 0.0886
Changing kin param 3 from 0.2398 to 0.2963
Changing kin param 0 from 0.1139 to 0.2458
Changing kin param 3 from 0.2398 to 0.2096
Changing kin param 0 from 0.1139 to 0.0608
Changing kin param 3 from 0.2398 to 0.0312
Running
Running code
params 12.295834245316028 10 500 2.418682 1.0 1.0 1.0
Dictionaries built!
Converting and writing to json file... Output/library.json
Your work here is done!
params 7.693057881119889 10 500 2.963208 1.0 1.0 1.0
Dictionaries built!
Converting and writing to json file... Output/library.json
Your work here is done!
params 286.90095904722847 10 500 2.096053 1.0 1.0 1.0
Dictionaries built!
Converting and writing to json file... Output/library.json
Your work here is done!
params 4.052910375249201 10 500 0.312276 1.0 1.0 1.0
Dictionaries built!
Converting and writing to json file... Output/library.json
Your work here is done!
Done running code
Averaging
Runs = 4
in evo_average_fit_and_print_variance: i = 1
family_1/Generation_36/Run_1/Output/library.json
var = 0.11514989923097636
in evo_average_fit_and_print_variance: i = 2
family_1/Generation_36/Run_2/Output/library.json
var = 0.13595680131379342
in evo_average_fit_and_print_variance: i = 3
family_1/Generation_36/Run_3/Output/library.json
var = 0.2189610140554754
in evo_average_fit_and_print_variance: i = 4
family_1/Generation_36/Run_4/Output/library.json
var = 0.44663626048004906
0.13595680131379342
0.2189610140554754
0.44663626048004906
MINI NR IS:  1.0
MINI IS:  0.11514989923097636
Cleaning house
Done cleaning house
Generation 37
Delta = 0.39
In rando_specs.py: N_unsuccessful_tries = 29.0
Generation = 37
Random param update (no gradient used)
Changing kin param 0 from 0.1139 to 0.0744
Changing kin param 3 from 0.2398 to 0.1063
Changing kin param 0 from 0.1139 to 0.1637
Changing kin param 3 from 0.2398 to 0.2232
Changing kin param 0 from 0.1139 to 0.2764
Changing kin param 3 from 0.2398 to 0.2881
Changing kin param 0 from 0.1139 to 0.0018
Changing kin param 3 from 0.2398 to 0.4000
Running
Running code
params 5.541610531751326 10 500 1.063132 1.0 1.0 1.0
Dictionaries built!
Converting and writing to json file... Output/library.json
Your work here is done!
params 43.338113236811964 10 500 2.231606 1.0 1.0 1.0
Dictionaries built!
Converting and writing to json file... Output/library.json
Your work here is done!
params 580.7550567803188 10 500 2.881076 1.0 1.0 1.0
Dictionaries built!
Converting and writing to json file... Output/library.json
Your work here is done!
params 1.0411444778506775 10 500 4.000261 1.0 1.0 1.0
Dictionaries built!
Converting and writing to json file... Output/library.json
Your work here is done!
Done running code
Averaging
Runs = 4
in evo_average_fit_and_print_variance: i = 1
family_1/Generation_37/Run_1/Output/library.json
var = 0.21821640756024746
in evo_average_fit_and_print_variance: i = 2
family_1/Generation_37/Run_2/Output/library.json
var = 0.12777529365431098
in evo_average_fit_and_print_variance: i = 3
family_1/Generation_37/Run_3/Output/library.json
var = 0.24560917654583153
in evo_average_fit_and_print_variance: i = 4
family_1/Generation_37/Run_4/Output/library.json
var = 0.19589089578616214
0.12777529365431098
0.24560917654583153
0.19589089578616214
MINI NR IS:  2.0
MINI IS:  0.12777529365431098
Cleaning house
Done cleaning house
Generation 38
Delta = 0.4
In rando_specs.py: N_unsuccessful_tries = 30.0
Generation = 38
Random param update (no gradient used)
Changing kin param 0 from 0.1139 to 0.0595
Changing kin param 3 from 0.2398 to 0.4151
Changing kin param 0 from 0.1139 to 0.1929
Changing kin param 3 from 0.2398 to 0.2259
Not changing kin param 0 from 0.1139 to -0.1947
Changing kin param 3 from 0.2398 to 0.2211
Changing kin param 0 from 0.1139 to 0.1176
Changing kin param 3 from 0.2398 to 0.2557
Running
Running code
params 3.93738606567217 10 500 4.150914 1.0 1.0 1.0
Dictionaries built!
Converting and writing to json file... Output/library.json
Your work here is done!
params 84.98240158525832 10 500 2.258536 1.0 1.0 1.0
Dictionaries built!
Converting and writing to json file... Output/library.json
Your work here is done!
params 13.785800838087244 10 500 2.210749 1.0 1.0 1.0
Dictionaries built!
Converting and writing to json file... Output/library.json
Your work here is done!
params 15.00406717944699 10 500 2.556696 1.0 1.0 1.0
Dictionaries built!
Converting and writing to json file... Output/library.json
Your work here is done!
Done running code
Averaging
Runs = 4
in evo_average_fit_and_print_variance: i = 1
family_1/Generation_38/Run_1/Output/library.json
var = 0.17953380831162322
in evo_average_fit_and_print_variance: i = 2
family_1/Generation_38/Run_2/Output/library.json
var = 0.15653807933549546
in evo_average_fit_and_print_variance: i = 3
family_1/Generation_38/Run_3/Output/library.json
var = 0.1137470561327959
in evo_average_fit_and_print_variance: i = 4
family_1/Generation_38/Run_4/Output/library.json
var = 0.11296858362643954
0.15653807933549546
0.1137470561327959
0.11296858362643954
MINI NR IS:  4.0
MINI IS:  0.11296858362643954
Cleaning house
Done cleaning house
Generation 39
Delta = 0.41000000000000003
In rando_specs.py: N_unsuccessful_tries = 31.0
Generation = 39
Random param update (no gradient used)
Changing kin param 0 from 0.1139 to 0.0916
Changing kin param 3 from 0.2398 to 0.3082
Changing kin param 0 from 0.1139 to 0.1078
Changing kin param 3 from 0.2398 to 0.2448
Not changing kin param 0 from 0.1139 to -0.0073
Changing kin param 3 from 0.2398 to 0.2548
Changing kin param 0 from 0.1139 to 0.1703
Changing kin param 3 from 0.2398 to 0.0837
Running
Running code
params 8.235443651319285 10 500 3.081753 1.0 1.0 1.0
Dictionaries built!
Converting and writing to json file... Output/library.json
Your work here is done!
params 11.974654727767636 10 500 2.448194 1.0 1.0 1.0
Dictionaries built!
Converting and writing to json file... Output/library.json
Your work here is done!
params 13.785800838087244 10 500 2.54784 1.0 1.0 1.0
Dictionaries built!
Converting and writing to json file... Output/library.json
Your work here is done!
params 50.5187969782142 10 500 0.837167 1.0 1.0 1.0
Dictionaries built!
Converting and writing to json file... Output/library.json
Your work here is done!
Done running code
Averaging
Runs = 4
in evo_average_fit_and_print_variance: i = 1
family_1/Generation_39/Run_1/Output/library.json
var = 0.1335767320702711
in evo_average_fit_and_print_variance: i = 2
family_1/Generation_39/Run_2/Output/library.json
var = 0.11635897275292618
in evo_average_fit_and_print_variance: i = 3
family_1/Generation_39/Run_3/Output/library.json
var = 0.11462655154634499
in evo_average_fit_and_print_variance: i = 4
family_1/Generation_39/Run_4/Output/library.json
var = 0.27184346409834137
0.11635897275292618
0.11462655154634499
0.27184346409834137
MINI NR IS:  3.0
MINI IS:  0.11462655154634499
Cleaning house
Done cleaning house
Generation 40
Delta = 0.42000000000000004
In rando_specs.py: N_unsuccessful_tries = 32.0
Generation = 40
Random param update (no gradient used)
Changing kin param 0 from 0.1139 to 0.1743
Changing kin param 3 from 0.2398 to 0.2956
Changing kin param 0 from 0.1139 to 0.1271
Changing kin param 3 from 0.2398 to 0.3339
Changing kin param 0 from 0.1139 to 0.0228
Changing kin param 3 from 0.2398 to 0.2898
Changing kin param 0 from 0.1139 to 0.2135
Changing kin param 3 from 0.2398 to 0.2656
Running
Running code
params 55.328003618873296 10 500 2.956009 1.0 1.0 1.0
Dictionaries built!
Converting and writing to json file... Output/library.json
Your work here is done!
params 18.643437879771593 10 500 3.338891 1.0 1.0 1.0
Dictionaries built!
Converting and writing to json file... Output/library.json
Your work here is done!
params 1.6900673040670116 10 500 2.898472 1.0 1.0 1.0
Dictionaries built!
Converting and writing to json file... Output/library.json
Your work here is done!
params 136.4017681395879 10 500 2.656179 1.0 1.0 1.0
Dictionaries built!
Converting and writing to json file... Output/library.json
Your work here is done!
Done running code
Averaging
Runs = 4
in evo_average_fit_and_print_variance: i = 1
family_1/Generation_40/Run_1/Output/library.json
var = 0.13353446428067053
in evo_average_fit_and_print_variance: i = 2
family_1/Generation_40/Run_2/Output/library.json
var = 0.1319594577318114
in evo_average_fit_and_print_variance: i = 3
family_1/Generation_40/Run_3/Output/library.json
var = 0.15535177722535054
in evo_average_fit_and_print_variance: i = 4
family_1/Generation_40/Run_4/Output/library.json
var = 0.1686437754398469
0.1319594577318114
0.15535177722535054
0.1686437754398469
MINI NR IS:  2.0
MINI IS:  0.1319594577318114
Cleaning house
Done cleaning house
Generation 41
Delta = 0.43000000000000005
In rando_specs.py: N_unsuccessful_tries = 33.0
Generation = 41
Random param update (no gradient used)
Changing kin param 0 from 0.1139 to 0.1133
Changing kin param 3 from 0.2398 to 0.0959
Changing kin param 0 from 0.1139 to 0.1080
Changing kin param 3 from 0.2398 to 0.3079
Not changing kin param 0 from 0.1139 to -0.1311
Changing kin param 3 from 0.2398 to 0.2685
Changing kin param 0 from 0.1139 to 0.1890
Changing kin param 3 from 0.2398 to 0.1561
Running
Running code
params 13.588546347572139 10 500 0.958522 1.0 1.0 1.0
Dictionaries built!
Converting and writing to json file... Output/library.json
Your work here is done!
params 12.02934553815784 10 500 3.079328 1.0 1.0 1.0
Dictionaries built!
Converting and writing to json file... Output/library.json
Your work here is done!
params 13.785800838087244 10 500 2.684916 1.0 1.0 1.0
Dictionaries built!
Converting and writing to json file... Output/library.json
Your work here is done!
params 77.62006462687113 10 500 1.561002 1.0 1.0 1.0
Dictionaries built!
Converting and writing to json file... Output/library.json
Your work here is done!
Done running code
Averaging
Runs = 4
in evo_average_fit_and_print_variance: i = 1
family_1/Generation_41/Run_1/Output/library.json
var = 0.24106660938860014
in evo_average_fit_and_print_variance: i = 2
family_1/Generation_41/Run_2/Output/library.json
var = 0.12739226038854015
in evo_average_fit_and_print_variance: i = 3
family_1/Generation_41/Run_3/Output/library.json
var = 0.11553539886743854
in evo_average_fit_and_print_variance: i = 4
family_1/Generation_41/Run_4/Output/library.json
var = 0.17561585137710778
0.12739226038854015
0.11553539886743854
0.17561585137710778
MINI NR IS:  3.0
MINI IS:  0.11553539886743854
Cleaning house
Done cleaning house
Generation 42
Delta = 0.44000000000000006
In rando_specs.py: N_unsuccessful_tries = 34.0
Generation = 42
Random param update (no gradient used)
Changing kin param 0 from 0.1139 to 0.0050
Changing kin param 3 from 0.2398 to 0.2782
Changing kin param 0 from 0.1139 to 0.3197
Changing kin param 3 from 0.2398 to 0.3658
Changing kin param 0 from 0.1139 to 0.1160
Changing kin param 3 from 0.2398 to 0.2804
Changing kin param 0 from 0.1139 to 0.0822
Changing kin param 3 from 0.2398 to 0.3132
Running
Running code
params 1.1215690078670415 10 500 2.782426 1.0 1.0 1.0
Dictionaries built!
Converting and writing to json file... Output/library.json
Your work here is done!
params 1573.0154925908203 10 500 3.657833 1.0 1.0 1.0
Dictionaries built!
Converting and writing to json file... Output/library.json
Your work here is done!
params 14.460056836707476 10 500 2.803616 1.0 1.0 1.0
Dictionaries built!
Converting and writing to json file... Output/library.json
Your work here is done!
params 6.644663618844728 10 500 3.132037 1.0 1.0 1.0
Dictionaries built!
Converting and writing to json file... Output/library.json
Your work here is done!
Done running code
Averaging
Runs = 4
in evo_average_fit_and_print_variance: i = 1
family_1/Generation_42/Run_1/Output/library.json
var = 0.15470784889149414
in evo_average_fit_and_print_variance: i = 2
family_1/Generation_42/Run_2/Output/library.json
var = 0.28950822673850984
in evo_average_fit_and_print_variance: i = 3
family_1/Generation_42/Run_3/Output/library.json
var = 0.12084906490824779
in evo_average_fit_and_print_variance: i = 4
family_1/Generation_42/Run_4/Output/library.json
var = 0.14247602987889824
0.28950822673850984
0.12084906490824779
0.14247602987889824
MINI NR IS:  3.0
MINI IS:  0.12084906490824779
Cleaning house
Done cleaning house
Generation 43
Delta = 0.44999999999999996
In rando_specs.py: N_unsuccessful_tries = 35.0
Generation = 43
Random param update (no gradient used)
Changing kin param 0 from 0.1139 to 0.2209
Changing kin param 3 from 0.2398 to 0.0879
Changing kin param 0 from 0.1139 to 0.0216
Changing kin param 3 from 0.2398 to 0.0459
Changing kin param 0 from 0.1139 to 0.2049
Changing kin param 3 from 0.2398 to 0.1172
Changing kin param 0 from 0.1139 to 0.0240
Changing kin param 3 from 0.2398 to 0.2542
Running
Running code
params 161.73648484869693 10 500 0.878927 1.0 1.0 1.0
Dictionaries built!
Converting and writing to json file... Output/library.json
Your work here is done!
params 1.6431302837631705 10 500 0.45873 1.0 1.0 1.0
Dictionaries built!
Converting and writing to json file... Output/library.json
Your work here is done!
params 111.95822384289086 10 500 1.171679 1.0 1.0 1.0
Dictionaries built!
Converting and writing to json file... Output/library.json
Your work here is done!
params 1.737892864174933 10 500 2.541609 1.0 1.0 1.0
Dictionaries built!
Converting and writing to json file... Output/library.json
Your work here is done!
Done running code
Averaging
Runs = 4
in evo_average_fit_and_print_variance: i = 1
family_1/Generation_43/Run_1/Output/library.json
var = 0.27366502339340654
in evo_average_fit_and_print_variance: i = 2
family_1/Generation_43/Run_2/Output/library.json
var = 0.3909969645418197
in evo_average_fit_and_print_variance: i = 3
family_1/Generation_43/Run_3/Output/library.json
var = 0.21411789305349077
in evo_average_fit_and_print_variance: i = 4
family_1/Generation_43/Run_4/Output/library.json
var = 0.14400516222221738
0.3909969645418197
0.21411789305349077
0.14400516222221738
MINI NR IS:  4.0
MINI IS:  0.14400516222221738
Cleaning house
Done cleaning house
Generation 44
Delta = 0.45999999999999996
In rando_specs.py: N_unsuccessful_tries = 36.0
Generation = 44
Random param update (no gradient used)
Changing kin param 0 from 0.1139 to 0.1051
Changing kin param 3 from 0.2398 to 0.1797
Changing kin param 0 from 0.1139 to 0.0187
Changing kin param 3 from 0.2398 to 0.2728
Changing kin param 0 from 0.1139 to 0.1329
Changing kin param 3 from 0.2398 to 0.3359
Changing kin param 0 from 0.1139 to 0.0764
Changing kin param 3 from 0.2398 to 0.3939
Running
Running code
params 11.239008508547938 10 500 1.797046 1.0 1.0 1.0
Dictionaries built!
Converting and writing to json file... Output/library.json
Your work here is done!
params 1.5381192233913337 10 500 2.727566 1.0 1.0 1.0
Dictionaries built!
Converting and writing to json file... Output/library.json
Your work here is done!
params 21.3119898178991 10 500 3.359133 1.0 1.0 1.0
Dictionaries built!
Converting and writing to json file... Output/library.json
Your work here is done!
params 5.808205851358069 10 500 3.93888 1.0 1.0 1.0
Dictionaries built!
Converting and writing to json file... Output/library.json
Your work here is done!
Done running code
Averaging
Runs = 4
in evo_average_fit_and_print_variance: i = 1
family_1/Generation_44/Run_1/Output/library.json
var = 0.12552797747811067
in evo_average_fit_and_print_variance: i = 2
family_1/Generation_44/Run_2/Output/library.json
var = 0.15271485956445044
in evo_average_fit_and_print_variance: i = 3
family_1/Generation_44/Run_3/Output/library.json
var = 0.12863549720747947
in evo_average_fit_and_print_variance: i = 4
family_1/Generation_44/Run_4/Output/library.json
var = 0.17062126031983518
0.15271485956445044
0.12863549720747947
0.17062126031983518
MINI NR IS:  1.0
MINI IS:  0.12552797747811067
Cleaning house
Done cleaning house
Generation 45
Delta = 0.47
In rando_specs.py: N_unsuccessful_tries = 37.0
Generation = 45
Random param update (no gradient used)
Changing kin param 0 from 0.1139 to 0.3579
Changing kin param 3 from 0.2398 to 0.2414
Changing kin param 0 from 0.1139 to 0.1292
Changing kin param 3 from 0.2398 to 0.2378
Changing kin param 0 from 0.1139 to 0.2469
Changing kin param 3 from 0.2398 to 0.3085
Changing kin param 0 from 0.1139 to 0.1979
Changing kin param 3 from 0.2398 to 0.1849
Running
Running code
params 3794.7310423132985 10 500 2.413786 1.0 1.0 1.0
Dictionaries built!
Converting and writing to json file... Output/library.json
Your work here is done!
params 19.58560538502889 10 500 2.378074 1.0 1.0 1.0
Dictionaries built!
Converting and writing to json file... Output/library.json
Your work here is done!
params 294.159582182935 10 500 3.084515 1.0 1.0 1.0
Dictionaries built!
Converting and writing to json file... Output/library.json
Your work here is done!
params 95.38937428415451 10 500 1.848698 1.0 1.0 1.0
Dictionaries built!
Converting and writing to json file... Output/library.json
Your work here is done!
Done running code
Averaging
Runs = 4
in evo_average_fit_and_print_variance: i = 1
family_1/Generation_45/Run_1/Output/library.json
var = 0.3433685985838757
in evo_average_fit_and_print_variance: i = 2
family_1/Generation_45/Run_2/Output/library.json
var = 0.11343971812005484
in evo_average_fit_and_print_variance: i = 3
family_1/Generation_45/Run_3/Output/library.json
var = 0.2069445019881575
in evo_average_fit_and_print_variance: i = 4
family_1/Generation_45/Run_4/Output/library.json
var = 0.163327854390435
0.11343971812005484
0.2069445019881575
0.163327854390435
MINI NR IS:  2.0
MINI IS:  0.11343971812005484
Cleaning house
Done cleaning house
Generation 46
Delta = 0.48
In rando_specs.py: N_unsuccessful_tries = 38.0
Generation = 46
Random param update (no gradient used)
Not changing kin param 0 from 0.1139 to -0.0032
Changing kin param 3 from 0.2398 to 0.1674
Changing kin param 0 from 0.1139 to 0.0738
Changing kin param 3 from 0.2398 to 0.0944
Changing kin param 0 from 0.1139 to 0.1925
Changing kin param 3 from 0.2398 to 0.3002
Changing kin param 0 from 0.1139 to 0.2297
Changing kin param 3 from 0.2398 to 0.3543
Running
Running code
params 13.785800838087244 10 500 1.674072 1.0 1.0 1.0
Dictionaries built!
Converting and writing to json file... Output/library.json
Your work here is done!
params 5.472389488226024 10 500 0.944282 1.0 1.0 1.0
Dictionaries built!
Converting and writing to json file... Output/library.json
Your work here is done!
params 84.13447711713077 10 500 3.00172 1.0 1.0 1.0
Dictionaries built!
Converting and writing to json file... Output/library.json
Your work here is done!
params 198.31930874481282 10 500 3.542862 1.0 1.0 1.0
Dictionaries built!
Converting and writing to json file... Output/library.json
Your work here is done!
Done running code
Averaging
Runs = 4
in evo_average_fit_and_print_variance: i = 1
family_1/Generation_46/Run_1/Output/library.json
var = 0.13712873041056758
in evo_average_fit_and_print_variance: i = 2
family_1/Generation_46/Run_2/Output/library.json
var = 0.24745139684831102
in evo_average_fit_and_print_variance: i = 3
family_1/Generation_46/Run_3/Output/library.json
var = 0.14738723277872934
in evo_average_fit_and_print_variance: i = 4
family_1/Generation_46/Run_4/Output/library.json
var = 0.18407758800553067
0.24745139684831102
0.14738723277872934
0.18407758800553067
MINI NR IS:  1.0
MINI IS:  0.13712873041056758
Cleaning house
Done cleaning house
Generation 47
Delta = 0.49
In rando_specs.py: N_unsuccessful_tries = 39.0
Generation = 47
Random param update (no gradient used)
Changing kin param 0 from 0.1139 to 0.2623
Changing kin param 3 from 0.2398 to 0.3085
Not changing kin param 0 from 0.1139 to -0.0578
Changing kin param 3 from 0.2398 to 0.1711
Changing kin param 0 from 0.1139 to 0.1546
Changing kin param 3 from 0.2398 to 0.2754
Changing kin param 0 from 0.1139 to 0.0981
Not changing kin param 3 from 0.2398 to -0.0534
Running
Running code
params 419.5570276568166 10 500 3.084988 1.0 1.0 1.0
Dictionaries built!
Converting and writing to json file... Output/library.json
Your work here is done!
params 13.785800838087244 10 500 1.710694 1.0 1.0 1.0
Dictionaries built!
Converting and writing to json file... Output/library.json
Your work here is done!
params 35.17563935930336 10 500 2.754495 1.0 1.0 1.0
Dictionaries built!
Converting and writing to json file... Output/library.json
Your work here is done!
params 9.57800368951637 10 500 2.397674 1.0 1.0 1.0
Dictionaries built!
Converting and writing to json file... Output/library.json
Your work here is done!
Done running code
Averaging
Runs = 4
in evo_average_fit_and_print_variance: i = 1
family_1/Generation_47/Run_1/Output/library.json
var = 0.22929558870610364
in evo_average_fit_and_print_variance: i = 2
family_1/Generation_47/Run_2/Output/library.json
var = 0.13164696293397368
in evo_average_fit_and_print_variance: i = 3
family_1/Generation_47/Run_3/Output/library.json
var = 0.12188404234121718
in evo_average_fit_and_print_variance: i = 4
family_1/Generation_47/Run_4/Output/library.json
var = 0.1173364551203731
0.13164696293397368
0.12188404234121718
0.1173364551203731
MINI NR IS:  4.0
MINI IS:  0.1173364551203731
Cleaning house
Done cleaning house
Generation 48
Delta = 0.5
In rando_specs.py: N_unsuccessful_tries = 40.0
Generation = 48
Random param update (no gradient used)
Changing kin param 0 from 0.1139 to 0.2467
Changing kin param 3 from 0.2398 to 0.2522
Changing kin param 0 from 0.1139 to 0.1722
Changing kin param 3 from 0.2398 to 0.2640
Changing kin param 0 from 0.1139 to 0.4180
Changing kin param 3 from 0.2398 to 0.1073
Changing kin param 0 from 0.1139 to 0.1121
Changing kin param 3 from 0.2398 to 0.0954
Running
Running code
params 293.3600696071581 10 500 2.521524 1.0 1.0 1.0
Dictionaries built!
Converting and writing to json file... Output/library.json
Your work here is done!
params 52.744963970103576 10 500 2.639944 1.0 1.0 1.0
Dictionaries built!
Converting and writing to json file... Output/library.json
Your work here is done!
params 15140.457553635011 10 500 1.073198 1.0 1.0 1.0
Dictionaries built!
Converting and writing to json file... Output/library.json
Your work here is done!
params 13.204622806962254 10 500 0.954432 1.0 1.0 1.0
Dictionaries built!
Converting and writing to json file... Output/library.json
Your work here is done!
Done running code
Averaging
Runs = 4
in evo_average_fit_and_print_variance: i = 1
family_1/Generation_48/Run_1/Output/library.json
var = 0.21566549107027086
in evo_average_fit_and_print_variance: i = 2
family_1/Generation_48/Run_2/Output/library.json
var = 0.12954167839743744
in evo_average_fit_and_print_variance: i = 3
family_1/Generation_48/Run_3/Output/library.json
var = 0.3698618431474398
in evo_average_fit_and_print_variance: i = 4
family_1/Generation_48/Run_4/Output/library.json
var = 0.23800436296942915
0.12954167839743744
0.3698618431474398
0.23800436296942915
MINI NR IS:  2.0
MINI IS:  0.12954167839743744
Cleaning house
Done cleaning house
Generation 49
Delta = 0.51
In rando_specs.py: N_unsuccessful_tries = 41.0
Generation = 49
Random param update (no gradient used)
Not changing kin param 0 from 0.1139 to -0.1551
Changing kin param 3 from 0.2398 to 0.0354
Changing kin param 0 from 0.1139 to 0.2704
Changing kin param 3 from 0.2398 to 0.0909
Changing kin param 0 from 0.1139 to 0.0763
Changing kin param 3 from 0.2398 to 0.1556
Changing kin param 0 from 0.1139 to 0.0775
Changing kin param 3 from 0.2398 to 0.3368
Running
Running code
params 13.785800838087244 10 500 0.354217 1.0 1.0 1.0
Dictionaries built!
Converting and writing to json file... Output/library.json
Your work here is done!
params 505.4253261349938 10 500 0.90856 1.0 1.0 1.0
Dictionaries built!
Converting and writing to json file... Output/library.json
Your work here is done!
params 5.798531222683729 10 500 1.556482 1.0 1.0 1.0
Dictionaries built!
Converting and writing to json file... Output/library.json
Your work here is done!
params 5.956086549825901 10 500 3.367919 1.0 1.0 1.0
Dictionaries built!
Converting and writing to json file... Output/library.json
Your work here is done!
Done running code
Averaging
Runs = 4
in evo_average_fit_and_print_variance: i = 1
family_1/Generation_49/Run_1/Output/library.json
var = 0.42665644947311254
in evo_average_fit_and_print_variance: i = 2
family_1/Generation_49/Run_2/Output/library.json
var = 0.28537487127314165
in evo_average_fit_and_print_variance: i = 3
family_1/Generation_49/Run_3/Output/library.json
var = 0.15035328624711145
in evo_average_fit_and_print_variance: i = 4
family_1/Generation_49/Run_4/Output/library.json
var = 0.14583790503507166
0.28537487127314165
0.15035328624711145
0.14583790503507166
MINI NR IS:  4.0
MINI IS:  0.14583790503507166
Cleaning house
Done cleaning house
Generation 50
Delta = 0.52
In rando_specs.py: N_unsuccessful_tries = 42.0
Generation = 50
Random param update (no gradient used)
Changing kin param 0 from 0.1139 to 0.0907
Changing kin param 3 from 0.2398 to 0.0934
Changing kin param 0 from 0.1139 to 0.2696
Changing kin param 3 from 0.2398 to 0.2348
Not changing kin param 0 from 0.1139 to -0.1618
Changing kin param 3 from 0.2398 to 0.0978
Changing kin param 0 from 0.1139 to 0.1640
Changing kin param 3 from 0.2398 to 0.2199
Running
Running code
params 8.074209243845896 10 500 0.933517 1.0 1.0 1.0
Dictionaries built!
Converting and writing to json file... Output/library.json
Your work here is done!
params 496.29511444405415 10 500 2.347792 1.0 1.0 1.0
Dictionaries built!
Converting and writing to json file... Output/library.json
Your work here is done!
params 13.785800838087244 10 500 0.978468 1.0 1.0 1.0
Dictionaries built!
Converting and writing to json file... Output/library.json
Your work here is done!
params 43.68878831970986 10 500 2.198963 1.0 1.0 1.0
Dictionaries built!
Converting and writing to json file... Output/library.json
Your work here is done!
Done running code
Averaging
Runs = 4
in evo_average_fit_and_print_variance: i = 1
family_1/Generation_50/Run_1/Output/library.json
var = 0.24168709236324065
in evo_average_fit_and_print_variance: i = 2
family_1/Generation_50/Run_2/Output/library.json
var = 0.24539978386890265
in evo_average_fit_and_print_variance: i = 3
family_1/Generation_50/Run_3/Output/library.json
var = 0.22958452695976067
in evo_average_fit_and_print_variance: i = 4
family_1/Generation_50/Run_4/Output/library.json
var = 0.12759884794184395
0.24539978386890265
0.22958452695976067
0.12759884794184395
MINI NR IS:  4.0
MINI IS:  0.12759884794184395
Cleaning house
Done cleaning house
Choosing best Gen
BEST FIT
7 	 1 0.11214315308158858
Copying best Gen
--------------
CLEANING UP
--------------
-----------------
DONE CLEANING UP
-----------------
Running final big simulation!
Find results in the folder >>[1m[35m BEST_FIT [0m
