ALL_GOOD_NOW			0

LAST_COMPLETED_GEN		1
LAST_COMPLETED_GEN		2
LAST_COMPLETED_GEN		3
LAST_COMPLETED_GEN		4
LAST_COMPLETED_GEN		5
LAST_COMPLETED_GEN		6
LAST_COMPLETED_GEN		7
LAST_COMPLETED_GEN		8
LAST_COMPLETED_GEN		9
LAST_COMPLETED_GEN		10
LAST_COMPLETED_GEN		11
LAST_COMPLETED_GEN		12
LAST_COMPLETED_GEN		13
LAST_COMPLETED_GEN		14
LAST_COMPLETED_GEN		15
LAST_COMPLETED_GEN		16
LAST_COMPLETED_GEN		17
LAST_COMPLETED_GEN		18
LAST_COMPLETED_GEN		19
LAST_COMPLETED_GEN		20
LAST_COMPLETED_GEN		21
LAST_COMPLETED_GEN		22
LAST_COMPLETED_GEN		23
LAST_COMPLETED_GEN		24
LAST_COMPLETED_GEN		25
LAST_COMPLETED_GEN		26
LAST_COMPLETED_GEN		27
LAST_COMPLETED_GEN		28
LAST_COMPLETED_GEN		29
LAST_COMPLETED_GEN		30
LAST_COMPLETED_GEN		31
LAST_COMPLETED_GEN		32
LAST_COMPLETED_GEN		33
LAST_COMPLETED_GEN		34
LAST_COMPLETED_GEN		35
LAST_COMPLETED_GEN		36
LAST_COMPLETED_GEN		37
LAST_COMPLETED_GEN		38
LAST_COMPLETED_GEN		39
LAST_COMPLETED_GEN		40
LAST_COMPLETED_GEN		41
LAST_COMPLETED_GEN		42
LAST_COMPLETED_GEN		43
LAST_COMPLETED_GEN		44
LAST_COMPLETED_GEN		45
LAST_COMPLETED_GEN		46
LAST_COMPLETED_GEN		47
LAST_COMPLETED_GEN		48
LAST_COMPLETED_GEN		49
LAST_COMPLETED_GEN		50
LAST_COMPLETED_GEN		51
LAST_COMPLETED_GEN		52
LAST_COMPLETED_GEN		53
LAST_COMPLETED_GEN		54
LAST_COMPLETED_GEN		55
LAST_COMPLETED_GEN		56
LAST_COMPLETED_GEN		57
LAST_COMPLETED_GEN		58
LAST_COMPLETED_GEN		59
LAST_COMPLETED_GEN		60
LAST_COMPLETED_GEN		61
LAST_COMPLETED_GEN		62
LAST_COMPLETED_GEN		63
LAST_COMPLETED_GEN		64
LAST_COMPLETED_GEN		65
LAST_COMPLETED_GEN		66
LAST_COMPLETED_GEN		67
LAST_COMPLETED_GEN		68
LAST_COMPLETED_GEN		69
LAST_COMPLETED_GEN		70
LAST_COMPLETED_GEN		71
LAST_COMPLETED_GEN		72
LAST_COMPLETED_GEN		73
LAST_COMPLETED_GEN		74
LAST_COMPLETED_GEN		75
LAST_COMPLETED_GEN		76
LAST_COMPLETED_GEN		77
LAST_COMPLETED_GEN		78
LAST_COMPLETED_GEN		79
LAST_COMPLETED_GEN		80
LAST_COMPLETED_GEN		81
LAST_COMPLETED_GEN		82
LAST_COMPLETED_GEN		83
LAST_COMPLETED_GEN		84
LAST_COMPLETED_GEN		85
LAST_COMPLETED_GEN		86
LAST_COMPLETED_GEN		87
LAST_COMPLETED_GEN		88
LAST_COMPLETED_GEN		89
LAST_COMPLETED_GEN		90
LAST_COMPLETED_GEN		91
LAST_COMPLETED_GEN		92
LAST_COMPLETED_GEN		93
LAST_COMPLETED_GEN		94
LAST_COMPLETED_GEN		95
LAST_COMPLETED_GEN		96
LAST_COMPLETED_GEN		97
LAST_COMPLETED_GEN		98
LAST_COMPLETED_GEN		99
LAST_COMPLETED_GEN		100
ALL_GOOD_NOW			0
LAST_COMPLETED_GEN		1
LAST_COMPLETED_GEN		2
LAST_COMPLETED_GEN		3
LAST_COMPLETED_GEN		4
LAST_COMPLETED_GEN		5
LAST_COMPLETED_GEN		6
LAST_COMPLETED_GEN		7
LAST_COMPLETED_GEN		8
LAST_COMPLETED_GEN		9
LAST_COMPLETED_GEN		10
LAST_COMPLETED_GEN		11
LAST_COMPLETED_GEN		12
LAST_COMPLETED_GEN		13
LAST_COMPLETED_GEN		14
LAST_COMPLETED_GEN		15
LAST_COMPLETED_GEN		16
LAST_COMPLETED_GEN		17
LAST_COMPLETED_GEN		18
LAST_COMPLETED_GEN		19
LAST_COMPLETED_GEN		20
LAST_COMPLETED_GEN		21
LAST_COMPLETED_GEN		22
LAST_COMPLETED_GEN		23
LAST_COMPLETED_GEN		24
LAST_COMPLETED_GEN		25
LAST_COMPLETED_GEN		26
LAST_COMPLETED_GEN		27
LAST_COMPLETED_GEN		28
LAST_COMPLETED_GEN		29
LAST_COMPLETED_GEN		30
LAST_BROKEN_GEN			31
LAST_COMPLETED_GEN		31
LAST_COMPLETED_GEN		32
LAST_COMPLETED_GEN		33
LAST_COMPLETED_GEN		34
LAST_COMPLETED_GEN		35
LAST_COMPLETED_GEN		36
LAST_COMPLETED_GEN		37
LAST_COMPLETED_GEN		38
LAST_COMPLETED_GEN		39
LAST_COMPLETED_GEN		40
LAST_COMPLETED_GEN		41
LAST_COMPLETED_GEN		42
LAST_COMPLETED_GEN		43
LAST_COMPLETED_GEN		44
LAST_COMPLETED_GEN		45
LAST_COMPLETED_GEN		46
LAST_COMPLETED_GEN		47
LAST_COMPLETED_GEN		48
LAST_COMPLETED_GEN		49
LAST_COMPLETED_GEN		50
ALL_GOOD_NOW			0
LAST_COMPLETED_GEN		1
LAST_COMPLETED_GEN		2
LAST_COMPLETED_GEN		3
LAST_COMPLETED_GEN		4
LAST_COMPLETED_GEN		5
LAST_COMPLETED_GEN		6
LAST_COMPLETED_GEN		7
LAST_COMPLETED_GEN		8
LAST_COMPLETED_GEN		9
LAST_COMPLETED_GEN		10
LAST_COMPLETED_GEN		11
LAST_COMPLETED_GEN		12
LAST_COMPLETED_GEN		13
LAST_COMPLETED_GEN		14
LAST_COMPLETED_GEN		15
LAST_COMPLETED_GEN		16
LAST_COMPLETED_GEN		17
LAST_COMPLETED_GEN		18
LAST_BROKEN_GEN			19
LAST_COMPLETED_GEN		19
LAST_COMPLETED_GEN		20
LAST_COMPLETED_GEN		21
LAST_COMPLETED_GEN		22
LAST_COMPLETED_GEN		23
LAST_COMPLETED_GEN		24
LAST_COMPLETED_GEN		25
LAST_COMPLETED_GEN		26
LAST_COMPLETED_GEN		27
LAST_COMPLETED_GEN		28
LAST_COMPLETED_GEN		29
LAST_COMPLETED_GEN		30
LAST_COMPLETED_GEN		31
LAST_COMPLETED_GEN		32
LAST_COMPLETED_GEN		33
LAST_COMPLETED_GEN		34
LAST_COMPLETED_GEN		35
LAST_COMPLETED_GEN		36
LAST_COMPLETED_GEN		37
LAST_COMPLETED_GEN		38
LAST_COMPLETED_GEN		39
LAST_COMPLETED_GEN		40
LAST_COMPLETED_GEN		41
LAST_COMPLETED_GEN		42
LAST_COMPLETED_GEN		43
LAST_COMPLETED_GEN		44
LAST_COMPLETED_GEN		45
LAST_BROKEN_GEN			46
LAST_COMPLETED_GEN		46
LAST_COMPLETED_GEN		47
LAST_COMPLETED_GEN		48
LAST_COMPLETED_GEN		49
LAST_COMPLETED_GEN		50
ALL_GOOD_NOW			0
