ALL_GOOD_NOW			0

LAST_COMPLETED_GEN		1
LAST_COMPLETED_GEN		2
LAST_COMPLETED_GEN		3
LAST_COMPLETED_GEN		4
LAST_COMPLETED_GEN		5
LAST_COMPLETED_GEN		6
LAST_COMPLETED_GEN		7
LAST_COMPLETED_GEN		8
LAST_COMPLETED_GEN		9
LAST_COMPLETED_GEN		10
LAST_COMPLETED_GEN		11
LAST_COMPLETED_GEN		12
LAST_COMPLETED_GEN		13
LAST_COMPLETED_GEN		14
LAST_COMPLETED_GEN		15
LAST_COMPLETED_GEN		16
LAST_COMPLETED_GEN		17
LAST_COMPLETED_GEN		18
LAST_COMPLETED_GEN		19
LAST_COMPLETED_GEN		20
LAST_COMPLETED_GEN		21
LAST_COMPLETED_GEN		22
LAST_COMPLETED_GEN		23
LAST_COMPLETED_GEN		24
LAST_COMPLETED_GEN		25
LAST_COMPLETED_GEN		26
LAST_COMPLETED_GEN		27
LAST_COMPLETED_GEN		28
LAST_COMPLETED_GEN		29
LAST_COMPLETED_GEN		30
LAST_COMPLETED_GEN		31
LAST_BROKEN_GEN			32
LAST_COMPLETED_GEN		32
LAST_COMPLETED_GEN		33
LAST_BROKEN_GEN			34
LAST_COMPLETED_GEN		34
LAST_COMPLETED_GEN		35
LAST_COMPLETED_GEN		36
LAST_COMPLETED_GEN		37
LAST_COMPLETED_GEN		38
LAST_COMPLETED_GEN		39
LAST_COMPLETED_GEN		40
LAST_COMPLETED_GEN		41
LAST_COMPLETED_GEN		42
LAST_COMPLETED_GEN		43
LAST_COMPLETED_GEN		44
LAST_COMPLETED_GEN		45
LAST_COMPLETED_GEN		46
LAST_COMPLETED_GEN		47
LAST_COMPLETED_GEN		48
LAST_COMPLETED_GEN		49
LAST_COMPLETED_GEN		50
ALL_GOOD_NOW			0
