--------------------------------------------
number of families: 1
Generations per family: 50
Sub-folders per generation: 4
DELTA: 0.1
cores to be used: 25
Number of runs to use in a sample: 50
Grid search option: 1
Grid search degrees of freedom: 3 (ignored if Grid search option is not 0)
--------------------------------------------
--------------
CLEANING UP
--------------
-----------------
DONE CLEANING UP
-----------------
Minimum is  0.28555296989895906
---------------------------------------------
Starting parameters for fitting are set as: 
Monomer addition rate (10^x) 1.0
Minimum Monomers:  10
Maximum Monomers:  500
SG Ratio:  3.0
GG Scaling Parameter:  1
SS Scaling Parameter:  1
SG Scaling Parameter:  1
---------------------------------------------
Generation 1
Delta = 0.1
In rando_specs.py: N_unsuccessful_tries = 0.0
Generation = 1
Random param update (no gradient used)
Changing kin param 0 from 0.1000 to 0.1089
Changing kin param 3 from 0.3000 to 0.3278
Changing kin param 0 from 0.1000 to 0.1144
Changing kin param 3 from 0.3000 to 0.2974
Changing kin param 0 from 0.1000 to 0.0998
Changing kin param 3 from 0.3000 to 0.3224
Changing kin param 0 from 0.1000 to 0.1063
Changing kin param 3 from 0.3000 to 0.2894
Running
Running code
params 12.280017904069162 10 500 3.277822 1.0 1.0 1.0
Dictionaries built!
Converting and writing to json file... Output/library.json
Your work here is done!
params 13.934038302241804 10 500 2.974213 1.0 1.0 1.0
Dictionaries built!
Converting and writing to json file... Output/library.json
Your work here is done!
params 9.959304250552249 10 500 3.223904 1.0 1.0 1.0
Dictionaries built!
Converting and writing to json file... Output/library.json
Your work here is done!
params 11.5567574893483 10 500 2.894048 1.0 1.0 1.0
Dictionaries built!
Converting and writing to json file... Output/library.json
Your work here is done!
Done running code
Averaging
Runs = 4
in evo_average_fit_and_print_variance: i = 1
family_1/Generation_1/Run_1/Output/library.json
var = 0.28364162325865455
in evo_average_fit_and_print_variance: i = 2
family_1/Generation_1/Run_2/Output/library.json
var = 0.2745748509413053
in evo_average_fit_and_print_variance: i = 3
family_1/Generation_1/Run_3/Output/library.json
var = 0.2917280693734935
in evo_average_fit_and_print_variance: i = 4
family_1/Generation_1/Run_4/Output/library.json
var = 0.2840793067093675
0.2745748509413053
0.2917280693734935
0.2840793067093675
MINI NR IS:  2.0
MINI IS:  0.2745748509413053
mini_difference pct = 0.03844512267387134
Cleaning house
Done cleaning house
Generation 2
Delta = 0.1
In rando_specs.py: N_unsuccessful_tries = 0.0
Generation = 2
Gradient param update
CALCULATING GRADIENT
Relative mins:  [0. 1. 1. 0. 1. 1. 1.]
old kins:  [0.1 1.  1.  0.3 1.  1.  1. ]
new kins:  [0.1144077 1.        1.        0.2974213 1.        1.        1.       ]
Gradient values  [-0.7619620064271215, 0.0, 0.0, 4.257230387404538, 0.0, 0.0, 0.0]
-0.7619620064271215
Not changing kin param 0 from 0.1144 to -0.0872
4.257230387404538
Not changing kin param 3 from 0.2974 to 1.2662
-0.7619620064271215
Not changing kin param 0 from 0.1144 to -0.0872
4.257230387404538
Not changing kin param 3 from 0.2974 to 1.2662
-0.7619620064271215
Not changing kin param 0 from 0.1144 to -0.0872
4.257230387404538
Not changing kin param 3 from 0.2974 to 1.2662
-0.7619620064271215
Not changing kin param 0 from 0.1144 to -0.0872
4.257230387404538
Not changing kin param 3 from 0.2974 to 1.2662
Running
Running code
params 13.934038302241804 10 500 2.974213 1.0 1.0 1.0
Dictionaries built!
Converting and writing to json file... Output/library.json
Your work here is done!
params 13.934038302241804 10 500 2.974213 1.0 1.0 1.0
Dictionaries built!
Converting and writing to json file... Output/library.json
Your work here is done!
params 13.934038302241804 10 500 2.974213 1.0 1.0 1.0
Dictionaries built!
Converting and writing to json file... Output/library.json
Your work here is done!
params 13.934038302241804 10 500 2.974213 1.0 1.0 1.0
Dictionaries built!
Converting and writing to json file... Output/library.json
Your work here is done!
Done running code
Averaging
Runs = 4
in evo_average_fit_and_print_variance: i = 1
family_1/Generation_2/Run_1/Output/library.json
var = 0.27464308475332655
in evo_average_fit_and_print_variance: i = 2
family_1/Generation_2/Run_2/Output/library.json
var = 0.280528429406299
in evo_average_fit_and_print_variance: i = 3
family_1/Generation_2/Run_3/Output/library.json
var = 0.27800634620823045
in evo_average_fit_and_print_variance: i = 4
family_1/Generation_2/Run_4/Output/library.json
var = 0.27439564722713855
0.280528429406299
0.27800634620823045
0.27439564722713855
MINI NR IS:  4.0
MINI IS:  0.27439564722713855
mini_difference pct = 0.000652655452097783
Cleaning house
Done cleaning house
Generation 3
Delta = 0.1
In rando_specs.py: N_unsuccessful_tries = 0.0
Generation = 3
Gradient param update
CALCULATING GRADIENT
Relative mins:  [0. 1. 1. 0. 1. 1. 1.]
old kins:  [0.1144077 1.        1.        0.2974213 1.        1.        1.       ]
new kins:  [0.1144077 1.        1.        0.2974213 1.        1.        1.       ]
Gradient values  [0.0, 0.0, 0.0, 0.0, 0.0, 0.0, 0.0]
0.0
Not changing kin param 0 from 0.1144 to 0.0000
0.0
Not changing kin param 3 from 0.2974 to 0.0000
0.0
Not changing kin param 0 from 0.1144 to 0.0000
0.0
Not changing kin param 3 from 0.2974 to 0.0000
0.0
Not changing kin param 0 from 0.1144 to 0.0000
0.0
Not changing kin param 3 from 0.2974 to 0.0000
0.0
Not changing kin param 0 from 0.1144 to 0.0000
0.0
Not changing kin param 3 from 0.2974 to 0.0000
Running
Running code
params 13.934038302241804 10 500 2.974213 1.0 1.0 1.0
Dictionaries built!
Converting and writing to json file... Output/library.json
Your work here is done!
params 13.934038302241804 10 500 2.974213 1.0 1.0 1.0
Dictionaries built!
Converting and writing to json file... Output/library.json
Your work here is done!
params 13.934038302241804 10 500 2.974213 1.0 1.0 1.0
Dictionaries built!
Converting and writing to json file... Output/library.json
Your work here is done!
params 13.934038302241804 10 500 2.974213 1.0 1.0 1.0
Dictionaries built!
Converting and writing to json file... Output/library.json
Your work here is done!
Done running code
Averaging
Runs = 4
in evo_average_fit_and_print_variance: i = 1
family_1/Generation_3/Run_1/Output/library.json
var = 0.2708628281477534
in evo_average_fit_and_print_variance: i = 2
family_1/Generation_3/Run_2/Output/library.json
var = 0.2770318258658715
in evo_average_fit_and_print_variance: i = 3
family_1/Generation_3/Run_3/Output/library.json
var = 0.2767182524379481
in evo_average_fit_and_print_variance: i = 4
family_1/Generation_3/Run_4/Output/library.json
var = 0.27620119824615735
0.2770318258658715
0.2767182524379481
0.27620119824615735
MINI NR IS:  1.0
MINI IS:  0.2708628281477534
mini_difference pct = 0.012874919308110645
Cleaning house
Done cleaning house
Generation 4
Delta = 0.1
In rando_specs.py: N_unsuccessful_tries = 0.0
Generation = 4
Gradient param update
CALCULATING GRADIENT
Relative mins:  [0. 1. 1. 0. 1. 1. 1.]
old kins:  [0.1144077 1.        1.        0.2974213 1.        1.        1.       ]
new kins:  [0.1144077 1.        1.        0.2974213 1.        1.        1.       ]
Gradient values  [0.0, 0.0, 0.0, 0.0, 0.0, 0.0, 0.0]
0.0
Not changing kin param 0 from 0.1144 to 0.0000
0.0
Not changing kin param 3 from 0.2974 to 0.0000
0.0
Not changing kin param 0 from 0.1144 to 0.0000
0.0
Not changing kin param 3 from 0.2974 to 0.0000
0.0
Not changing kin param 0 from 0.1144 to 0.0000
0.0
Not changing kin param 3 from 0.2974 to 0.0000
0.0
Not changing kin param 0 from 0.1144 to 0.0000
0.0
Not changing kin param 3 from 0.2974 to 0.0000
Running
Running code
params 13.934038302241804 10 500 2.974213 1.0 1.0 1.0
Dictionaries built!
Converting and writing to json file... Output/library.json
Your work here is done!
params 13.934038302241804 10 500 2.974213 1.0 1.0 1.0
Dictionaries built!
Converting and writing to json file... Output/library.json
Your work here is done!
params 13.934038302241804 10 500 2.974213 1.0 1.0 1.0
Dictionaries built!
Converting and writing to json file... Output/library.json
Your work here is done!
params 13.934038302241804 10 500 2.974213 1.0 1.0 1.0
Dictionaries built!
Converting and writing to json file... Output/library.json
Your work here is done!
Done running code
Averaging
Runs = 4
in evo_average_fit_and_print_variance: i = 1
family_1/Generation_4/Run_1/Output/library.json
var = 0.2753117429236232
in evo_average_fit_and_print_variance: i = 2
family_1/Generation_4/Run_2/Output/library.json
var = 0.2699832723010538
in evo_average_fit_and_print_variance: i = 3
family_1/Generation_4/Run_3/Output/library.json
var = 0.27668560470693615
in evo_average_fit_and_print_variance: i = 4
family_1/Generation_4/Run_4/Output/library.json
var = 0.2736994853224042
0.2699832723010538
0.27668560470693615
0.2736994853224042
MINI NR IS:  2.0
MINI IS:  0.2699832723010538
mini_difference pct = 0.0032472439978058617
Cleaning house
Done cleaning house
Generation 5
Delta = 0.1
In rando_specs.py: N_unsuccessful_tries = 0.0
Generation = 5
Gradient param update
CALCULATING GRADIENT
Relative mins:  [0. 1. 1. 0. 1. 1. 1.]
old kins:  [0.1144077 1.        1.        0.2974213 1.        1.        1.       ]
new kins:  [0.1144077 1.        1.        0.2974213 1.        1.        1.       ]
Gradient values  [0.0, 0.0, 0.0, 0.0, 0.0, 0.0, 0.0]
0.0
Not changing kin param 0 from 0.1144 to 0.0000
0.0
Not changing kin param 3 from 0.2974 to 0.0000
0.0
Not changing kin param 0 from 0.1144 to 0.0000
0.0
Not changing kin param 3 from 0.2974 to 0.0000
0.0
Not changing kin param 0 from 0.1144 to 0.0000
0.0
Not changing kin param 3 from 0.2974 to 0.0000
0.0
Not changing kin param 0 from 0.1144 to 0.0000
0.0
Not changing kin param 3 from 0.2974 to 0.0000
Running
Running code
params 13.934038302241804 10 500 2.974213 1.0 1.0 1.0
Dictionaries built!
Converting and writing to json file... Output/library.json
Your work here is done!
params 13.934038302241804 10 500 2.974213 1.0 1.0 1.0
Dictionaries built!
Converting and writing to json file... Output/library.json
Your work here is done!
params 13.934038302241804 10 500 2.974213 1.0 1.0 1.0
Dictionaries built!
Converting and writing to json file... Output/library.json
Your work here is done!
params 13.934038302241804 10 500 2.974213 1.0 1.0 1.0
Dictionaries built!
Converting and writing to json file... Output/library.json
Your work here is done!
Done running code
Averaging
Runs = 4
in evo_average_fit_and_print_variance: i = 1
family_1/Generation_5/Run_1/Output/library.json
var = 0.26861970770571
in evo_average_fit_and_print_variance: i = 2
family_1/Generation_5/Run_2/Output/library.json
var = 0.2740520725541521
in evo_average_fit_and_print_variance: i = 3
family_1/Generation_5/Run_3/Output/library.json
var = 0.2729887193065625
in evo_average_fit_and_print_variance: i = 4
family_1/Generation_5/Run_4/Output/library.json
var = 0.27433583465844275
0.2740520725541521
0.2729887193065625
0.27433583465844275
MINI NR IS:  1.0
MINI IS:  0.26861970770571
mini_difference pct = 0.005050543666242807
Cleaning house
Done cleaning house
Generation 6
Delta = 0.1
In rando_specs.py: N_unsuccessful_tries = 0.0
Generation = 6
Gradient param update
CALCULATING GRADIENT
Relative mins:  [0. 1. 1. 0. 1. 1. 1.]
old kins:  [0.1144077 1.        1.        0.2974213 1.        1.        1.       ]
new kins:  [0.1144077 1.        1.        0.2974213 1.        1.        1.       ]
Gradient values  [0.0, 0.0, 0.0, 0.0, 0.0, 0.0, 0.0]
0.0
Not changing kin param 0 from 0.1144 to 0.0000
0.0
Not changing kin param 3 from 0.2974 to 0.0000
0.0
Not changing kin param 0 from 0.1144 to 0.0000
0.0
Not changing kin param 3 from 0.2974 to 0.0000
0.0
Not changing kin param 0 from 0.1144 to 0.0000
0.0
Not changing kin param 3 from 0.2974 to 0.0000
0.0
Not changing kin param 0 from 0.1144 to 0.0000
0.0
Not changing kin param 3 from 0.2974 to 0.0000
Running
Running code
params 13.934038302241804 10 500 2.974213 1.0 1.0 1.0
Dictionaries built!
Converting and writing to json file... Output/library.json
Your work here is done!
params 13.934038302241804 10 500 2.974213 1.0 1.0 1.0
Dictionaries built!
Converting and writing to json file... Output/library.json
Your work here is done!
params 13.934038302241804 10 500 2.974213 1.0 1.0 1.0
Dictionaries built!
Converting and writing to json file... Output/library.json
Your work here is done!
params 13.934038302241804 10 500 2.974213 1.0 1.0 1.0
Dictionaries built!
Converting and writing to json file... Output/library.json
Your work here is done!
Done running code
Averaging
Runs = 4
in evo_average_fit_and_print_variance: i = 1
family_1/Generation_6/Run_1/Output/library.json
var = 0.27650029730983977
in evo_average_fit_and_print_variance: i = 2
family_1/Generation_6/Run_2/Output/library.json
var = 0.27663388416260365
in evo_average_fit_and_print_variance: i = 3
family_1/Generation_6/Run_3/Output/library.json
var = 0.27283636467301153
in evo_average_fit_and_print_variance: i = 4
family_1/Generation_6/Run_4/Output/library.json
var = 0.2763413601640734
0.27663388416260365
0.27283636467301153
0.2763413601640734
MINI NR IS:  3.0
MINI IS:  0.27283636467301153
Cleaning house
Done cleaning house
Generation 7
Delta = 0.1
In rando_specs.py: N_unsuccessful_tries = 1.0
Generation = 7
Random param update (no gradient used)
Changing kin param 0 from 0.1144 to 0.1113
Changing kin param 3 from 0.2974 to 0.3150
Changing kin param 0 from 0.1144 to 0.0858
Changing kin param 3 from 0.2974 to 0.3159
Changing kin param 0 from 0.1144 to 0.1082
Changing kin param 3 from 0.2974 to 0.2885
Changing kin param 0 from 0.1144 to 0.0962
Changing kin param 3 from 0.2974 to 0.3010
Running
Running code
params 12.961462270330857 10 500 3.149826 1.0 1.0 1.0
Dictionaries built!
Converting and writing to json file... Output/library.json
Your work here is done!
params 7.2083024379676806 10 500 3.15918 1.0 1.0 1.0
Dictionaries built!
Converting and writing to json file... Output/library.json
Your work here is done!
params 12.08047469607585 10 500 2.88512 1.0 1.0 1.0
Dictionaries built!
Converting and writing to json file... Output/library.json
Your work here is done!
params 9.172167983310938 10 500 3.009713 1.0 1.0 1.0
Dictionaries built!
Converting and writing to json file... Output/library.json
Your work here is done!
Done running code
Averaging
Runs = 4
in evo_average_fit_and_print_variance: i = 1
family_1/Generation_7/Run_1/Output/library.json
var = 0.27851318607066394
in evo_average_fit_and_print_variance: i = 2
family_1/Generation_7/Run_2/Output/library.json
var = 0.3024356974557044
in evo_average_fit_and_print_variance: i = 3
family_1/Generation_7/Run_3/Output/library.json
var = 0.2796840095735721
in evo_average_fit_and_print_variance: i = 4
family_1/Generation_7/Run_4/Output/library.json
var = 0.29276293897506284
0.3024356974557044
0.2796840095735721
0.29276293897506284
MINI NR IS:  1.0
MINI IS:  0.27851318607066394
Cleaning house
Done cleaning house
Generation 8
Delta = 0.1
In rando_specs.py: N_unsuccessful_tries = 2.0
Generation = 8
Random param update (no gradient used)
Changing kin param 0 from 0.1144 to 0.1046
Changing kin param 3 from 0.2974 to 0.2946
Changing kin param 0 from 0.1144 to 0.1012
Changing kin param 3 from 0.2974 to 0.2522
Changing kin param 0 from 0.1144 to 0.1107
Changing kin param 3 from 0.2974 to 0.2617
Changing kin param 0 from 0.1144 to 0.1531
Changing kin param 3 from 0.2974 to 0.2961
Running
Running code
params 11.116216588838673 10 500 2.946476 1.0 1.0 1.0
Dictionaries built!
Converting and writing to json file... Output/library.json
Your work here is done!
params 10.283690557914863 10 500 2.522315 1.0 1.0 1.0
Dictionaries built!
Converting and writing to json file... Output/library.json
Your work here is done!
params 12.792958763645181 10 500 2.617471 1.0 1.0 1.0
Dictionaries built!
Converting and writing to json file... Output/library.json
Your work here is done!
params 33.99202206562273 10 500 2.960996 1.0 1.0 1.0
Dictionaries built!
Converting and writing to json file... Output/library.json
Your work here is done!
Done running code
Averaging
Runs = 4
in evo_average_fit_and_print_variance: i = 1
family_1/Generation_8/Run_1/Output/library.json
var = 0.28306158200938936
in evo_average_fit_and_print_variance: i = 2
family_1/Generation_8/Run_2/Output/library.json
var = 0.2888113331334012
in evo_average_fit_and_print_variance: i = 3
family_1/Generation_8/Run_3/Output/library.json
var = 0.2770814870366488
in evo_average_fit_and_print_variance: i = 4
family_1/Generation_8/Run_4/Output/library.json
var = 0.23058158666938927
0.2888113331334012
0.2770814870366488
0.23058158666938927
MINI NR IS:  4.0
MINI IS:  0.23058158666938927
mini_difference pct = 0.141605853608474
Cleaning house
Done cleaning house
Generation 9
Delta = 0.1
In rando_specs.py: N_unsuccessful_tries = 0.0
Generation = 9
Gradient param update
CALCULATING GRADIENT
Relative mins:  [0. 1. 1. 0. 1. 1. 1.]
old kins:  [0.1144077 1.        1.        0.2974213 1.        1.        1.       ]
new kins:  [0.1531377 1.        1.        0.2960996 1.        1.        1.       ]
Gradient values  [-0.982135812032017, 0.0, 0.0, 28.779692819853636, 0.0, 0.0, 0.0]
-0.982135812032017
Not changing kin param 0 from 0.1531 to -0.1504
28.779692819853636
Not changing kin param 3 from 0.2961 to 8.5217
-0.982135812032017
Not changing kin param 0 from 0.1531 to -0.1504
28.779692819853636
Not changing kin param 3 from 0.2961 to 8.5217
-0.982135812032017
Not changing kin param 0 from 0.1531 to -0.1504
28.779692819853636
Not changing kin param 3 from 0.2961 to 8.5217
-0.982135812032017
Not changing kin param 0 from 0.1531 to -0.1504
28.779692819853636
Not changing kin param 3 from 0.2961 to 8.5217
Running
Running code
params 33.99202206562273 10 500 2.960996 1.0 1.0 1.0
Dictionaries built!
Converting and writing to json file... Output/library.json
Your work here is done!
params 33.99202206562273 10 500 2.960996 1.0 1.0 1.0
Dictionaries built!
Converting and writing to json file... Output/library.json
Your work here is done!
params 33.99202206562273 10 500 2.960996 1.0 1.0 1.0
Dictionaries built!
Converting and writing to json file... Output/library.json
Your work here is done!
params 33.99202206562273 10 500 2.960996 1.0 1.0 1.0
Dictionaries built!
Converting and writing to json file... Output/library.json
Your work here is done!
Done running code
Averaging
Runs = 4
in evo_average_fit_and_print_variance: i = 1
family_1/Generation_9/Run_1/Output/library.json
var = 0.22722306664385233
in evo_average_fit_and_print_variance: i = 2
family_1/Generation_9/Run_2/Output/library.json
var = 0.2321488763983291
in evo_average_fit_and_print_variance: i = 3
family_1/Generation_9/Run_3/Output/library.json
var = 0.2310581014269932
in evo_average_fit_and_print_variance: i = 4
family_1/Generation_9/Run_4/Output/library.json
var = 0.23136580962171918
0.2321488763983291
0.2310581014269932
0.23136580962171918
MINI NR IS:  1.0
MINI IS:  0.22722306664385233
mini_difference pct = 0.014565444518565724
Cleaning house
Done cleaning house
Generation 10
Delta = 0.1
In rando_specs.py: N_unsuccessful_tries = 0.0
Generation = 10
Gradient param update
CALCULATING GRADIENT
Relative mins:  [0. 1. 1. 0. 1. 1. 1.]
old kins:  [0.1531377 1.        1.        0.2960996 1.        1.        1.       ]
new kins:  [0.1531377 1.        1.        0.2960996 1.        1.        1.       ]
Gradient values  [0.0, 0.0, 0.0, 0.0, 0.0, 0.0, 0.0]
0.0
Not changing kin param 0 from 0.1531 to 0.0000
0.0
Not changing kin param 3 from 0.2961 to 0.0000
0.0
Not changing kin param 0 from 0.1531 to 0.0000
0.0
Not changing kin param 3 from 0.2961 to 0.0000
0.0
Not changing kin param 0 from 0.1531 to 0.0000
0.0
Not changing kin param 3 from 0.2961 to 0.0000
0.0
Not changing kin param 0 from 0.1531 to 0.0000
0.0
Not changing kin param 3 from 0.2961 to 0.0000
Running
Running code
params 33.99202206562273 10 500 2.960996 1.0 1.0 1.0
Dictionaries built!
Converting and writing to json file... Output/library.json
Your work here is done!
params 33.99202206562273 10 500 2.960996 1.0 1.0 1.0
Dictionaries built!
Converting and writing to json file... Output/library.json
Your work here is done!
params 33.99202206562273 10 500 2.960996 1.0 1.0 1.0
params 33.99202206562273 10 500 2.960996 1.0 1.0 1.0
Dictionaries built!
Converting and writing to json file... Output/library.json
Your work here is done!
Done running code
Averaging
Runs = 4
in evo_average_fit_and_print_variance: i = 1
family_1/Generation_10/Run_1/Output/library.json
var = 0.23053689248905002
in evo_average_fit_and_print_variance: i = 2
family_1/Generation_10/Run_2/Output/library.json
var = 0.22767469375106889
in evo_average_fit_and_print_variance: i = 3
family_1/Generation_10/Run_3/Output/library.json
var = 10
in evo_average_fit_and_print_variance: i = 4
family_1/Generation_10/Run_4/Output/library.json
var = 0.2326667593689757
0.22767469375106889
10
0.2326667593689757
MINI NR IS:  2.0
MINI IS:  0.22767469375106889
Cleaning house
Done cleaning house
Generation 11
Delta = 0.1
In rando_specs.py: N_unsuccessful_tries = 1.0
Generation = 11
Random param update (no gradient used)
Changing kin param 0 from 0.1531 to 0.1447
Changing kin param 3 from 0.2961 to 0.3107
Changing kin param 0 from 0.1531 to 0.1681
Changing kin param 3 from 0.2961 to 0.2930
Changing kin param 0 from 0.1531 to 0.0988
Changing kin param 3 from 0.2961 to 0.3446
Changing kin param 0 from 0.1531 to 0.1563
Changing kin param 3 from 0.2961 to 0.2640
Running
Running code
params 27.988524247490563 10 500 3.106625 1.0 1.0 1.0
Dictionaries built!
Converting and writing to json file... Output/library.json
Your work here is done!
params 48.02208365969928 10 500 2.930458 1.0 1.0 1.0
Dictionaries built!
Converting and writing to json file... Output/library.json
Your work here is done!
params 9.731437550625776 10 500 3.445512 1.0 1.0 1.0
Dictionaries built!
Converting and writing to json file... Output/library.json
Your work here is done!
params 36.58255211841991 10 500 2.640109 1.0 1.0 1.0
Dictionaries built!
Converting and writing to json file... Output/library.json
Your work here is done!
Done running code
Averaging
Runs = 4
in evo_average_fit_and_print_variance: i = 1
family_1/Generation_11/Run_1/Output/library.json
var = 0.2404381130913659
in evo_average_fit_and_print_variance: i = 2
family_1/Generation_11/Run_2/Output/library.json
var = 0.21280688304278453
in evo_average_fit_and_print_variance: i = 3
family_1/Generation_11/Run_3/Output/library.json
var = 0.29131107732591827
in evo_average_fit_and_print_variance: i = 4
family_1/Generation_11/Run_4/Output/library.json
var = 0.2293337558403097
0.21280688304278453
0.29131107732591827
0.2293337558403097
MINI NR IS:  2.0
MINI IS:  0.21280688304278453
mini_difference pct = 0.06344508485522826
Cleaning house
Done cleaning house
Generation 12
Delta = 0.1
In rando_specs.py: N_unsuccessful_tries = 0.0
Generation = 12
Gradient param update
CALCULATING GRADIENT
Relative mins:  [0. 1. 1. 0. 1. 1. 1.]
old kins:  [0.1531377 1.        1.        0.2960996 1.        1.        1.       ]
new kins:  [0.1681441 1.        1.        0.2930458 1.        1.        1.       ]
Gradient values  [-0.9606694477023132, 0.0, 0.0, 4.720738096797352, 0.0, 0.0, 0.0]
-0.9606694477023132
Not changing kin param 0 from 0.1681 to -0.1615
4.720738096797352
Not changing kin param 3 from 0.2930 to 1.3834
-0.9606694477023132
Not changing kin param 0 from 0.1681 to -0.1615
4.720738096797352
Not changing kin param 3 from 0.2930 to 1.3834
-0.9606694477023132
Not changing kin param 0 from 0.1681 to -0.1615
4.720738096797352
Not changing kin param 3 from 0.2930 to 1.3834
-0.9606694477023132
Not changing kin param 0 from 0.1681 to -0.1615
4.720738096797352
Not changing kin param 3 from 0.2930 to 1.3834
Running
Running code
params 48.02208365969928 10 500 2.930458 1.0 1.0 1.0
Dictionaries built!
Converting and writing to json file... Output/library.json
Your work here is done!
params 48.02208365969928 10 500 2.930458 1.0 1.0 1.0
Dictionaries built!
Converting and writing to json file... Output/library.json
Your work here is done!
params 48.02208365969928 10 500 2.930458 1.0 1.0 1.0
Dictionaries built!
Converting and writing to json file... Output/library.json
Your work here is done!
params 48.02208365969928 10 500 2.930458 1.0 1.0 1.0
Dictionaries built!
Converting and writing to json file... Output/library.json
Your work here is done!
Done running code
Averaging
Runs = 4
in evo_average_fit_and_print_variance: i = 1
family_1/Generation_12/Run_1/Output/library.json
var = 0.21314148013267886
in evo_average_fit_and_print_variance: i = 2
family_1/Generation_12/Run_2/Output/library.json
var = 0.21475981001198724
in evo_average_fit_and_print_variance: i = 3
family_1/Generation_12/Run_3/Output/library.json
var = 0.21344851904850837
in evo_average_fit_and_print_variance: i = 4
family_1/Generation_12/Run_4/Output/library.json
var = 0.2163800613159012
0.21475981001198724
0.21344851904850837
0.2163800613159012
MINI NR IS:  1.0
MINI IS:  0.21314148013267886
Cleaning house
Done cleaning house
Generation 13
Delta = 0.1
In rando_specs.py: N_unsuccessful_tries = 1.0
Generation = 13
Random param update (no gradient used)
Changing kin param 0 from 0.1681 to 0.1398
Changing kin param 3 from 0.2930 to 0.2728
Changing kin param 0 from 0.1681 to 0.1946
Changing kin param 3 from 0.2930 to 0.2613
Changing kin param 0 from 0.1681 to 0.1730
Changing kin param 3 from 0.2930 to 0.2623
Changing kin param 0 from 0.1681 to 0.1779
Changing kin param 3 from 0.2930 to 0.3241
Running
Running code
params 25.003108183873053 10 500 2.727877 1.0 1.0 1.0
Dictionaries built!
Converting and writing to json file... Output/library.json
Your work here is done!
params 88.38183210568405 10 500 2.613064 1.0 1.0 1.0
Dictionaries built!
Converting and writing to json file... Output/library.json
Your work here is done!
params 53.734844940916574 10 500 2.622542 1.0 1.0 1.0
Dictionaries built!
Converting and writing to json file... Output/library.json
Your work here is done!
params 60.07738212442646 10 500 3.241171 1.0 1.0 1.0
Dictionaries built!
Converting and writing to json file... Output/library.json
Your work here is done!
Done running code
Averaging
Runs = 4
in evo_average_fit_and_print_variance: i = 1
family_1/Generation_13/Run_1/Output/library.json
var = 0.25069924079010625
in evo_average_fit_and_print_variance: i = 2
family_1/Generation_13/Run_2/Output/library.json
var = 0.1904747278938397
in evo_average_fit_and_print_variance: i = 3
family_1/Generation_13/Run_3/Output/library.json
var = 0.21203747539095347
in evo_average_fit_and_print_variance: i = 4
family_1/Generation_13/Run_4/Output/library.json
var = 0.20289689264730015
0.1904747278938397
0.21203747539095347
0.20289689264730015
MINI NR IS:  2.0
MINI IS:  0.1904747278938397
mini_difference pct = 0.10494093098005242
Cleaning house
Done cleaning house
Generation 14
Delta = 0.1
In rando_specs.py: N_unsuccessful_tries = 0.0
Generation = 14
Gradient param update
CALCULATING GRADIENT
Relative mins:  [0. 1. 1. 0. 1. 1. 1.]
old kins:  [0.1681441 1.        1.        0.2930458 1.        1.        1.       ]
new kins:  [0.1946363 1.        1.        0.2613064 1.        1.        1.       ]
Gradient values  [-0.8429707612051841, 0.0, 0.0, 0.7036097090682248, 0.0, 0.0, 0.0]
-0.8429707612051841
Not changing kin param 0 from 0.1946 to -0.1641
0.7036097090682248
Changing kin param 3 from 0.2613 to 0.1839
-0.8429707612051841
Not changing kin param 0 from 0.1946 to -0.1641
0.7036097090682248
Changing kin param 3 from 0.2613 to 0.1839
-0.8429707612051841
Not changing kin param 0 from 0.1946 to -0.1641
0.7036097090682248
Changing kin param 3 from 0.2613 to 0.1839
-0.8429707612051841
Not changing kin param 0 from 0.1946 to -0.1641
0.7036097090682248
Changing kin param 3 from 0.2613 to 0.1839
Running
Running code
params 88.38183210568405 10 500 1.838577 1.0 1.0 1.0
Dictionaries built!
Converting and writing to json file... Output/library.json
Your work here is done!
params 88.38183210568405 10 500 1.838577 1.0 1.0 1.0
Dictionaries built!
Converting and writing to json file... Output/library.json
Your work here is done!
params 88.38183210568405 10 500 1.838577 1.0 1.0 1.0
Dictionaries built!
Converting and writing to json file... Output/library.json
Your work here is done!
params 88.38183210568405 10 500 1.838577 1.0 1.0 1.0
Dictionaries built!
Converting and writing to json file... Output/library.json
Your work here is done!
Done running code
Averaging
Runs = 4
in evo_average_fit_and_print_variance: i = 1
family_1/Generation_14/Run_1/Output/library.json
var = 0.23012833249880632
in evo_average_fit_and_print_variance: i = 2
family_1/Generation_14/Run_2/Output/library.json
var = 0.22730047559751543
in evo_average_fit_and_print_variance: i = 3
family_1/Generation_14/Run_3/Output/library.json
var = 0.23333166076549575
in evo_average_fit_and_print_variance: i = 4
family_1/Generation_14/Run_4/Output/library.json
var = 0.22975587493356947
0.22730047559751543
0.23333166076549575
0.22975587493356947
MINI NR IS:  2.0
MINI IS:  0.22730047559751543
Cleaning house
Done cleaning house
Generation 15
Delta = 0.1
In rando_specs.py: N_unsuccessful_tries = 1.0
Generation = 15
Random param update (no gradient used)
Changing kin param 0 from 0.1946 to 0.1868
Changing kin param 3 from 0.2613 to 0.2472
Changing kin param 0 from 0.1946 to 0.2071
Changing kin param 3 from 0.2613 to 0.2361
Changing kin param 0 from 0.1946 to 0.1759
Changing kin param 3 from 0.2613 to 0.2342
Changing kin param 0 from 0.1946 to 0.2214
Changing kin param 3 from 0.2613 to 0.2452
Running
Running code
params 73.81166466068672 10 500 2.472109 1.0 1.0 1.0
Dictionaries built!
Converting and writing to json file... Output/library.json
Your work here is done!
params 117.71071562119958 10 500 2.361447 1.0 1.0 1.0
Dictionaries built!
Converting and writing to json file... Output/library.json
Your work here is done!
params 57.38785601504551 10 500 2.341978 1.0 1.0 1.0
Dictionaries built!
Converting and writing to json file... Output/library.json
Your work here is done!
params 163.75516237652684 10 500 2.451539 1.0 1.0 1.0
Dictionaries built!
Converting and writing to json file... Output/library.json
Your work here is done!
Done running code
Averaging
Runs = 4
in evo_average_fit_and_print_variance: i = 1
family_1/Generation_15/Run_1/Output/library.json
var = 0.20391634204984016
in evo_average_fit_and_print_variance: i = 2
family_1/Generation_15/Run_2/Output/library.json
var = 0.19387325891501112
in evo_average_fit_and_print_variance: i = 3
family_1/Generation_15/Run_3/Output/library.json
var = 0.21686498291359363
in evo_average_fit_and_print_variance: i = 4
family_1/Generation_15/Run_4/Output/library.json
var = 0.1762284318933049
0.19387325891501112
0.21686498291359363
0.1762284318933049
MINI NR IS:  4.0
MINI IS:  0.1762284318933049
mini_difference pct = 0.07479363854037287
Cleaning house
Done cleaning house
Generation 16
Delta = 0.1
In rando_specs.py: N_unsuccessful_tries = 0.0
Generation = 16
Gradient param update
CALCULATING GRADIENT
Relative mins:  [0. 1. 1. 0. 1. 1. 1.]
old kins:  [0.1946363 1.        1.        0.2613064 1.        1.        1.       ]
new kins:  [0.2214195 1.        1.        0.2451539 1.        1.        1.       ]
Gradient values  [-0.5319117954538671, 0.0, 0.0, 0.881987308466182, 0.0, 0.0, 0.0]
-0.5319117954538671
Not changing kin param 0 from 0.2214 to -0.1178
0.881987308466182
Changing kin param 3 from 0.2452 to 0.2162
-0.5319117954538671
Not changing kin param 0 from 0.2214 to -0.1178
0.881987308466182
Changing kin param 3 from 0.2452 to 0.2162
-0.5319117954538671
Not changing kin param 0 from 0.2214 to -0.1178
0.881987308466182
Changing kin param 3 from 0.2452 to 0.2162
-0.5319117954538671
Not changing kin param 0 from 0.2214 to -0.1178
0.881987308466182
Changing kin param 3 from 0.2452 to 0.2162
Running
Running code
params 163.75516237652684 10 500 2.162226 1.0 1.0 1.0
Dictionaries built!
Converting and writing to json file... Output/library.json
Your work here is done!
params 163.75516237652684 10 500 2.162226 1.0 1.0 1.0
Dictionaries built!
Converting and writing to json file... Output/library.json
Your work here is done!
params 163.75516237652684 10 500 2.162226 1.0 1.0 1.0
Dictionaries built!
Converting and writing to json file... Output/library.json
Your work here is done!
params 163.75516237652684 10 500 2.162226 1.0 1.0 1.0
Dictionaries built!
Converting and writing to json file... Output/library.json
Your work here is done!
Done running code
Averaging
Runs = 4
in evo_average_fit_and_print_variance: i = 1
family_1/Generation_16/Run_1/Output/library.json
var = 0.1924692804688479
in evo_average_fit_and_print_variance: i = 2
family_1/Generation_16/Run_2/Output/library.json
var = 0.18985399279880127
in evo_average_fit_and_print_variance: i = 3
family_1/Generation_16/Run_3/Output/library.json
var = 0.19479954673826594
in evo_average_fit_and_print_variance: i = 4
family_1/Generation_16/Run_4/Output/library.json
var = 0.18756601363952435
0.18985399279880127
0.19479954673826594
0.18756601363952435
MINI NR IS:  4.0
MINI IS:  0.18756601363952435
Cleaning house
Done cleaning house
Generation 17
Delta = 0.1
In rando_specs.py: N_unsuccessful_tries = 1.0
Generation = 17
Random param update (no gradient used)
Changing kin param 0 from 0.2214 to 0.2454
Changing kin param 3 from 0.2452 to 0.2667
Changing kin param 0 from 0.2214 to 0.2116
Changing kin param 3 from 0.2452 to 0.2219
Changing kin param 0 from 0.2214 to 0.1919
Changing kin param 3 from 0.2452 to 0.2201
Changing kin param 0 from 0.2214 to 0.2229
Changing kin param 3 from 0.2452 to 0.2490
Running
Running code
params 284.23201898518494 10 500 2.667405 1.0 1.0 1.0
Dictionaries built!
Converting and writing to json file... Output/library.json
Your work here is done!
params 130.7476825762525 10 500 2.218641 1.0 1.0 1.0
Dictionaries built!
Converting and writing to json file... Output/library.json
Your work here is done!
params 83.07129868346246 10 500 2.201286 1.0 1.0 1.0
Dictionaries built!
Converting and writing to json file... Output/library.json
Your work here is done!
params 169.52197365736214 10 500 2.489909 1.0 1.0 1.0
Done running code
Averaging
Runs = 4
in evo_average_fit_and_print_variance: i = 1
family_1/Generation_17/Run_1/Output/library.json
var = 0.16765897957057113
in evo_average_fit_and_print_variance: i = 2
family_1/Generation_17/Run_2/Output/library.json
var = 0.19405435442678864
in evo_average_fit_and_print_variance: i = 3
family_1/Generation_17/Run_3/Output/library.json
var = 0.20334342530513477
in evo_average_fit_and_print_variance: i = 4
family_1/Generation_17/Run_4/Output/library.json
var = 10
0.19405435442678864
0.20334342530513477
10
MINI NR IS:  1.0
MINI IS:  0.16765897957057113
mini_difference pct = 0.04862694645483059
Cleaning house
Done cleaning house
Generation 18
Delta = 0.1
In rando_specs.py: N_unsuccessful_tries = 0.0
Generation = 18
Gradient param update
CALCULATING GRADIENT
Relative mins:  [0. 1. 1. 0. 1. 1. 1.]
old kins:  [0.2214195 1.        1.        0.2451539 1.        1.        1.       ]
new kins:  [0.2453673 1.        1.        0.2667405 1.        1.        1.       ]
Gradient values  [-0.3578387158736912, 0.0, 0.0, -0.39698007096995236, 0.0, 0.0, 0.0]
-0.3578387158736912
Not changing kin param 0 from 0.2454 to -0.0878
-0.39698007096995236
Not changing kin param 3 from 0.2667 to -0.1059
-0.3578387158736912
Not changing kin param 0 from 0.2454 to -0.0878
-0.39698007096995236
Not changing kin param 3 from 0.2667 to -0.1059
-0.3578387158736912
Not changing kin param 0 from 0.2454 to -0.0878
-0.39698007096995236
Not changing kin param 3 from 0.2667 to -0.1059
-0.3578387158736912
Not changing kin param 0 from 0.2454 to -0.0878
-0.39698007096995236
Not changing kin param 3 from 0.2667 to -0.1059
Running
Running code
params 284.23201898518494 10 500 2.667405 1.0 1.0 1.0
Dictionaries built!
Converting and writing to json file... Output/library.json
Your work here is done!
params 284.23201898518494 10 500 2.667405 1.0 1.0 1.0
Dictionaries built!
Converting and writing to json file... Output/library.json
Your work here is done!
params 284.23201898518494 10 500 2.667405 1.0 1.0 1.0
Dictionaries built!
Converting and writing to json file... Output/library.json
Your work here is done!
params 284.23201898518494 10 500 2.667405 1.0 1.0 1.0
Dictionaries built!
Converting and writing to json file... Output/library.json
Your work here is done!
Done running code
Averaging
Runs = 4
in evo_average_fit_and_print_variance: i = 1
family_1/Generation_18/Run_1/Output/library.json
var = 0.16468855342830066
in evo_average_fit_and_print_variance: i = 2
family_1/Generation_18/Run_2/Output/library.json
var = 0.16252222541329234
in evo_average_fit_and_print_variance: i = 3
family_1/Generation_18/Run_3/Output/library.json
var = 0.1660931804500736
in evo_average_fit_and_print_variance: i = 4
family_1/Generation_18/Run_4/Output/library.json
var = 0.16346379962549898
0.16252222541329234
0.1660931804500736
0.16346379962549898
MINI NR IS:  2.0
MINI IS:  0.16252222541329234
mini_difference pct = 0.030638111878693735
Cleaning house
Done cleaning house
Generation 19
Delta = 0.1
In rando_specs.py: N_unsuccessful_tries = 0.0
Generation = 19
Gradient param update
CALCULATING GRADIENT
Relative mins:  [0. 1. 1. 0. 1. 1. 1.]
old kins:  [0.2453673 1.        1.        0.2667405 1.        1.        1.       ]
new kins:  [0.2453673 1.        1.        0.2667405 1.        1.        1.       ]
Gradient values  [0.0, 0.0, 0.0, 0.0, 0.0, 0.0, 0.0]
0.0
Not changing kin param 0 from 0.2454 to 0.0000
0.0
Not changing kin param 3 from 0.2667 to 0.0000
0.0
Not changing kin param 0 from 0.2454 to 0.0000
0.0
Not changing kin param 3 from 0.2667 to 0.0000
0.0
Not changing kin param 0 from 0.2454 to 0.0000
0.0
Not changing kin param 3 from 0.2667 to 0.0000
0.0
Not changing kin param 0 from 0.2454 to 0.0000
0.0
Not changing kin param 3 from 0.2667 to 0.0000
Running
Running code
params 284.23201898518494 10 500 2.667405 1.0 1.0 1.0
Dictionaries built!
Converting and writing to json file... Output/library.json
Your work here is done!
params 284.23201898518494 10 500 2.667405 1.0 1.0 1.0
Dictionaries built!
Converting and writing to json file... Output/library.json
Your work here is done!
params 284.23201898518494 10 500 2.667405 1.0 1.0 1.0
Dictionaries built!
Converting and writing to json file... Output/library.json
Your work here is done!
params 284.23201898518494 10 500 2.667405 1.0 1.0 1.0
Dictionaries built!
Converting and writing to json file... Output/library.json
Your work here is done!
Done running code
Averaging
Runs = 4
in evo_average_fit_and_print_variance: i = 1
family_1/Generation_19/Run_1/Output/library.json
var = 0.16293140356373045
in evo_average_fit_and_print_variance: i = 2
family_1/Generation_19/Run_2/Output/library.json
var = 0.1658409483499405
in evo_average_fit_and_print_variance: i = 3
family_1/Generation_19/Run_3/Output/library.json
var = 0.16745283212599532
in evo_average_fit_and_print_variance: i = 4
family_1/Generation_19/Run_4/Output/library.json
var = 0.16184332333097814
0.1658409483499405
0.16745283212599532
0.16184332333097814
MINI NR IS:  4.0
MINI IS:  0.16184332333097814
mini_difference pct = 0.004177315737187736
Cleaning house
Done cleaning house
Generation 20
Delta = 0.1
In rando_specs.py: N_unsuccessful_tries = 0.0
Generation = 20
Gradient param update
CALCULATING GRADIENT
Relative mins:  [0. 1. 1. 0. 1. 1. 1.]
old kins:  [0.2453673 1.        1.        0.2667405 1.        1.        1.       ]
new kins:  [0.2453673 1.        1.        0.2667405 1.        1.        1.       ]
Gradient values  [0.0, 0.0, 0.0, 0.0, 0.0, 0.0, 0.0]
0.0
Not changing kin param 0 from 0.2454 to 0.0000
0.0
Not changing kin param 3 from 0.2667 to 0.0000
0.0
Not changing kin param 0 from 0.2454 to 0.0000
0.0
Not changing kin param 3 from 0.2667 to 0.0000
0.0
Not changing kin param 0 from 0.2454 to 0.0000
0.0
Not changing kin param 3 from 0.2667 to 0.0000
0.0
Not changing kin param 0 from 0.2454 to 0.0000
0.0
Not changing kin param 3 from 0.2667 to 0.0000
Running
Running code
params 284.23201898518494 10 500 2.667405 1.0 1.0 1.0
Dictionaries built!
Converting and writing to json file... Output/library.json
Your work here is done!
params 284.23201898518494 10 500 2.667405 1.0 1.0 1.0
Dictionaries built!
Converting and writing to json file... Output/library.json
Your work here is done!
params 284.23201898518494 10 500 2.667405 1.0 1.0 1.0
Dictionaries built!
Converting and writing to json file... Output/library.json
Your work here is done!
params 284.23201898518494 10 500 2.667405 1.0 1.0 1.0
Dictionaries built!
Converting and writing to json file... Output/library.json
Your work here is done!
Done running code
Averaging
Runs = 4
in evo_average_fit_and_print_variance: i = 1
family_1/Generation_20/Run_1/Output/library.json
var = 0.1662208368844643
in evo_average_fit_and_print_variance: i = 2
family_1/Generation_20/Run_2/Output/library.json
var = 0.1639178524041803
in evo_average_fit_and_print_variance: i = 3
family_1/Generation_20/Run_3/Output/library.json
var = 0.1637342674943138
in evo_average_fit_and_print_variance: i = 4
family_1/Generation_20/Run_4/Output/library.json
var = 0.16554999024910702
0.1639178524041803
0.1637342674943138
0.16554999024910702
MINI NR IS:  3.0
MINI IS:  0.1637342674943138
Cleaning house
Done cleaning house
Generation 21
Delta = 0.1
In rando_specs.py: N_unsuccessful_tries = 1.0
Generation = 21
Random param update (no gradient used)
Changing kin param 0 from 0.2454 to 0.2365
Changing kin param 3 from 0.2667 to 0.2784
Changing kin param 0 from 0.2454 to 0.2100
Changing kin param 3 from 0.2667 to 0.2482
Changing kin param 0 from 0.2454 to 0.2300
Changing kin param 3 from 0.2667 to 0.2538
Changing kin param 0 from 0.2454 to 0.2200
Changing kin param 3 from 0.2667 to 0.2614
Running
Running code
params 231.53252071596165 10 500 2.783906 1.0 1.0 1.0
Dictionaries built!
Converting and writing to json file... Output/library.json
Your work here is done!
params 125.77461598149678 10 500 2.48238 1.0 1.0 1.0
Dictionaries built!
Converting and writing to json file... Output/library.json
Your work here is done!
params 199.586884962638 10 500 2.53848 1.0 1.0 1.0
Dictionaries built!
Converting and writing to json file... Output/library.json
Your work here is done!
params 158.5415135642197 10 500 2.613665 1.0 1.0 1.0
Dictionaries built!
Converting and writing to json file... Output/library.json
Your work here is done!
Done running code
Averaging
Runs = 4
in evo_average_fit_and_print_variance: i = 1
family_1/Generation_21/Run_1/Output/library.json
var = 0.16348514918716964
in evo_average_fit_and_print_variance: i = 2
family_1/Generation_21/Run_2/Output/library.json
var = 0.18300219365854367
in evo_average_fit_and_print_variance: i = 3
family_1/Generation_21/Run_3/Output/library.json
var = 0.17236777651717808
in evo_average_fit_and_print_variance: i = 4
family_1/Generation_21/Run_4/Output/library.json
var = 0.1743982723029568
0.18300219365854367
0.17236777651717808
0.1743982723029568
MINI NR IS:  1.0
MINI IS:  0.16348514918716964
Cleaning house
Done cleaning house
Generation 22
Delta = 0.1
In rando_specs.py: N_unsuccessful_tries = 2.0
Generation = 22
Random param update (no gradient used)
Changing kin param 0 from 0.2454 to 0.2466
Changing kin param 3 from 0.2667 to 0.2540
Changing kin param 0 from 0.2454 to 0.2800
Changing kin param 3 from 0.2667 to 0.2386
Changing kin param 0 from 0.2454 to 0.2209
Changing kin param 3 from 0.2667 to 0.3113
Changing kin param 0 from 0.2454 to 0.2259
Changing kin param 3 from 0.2667 to 0.2330
Running
Running code
params 292.4980667621081 10 500 2.539817 1.0 1.0 1.0
Dictionaries built!
Converting and writing to json file... Output/library.json
Your work here is done!
params 631.3119353269636 10 500 2.385592 1.0 1.0 1.0
Dictionaries built!
Converting and writing to json file... Output/library.json
Your work here is done!
params 161.8076311880381 10 500 3.113365 1.0 1.0 1.0
Dictionaries built!
Converting and writing to json file... Output/library.json
Your work here is done!
params 181.47424572984593 10 500 2.329955 1.0 1.0 1.0
Dictionaries built!
Converting and writing to json file... Output/library.json
Your work here is done!
Done running code
Averaging
Runs = 4
in evo_average_fit_and_print_variance: i = 1
family_1/Generation_22/Run_1/Output/library.json
var = 0.1703365329858082
in evo_average_fit_and_print_variance: i = 2
family_1/Generation_22/Run_2/Output/library.json
var = 0.18140118045650605
in evo_average_fit_and_print_variance: i = 3
family_1/Generation_22/Run_3/Output/library.json
var = 0.1684785828226406
in evo_average_fit_and_print_variance: i = 4
family_1/Generation_22/Run_4/Output/library.json
var = 0.18123327270815698
0.18140118045650605
0.1684785828226406
0.18123327270815698
MINI NR IS:  3.0
MINI IS:  0.1684785828226406
Cleaning house
Done cleaning house
Generation 23
Delta = 0.13
In rando_specs.py: N_unsuccessful_tries = 3.0
Generation = 23
Random param update (no gradient used)
Changing kin param 0 from 0.2454 to 0.2504
Changing kin param 3 from 0.2667 to 0.2783
Changing kin param 0 from 0.2454 to 0.2560
Changing kin param 3 from 0.2667 to 0.3281
Changing kin param 0 from 0.2454 to 0.2398
Changing kin param 3 from 0.2667 to 0.2227
Changing kin param 0 from 0.2454 to 0.2288
Changing kin param 3 from 0.2667 to 0.2302
Running
Running code
params 319.3140292922379 10 500 2.782972 1.0 1.0 1.0
Dictionaries built!
Converting and writing to json file... Output/library.json
Your work here is done!
params 363.11902196886285 10 500 3.280812 1.0 1.0 1.0
Dictionaries built!
Converting and writing to json file... Output/library.json
Your work here is done!
params 250.03741481519248 10 500 2.227389 1.0 1.0 1.0
Dictionaries built!
Converting and writing to json file... Output/library.json
Your work here is done!
params 194.1270254369561 10 500 2.301568 1.0 1.0 1.0
Dictionaries built!
Converting and writing to json file... Output/library.json
Your work here is done!
Done running code
Averaging
Runs = 4
in evo_average_fit_and_print_variance: i = 1
family_1/Generation_23/Run_1/Output/library.json
var = 0.16165893684803662
in evo_average_fit_and_print_variance: i = 2
family_1/Generation_23/Run_2/Output/library.json
var = 0.15952645085946165
in evo_average_fit_and_print_variance: i = 3
family_1/Generation_23/Run_3/Output/library.json
var = 0.1822399304594368
in evo_average_fit_and_print_variance: i = 4
family_1/Generation_23/Run_4/Output/library.json
var = 0.17925402265911553
0.15952645085946165
0.1822399304594368
0.17925402265911553
MINI NR IS:  2.0
MINI IS:  0.15952645085946165
mini_difference pct = 0.014315506753929404
Cleaning house
Done cleaning house
Generation 24
Delta = 0.1
In rando_specs.py: N_unsuccessful_tries = 0.0
Generation = 24
Gradient param update
CALCULATING GRADIENT
Relative mins:  [0. 1. 1. 0. 1. 1. 1.]
old kins:  [0.2453673 1.        1.        0.2667405 1.        1.        1.       ]
new kins:  [0.2560049 1.        1.        0.3280812 1.        1.        1.       ]
Gradient values  [-0.2178000676844432, 0.0, 0.0, -0.037770517780201816, 0.0, 0.0, 0.0]
-0.2178000676844432
Not changing kin param 0 from 0.2560 to -0.0558
-0.037770517780201816
Not changing kin param 3 from 0.3281 to -0.0124
-0.2178000676844432
Not changing kin param 0 from 0.2560 to -0.0558
-0.037770517780201816
Not changing kin param 3 from 0.3281 to -0.0124
-0.2178000676844432
Not changing kin param 0 from 0.2560 to -0.0558
-0.037770517780201816
Not changing kin param 3 from 0.3281 to -0.0124
-0.2178000676844432
Not changing kin param 0 from 0.2560 to -0.0558
-0.037770517780201816
Not changing kin param 3 from 0.3281 to -0.0124
Running
Running code
params 363.11902196886285 10 500 3.280812 1.0 1.0 1.0
Dictionaries built!
Converting and writing to json file... Output/library.json
Your work here is done!
params 363.11902196886285 10 500 3.280812 1.0 1.0 1.0
Dictionaries built!
Converting and writing to json file... Output/library.json
Your work here is done!
params 363.11902196886285 10 500 3.280812 1.0 1.0 1.0
Dictionaries built!
Converting and writing to json file... Output/library.json
Your work here is done!
params 363.11902196886285 10 500 3.280812 1.0 1.0 1.0
Dictionaries built!
Converting and writing to json file... Output/library.json
Your work here is done!
Done running code
Averaging
Runs = 4
in evo_average_fit_and_print_variance: i = 1
family_1/Generation_24/Run_1/Output/library.json
var = 0.15793062763211854
in evo_average_fit_and_print_variance: i = 2
family_1/Generation_24/Run_2/Output/library.json
var = 0.15920430764469473
in evo_average_fit_and_print_variance: i = 3
family_1/Generation_24/Run_3/Output/library.json
var = 0.15616259927516637
in evo_average_fit_and_print_variance: i = 4
family_1/Generation_24/Run_4/Output/library.json
var = 0.1588477871569997
0.15920430764469473
0.15616259927516637
0.1588477871569997
MINI NR IS:  3.0
MINI IS:  0.15616259927516637
mini_difference pct = 0.021086476410862347
Cleaning house
Done cleaning house
Generation 25
Delta = 0.1
In rando_specs.py: N_unsuccessful_tries = 0.0
Generation = 25
Gradient param update
CALCULATING GRADIENT
Relative mins:  [0. 1. 1. 0. 1. 1. 1.]
old kins:  [0.2560049 1.        1.        0.3280812 1.        1.        1.       ]
new kins:  [0.2560049 1.        1.        0.3280812 1.        1.        1.       ]
Gradient values  [0.0, 0.0, 0.0, 0.0, 0.0, 0.0, 0.0]
0.0
Not changing kin param 0 from 0.2560 to 0.0000
0.0
Not changing kin param 3 from 0.3281 to 0.0000
0.0
Not changing kin param 0 from 0.2560 to 0.0000
0.0
Not changing kin param 3 from 0.3281 to 0.0000
0.0
Not changing kin param 0 from 0.2560 to 0.0000
0.0
Not changing kin param 3 from 0.3281 to 0.0000
0.0
Not changing kin param 0 from 0.2560 to 0.0000
0.0
Not changing kin param 3 from 0.3281 to 0.0000
Running
Running code
params 363.11902196886285 10 500 3.280812 1.0 1.0 1.0
Dictionaries built!
Converting and writing to json file... Output/library.json
Your work here is done!
params 363.11902196886285 10 500 3.280812 1.0 1.0 1.0
Dictionaries built!
Converting and writing to json file... Output/library.json
Your work here is done!
params 363.11902196886285 10 500 3.280812 1.0 1.0 1.0
Dictionaries built!
Converting and writing to json file... Output/library.json
Your work here is done!
params 363.11902196886285 10 500 3.280812 1.0 1.0 1.0
Dictionaries built!
Converting and writing to json file... Output/library.json
Your work here is done!
Done running code
Averaging
Runs = 4
in evo_average_fit_and_print_variance: i = 1
family_1/Generation_25/Run_1/Output/library.json
var = 0.1602696701330721
in evo_average_fit_and_print_variance: i = 2
family_1/Generation_25/Run_2/Output/library.json
var = 0.1596191258454691
in evo_average_fit_and_print_variance: i = 3
family_1/Generation_25/Run_3/Output/library.json
var = 0.16080397729211468
in evo_average_fit_and_print_variance: i = 4
family_1/Generation_25/Run_4/Output/library.json
var = 0.1570317085409405
0.1596191258454691
0.16080397729211468
0.1570317085409405
MINI NR IS:  4.0
MINI IS:  0.1570317085409405
Cleaning house
Done cleaning house
Generation 26
Delta = 0.1
In rando_specs.py: N_unsuccessful_tries = 1.0
Generation = 26
Random param update (no gradient used)
Changing kin param 0 from 0.2560 to 0.2686
Changing kin param 3 from 0.3281 to 0.3525
Changing kin param 0 from 0.2560 to 0.2449
Changing kin param 3 from 0.3281 to 0.3386
Changing kin param 0 from 0.2560 to 0.2701
Changing kin param 3 from 0.3281 to 0.2815
Changing kin param 0 from 0.2560 to 0.2506
Changing kin param 3 from 0.3281 to 0.3470
Running
Running code
params 485.5232146987357 10 500 3.524997 1.0 1.0 1.0
Dictionaries built!
Converting and writing to json file... Output/library.json
Your work here is done!
params 281.09556916984695 10 500 3.386286 1.0 1.0 1.0
Dictionaries built!
Converting and writing to json file... Output/library.json
Your work here is done!
params 502.0176657280037 10 500 2.814765 1.0 1.0 1.0
Dictionaries built!
Converting and writing to json file... Output/library.json
Your work here is done!
params 320.92681054195566 10 500 3.469847 1.0 1.0 1.0
Dictionaries built!
Converting and writing to json file... Output/library.json
Your work here is done!
Done running code
Averaging
Runs = 4
in evo_average_fit_and_print_variance: i = 1
family_1/Generation_26/Run_1/Output/library.json
var = 0.16213148568189642
in evo_average_fit_and_print_variance: i = 2
family_1/Generation_26/Run_2/Output/library.json
var = 0.16089278200124568
in evo_average_fit_and_print_variance: i = 3
family_1/Generation_26/Run_3/Output/library.json
var = 0.16641803025045512
in evo_average_fit_and_print_variance: i = 4
family_1/Generation_26/Run_4/Output/library.json
var = 0.15830594492438282
0.16089278200124568
0.16641803025045512
0.15830594492438282
MINI NR IS:  4.0
MINI IS:  0.15830594492438282
Cleaning house
Done cleaning house
Generation 27
Delta = 0.1
In rando_specs.py: N_unsuccessful_tries = 2.0
Generation = 27
Random param update (no gradient used)
Changing kin param 0 from 0.2560 to 0.2503
Changing kin param 3 from 0.3281 to 0.3179
Changing kin param 0 from 0.2560 to 0.2296
Changing kin param 3 from 0.3281 to 0.3422
Changing kin param 0 from 0.2560 to 0.2612
Changing kin param 3 from 0.3281 to 0.3080
Changing kin param 0 from 0.2560 to 0.2595
Changing kin param 3 from 0.3281 to 0.3363
Running
Running code
params 318.730775929204 10 500 3.179275 1.0 1.0 1.0
Dictionaries built!
Converting and writing to json file... Output/library.json
Your work here is done!
params 197.77937493199587 10 500 3.422309 1.0 1.0 1.0
Dictionaries built!
Converting and writing to json file... Output/library.json
Your work here is done!
params 409.0176036994222 10 500 3.080193 1.0 1.0 1.0
Dictionaries built!
Converting and writing to json file... Output/library.json
Your work here is done!
params 393.29189815468834 10 500 3.363328 1.0 1.0 1.0
Dictionaries built!
Converting and writing to json file... Output/library.json
Your work here is done!
Done running code
Averaging
Runs = 4
in evo_average_fit_and_print_variance: i = 1
family_1/Generation_27/Run_1/Output/library.json
var = 0.15872368451677535
in evo_average_fit_and_print_variance: i = 2
family_1/Generation_27/Run_2/Output/library.json
var = 0.1624820901544716
in evo_average_fit_and_print_variance: i = 3
family_1/Generation_27/Run_3/Output/library.json
var = 0.15842095938829806
in evo_average_fit_and_print_variance: i = 4
family_1/Generation_27/Run_4/Output/library.json
var = 0.1595261613416028
0.1624820901544716
0.15842095938829806
0.1595261613416028
MINI NR IS:  3.0
MINI IS:  0.15842095938829806
Cleaning house
Done cleaning house
Generation 28
Delta = 0.13
In rando_specs.py: N_unsuccessful_tries = 3.0
Generation = 28
Random param update (no gradient used)
Changing kin param 0 from 0.2560 to 0.2587
Changing kin param 3 from 0.3281 to 0.3604
Changing kin param 0 from 0.2560 to 0.3122
Changing kin param 3 from 0.3281 to 0.3530
Changing kin param 0 from 0.2560 to 0.2688
Changing kin param 3 from 0.3281 to 0.3828
Changing kin param 0 from 0.2560 to 0.2501
Changing kin param 3 from 0.3281 to 0.3493
Running
Running code
params 386.606365108786 10 500 3.604281 1.0 1.0 1.0
Dictionaries built!
Converting and writing to json file... Output/library.json
Your work here is done!
params 1323.1467061519384 10 500 3.529833 1.0 1.0 1.0
Dictionaries built!
Converting and writing to json file... Output/library.json
Your work here is done!
params 487.3253462123499 10 500 3.828252 1.0 1.0 1.0
Dictionaries built!
Converting and writing to json file... Output/library.json
Your work here is done!
params 317.0669682665489 10 500 3.492923 1.0 1.0 1.0
Dictionaries built!
Converting and writing to json file... Output/library.json
Your work here is done!
Done running code
Averaging
Runs = 4
in evo_average_fit_and_print_variance: i = 1
family_1/Generation_28/Run_1/Output/library.json
var = 0.16039465237386755
in evo_average_fit_and_print_variance: i = 2
family_1/Generation_28/Run_2/Output/library.json
var = 0.19450883935942093
in evo_average_fit_and_print_variance: i = 3
family_1/Generation_28/Run_3/Output/library.json
var = 0.16215931176929585
in evo_average_fit_and_print_variance: i = 4
family_1/Generation_28/Run_4/Output/library.json
var = 0.15580106599373425
0.19450883935942093
0.16215931176929585
0.15580106599373425
MINI NR IS:  4.0
MINI IS:  0.15580106599373425
mini_difference pct = 0.0023151126214968395
Cleaning house
Done cleaning house
Generation 29
Delta = 0.1
In rando_specs.py: N_unsuccessful_tries = 0.0
Generation = 29
Gradient param update
CALCULATING GRADIENT
Relative mins:  [0. 1. 1. 0. 1. 1. 1.]
old kins:  [0.2560049 1.        1.        0.3280812 1.        1.        1.       ]
new kins:  [0.2501151 1.        1.        0.3492923 1.        1.        1.       ]
Gradient values  [0.06138238989439407, 0.0, 0.0, -0.01704437770789818, 0.0, 0.0, 0.0]
0.06138238989439407
Changing kin param 0 from 0.2501 to 0.0154
-0.01704437770789818
Not changing kin param 3 from 0.3493 to -0.0060
0.06138238989439407
Changing kin param 0 from 0.2501 to 0.0154
-0.01704437770789818
Not changing kin param 3 from 0.3493 to -0.0060
0.06138238989439407
Changing kin param 0 from 0.2501 to 0.0154
-0.01704437770789818
Not changing kin param 3 from 0.3493 to -0.0060
0.06138238989439407
Changing kin param 0 from 0.2501 to 0.0154
-0.01704437770789818
Not changing kin param 3 from 0.3493 to -0.0060
Running
Running code
params 1.4240557771535622 10 500 3.492923 1.0 1.0 1.0
Dictionaries built!
Converting and writing to json file... Output/library.json
Your work here is done!
params 1.4240557771535622 10 500 3.492923 1.0 1.0 1.0
Dictionaries built!
Converting and writing to json file... Output/library.json
Your work here is done!
params 1.4240557771535622 10 500 3.492923 1.0 1.0 1.0
Dictionaries built!
Converting and writing to json file... Output/library.json
Your work here is done!
params 1.4240557771535622 10 500 3.492923 1.0 1.0 1.0
Dictionaries built!
Converting and writing to json file... Output/library.json
Your work here is done!
Done running code
Averaging
Runs = 4
in evo_average_fit_and_print_variance: i = 1
family_1/Generation_29/Run_1/Output/library.json
var = 0.3455310431885591
in evo_average_fit_and_print_variance: i = 2
family_1/Generation_29/Run_2/Output/library.json
var = 0.3465578713237195
in evo_average_fit_and_print_variance: i = 3
family_1/Generation_29/Run_3/Output/library.json
var = 0.3460417257576038
in evo_average_fit_and_print_variance: i = 4
family_1/Generation_29/Run_4/Output/library.json
var = 0.3472343482781388
0.3465578713237195
0.3460417257576038
0.3472343482781388
MINI NR IS:  1.0
MINI IS:  0.3455310431885591
Cleaning house
Done cleaning house
Generation 30
Delta = 0.1
In rando_specs.py: N_unsuccessful_tries = 1.0
Generation = 30
Random param update (no gradient used)
Changing kin param 0 from 0.2501 to 0.2620
Changing kin param 3 from 0.3493 to 0.3528
Changing kin param 0 from 0.2501 to 0.2850
Changing kin param 3 from 0.3493 to 0.3712
Changing kin param 0 from 0.2501 to 0.2699
Changing kin param 3 from 0.3493 to 0.3234
Changing kin param 0 from 0.2501 to 0.2145
Changing kin param 3 from 0.3493 to 0.3412
Running
Running code
params 416.9749833382598 10 500 3.527923 1.0 1.0 1.0
Dictionaries built!
Converting and writing to json file... Output/library.json
Your work here is done!
params 708.6666577448017 10 500 3.712415 1.0 1.0 1.0
Dictionaries built!
Converting and writing to json file... Output/library.json
Your work here is done!
params 499.5017337696392 10 500 3.233943 1.0 1.0 1.0
Dictionaries built!
Converting and writing to json file... Output/library.json
Your work here is done!
params 139.53302191529016 10 500 3.411911 1.0 1.0 1.0
Dictionaries built!
Converting and writing to json file... Output/library.json
Your work here is done!
Done running code
Averaging
Runs = 4
in evo_average_fit_and_print_variance: i = 1
family_1/Generation_30/Run_1/Output/library.json
var = 0.15962177357235774
in evo_average_fit_and_print_variance: i = 2
family_1/Generation_30/Run_2/Output/library.json
var = 0.16991542065542542
in evo_average_fit_and_print_variance: i = 3
family_1/Generation_30/Run_3/Output/library.json
var = 0.15942358617833305
in evo_average_fit_and_print_variance: i = 4
family_1/Generation_30/Run_4/Output/library.json
var = 0.17220779984517992
0.16991542065542542
0.15942358617833305
0.17220779984517992
MINI NR IS:  3.0
MINI IS:  0.15942358617833305
Cleaning house
Done cleaning house
Generation 31
Delta = 0.1
In rando_specs.py: N_unsuccessful_tries = 2.0
Generation = 31
Random param update (no gradient used)
Changing kin param 0 from 0.2501 to 0.2944
Changing kin param 3 from 0.3493 to 0.3440
Changing kin param 0 from 0.2501 to 0.2765
Changing kin param 3 from 0.3493 to 0.3679
Changing kin param 0 from 0.2501 to 0.2472
Changing kin param 3 from 0.3493 to 0.3466
Changing kin param 0 from 0.2501 to 0.2542
Changing kin param 3 from 0.3493 to 0.3915
Running
Running code
params 879.5894263215001 10 500 3.439614 1.0 1.0 1.0
Dictionaries built!
Converting and writing to json file... Output/library.json
Your work here is done!
params 582.0924951320961 10 500 3.679007 1.0 1.0 1.0
Dictionaries built!
Converting and writing to json file... Output/library.json
Your work here is done!
params 296.7952868461669 10 500 3.46635 1.0 1.0 1.0
Dictionaries built!
Converting and writing to json file... Output/library.json
Your work here is done!
params 348.65347649381357 10 500 3.915201 1.0 1.0 1.0
Dictionaries built!
Converting and writing to json file... Output/library.json
Your work here is done!
Done running code
Averaging
Runs = 4
in evo_average_fit_and_print_variance: i = 1
family_1/Generation_31/Run_1/Output/library.json
var = 0.17442171411553872
in evo_average_fit_and_print_variance: i = 2
family_1/Generation_31/Run_2/Output/library.json
var = 0.16425155889228327
in evo_average_fit_and_print_variance: i = 3
family_1/Generation_31/Run_3/Output/library.json
var = 0.15876038906569256
in evo_average_fit_and_print_variance: i = 4
family_1/Generation_31/Run_4/Output/library.json
var = 0.1607881178970733
0.16425155889228327
0.15876038906569256
0.1607881178970733
MINI NR IS:  3.0
MINI IS:  0.15876038906569256
Cleaning house
Done cleaning house
Generation 32
Delta = 0.13
In rando_specs.py: N_unsuccessful_tries = 3.0
Generation = 32
Random param update (no gradient used)
Changing kin param 0 from 0.2501 to 0.2620
Changing kin param 3 from 0.3493 to 0.2698
Changing kin param 0 from 0.2501 to 0.2259
Changing kin param 3 from 0.3493 to 0.3625
Changing kin param 0 from 0.2501 to 0.2417
Changing kin param 3 from 0.3493 to 0.3790
Changing kin param 0 from 0.2501 to 0.2253
Changing kin param 3 from 0.3493 to 0.3431
Running
Running code
params 417.34575455116317 10 500 2.697675 1.0 1.0 1.0
Dictionaries built!
Converting and writing to json file... Output/library.json
Your work here is done!
params 181.55365647899637 10 500 3.624901 1.0 1.0 1.0
Dictionaries built!
Converting and writing to json file... Output/library.json
Your work here is done!
params 261.3551125170678 10 500 3.790476 1.0 1.0 1.0
Dictionaries built!
Converting and writing to json file... Output/library.json
Your work here is done!
params 179.26396581951911 10 500 3.431016 1.0 1.0 1.0
Dictionaries built!
Converting and writing to json file... Output/library.json
Your work here is done!
Done running code
Averaging
Runs = 4
in evo_average_fit_and_print_variance: i = 1
family_1/Generation_32/Run_1/Output/library.json
var = 0.168267777727701
in evo_average_fit_and_print_variance: i = 2
family_1/Generation_32/Run_2/Output/library.json
var = 0.16754121299504415
in evo_average_fit_and_print_variance: i = 3
family_1/Generation_32/Run_3/Output/library.json
var = 0.1600529342165187
in evo_average_fit_and_print_variance: i = 4
family_1/Generation_32/Run_4/Output/library.json
var = 0.1637811288616044
0.16754121299504415
0.1600529342165187
0.1637811288616044
MINI NR IS:  3.0
MINI IS:  0.1600529342165187
Cleaning house
Done cleaning house
Generation 33
Delta = 0.14
In rando_specs.py: N_unsuccessful_tries = 4.0
Generation = 33
Random param update (no gradient used)
Changing kin param 0 from 0.2501 to 0.2876
Changing kin param 3 from 0.3493 to 0.3388
Changing kin param 0 from 0.2501 to 0.2890
Changing kin param 3 from 0.3493 to 0.3508
Changing kin param 0 from 0.2501 to 0.2639
Changing kin param 3 from 0.3493 to 0.3703
Changing kin param 0 from 0.2501 to 0.2863
Changing kin param 3 from 0.3493 to 0.3882
Running
Running code
params 752.1959660227092 10 500 3.387861 1.0 1.0 1.0
Dictionaries built!
Converting and writing to json file... Output/library.json
Your work here is done!
params 776.1791993485656 10 500 3.508308 1.0 1.0 1.0
Dictionaries built!
Converting and writing to json file... Output/library.json
Your work here is done!
params 435.4106023439467 10 500 3.703086 1.0 1.0 1.0
Dictionaries built!
Converting and writing to json file... Output/library.json
Your work here is done!
params 728.6567627580085 10 500 3.882248 1.0 1.0 1.0
Dictionaries built!
Converting and writing to json file... Output/library.json
Your work here is done!
Done running code
Averaging
Runs = 4
in evo_average_fit_and_print_variance: i = 1
family_1/Generation_33/Run_1/Output/library.json
var = 0.1731638980590326
in evo_average_fit_and_print_variance: i = 2
family_1/Generation_33/Run_2/Output/library.json
var = 0.17281670932878768
in evo_average_fit_and_print_variance: i = 3
family_1/Generation_33/Run_3/Output/library.json
var = 0.16099337261878682
in evo_average_fit_and_print_variance: i = 4
family_1/Generation_33/Run_4/Output/library.json
var = 0.17200891787261735
0.17281670932878768
0.16099337261878682
0.17200891787261735
MINI NR IS:  3.0
MINI IS:  0.16099337261878682
Cleaning house
Done cleaning house
Generation 34
Delta = 0.15000000000000002
In rando_specs.py: N_unsuccessful_tries = 5.0
Generation = 34
Random param update (no gradient used)
Changing kin param 0 from 0.2501 to 0.2586
Changing kin param 3 from 0.3493 to 0.3757
Changing kin param 0 from 0.2501 to 0.2205
Changing kin param 3 from 0.3493 to 0.3564
Changing kin param 0 from 0.2501 to 0.1953
Changing kin param 3 from 0.3493 to 0.4353
Changing kin param 0 from 0.2501 to 0.2485
Changing kin param 3 from 0.3493 to 0.2860
Running
Running code
params 385.851328606556 10 500 3.757184 1.0 1.0 1.0
Dictionaries built!
Converting and writing to json file... Output/library.json
Your work here is done!
params 160.32195496357372 10 500 3.563773 1.0 1.0 1.0
Dictionaries built!
Converting and writing to json file... Output/library.json
Your work here is done!
params 89.64436598624245 10 500 4.352516 1.0 1.0 1.0
Dictionaries built!
Converting and writing to json file... Output/library.json
Your work here is done!
params 305.67575953277526 10 500 2.86019 1.0 1.0 1.0
Dictionaries built!
Converting and writing to json file... Output/library.json
Your work here is done!
Done running code
Averaging
Runs = 4
in evo_average_fit_and_print_variance: i = 1
family_1/Generation_34/Run_1/Output/library.json
var = 0.16065385806675964
in evo_average_fit_and_print_variance: i = 2
family_1/Generation_34/Run_2/Output/library.json
var = 0.16989408788420685
in evo_average_fit_and_print_variance: i = 3
family_1/Generation_34/Run_3/Output/library.json
var = 0.20180822318896352
in evo_average_fit_and_print_variance: i = 4
family_1/Generation_34/Run_4/Output/library.json
var = 0.163544929810358
0.16989408788420685
0.20180822318896352
0.163544929810358
MINI NR IS:  1.0
MINI IS:  0.16065385806675964
Cleaning house
Done cleaning house
Generation 35
Delta = 0.16000000000000003
In rando_specs.py: N_unsuccessful_tries = 6.0
Generation = 35
Random param update (no gradient used)
Changing kin param 0 from 0.2501 to 0.2759
Changing kin param 3 from 0.3493 to 0.3210
Changing kin param 0 from 0.2501 to 0.1967
Changing kin param 3 from 0.3493 to 0.3263
Changing kin param 0 from 0.2501 to 0.2162
Changing kin param 3 from 0.3493 to 0.3816
Changing kin param 0 from 0.2501 to 0.3410
Changing kin param 3 from 0.3493 to 0.3413
Running
Running code
params 574.7447329268833 10 500 3.210328 1.0 1.0 1.0
Dictionaries built!
Converting and writing to json file... Output/library.json
Your work here is done!
params 92.63305774283096 10 500 3.262937 1.0 1.0 1.0
Dictionaries built!
Converting and writing to json file... Output/library.json
Your work here is done!
params 145.24393283961444 10 500 3.815511 1.0 1.0 1.0
Dictionaries built!
Converting and writing to json file... Output/library.json
Your work here is done!
params 2572.6398941714683 10 500 3.412736 1.0 1.0 1.0
Dictionaries built!
Converting and writing to json file... Output/library.json
Your work here is done!
Done running code
Averaging
Runs = 4
in evo_average_fit_and_print_variance: i = 1
family_1/Generation_35/Run_1/Output/library.json
var = 0.16249207589949013
in evo_average_fit_and_print_variance: i = 2
family_1/Generation_35/Run_2/Output/library.json
var = 0.18353292884491687
in evo_average_fit_and_print_variance: i = 3
family_1/Generation_35/Run_3/Output/library.json
var = 0.1726524633678623
in evo_average_fit_and_print_variance: i = 4
family_1/Generation_35/Run_4/Output/library.json
var = 0.2246363828507894
0.18353292884491687
0.1726524633678623
0.2246363828507894
MINI NR IS:  1.0
MINI IS:  0.16249207589949013
Cleaning house
Done cleaning house
Generation 36
Delta = 0.17
In rando_specs.py: N_unsuccessful_tries = 7.0
Generation = 36
Random param update (no gradient used)
Changing kin param 0 from 0.2501 to 0.2776
Changing kin param 3 from 0.3493 to 0.3234
Changing kin param 0 from 0.2501 to 0.2502
Changing kin param 3 from 0.3493 to 0.2792
Changing kin param 0 from 0.2501 to 0.2965
Changing kin param 3 from 0.3493 to 0.3704
Changing kin param 0 from 0.2501 to 0.2493
Changing kin param 3 from 0.3493 to 0.3594
Running
Running code
params 597.0229141910775 10 500 3.234476 1.0 1.0 1.0
Dictionaries built!
Converting and writing to json file... Output/library.json
Your work here is done!
params 317.61207126324837 10 500 2.791779 1.0 1.0 1.0
Dictionaries built!
Converting and writing to json file... Output/library.json
Your work here is done!
params 922.9581306343122 10 500 3.704147 1.0 1.0 1.0
Dictionaries built!
Converting and writing to json file... Output/library.json
Your work here is done!
params 311.4770121034915 10 500 3.593798 1.0 1.0 1.0
Dictionaries built!
Converting and writing to json file... Output/library.json
Your work here is done!
Done running code
Averaging
Runs = 4
in evo_average_fit_and_print_variance: i = 1
family_1/Generation_36/Run_1/Output/library.json
var = 0.16769748485637304
in evo_average_fit_and_print_variance: i = 2
family_1/Generation_36/Run_2/Output/library.json
var = 0.16269325703066745
in evo_average_fit_and_print_variance: i = 3
family_1/Generation_36/Run_3/Output/library.json
var = 0.18250553789520968
in evo_average_fit_and_print_variance: i = 4
family_1/Generation_36/Run_4/Output/library.json
var = 0.15925554301810843
0.16269325703066745
0.18250553789520968
0.15925554301810843
MINI NR IS:  4.0
MINI IS:  0.15925554301810843
Cleaning house
Done cleaning house
Generation 37
Delta = 0.18
In rando_specs.py: N_unsuccessful_tries = 8.0
Generation = 37
Random param update (no gradient used)
Changing kin param 0 from 0.2501 to 0.2921
Changing kin param 3 from 0.3493 to 0.3438
Changing kin param 0 from 0.2501 to 0.2635
Changing kin param 3 from 0.3493 to 0.2815
Changing kin param 0 from 0.2501 to 0.2659
Changing kin param 3 from 0.3493 to 0.4215
Changing kin param 0 from 0.2501 to 0.2286
Changing kin param 3 from 0.3493 to 0.3921
Running
Running code
params 833.6600690464996 10 500 3.437836 1.0 1.0 1.0
Dictionaries built!
Converting and writing to json file... Output/library.json
Your work here is done!
params 431.1823746712847 10 500 2.815024 1.0 1.0 1.0
Dictionaries built!
Converting and writing to json file... Output/library.json
Your work here is done!
params 456.30371016822136 10 500 4.214996 1.0 1.0 1.0
Dictionaries built!
Converting and writing to json file... Output/library.json
Your work here is done!
params 193.0958766510831 10 500 3.920581 1.0 1.0 1.0
Dictionaries built!
Converting and writing to json file... Output/library.json
Your work here is done!
Done running code
Averaging
Runs = 4
in evo_average_fit_and_print_variance: i = 1
family_1/Generation_37/Run_1/Output/library.json
var = 0.17584990525314909
in evo_average_fit_and_print_variance: i = 2
family_1/Generation_37/Run_2/Output/library.json
var = 0.1699534226222104
in evo_average_fit_and_print_variance: i = 3
family_1/Generation_37/Run_3/Output/library.json
var = 0.16589038898454772
in evo_average_fit_and_print_variance: i = 4
family_1/Generation_37/Run_4/Output/library.json
var = 0.1685036498079341
0.1699534226222104
0.16589038898454772
0.1685036498079341
MINI NR IS:  3.0
MINI IS:  0.16589038898454772
Cleaning house
Done cleaning house
Generation 38
Delta = 0.19
In rando_specs.py: N_unsuccessful_tries = 9.0
Generation = 38
Random param update (no gradient used)
Changing kin param 0 from 0.2501 to 0.2170
Changing kin param 3 from 0.3493 to 0.3360
Changing kin param 0 from 0.2501 to 0.3618
Changing kin param 3 from 0.3493 to 0.3917
Changing kin param 0 from 0.2501 to 0.3137
Changing kin param 3 from 0.3493 to 0.2759
Changing kin param 0 from 0.2501 to 0.2558
Changing kin param 3 from 0.3493 to 0.3811
Running
Running code
params 147.7705875085656 10 500 3.360458 1.0 1.0 1.0
Dictionaries built!
Converting and writing to json file... Output/library.json
Your work here is done!
params 4152.140110574403 10 500 3.916506 1.0 1.0 1.0
Dictionaries built!
Converting and writing to json file... Output/library.json
Your work here is done!
params 1371.7406226510138 10 500 2.759016 1.0 1.0 1.0
Dictionaries built!
Converting and writing to json file... Output/library.json
Your work here is done!
params 361.36492787729867 10 500 3.810554 1.0 1.0 1.0
Dictionaries built!
Converting and writing to json file... Output/library.json
Your work here is done!
Done running code
Averaging
Runs = 4
in evo_average_fit_and_print_variance: i = 1
family_1/Generation_38/Run_1/Output/library.json
var = 0.16962229222578054
in evo_average_fit_and_print_variance: i = 2
family_1/Generation_38/Run_2/Output/library.json
var = 0.26127090530250874
in evo_average_fit_and_print_variance: i = 3
family_1/Generation_38/Run_3/Output/library.json
var = 0.2007467027684539
in evo_average_fit_and_print_variance: i = 4
family_1/Generation_38/Run_4/Output/library.json
var = 0.15735175686849773
0.26127090530250874
0.2007467027684539
0.15735175686849773
MINI NR IS:  4.0
MINI IS:  0.15735175686849773
Cleaning house
Done cleaning house
Generation 39
Delta = 0.2
In rando_specs.py: N_unsuccessful_tries = 10.0
Generation = 39
Random param update (no gradient used)
Changing kin param 0 from 0.2501 to 0.3034
Changing kin param 3 from 0.3493 to 0.2402
Changing kin param 0 from 0.2501 to 0.2342
Changing kin param 3 from 0.3493 to 0.3513
Changing kin param 0 from 0.2501 to 0.2326
Changing kin param 3 from 0.3493 to 0.3266
Changing kin param 0 from 0.2501 to 0.3221
Changing kin param 3 from 0.3493 to 0.3661
Running
Running code
params 1081.321902886772 10 500 2.401673 1.0 1.0 1.0
Dictionaries built!
Converting and writing to json file... Output/library.json
Your work here is done!
params 219.67569040882796 10 500 3.512744 1.0 1.0 1.0
Dictionaries built!
Converting and writing to json file... Output/library.json
Your work here is done!
params 211.76296055707337 10 500 3.26557 1.0 1.0 1.0
Dictionaries built!
Converting and writing to json file... Output/library.json
Your work here is done!
params 1661.915735989006 10 500 3.660711 1.0 1.0 1.0
Dictionaries built!
Converting and writing to json file... Output/library.json
Your work here is done!
Done running code
Averaging
Runs = 4
in evo_average_fit_and_print_variance: i = 1
family_1/Generation_39/Run_1/Output/library.json
var = 0.1909836288680829
in evo_average_fit_and_print_variance: i = 2
family_1/Generation_39/Run_2/Output/library.json
var = 0.16351401433374374
in evo_average_fit_and_print_variance: i = 3
family_1/Generation_39/Run_3/Output/library.json
var = 0.16128383109669273
in evo_average_fit_and_print_variance: i = 4
family_1/Generation_39/Run_4/Output/library.json
var = 0.20774569370418544
0.16351401433374374
0.16128383109669273
0.20774569370418544
MINI NR IS:  3.0
MINI IS:  0.16128383109669273
Cleaning house
Done cleaning house
Generation 40
Delta = 0.21000000000000002
In rando_specs.py: N_unsuccessful_tries = 11.0
Generation = 40
Random param update (no gradient used)
Changing kin param 0 from 0.2501 to 0.2080
Changing kin param 3 from 0.3493 to 0.3867
Changing kin param 0 from 0.2501 to 0.2816
Changing kin param 3 from 0.3493 to 0.3888
Changing kin param 0 from 0.2501 to 0.2207
Changing kin param 3 from 0.3493 to 0.3891
Changing kin param 0 from 0.2501 to 0.2716
Changing kin param 3 from 0.3493 to 0.3209
Running
Running code
params 120.21979968652126 10 500 3.866642 1.0 1.0 1.0
Dictionaries built!
Converting and writing to json file... Output/library.json
Your work here is done!
params 654.0591114027285 10 500 3.887531 1.0 1.0 1.0
Dictionaries built!
Converting and writing to json file... Output/library.json
Your work here is done!
params 160.95778984439332 10 500 3.891132 1.0 1.0 1.0
Dictionaries built!
Converting and writing to json file... Output/library.json
Your work here is done!
params 520.201978945104 10 500 3.208759 1.0 1.0 1.0
Dictionaries built!
Converting and writing to json file... Output/library.json
Your work here is done!
Done running code
Averaging
Runs = 4
in evo_average_fit_and_print_variance: i = 1
family_1/Generation_40/Run_1/Output/library.json
var = 0.18151681131399452
in evo_average_fit_and_print_variance: i = 2
family_1/Generation_40/Run_2/Output/library.json
var = 0.17200780459044218
in evo_average_fit_and_print_variance: i = 3
family_1/Generation_40/Run_3/Output/library.json
var = 0.1724731807656579
in evo_average_fit_and_print_variance: i = 4
family_1/Generation_40/Run_4/Output/library.json
var = 0.166057488498432
0.17200780459044218
0.1724731807656579
0.166057488498432
MINI NR IS:  4.0
MINI IS:  0.166057488498432
Cleaning house
Done cleaning house
Generation 41
Delta = 0.22000000000000003
In rando_specs.py: N_unsuccessful_tries = 12.0
Generation = 41
Random param update (no gradient used)
Changing kin param 0 from 0.2501 to 0.2106
Changing kin param 3 from 0.3493 to 0.3427
Changing kin param 0 from 0.2501 to 0.2087
Changing kin param 3 from 0.3493 to 0.2865
Changing kin param 0 from 0.2501 to 0.2648
Changing kin param 3 from 0.3493 to 0.3493
Changing kin param 0 from 0.2501 to 0.2343
Changing kin param 3 from 0.3493 to 0.2230
Running
Running code
params 127.73826115451713 10 500 3.427151 1.0 1.0 1.0
Dictionaries built!
Converting and writing to json file... Output/library.json
Your work here is done!
params 122.08913028433308 10 500 2.864857 1.0 1.0 1.0
Dictionaries built!
Converting and writing to json file... Output/library.json
Your work here is done!
params 444.4664660044174 10 500 3.493219 1.0 1.0 1.0
Dictionaries built!
Converting and writing to json file... Output/library.json
Your work here is done!
params 220.34845005413828 10 500 2.230267 1.0 1.0 1.0
Dictionaries built!
Converting and writing to json file... Output/library.json
Your work here is done!
Done running code
Averaging
Runs = 4
in evo_average_fit_and_print_variance: i = 1
family_1/Generation_41/Run_1/Output/library.json
var = 0.17131936526852448
in evo_average_fit_and_print_variance: i = 2
family_1/Generation_41/Run_2/Output/library.json
var = 0.17641295972038032
in evo_average_fit_and_print_variance: i = 3
family_1/Generation_41/Run_3/Output/library.json
var = 0.1615350981757599
in evo_average_fit_and_print_variance: i = 4
family_1/Generation_41/Run_4/Output/library.json
var = 0.1810380897320235
0.17641295972038032
0.1615350981757599
0.1810380897320235
MINI NR IS:  3.0
MINI IS:  0.1615350981757599
Cleaning house
Done cleaning house
Generation 42
Delta = 0.23
In rando_specs.py: N_unsuccessful_tries = 13.0
Generation = 42
Random param update (no gradient used)
Changing kin param 0 from 0.2501 to 0.2513
Changing kin param 3 from 0.3493 to 0.3460
Changing kin param 0 from 0.2501 to 0.2906
Changing kin param 3 from 0.3493 to 0.3371
Changing kin param 0 from 0.2501 to 0.3548
Changing kin param 3 from 0.3493 to 0.4180
Changing kin param 0 from 0.2501 to 0.2922
Changing kin param 3 from 0.3493 to 0.4133
Running
Running code
params 325.58695793959515 10 500 3.460066 1.0 1.0 1.0
Dictionaries built!
Converting and writing to json file... Output/library.json
Your work here is done!
params 805.6065711471214 10 500 3.370504 1.0 1.0 1.0
Dictionaries built!
Converting and writing to json file... Output/library.json
Your work here is done!
params 3529.5797571417706 10 500 4.179523 1.0 1.0 1.0
Dictionaries built!
Converting and writing to json file... Output/library.json
Your work here is done!
params 836.4423239769468 10 500 4.132664 1.0 1.0 1.0
Dictionaries built!
Converting and writing to json file... Output/library.json
Your work here is done!
Done running code
Averaging
Runs = 4
in evo_average_fit_and_print_variance: i = 1
family_1/Generation_42/Run_1/Output/library.json
var = 0.15690765315798677
in evo_average_fit_and_print_variance: i = 2
family_1/Generation_42/Run_2/Output/library.json
var = 0.17710374165255788
in evo_average_fit_and_print_variance: i = 3
family_1/Generation_42/Run_3/Output/library.json
var = 0.25269988305868335
in evo_average_fit_and_print_variance: i = 4
family_1/Generation_42/Run_4/Output/library.json
var = 0.17886877654534136
0.17710374165255788
0.25269988305868335
0.17886877654534136
MINI NR IS:  1.0
MINI IS:  0.15690765315798677
Cleaning house
Done cleaning house
Generation 43
Delta = 0.24000000000000002
In rando_specs.py: N_unsuccessful_tries = 14.0
Generation = 43
Random param update (no gradient used)
Changing kin param 0 from 0.2501 to 0.3186
Changing kin param 3 from 0.3493 to 0.4228
Changing kin param 0 from 0.2501 to 0.1323
Changing kin param 3 from 0.3493 to 0.4683
Changing kin param 0 from 0.2501 to 0.3049
Changing kin param 3 from 0.3493 to 0.2361
Changing kin param 0 from 0.2501 to 0.2182
Changing kin param 3 from 0.3493 to 0.3049
Running
Running code
params 1533.8115365922795 10 500 4.228005 1.0 1.0 1.0
Dictionaries built!
Converting and writing to json file... Output/library.json
Your work here is done!
params 21.060176181078607 10 500 4.682681 1.0 1.0 1.0
Dictionaries built!
Converting and writing to json file... Output/library.json
Your work here is done!
params 1120.5132592705304 10 500 2.360632 1.0 1.0 1.0
Dictionaries built!
Converting and writing to json file... Output/library.json
Your work here is done!
params 152.0365478747691 10 500 3.049366 1.0 1.0 1.0
Dictionaries built!
Converting and writing to json file... Output/library.json
Your work here is done!
Done running code
Averaging
Runs = 4
in evo_average_fit_and_print_variance: i = 1
family_1/Generation_43/Run_1/Output/library.json
var = 0.20400613785617502
in evo_average_fit_and_print_variance: i = 2
family_1/Generation_43/Run_2/Output/library.json
var = 0.2810591432421257
in evo_average_fit_and_print_variance: i = 3
family_1/Generation_43/Run_3/Output/library.json
var = 0.18920643472300597
in evo_average_fit_and_print_variance: i = 4
family_1/Generation_43/Run_4/Output/library.json
var = 0.16947592809125195
0.2810591432421257
0.18920643472300597
0.16947592809125195
MINI NR IS:  4.0
MINI IS:  0.16947592809125195
Cleaning house
Done cleaning house
Generation 44
Delta = 0.25
In rando_specs.py: N_unsuccessful_tries = 15.0
Generation = 44
Random param update (no gradient used)
Changing kin param 0 from 0.2501 to 0.1369
Changing kin param 3 from 0.3493 to 0.2458
Changing kin param 0 from 0.2501 to 0.3553
Changing kin param 3 from 0.3493 to 0.3730
Changing kin param 0 from 0.2501 to 0.2692
Changing kin param 3 from 0.3493 to 0.3795
Changing kin param 0 from 0.2501 to 0.3152
Changing kin param 3 from 0.3493 to 0.3685
Running
Running code
params 23.401516385695366 10 500 2.45754 1.0 1.0 1.0
Dictionaries built!
Converting and writing to json file... Output/library.json
Your work here is done!
params 3573.4030191183465 10 500 3.729677 1.0 1.0 1.0
Dictionaries built!
Converting and writing to json file... Output/library.json
Your work here is done!
params 492.32739242731265 10 500 3.795071 1.0 1.0 1.0
Dictionaries built!
Converting and writing to json file... Output/library.json
Your work here is done!
params 1419.1849599381617 10 500 3.685195 1.0 1.0 1.0
Dictionaries built!
Converting and writing to json file... Output/library.json
Your work here is done!
Done running code
Averaging
Runs = 4
in evo_average_fit_and_print_variance: i = 1
family_1/Generation_44/Run_1/Output/library.json
var = 0.25141044041518834
in evo_average_fit_and_print_variance: i = 2
family_1/Generation_44/Run_2/Output/library.json
var = 0.24966581512183506
in evo_average_fit_and_print_variance: i = 3
family_1/Generation_44/Run_3/Output/library.json
var = 0.16080834225729362
in evo_average_fit_and_print_variance: i = 4
family_1/Generation_44/Run_4/Output/library.json
var = 0.19653870381959987
0.24966581512183506
0.16080834225729362
0.19653870381959987
MINI NR IS:  3.0
MINI IS:  0.16080834225729362
Cleaning house
Done cleaning house
Generation 45
Delta = 0.26
In rando_specs.py: N_unsuccessful_tries = 16.0
Generation = 45
Random param update (no gradient used)
Changing kin param 0 from 0.2501 to 0.2587
Changing kin param 3 from 0.3493 to 0.4445
Changing kin param 0 from 0.2501 to 0.1971
Changing kin param 3 from 0.3493 to 0.3173
Changing kin param 0 from 0.2501 to 0.3271
Changing kin param 3 from 0.3493 to 0.5439
Changing kin param 0 from 0.2501 to 0.2851
Changing kin param 3 from 0.3493 to 0.2618
Running
Running code
params 386.39188785666016 10 500 4.444976 1.0 1.0 1.0
Dictionaries built!
Converting and writing to json file... Output/library.json
Your work here is done!
params 93.48157050571567 10 500 3.173297 1.0 1.0 1.0
Dictionaries built!
Converting and writing to json file... Output/library.json
Your work here is done!
params 1864.6228415232724 10 500 5.438546 1.0 1.0 1.0
Dictionaries built!
Converting and writing to json file... Output/library.json
Your work here is done!
params 709.7166599261149 10 500 2.618041 1.0 1.0 1.0
Dictionaries built!
Converting and writing to json file... Output/library.json
Your work here is done!
Done running code
Averaging
Runs = 4
in evo_average_fit_and_print_variance: i = 1
family_1/Generation_45/Run_1/Output/library.json
var = 0.16677774908895585
in evo_average_fit_and_print_variance: i = 2
family_1/Generation_45/Run_2/Output/library.json
var = 0.18535415610433453
in evo_average_fit_and_print_variance: i = 3
family_1/Generation_45/Run_3/Output/library.json
var = 0.23017597709344065
in evo_average_fit_and_print_variance: i = 4
family_1/Generation_45/Run_4/Output/library.json
var = 0.17823978468982918
0.18535415610433453
0.23017597709344065
0.17823978468982918
MINI NR IS:  1.0
MINI IS:  0.16677774908895585
Cleaning house
Done cleaning house
Generation 46
Delta = 0.27
In rando_specs.py: N_unsuccessful_tries = 17.0
Generation = 46
Random param update (no gradient used)
Changing kin param 0 from 0.2501 to 0.3191
Changing kin param 3 from 0.3493 to 0.3763
Changing kin param 0 from 0.2501 to 0.2012
Changing kin param 3 from 0.3493 to 0.3272
Changing kin param 0 from 0.2501 to 0.2442
Changing kin param 3 from 0.3493 to 0.3908
Changing kin param 0 from 0.2501 to 0.3477
Changing kin param 3 from 0.3493 to 0.4294
Running
Running code
params 1550.8650181839776 10 500 3.763123 1.0 1.0 1.0
Dictionaries built!
Converting and writing to json file... Output/library.json
Your work here is done!
params 102.6854711230752 10 500 3.27225 1.0 1.0 1.0
Dictionaries built!
Converting and writing to json file... Output/library.json
Your work here is done!
params 276.4922737729431 10 500 3.908389 1.0 1.0 1.0
Dictionaries built!
Converting and writing to json file... Output/library.json
Your work here is done!
params 2999.4111390606254 10 500 4.293719 1.0 1.0 1.0
Dictionaries built!
Converting and writing to json file... Output/library.json
Your work here is done!
Done running code
Averaging
Runs = 4
in evo_average_fit_and_print_variance: i = 1
family_1/Generation_46/Run_1/Output/library.json
var = 0.20625472230806677
in evo_average_fit_and_print_variance: i = 2
family_1/Generation_46/Run_2/Output/library.json
var = 0.1837015029630717
in evo_average_fit_and_print_variance: i = 3
family_1/Generation_46/Run_3/Output/library.json
var = 0.16065838424664625
in evo_average_fit_and_print_variance: i = 4
family_1/Generation_46/Run_4/Output/library.json
var = 0.2512465826330137
0.1837015029630717
0.16065838424664625
0.2512465826330137
MINI NR IS:  3.0
MINI IS:  0.16065838424664625
Cleaning house
Done cleaning house
Generation 47
Delta = 0.28
In rando_specs.py: N_unsuccessful_tries = 18.0
Generation = 47
Random param update (no gradient used)
Changing kin param 0 from 0.2501 to 0.2371
Changing kin param 3 from 0.3493 to 0.3411
Changing kin param 0 from 0.2501 to 0.3152
Changing kin param 3 from 0.3493 to 0.3602
Changing kin param 0 from 0.2501 to 0.3554
Changing kin param 3 from 0.3493 to 0.4655
Changing kin param 0 from 0.2501 to 0.2777
Changing kin param 3 from 0.3493 to 0.4940
Running
Running code
params 235.05310906080146 10 500 3.411324 1.0 1.0 1.0
Dictionaries built!
Converting and writing to json file... Output/library.json
Your work here is done!
params 1417.6401347181238 10 500 3.601797 1.0 1.0 1.0
Dictionaries built!
Converting and writing to json file... Output/library.json
Your work here is done!
params 3576.8851859402425 10 500 4.655137 1.0 1.0 1.0
Dictionaries built!
Converting and writing to json file... Output/library.json
Your work here is done!
params 598.6817231602216 10 500 4.940171 1.0 1.0 1.0
Dictionaries built!
Converting and writing to json file... Output/library.json
Your work here is done!
Done running code
Averaging
Runs = 4
in evo_average_fit_and_print_variance: i = 1
family_1/Generation_47/Run_1/Output/library.json
var = 0.15959176657158697
in evo_average_fit_and_print_variance: i = 2
family_1/Generation_47/Run_2/Output/library.json
var = 0.19426963659399257
in evo_average_fit_and_print_variance: i = 3
family_1/Generation_47/Run_3/Output/library.json
var = 0.2675937572514546
in evo_average_fit_and_print_variance: i = 4
family_1/Generation_47/Run_4/Output/library.json
var = 0.1772420672500502
0.19426963659399257
0.2675937572514546
0.1772420672500502
MINI NR IS:  1.0
MINI IS:  0.15959176657158697
Cleaning house
Done cleaning house
Generation 48
Delta = 0.29000000000000004
In rando_specs.py: N_unsuccessful_tries = 19.0
Generation = 48
Random param update (no gradient used)
Changing kin param 0 from 0.2501 to 0.2850
Changing kin param 3 from 0.3493 to 0.4715
Changing kin param 0 from 0.2501 to 0.2396
Changing kin param 3 from 0.3493 to 0.4009
Changing kin param 0 from 0.2501 to 0.2575
Changing kin param 3 from 0.3493 to 0.2744
Changing kin param 0 from 0.2501 to 0.3607
Changing kin param 3 from 0.3493 to 0.2997
Running
Running code
params 708.572021677905 10 500 4.715086 1.0 1.0 1.0
Dictionaries built!
Converting and writing to json file... Output/library.json
Your work here is done!
params 249.04739303063462 10 500 4.008687 1.0 1.0 1.0
Dictionaries built!
Converting and writing to json file... Output/library.json
Your work here is done!
params 375.87202178679456 10 500 2.743831 1.0 1.0 1.0
Dictionaries built!
Converting and writing to json file... Output/library.json
Your work here is done!
params 4044.538743762836 10 500 2.997308 1.0 1.0 1.0
Dictionaries built!
Converting and writing to json file... Output/library.json
Your work here is done!
Done running code
Averaging
Runs = 4
in evo_average_fit_and_print_variance: i = 1
family_1/Generation_48/Run_1/Output/library.json
var = 0.17796335909197086
in evo_average_fit_and_print_variance: i = 2
family_1/Generation_48/Run_2/Output/library.json
var = 0.16445338243585256
in evo_average_fit_and_print_variance: i = 3
family_1/Generation_48/Run_3/Output/library.json
var = 0.16357245483406335
in evo_average_fit_and_print_variance: i = 4
family_1/Generation_48/Run_4/Output/library.json
var = 0.24161883779182342
0.16445338243585256
0.16357245483406335
0.24161883779182342
MINI NR IS:  3.0
MINI IS:  0.16357245483406335
Cleaning house
Done cleaning house
Generation 49
Delta = 0.30000000000000004
In rando_specs.py: N_unsuccessful_tries = 20.0
Generation = 49
Random param update (no gradient used)
Changing kin param 0 from 0.2501 to 0.2264
Changing kin param 3 from 0.3493 to 0.3002
Changing kin param 0 from 0.2501 to 0.2686
Changing kin param 3 from 0.3493 to 0.3768
Changing kin param 0 from 0.2501 to 0.1617
Changing kin param 3 from 0.3493 to 0.3833
Changing kin param 0 from 0.2501 to 0.1984
Changing kin param 3 from 0.3493 to 0.3676
Running
Running code
params 183.55786597978172 10 500 3.001792 1.0 1.0 1.0
Dictionaries built!
Converting and writing to json file... Output/library.json
Your work here is done!
params 485.6126596179818 10 500 3.767738 1.0 1.0 1.0
Dictionaries built!
Converting and writing to json file... Output/library.json
Your work here is done!
params 41.359187645935606 10 500 3.8334 1.0 1.0 1.0
Dictionaries built!
Converting and writing to json file... Output/library.json
Your work here is done!
params 96.27687825930809 10 500 3.675685 1.0 1.0 1.0
Dictionaries built!
Converting and writing to json file... Output/library.json
Your work here is done!
Done running code
Averaging
Runs = 4
in evo_average_fit_and_print_variance: i = 1
family_1/Generation_49/Run_1/Output/library.json
var = 0.1642820857797226
in evo_average_fit_and_print_variance: i = 2
family_1/Generation_49/Run_2/Output/library.json
var = 0.16105621458903618
in evo_average_fit_and_print_variance: i = 3
family_1/Generation_49/Run_3/Output/library.json
var = 0.2279300454246445
in evo_average_fit_and_print_variance: i = 4
family_1/Generation_49/Run_4/Output/library.json
var = 0.18770857228115048
0.16105621458903618
0.2279300454246445
0.18770857228115048
MINI NR IS:  2.0
MINI IS:  0.16105621458903618
Cleaning house
Done cleaning house
Generation 50
Delta = 0.31000000000000005
In rando_specs.py: N_unsuccessful_tries = 21.0
Generation = 50
Random param update (no gradient used)
Changing kin param 0 from 0.2501 to 0.2002
Changing kin param 3 from 0.3493 to 0.3734
Changing kin param 0 from 0.2501 to 0.2702
Changing kin param 3 from 0.3493 to 0.3393
Changing kin param 0 from 0.2501 to 0.1783
Changing kin param 3 from 0.3493 to 0.3757
Changing kin param 0 from 0.2501 to 0.2485
Changing kin param 3 from 0.3493 to 0.4580
Running
Running code
params 100.5481304691293 10 500 3.733766 1.0 1.0 1.0
Dictionaries built!
Converting and writing to json file... Output/library.json
Your work here is done!
params 503.42293812857014 10 500 3.393162 1.0 1.0 1.0
Dictionaries built!
Converting and writing to json file... Output/library.json
Your work here is done!
params 60.673213841689744 10 500 3.757305 1.0 1.0 1.0
Dictionaries built!
Converting and writing to json file... Output/library.json
Your work here is done!
params 305.19260064702064 10 500 4.579905 1.0 1.0 1.0
Done running code
Averaging
Runs = 4
in evo_average_fit_and_print_variance: i = 1
family_1/Generation_50/Run_1/Output/library.json
var = 0.18842279196003311
in evo_average_fit_and_print_variance: i = 2
family_1/Generation_50/Run_2/Output/library.json
var = 0.15955740827805012
in evo_average_fit_and_print_variance: i = 3
family_1/Generation_50/Run_3/Output/library.json
var = 0.20718107508418004
in evo_average_fit_and_print_variance: i = 4
family_1/Generation_50/Run_4/Output/library.json
var = 10
0.15955740827805012
0.20718107508418004
10
MINI NR IS:  2.0
MINI IS:  0.15955740827805012
Cleaning house
Done cleaning house
Choosing best Gen
BEST FIT
28 	 4 0.15580106599373425
Copying best Gen
--------------
CLEANING UP
--------------
-----------------
DONE CLEANING UP
-----------------
Running final big simulation!
Find results in the folder >>[1m[35m BEST_FIT [0m
